*** Life<ConwayCell> 9x2 ***

Generation = 0, Population = 12.
**
**
**
**
..
**
**
..
..

Generation = 180, Population = 4.
..
..
..
..
..
**
**
..
..

Generation = 360, Population = 4.
..
..
..
..
..
**
**
..
..

Generation = 540, Population = 4.
..
..
..
..
..
**
**
..
..

Generation = 720, Population = 4.
..
..
..
..
..
**
**
..
..

Generation = 900, Population = 4.
..
..
..
..
..
**
**
..
..

Generation = 1080, Population = 4.
..
..
..
..
..
**
**
..
..

*** Life<ConwayCell> 3x21 ***

Generation = 0, Population = 27.
****.*.*.*.*.....**..
*..**...*.*...*......
**...****....*.***.*.

Generation = 84, Population = 9.
..**.....**..........
..**....*.*..........
.........*...........

Generation = 168, Population = 9.
..**.....**..........
..**....*.*..........
.........*...........

Generation = 252, Population = 9.
..**.....**..........
..**....*.*..........
.........*...........

Generation = 336, Population = 9.
..**.....**..........
..**....*.*..........
.........*...........

*** Life<ConwayCell> 19x19 ***

Generation = 0, Population = 111.
**.*....***..*.....
..*..*.*...*.....**
*..**...*....*.*...
..*.*.*....*....**.
.*..**...*.........
.*...*.**...*.*....
.....*.....*.**....
.*...*.**...*..****
........*......*...
..*..**..*......*..
......**...*...*..*
....*..**.*....*...
..*.......*..*...**
*.*....*......*....
...****.*......*.**
.*....*.**...*.*...
..*.....*..***...*.
*...**....**.****.*
.*.....**.**..**...

Generation = 4, Population = 83.
.......****........
*.........**.......
..*....*...........
...**...**.........
*...*...**.........
.*..*..........*...
...***..***...*.*..
....*....*********.
...**.......**...*.
....***.*...***....
........*.******...
....**.....**...**.
.............**....
.............**.**.
...................
....*..............
...*....***.......*
....*......*...*..*
.....*.....*....**.

Generation = 8, Population = 67.
...................
.......*.*.........
...**..*..*........
..*..*....*........
.....*.*...........
....*.*...*........
.......**.*....**..
.......*..*......*.
....*..***....*....
..**..**..*...*....
....*..*..*...*.*..
......***.*...*.*..
.........*....**...
.............*.*...
.........*....**...
........**....*....
...**..*..*........
...**...**......**.
................**.

Generation = 12, Population = 82.
...................
...**.*.*..........
...*.....**........
...*.***.**........
......*.*.**.......
.......**..........
.......**.**.......
...*...**...*..**..
..*.*.*******.**...
.*.....*.*....**...
..*...*..**.**.....
...**..*.**..*.**..
......**..*...***..
...........*...**..
......*............
......*......*.....
...**..*..**.......
...**...**......**.
...................

Generation = 16, Population = 81.
..**...............
..**...............
..*.****...........
..******...........
...*...*....**.....
......*....****....
............*.**...
..........*.*..**..
*.........***..**..
*.........*..*...*.
*..*....*.*...****.
...*.*..*.**.....*.
..**....*.*******..
............*.***..
....*..****........
.....*.*...........
.....*..*.*........
........*.*........
...................

Generation = 20, Population = 56.
...................
......**...........
.....*..*..........
..*...*.*..........
.......*...........
...................
..........*..**....
..........*..**.*..
..................*
...........**.*....
.........*.****...*
..*****..*.**.....*
.**.**.*.*......**.
.***.....*......**.
......*..*.........
......*..*.........
.........*.........
......***..........
...................

Generation = 24, Population = 58.
...................
......**...........
.....*..*..........
......*.*..........
.......*...........
..............**...
.............***...
...........**.*....
.............*.....
...........*.*.....
.....*.............
.**......**......*.
***...*..**.....*.*
.**...***.......**.
..******...........
...**.**...........
......*.**.........
.....**.**.........
........**.........

Generation = 28, Population = 45.
...................
......**...........
.....*..*..........
......*.*..........
.......*...........
............**.....
...........****....
..........******...
.............***...
.............**....
...................
........**.......*.
*.*.....**......*.*
..*.............**.
*.*................
...................
...................
....***.**.........
........**.........

Generation = 32, Population = 33.
...................
......**...........
.....*..*..........
......*.*..........
.......*...........
...................
..........**.......
..........**.......
...................
...................
...................
........**.......*.
.*.*....**......*.*
*..*............**.
.*.*...............
......**...........
.....*.**..........
.....*.............
......*............

Generation = 36, Population = 40.
...................
......**...........
.....*..*..........
......*.*..........
.......*...........
...................
..........**.......
..........**.......
...................
...................
...................
..*.....**.......*.
.***...*........*.*
**.**..***......**.
.***..***..........
..*...*.*..........
......*............
...................
...................

Generation = 40, Population = 39.
...................
......**...........
.....*..*..........
......*.*..........
.......*...........
...................
..........**.......
..........**.......
...................
..*................
..*................
.****............*.
....**..........*.*
**.*...*........**.
...**.**...........
.*.*.**............
..**...............
..*................
...................

Generation = 44, Population = 38.
...................
......**...........
.....*..*..........
......*.*..........
.......*...........
...................
..........**.......
..........**.......
...................
...................
.....*.............
.....**..........*.
.***..**........*.*
.**....*........**.
*.*....*...........
**.....**..........
***................
..*................
...................

Generation = 48, Population = 31.
...................
......**...........
.....*..*..........
......*.*..........
.......*...........
...................
..........**.......
..........**.......
...................
.....**............
....***............
...*....*........*.
.....*..*.......*.*
................**.
.....*..*..........
......*.*..........
......**...........
...................
...................

Generation = 52, Population = 29.
...................
......**...........
.....*..*..........
......*.*..........
.......*...........
...................
..........**.......
..........**.......
...................
...................
...................
.....**..........*.
................*.*
......**........**.
......**...........
.....*..*..........
.....*.*...........
.....***...........
...................

Generation = 56, Population = 33.
...................
......**...........
.....*..*..........
......*.*..........
.......*...........
...................
..........**.......
..........**.......
...................
...................
...................
.......*.........*.
......*.*.......*.*
.....*..*.......**.
....***.*..........
....**.............
...................
.....***...........
.....***...........

Generation = 60, Population = 29.
...................
......**...........
.....*..*..........
......*.*..........
.......*...........
...................
..........**.......
..........**.......
...................
...................
...................
.................*.
.....***........*.*
.....**.........**.
...................
.......**..........
....*.**...........
....***............
...................

Generation = 64, Population = 34.
...................
......**...........
.....*..*..........
......*.*..........
.......*...........
...................
..........**.......
..........**.......
...................
...................
...................
......**.........*.
....**..*.......*.*
.........*......**.
........*..........
....*****..........
.....*..*..........
.....*..*..........
.....*.*...........

Generation = 68, Population = 22.
...................
......**...........
.....*..*..........
......*.*..........
.......*...........
...................
..........**.......
..........**.......
...................
...................
...................
.................*.
.....**.........*.*
................**.
...................
...................
........**.........
........**.........
...................

Generation = 72, Population = 20.
...................
......**...........
.....*..*..........
......*.*..........
.......*...........
...................
..........**.......
..........**.......
...................
...................
...................
.................*.
................*.*
................**.
...................
...................
........**.........
........**.........
...................

Generation = 76, Population = 20.
...................
......**...........
.....*..*..........
......*.*..........
.......*...........
...................
..........**.......
..........**.......
...................
...................
...................
.................*.
................*.*
................**.
...................
...................
........**.........
........**.........
...................

Generation = 80, Population = 20.
...................
......**...........
.....*..*..........
......*.*..........
.......*...........
...................
..........**.......
..........**.......
...................
...................
...................
.................*.
................*.*
................**.
...................
...................
........**.........
........**.........
...................

Generation = 84, Population = 20.
...................
......**...........
.....*..*..........
......*.*..........
.......*...........
...................
..........**.......
..........**.......
...................
...................
...................
.................*.
................*.*
................**.
...................
...................
........**.........
........**.........
...................

Generation = 88, Population = 20.
...................
......**...........
.....*..*..........
......*.*..........
.......*...........
...................
..........**.......
..........**.......
...................
...................
...................
.................*.
................*.*
................**.
...................
...................
........**.........
........**.........
...................

Generation = 92, Population = 20.
...................
......**...........
.....*..*..........
......*.*..........
.......*...........
...................
..........**.......
..........**.......
...................
...................
...................
.................*.
................*.*
................**.
...................
...................
........**.........
........**.........
...................

Generation = 96, Population = 20.
...................
......**...........
.....*..*..........
......*.*..........
.......*...........
...................
..........**.......
..........**.......
...................
...................
...................
.................*.
................*.*
................**.
...................
...................
........**.........
........**.........
...................

Generation = 100, Population = 20.
...................
......**...........
.....*..*..........
......*.*..........
.......*...........
...................
..........**.......
..........**.......
...................
...................
...................
.................*.
................*.*
................**.
...................
...................
........**.........
........**.........
...................

Generation = 104, Population = 20.
...................
......**...........
.....*..*..........
......*.*..........
.......*...........
...................
..........**.......
..........**.......
...................
...................
...................
.................*.
................*.*
................**.
...................
...................
........**.........
........**.........
...................

Generation = 108, Population = 20.
...................
......**...........
.....*..*..........
......*.*..........
.......*...........
...................
..........**.......
..........**.......
...................
...................
...................
.................*.
................*.*
................**.
...................
...................
........**.........
........**.........
...................

Generation = 112, Population = 20.
...................
......**...........
.....*..*..........
......*.*..........
.......*...........
...................
..........**.......
..........**.......
...................
...................
...................
.................*.
................*.*
................**.
...................
...................
........**.........
........**.........
...................

Generation = 116, Population = 20.
...................
......**...........
.....*..*..........
......*.*..........
.......*...........
...................
..........**.......
..........**.......
...................
...................
...................
.................*.
................*.*
................**.
...................
...................
........**.........
........**.........
...................

Generation = 120, Population = 20.
...................
......**...........
.....*..*..........
......*.*..........
.......*...........
...................
..........**.......
..........**.......
...................
...................
...................
.................*.
................*.*
................**.
...................
...................
........**.........
........**.........
...................

Generation = 124, Population = 20.
...................
......**...........
.....*..*..........
......*.*..........
.......*...........
...................
..........**.......
..........**.......
...................
...................
...................
.................*.
................*.*
................**.
...................
...................
........**.........
........**.........
...................

Generation = 128, Population = 20.
...................
......**...........
.....*..*..........
......*.*..........
.......*...........
...................
..........**.......
..........**.......
...................
...................
...................
.................*.
................*.*
................**.
...................
...................
........**.........
........**.........
...................

Generation = 132, Population = 20.
...................
......**...........
.....*..*..........
......*.*..........
.......*...........
...................
..........**.......
..........**.......
...................
...................
...................
.................*.
................*.*
................**.
...................
...................
........**.........
........**.........
...................

Generation = 136, Population = 20.
...................
......**...........
.....*..*..........
......*.*..........
.......*...........
...................
..........**.......
..........**.......
...................
...................
...................
.................*.
................*.*
................**.
...................
...................
........**.........
........**.........
...................

Generation = 140, Population = 20.
...................
......**...........
.....*..*..........
......*.*..........
.......*...........
...................
..........**.......
..........**.......
...................
...................
...................
.................*.
................*.*
................**.
...................
...................
........**.........
........**.........
...................

Generation = 144, Population = 20.
...................
......**...........
.....*..*..........
......*.*..........
.......*...........
...................
..........**.......
..........**.......
...................
...................
...................
.................*.
................*.*
................**.
...................
...................
........**.........
........**.........
...................

Generation = 148, Population = 20.
...................
......**...........
.....*..*..........
......*.*..........
.......*...........
...................
..........**.......
..........**.......
...................
...................
...................
.................*.
................*.*
................**.
...................
...................
........**.........
........**.........
...................

Generation = 152, Population = 20.
...................
......**...........
.....*..*..........
......*.*..........
.......*...........
...................
..........**.......
..........**.......
...................
...................
...................
.................*.
................*.*
................**.
...................
...................
........**.........
........**.........
...................

Generation = 156, Population = 20.
...................
......**...........
.....*..*..........
......*.*..........
.......*...........
...................
..........**.......
..........**.......
...................
...................
...................
.................*.
................*.*
................**.
...................
...................
........**.........
........**.........
...................

Generation = 160, Population = 20.
...................
......**...........
.....*..*..........
......*.*..........
.......*...........
...................
..........**.......
..........**.......
...................
...................
...................
.................*.
................*.*
................**.
...................
...................
........**.........
........**.........
...................

Generation = 164, Population = 20.
...................
......**...........
.....*..*..........
......*.*..........
.......*...........
...................
..........**.......
..........**.......
...................
...................
...................
.................*.
................*.*
................**.
...................
...................
........**.........
........**.........
...................

Generation = 168, Population = 20.
...................
......**...........
.....*..*..........
......*.*..........
.......*...........
...................
..........**.......
..........**.......
...................
...................
...................
.................*.
................*.*
................**.
...................
...................
........**.........
........**.........
...................

Generation = 172, Population = 20.
...................
......**...........
.....*..*..........
......*.*..........
.......*...........
...................
..........**.......
..........**.......
...................
...................
...................
.................*.
................*.*
................**.
...................
...................
........**.........
........**.........
...................

Generation = 176, Population = 20.
...................
......**...........
.....*..*..........
......*.*..........
.......*...........
...................
..........**.......
..........**.......
...................
...................
...................
.................*.
................*.*
................**.
...................
...................
........**.........
........**.........
...................

Generation = 180, Population = 20.
...................
......**...........
.....*..*..........
......*.*..........
.......*...........
...................
..........**.......
..........**.......
...................
...................
...................
.................*.
................*.*
................**.
...................
...................
........**.........
........**.........
...................

Generation = 184, Population = 20.
...................
......**...........
.....*..*..........
......*.*..........
.......*...........
...................
..........**.......
..........**.......
...................
...................
...................
.................*.
................*.*
................**.
...................
...................
........**.........
........**.........
...................

Generation = 188, Population = 20.
...................
......**...........
.....*..*..........
......*.*..........
.......*...........
...................
..........**.......
..........**.......
...................
...................
...................
.................*.
................*.*
................**.
...................
...................
........**.........
........**.........
...................

Generation = 192, Population = 20.
...................
......**...........
.....*..*..........
......*.*..........
.......*...........
...................
..........**.......
..........**.......
...................
...................
...................
.................*.
................*.*
................**.
...................
...................
........**.........
........**.........
...................

Generation = 196, Population = 20.
...................
......**...........
.....*..*..........
......*.*..........
.......*...........
...................
..........**.......
..........**.......
...................
...................
...................
.................*.
................*.*
................**.
...................
...................
........**.........
........**.........
...................

Generation = 200, Population = 20.
...................
......**...........
.....*..*..........
......*.*..........
.......*...........
...................
..........**.......
..........**.......
...................
...................
...................
.................*.
................*.*
................**.
...................
...................
........**.........
........**.........
...................

Generation = 204, Population = 20.
...................
......**...........
.....*..*..........
......*.*..........
.......*...........
...................
..........**.......
..........**.......
...................
...................
...................
.................*.
................*.*
................**.
...................
...................
........**.........
........**.........
...................

Generation = 208, Population = 20.
...................
......**...........
.....*..*..........
......*.*..........
.......*...........
...................
..........**.......
..........**.......
...................
...................
...................
.................*.
................*.*
................**.
...................
...................
........**.........
........**.........
...................

Generation = 212, Population = 20.
...................
......**...........
.....*..*..........
......*.*..........
.......*...........
...................
..........**.......
..........**.......
...................
...................
...................
.................*.
................*.*
................**.
...................
...................
........**.........
........**.........
...................

Generation = 216, Population = 20.
...................
......**...........
.....*..*..........
......*.*..........
.......*...........
...................
..........**.......
..........**.......
...................
...................
...................
.................*.
................*.*
................**.
...................
...................
........**.........
........**.........
...................

Generation = 220, Population = 20.
...................
......**...........
.....*..*..........
......*.*..........
.......*...........
...................
..........**.......
..........**.......
...................
...................
...................
.................*.
................*.*
................**.
...................
...................
........**.........
........**.........
...................

Generation = 224, Population = 20.
...................
......**...........
.....*..*..........
......*.*..........
.......*...........
...................
..........**.......
..........**.......
...................
...................
...................
.................*.
................*.*
................**.
...................
...................
........**.........
........**.........
...................

Generation = 228, Population = 20.
...................
......**...........
.....*..*..........
......*.*..........
.......*...........
...................
..........**.......
..........**.......
...................
...................
...................
.................*.
................*.*
................**.
...................
...................
........**.........
........**.........
...................

Generation = 232, Population = 20.
...................
......**...........
.....*..*..........
......*.*..........
.......*...........
...................
..........**.......
..........**.......
...................
...................
...................
.................*.
................*.*
................**.
...................
...................
........**.........
........**.........
...................

Generation = 236, Population = 20.
...................
......**...........
.....*..*..........
......*.*..........
.......*...........
...................
..........**.......
..........**.......
...................
...................
...................
.................*.
................*.*
................**.
...................
...................
........**.........
........**.........
...................

Generation = 240, Population = 20.
...................
......**...........
.....*..*..........
......*.*..........
.......*...........
...................
..........**.......
..........**.......
...................
...................
...................
.................*.
................*.*
................**.
...................
...................
........**.........
........**.........
...................

Generation = 244, Population = 20.
...................
......**...........
.....*..*..........
......*.*..........
.......*...........
...................
..........**.......
..........**.......
...................
...................
...................
.................*.
................*.*
................**.
...................
...................
........**.........
........**.........
...................

Generation = 248, Population = 20.
...................
......**...........
.....*..*..........
......*.*..........
.......*...........
...................
..........**.......
..........**.......
...................
...................
...................
.................*.
................*.*
................**.
...................
...................
........**.........
........**.........
...................

Generation = 252, Population = 20.
...................
......**...........
.....*..*..........
......*.*..........
.......*...........
...................
..........**.......
..........**.......
...................
...................
...................
.................*.
................*.*
................**.
...................
...................
........**.........
........**.........
...................

Generation = 256, Population = 20.
...................
......**...........
.....*..*..........
......*.*..........
.......*...........
...................
..........**.......
..........**.......
...................
...................
...................
.................*.
................*.*
................**.
...................
...................
........**.........
........**.........
...................

Generation = 260, Population = 20.
...................
......**...........
.....*..*..........
......*.*..........
.......*...........
...................
..........**.......
..........**.......
...................
...................
...................
.................*.
................*.*
................**.
...................
...................
........**.........
........**.........
...................

Generation = 264, Population = 20.
...................
......**...........
.....*..*..........
......*.*..........
.......*...........
...................
..........**.......
..........**.......
...................
...................
...................
.................*.
................*.*
................**.
...................
...................
........**.........
........**.........
...................

Generation = 268, Population = 20.
...................
......**...........
.....*..*..........
......*.*..........
.......*...........
...................
..........**.......
..........**.......
...................
...................
...................
.................*.
................*.*
................**.
...................
...................
........**.........
........**.........
...................

Generation = 272, Population = 20.
...................
......**...........
.....*..*..........
......*.*..........
.......*...........
...................
..........**.......
..........**.......
...................
...................
...................
.................*.
................*.*
................**.
...................
...................
........**.........
........**.........
...................

Generation = 276, Population = 20.
...................
......**...........
.....*..*..........
......*.*..........
.......*...........
...................
..........**.......
..........**.......
...................
...................
...................
.................*.
................*.*
................**.
...................
...................
........**.........
........**.........
...................

Generation = 280, Population = 20.
...................
......**...........
.....*..*..........
......*.*..........
.......*...........
...................
..........**.......
..........**.......
...................
...................
...................
.................*.
................*.*
................**.
...................
...................
........**.........
........**.........
...................

Generation = 284, Population = 20.
...................
......**...........
.....*..*..........
......*.*..........
.......*...........
...................
..........**.......
..........**.......
...................
...................
...................
.................*.
................*.*
................**.
...................
...................
........**.........
........**.........
...................

Generation = 288, Population = 20.
...................
......**...........
.....*..*..........
......*.*..........
.......*...........
...................
..........**.......
..........**.......
...................
...................
...................
.................*.
................*.*
................**.
...................
...................
........**.........
........**.........
...................

Generation = 292, Population = 20.
...................
......**...........
.....*..*..........
......*.*..........
.......*...........
...................
..........**.......
..........**.......
...................
...................
...................
.................*.
................*.*
................**.
...................
...................
........**.........
........**.........
...................

Generation = 296, Population = 20.
...................
......**...........
.....*..*..........
......*.*..........
.......*...........
...................
..........**.......
..........**.......
...................
...................
...................
.................*.
................*.*
................**.
...................
...................
........**.........
........**.........
...................

Generation = 300, Population = 20.
...................
......**...........
.....*..*..........
......*.*..........
.......*...........
...................
..........**.......
..........**.......
...................
...................
...................
.................*.
................*.*
................**.
...................
...................
........**.........
........**.........
...................

Generation = 304, Population = 20.
...................
......**...........
.....*..*..........
......*.*..........
.......*...........
...................
..........**.......
..........**.......
...................
...................
...................
.................*.
................*.*
................**.
...................
...................
........**.........
........**.........
...................

Generation = 308, Population = 20.
...................
......**...........
.....*..*..........
......*.*..........
.......*...........
...................
..........**.......
..........**.......
...................
...................
...................
.................*.
................*.*
................**.
...................
...................
........**.........
........**.........
...................

Generation = 312, Population = 20.
...................
......**...........
.....*..*..........
......*.*..........
.......*...........
...................
..........**.......
..........**.......
...................
...................
...................
.................*.
................*.*
................**.
...................
...................
........**.........
........**.........
...................

Generation = 316, Population = 20.
...................
......**...........
.....*..*..........
......*.*..........
.......*...........
...................
..........**.......
..........**.......
...................
...................
...................
.................*.
................*.*
................**.
...................
...................
........**.........
........**.........
...................

Generation = 320, Population = 20.
...................
......**...........
.....*..*..........
......*.*..........
.......*...........
...................
..........**.......
..........**.......
...................
...................
...................
.................*.
................*.*
................**.
...................
...................
........**.........
........**.........
...................

Generation = 324, Population = 20.
...................
......**...........
.....*..*..........
......*.*..........
.......*...........
...................
..........**.......
..........**.......
...................
...................
...................
.................*.
................*.*
................**.
...................
...................
........**.........
........**.........
...................

Generation = 328, Population = 20.
...................
......**...........
.....*..*..........
......*.*..........
.......*...........
...................
..........**.......
..........**.......
...................
...................
...................
.................*.
................*.*
................**.
...................
...................
........**.........
........**.........
...................

Generation = 332, Population = 20.
...................
......**...........
.....*..*..........
......*.*..........
.......*...........
...................
..........**.......
..........**.......
...................
...................
...................
.................*.
................*.*
................**.
...................
...................
........**.........
........**.........
...................

Generation = 336, Population = 20.
...................
......**...........
.....*..*..........
......*.*..........
.......*...........
...................
..........**.......
..........**.......
...................
...................
...................
.................*.
................*.*
................**.
...................
...................
........**.........
........**.........
...................

Generation = 340, Population = 20.
...................
......**...........
.....*..*..........
......*.*..........
.......*...........
...................
..........**.......
..........**.......
...................
...................
...................
.................*.
................*.*
................**.
...................
...................
........**.........
........**.........
...................

Generation = 344, Population = 20.
...................
......**...........
.....*..*..........
......*.*..........
.......*...........
...................
..........**.......
..........**.......
...................
...................
...................
.................*.
................*.*
................**.
...................
...................
........**.........
........**.........
...................

Generation = 348, Population = 20.
...................
......**...........
.....*..*..........
......*.*..........
.......*...........
...................
..........**.......
..........**.......
...................
...................
...................
.................*.
................*.*
................**.
...................
...................
........**.........
........**.........
...................

Generation = 352, Population = 20.
...................
......**...........
.....*..*..........
......*.*..........
.......*...........
...................
..........**.......
..........**.......
...................
...................
...................
.................*.
................*.*
................**.
...................
...................
........**.........
........**.........
...................

Generation = 356, Population = 20.
...................
......**...........
.....*..*..........
......*.*..........
.......*...........
...................
..........**.......
..........**.......
...................
...................
...................
.................*.
................*.*
................**.
...................
...................
........**.........
........**.........
...................

*** Life<ConwayCell> 25x13 ***

Generation = 0, Population = 75.
....****..**.
............*
...*.*...*..*
..*.*........
....*..**....
..*..*..*....
...*...*.....
.*..*........
..**.*..*.*..
....**.......
...*....*..*.
.....**..*..*
...*...**..**
....*.*.**...
.........*...
*....*....*..
..*.........*
.............
*..*...*..*..
.*..........*
*..*.*....**.
...*........*
*..*.......**
*..........**
..**......*..

Generation = 83, Population = 9.
.............
.............
.............
.............
.............
.............
..........**.
..........**.
.............
.............
.............
.............
.............
.............
.............
.............
.............
.............
.............
.............
.............
.............
....*........
...*.*.......
...**........

Generation = 166, Population = 9.
.............
.............
.............
.............
.............
.............
..........**.
..........**.
.............
.............
.............
.............
.............
.............
.............
.............
.............
.............
.............
.............
.............
.............
....*........
...*.*.......
...**........

Generation = 249, Population = 9.
.............
.............
.............
.............
.............
.............
..........**.
..........**.
.............
.............
.............
.............
.............
.............
.............
.............
.............
.............
.............
.............
.............
.............
....*........
...*.*.......
...**........

Generation = 332, Population = 9.
.............
.............
.............
.............
.............
.............
..........**.
..........**.
.............
.............
.............
.............
.............
.............
.............
.............
.............
.............
.............
.............
.............
.............
....*........
...*.*.......
...**........

Generation = 415, Population = 9.
.............
.............
.............
.............
.............
.............
..........**.
..........**.
.............
.............
.............
.............
.............
.............
.............
.............
.............
.............
.............
.............
.............
.............
....*........
...*.*.......
...**........

Generation = 498, Population = 9.
.............
.............
.............
.............
.............
.............
..........**.
..........**.
.............
.............
.............
.............
.............
.............
.............
.............
.............
.............
.............
.............
.............
.............
....*........
...*.*.......
...**........

Generation = 581, Population = 9.
.............
.............
.............
.............
.............
.............
..........**.
..........**.
.............
.............
.............
.............
.............
.............
.............
.............
.............
.............
.............
.............
.............
.............
....*........
...*.*.......
...**........

Generation = 664, Population = 9.
.............
.............
.............
.............
.............
.............
..........**.
..........**.
.............
.............
.............
.............
.............
.............
.............
.............
.............
.............
.............
.............
.............
.............
....*........
...*.*.......
...**........
