*** Life<ConwayCell> 32x35 ***

Generation = 0, Population = 59.
...................................
..........................*........
....................*..............
...*...............................
.......*.*.........................
...................*...........*...
.......................*...........
...**........................*.....
.*...........................*.....
..*................................
.......*.......................**..
.....*.............................
.........*..........*..............
.....*...........*.................
.*.....*.....*........*......*.....
...................................
....*..............................
...................................
......................*.....*.....*
.........*.....*...................
.....................*...**........
.................................*.
.*.................................
................................*..
.............*...............*.....
.................................*.
....*..............................
.*.....................*......*....
................*.........*....*...
............**..*..................
..................................*
....*.........*.....*.*....*.*.....

Generation = 2, Population = 0.
...................................
...................................
...................................
...................................
...................................
...................................
...................................
...................................
...................................
...................................
...................................
...................................
...................................
...................................
...................................
...................................
...................................
...................................
...................................
...................................
...................................
...................................
...................................
...................................
...................................
...................................
...................................
...................................
...................................
...................................
...................................
...................................

Generation = 4, Population = 0.
...................................
...................................
...................................
...................................
...................................
...................................
...................................
...................................
...................................
...................................
...................................
...................................
...................................
...................................
...................................
...................................
...................................
...................................
...................................
...................................
...................................
...................................
...................................
...................................
...................................
...................................
...................................
...................................
...................................
...................................
...................................
...................................

*** Life<ConwayCell> 31x35 ***

Generation = 0, Population = 59.
...................................
...................................
....*..............................
.........*.......................*.
.........*...*....**.*.............
.........*.........................
..**.......*........*..............
.......*...........................
...*...............................
...................................
...............*..............*....
...........*.......................
.**......*.........................
...........................*.......
...................................
....*.........*.....*.....**.......
....*........*............*........
.................*...........*...**
....*.............*..*.............
..*................................
............................*......
..................................*
........*..........................
...........*..*....................
..............*....*...............
...................................
.............*............**.*.....
..*..*.............................
...................*........*......
...*...............................
.*.......*....*.............**.....

Generation = 2, Population = 12.
...................................
...................................
...................................
.........*.........................
.........**........................
..........*........................
...................................
...................................
...................................
...................................
...................................
...................................
...................................
...................................
..........................**.......
.........................*..*......
..........................**.......
...................................
...................................
...................................
...................................
...................................
...................................
...................................
...................................
...................................
...................................
...................................
...........................*.*.....
...................................
...................................

Generation = 4, Population = 12.
...................................
...................................
...................................
.........**........................
........*..*.......................
.........**........................
...................................
...................................
...................................
...................................
...................................
...................................
...................................
...................................
..........................**.......
.........................*..*......
..........................**.......
...................................
...................................
...................................
...................................
...................................
...................................
...................................
...................................
...................................
...................................
...................................
...................................
...................................
...................................

Generation = 6, Population = 12.
...................................
...................................
...................................
.........**........................
........*..*.......................
.........**........................
...................................
...................................
...................................
...................................
...................................
...................................
...................................
...................................
..........................**.......
.........................*..*......
..........................**.......
...................................
...................................
...................................
...................................
...................................
...................................
...................................
...................................
...................................
...................................
...................................
...................................
...................................
...................................

*** Life<ConwayCell> 35x33 ***

Generation = 0, Population = 58.
.................................
.............*......*............
.....*.................*.........
.....*...*...........*...........
................*..............*.
..*....*.........................
.................................
.................................
.................................
....*.*...*......................
..............*.....*...*........
.................................
.............*..................*
..................*...........*..
..........*.....................*
...............*.................
................*......*...*.....
.......*.......................*.
.....*........*......*..*........
.....................*...........
....................*............
............................*....
.............................*...
...............*.................
.........................*..*....
......................*........*.
.................................
.................................
.*...........................*.*.
.*...............................
.*..*.........*.................*
..........................*......
.....*..*........*...............
......*.............*.....*.*....
.................................

Generation = 3, Population = 3.
.................................
.................................
.................................
.................................
.................................
.................................
.................................
.................................
.................................
.................................
.................................
.................................
.................................
.................................
.................................
.................................
.................................
.................................
.................................
.................................
.................................
.................................
.................................
.................................
.................................
.................................
.................................
.................................
.................................
***..............................
.................................
.................................
.................................
.................................
.................................

*** Life<ConwayCell> 31x30 ***

Generation = 0, Population = 57.
..............................
.....*............*.........*.
....*.....................*...
...............*.......*......
..*........*.*................
............................*.
........*....*...............*
.................*............
..........*...................
..*...........................
.........................*....
............*.........**..*.*.
.............*........*...*...
..............................
.......*..*.........*.........
.......................*......
.*............................
..............................
...................*.**..*....
.**.............*.............
.................*....*..*....
..............................
............*.................
.*.........*.....*.......*....
.........*....................
.....*........................
..........*...............*...
.....*............*...........
..............................
..*.....................*.....
.............*..*....*........

Generation = 3, Population = 14.
..............................
..............................
..............................
..............................
..............................
..............................
..............................
..............................
..............................
..............................
.......................*.***..
......................*.*.**..
......................*.****..
.......................*......
..............................
..............................
..............................
..............................
..............................
..............................
..............................
..............................
..............................
..............................
..............................
..............................
..............................
..............................
..............................
..............................
..............................

Generation = 6, Population = 12.
..............................
..............................
..............................
..............................
..............................
..............................
..............................
..............................
.........................*....
.......................*...*..
.......................*....*.
......................*.....*.
......................*.....*.
...........................*..
.......................*..*...
..............................
..............................
..............................
..............................
..............................
..............................
..............................
..............................
..............................
..............................
..............................
..............................
..............................
..............................
..............................
..............................

*** Life<ConwayCell> 31x32 ***

Generation = 0, Population = 59.
................................
.............**.............*...
......*.....*...................
.................*.*............
........*........*..............
.....................*..........
.*...............*..............
......*.*.......*..............*
...............................*
...........................*.*..
......*.........................
....*...........................
..........*..*...*.*............
..................*.*...........
.....*...*..............*.......
...............*................
.*.......*......................
.......**.......................
................................
.................*...........*..
..............*...*..*..........
.....*..........................
......*...............*.........
................................
....................*...........
............................*...
............*.................*.
..........................*.**..
.........*.....*.........*......
.*.......*.......*....*.........
...*............*...............

Generation = 2, Population = 6.
................................
................................
................................
................................
................................
................................
................................
................................
................................
................................
................................
................................
..................**............
..................**............
................................
................................
................................
................................
................................
................................
................................
................................
................................
................................
................................
................................
............................*...
............................*...
................................
................................
................................

Generation = 4, Population = 4.
................................
................................
................................
................................
................................
................................
................................
................................
................................
................................
................................
................................
..................**............
..................**............
................................
................................
................................
................................
................................
................................
................................
................................
................................
................................
................................
................................
................................
................................
................................
................................
................................

Generation = 6, Population = 4.
................................
................................
................................
................................
................................
................................
................................
................................
................................
................................
................................
................................
..................**............
..................**............
................................
................................
................................
................................
................................
................................
................................
................................
................................
................................
................................
................................
................................
................................
................................
................................
................................

*** Life<ConwayCell> 34x35 ***

Generation = 0, Population = 58.
...................................
.*......**..........*..............
....*.......................*......
.....*...............*....*........
...........................*.......
...................*.........*.....
.................*...*.............
......................*.*.......*..
..........*........................
...................*...*...........
...............*...................
.........*......*..................
...............**..................
...............*...................
...................................
...*...............................
...................................
.....................*.............
.*....*......*...................*.
.........*...*...........*.........
...................................
....................*..............
......................*..*.........
...*...............................
......................*............
...............**..................
........................*.*........
........*..*.......................
......*......*....*...........*....
............*...*..................
...................................
....*...*.............*............
........*........*................*
...................................

Generation = 1, Population = 8.
...................................
...................................
...................................
...........................*.......
...................................
...................................
...................................
...................................
.......................*...........
...................................
...................................
................*..................
...............**..................
...............**..................
...................................
...................................
...................................
...................................
...................................
...................................
...................................
...................................
...................................
...................................
...................................
...................................
...................................
...................................
............*......................
...................................
...................................
...................................
...................................
...................................

Generation = 2, Population = 5.
...................................
...................................
...................................
...................................
...................................
...................................
...................................
...................................
...................................
...................................
...................................
...............**..................
.................*.................
...............**..................
...................................
...................................
...................................
...................................
...................................
...................................
...................................
...................................
...................................
...................................
...................................
...................................
...................................
...................................
...................................
...................................
...................................
...................................
...................................
...................................

Generation = 3, Population = 3.
...................................
...................................
...................................
...................................
...................................
...................................
...................................
...................................
...................................
...................................
...................................
................*..................
.................*.................
................*..................
...................................
...................................
...................................
...................................
...................................
...................................
...................................
...................................
...................................
...................................
...................................
...................................
...................................
...................................
...................................
...................................
...................................
...................................
...................................
...................................

Generation = 4, Population = 2.
...................................
...................................
...................................
...................................
...................................
...................................
...................................
...................................
...................................
...................................
...................................
...................................
................**.................
...................................
...................................
...................................
...................................
...................................
...................................
...................................
...................................
...................................
...................................
...................................
...................................
...................................
...................................
...................................
...................................
...................................
...................................
...................................
...................................
...................................

Generation = 5, Population = 0.
...................................
...................................
...................................
...................................
...................................
...................................
...................................
...................................
...................................
...................................
...................................
...................................
...................................
...................................
...................................
...................................
...................................
...................................
...................................
...................................
...................................
...................................
...................................
...................................
...................................
...................................
...................................
...................................
...................................
...................................
...................................
...................................
...................................
...................................

Generation = 6, Population = 0.
...................................
...................................
...................................
...................................
...................................
...................................
...................................
...................................
...................................
...................................
...................................
...................................
...................................
...................................
...................................
...................................
...................................
...................................
...................................
...................................
...................................
...................................
...................................
...................................
...................................
...................................
...................................
...................................
...................................
...................................
...................................
...................................
...................................
...................................
