*** Life<ConwayCell> 16x3 ***

Generation = 0, Population = 5.
...
...
...
...
...
*..
...
...
.*.
...
*..
...
.*.
...
.*.
...

Generation = 21, Population = 0.
...
...
...
...
...
...
...
...
...
...
...
...
...
...
...
...

Generation = 42, Population = 0.
...
...
...
...
...
...
...
...
...
...
...
...
...
...
...
...

Generation = 63, Population = 0.
...
...
...
...
...
...
...
...
...
...
...
...
...
...
...
...

Generation = 84, Population = 0.
...
...
...
...
...
...
...
...
...
...
...
...
...
...
...
...

*** Life<ConwayCell> 5x16 ***

Generation = 0, Population = 15.
.......*...*....
.*...*.***......
*....*.*..*.....
.......**.**....
................

Generation = 5, Population = 11.
.........*.*....
.....**....*....
.........***....
.....***........
................

Generation = 10, Population = 11.
.........***....
........*...*...
............*...
........****....
..........*.....

Generation = 15, Population = 6.
................
............*...
..........**.**.
............*...
................

Generation = 20, Population = 18.
...........***..
..........*.*.*.
.........***.***
..........*.*.*.
...........***..

*** Life<ConwayCell> 20x2 ***

Generation = 0, Population = 4.
..
..
..
*.
..
..
..
..
*.
..
..
..
..
*.
*.
..
..
..
..
..

Generation = 20, Population = 0.
..
..
..
..
..
..
..
..
..
..
..
..
..
..
..
..
..
..
..
..

Generation = 40, Population = 0.
..
..
..
..
..
..
..
..
..
..
..
..
..
..
..
..
..
..
..
..

Generation = 60, Population = 0.
..
..
..
..
..
..
..
..
..
..
..
..
..
..
..
..
..
..
..
..

Generation = 80, Population = 0.
..
..
..
..
..
..
..
..
..
..
..
..
..
..
..
..
..
..
..
..

*** Life<ConwayCell> 18x10 ***

Generation = 0, Population = 18.
....*.....
..........
..........
...*......
...*......
*.**......
**........
*.........
..*...***.
......*...
..........
.....*....
........*.
....*.....
..........
........*.
..........
..........

Generation = 11, Population = 14.
..........
..........
..........
..........
..........
..........
.*........
*.*....**.
*..*....**
.**....**.
.......*..
..........
..........
..........
..........
..........
..........
..........

Generation = 22, Population = 41.
..........
..........
..........
..........
........*.
..***....*
.****.*..*
*.*.*.*..*
*.*...**.*
.**.*..***
.****...**
...***...*
.....*....
......***.
..........
..........
..........
..........

Generation = 33, Population = 11.
..........
..........
..........
..........
..........
...*......
..*.**....
.*....*...
.......*..
..*...*...
....**....
..........
..........
..........
..........
..........
..........
..........

Generation = 44, Population = 9.
..........
..........
..........
..........
..........
..........
..........
..........
..........
..........
....**.**.
....**.**.
.......*..
..........
..........
..........
..........
..........

Generation = 55, Population = 19.
..........
..........
..........
..........
..........
..........
..........
.....*....
....*.*...
...**.*...
....*.***.
....*****.
..........
......**..
.......*..
.......*..
..........
..........

Generation = 66, Population = 23.
..........
..........
..........
..........
..........
..........
..........
.*.**.*...
.*.*......
*.**....*.
.*.*....*.
.*......*.
...**.....
..........
..........
.....*.*..
.....***..
......*...

*** Life<ConwayCell> 2x12 ***

Generation = 0, Population = 3.
.*.....*.*..
............

Generation = 25, Population = 0.
............
............

Generation = 50, Population = 0.
............
............

Generation = 75, Population = 0.
............
............

Generation = 100, Population = 0.
............
............

*** Life<ConwayCell> 18x2 ***

Generation = 0, Population = 9.
*.
*.
*.
..
..
..
*.
..
..
..
*.
..
*.
*.
*.
..
*.
..

Generation = 8, Population = 0.
..
..
..
..
..
..
..
..
..
..
..
..
..
..
..
..
..
..

Generation = 16, Population = 0.
..
..
..
..
..
..
..
..
..
..
..
..
..
..
..
..
..
..

Generation = 24, Population = 0.
..
..
..
..
..
..
..
..
..
..
..
..
..
..
..
..
..
..

Generation = 32, Population = 0.
..
..
..
..
..
..
..
..
..
..
..
..
..
..
..
..
..
..

Generation = 40, Population = 0.
..
..
..
..
..
..
..
..
..
..
..
..
..
..
..
..
..
..

Generation = 48, Population = 0.
..
..
..
..
..
..
..
..
..
..
..
..
..
..
..
..
..
..

Generation = 56, Population = 0.
..
..
..
..
..
..
..
..
..
..
..
..
..
..
..
..
..
..

Generation = 64, Population = 0.
..
..
..
..
..
..
..
..
..
..
..
..
..
..
..
..
..
..

Generation = 72, Population = 0.
..
..
..
..
..
..
..
..
..
..
..
..
..
..
..
..
..
..

Generation = 80, Population = 0.
..
..
..
..
..
..
..
..
..
..
..
..
..
..
..
..
..
..

Generation = 88, Population = 0.
..
..
..
..
..
..
..
..
..
..
..
..
..
..
..
..
..
..

Generation = 96, Population = 0.
..
..
..
..
..
..
..
..
..
..
..
..
..
..
..
..
..
..

Generation = 104, Population = 0.
..
..
..
..
..
..
..
..
..
..
..
..
..
..
..
..
..
..

*** Life<ConwayCell> 12x15 ***

Generation = 0, Population = 19.
..*............
*....*..*......
...*...........
.........*.....
....*..*.*...*.
...........*...
..*............
*...........*..
..*............
..*.*..........
....*.......*..
...............

Generation = 6, Population = 3.
...............
...............
...............
...............
...............
...............
...............
..*............
..*............
..*............
...............
...............

Generation = 12, Population = 3.
...............
...............
...............
...............
...............
...............
...............
..*............
..*............
..*............
...............
...............

Generation = 18, Population = 3.
...............
...............
...............
...............
...............
...............
...............
..*............
..*............
..*............
...............
...............

Generation = 24, Population = 3.
...............
...............
...............
...............
...............
...............
...............
..*............
..*............
..*............
...............
...............

Generation = 30, Population = 3.
...............
...............
...............
...............
...............
...............
...............
..*............
..*............
..*............
...............
...............

Generation = 36, Population = 3.
...............
...............
...............
...............
...............
...............
...............
..*............
..*............
..*............
...............
...............

Generation = 42, Population = 3.
...............
...............
...............
...............
...............
...............
...............
..*............
..*............
..*............
...............
...............

Generation = 48, Population = 3.
...............
...............
...............
...............
...............
...............
...............
..*............
..*............
..*............
...............
...............

Generation = 54, Population = 3.
...............
...............
...............
...............
...............
...............
...............
..*............
..*............
..*............
...............
...............

Generation = 60, Population = 3.
...............
...............
...............
...............
...............
...............
...............
..*............
..*............
..*............
...............
...............

Generation = 66, Population = 3.
...............
...............
...............
...............
...............
...............
...............
..*............
..*............
..*............
...............
...............

Generation = 72, Population = 3.
...............
...............
...............
...............
...............
...............
...............
..*............
..*............
..*............
...............
...............

Generation = 78, Population = 3.
...............
...............
...............
...............
...............
...............
...............
..*............
..*............
..*............
...............
...............

*** Life<ConwayCell> 8x11 ***

Generation = 0, Population = 12.
...........
.......*...
...........
**...*...*.
.......*...
*.*...***..
.......*...
...........

Generation = 8, Population = 6.
...........
...........
...........
...........
.......*...
......*.*..
......*.*..
.......*...

Generation = 16, Population = 6.
...........
...........
...........
...........
.......*...
......*.*..
......*.*..
.......*...

Generation = 24, Population = 6.
...........
...........
...........
...........
.......*...
......*.*..
......*.*..
.......*...

Generation = 32, Population = 6.
...........
...........
...........
...........
.......*...
......*.*..
......*.*..
.......*...

Generation = 40, Population = 6.
...........
...........
...........
...........
.......*...
......*.*..
......*.*..
.......*...

Generation = 48, Population = 6.
...........
...........
...........
...........
.......*...
......*.*..
......*.*..
.......*...

Generation = 56, Population = 6.
...........
...........
...........
...........
.......*...
......*.*..
......*.*..
.......*...

Generation = 64, Population = 6.
...........
...........
...........
...........
.......*...
......*.*..
......*.*..
.......*...

Generation = 72, Population = 6.
...........
...........
...........
...........
.......*...
......*.*..
......*.*..
.......*...

Generation = 80, Population = 6.
...........
...........
...........
...........
.......*...
......*.*..
......*.*..
.......*...

*** Life<ConwayCell> 6x4 ***

Generation = 0, Population = 6.
..*.
*...
*...
.**.
..*.
....

Generation = 2, Population = 6.
....
....
*.*.
*.*.
.**.
....

Generation = 4, Population = 5.
....
....
....
..**
.***
....

Generation = 6, Population = 3.
....
....
....
....
.*.*
..*.

Generation = 8, Population = 0.
....
....
....
....
....
....

Generation = 10, Population = 0.
....
....
....
....
....
....

Generation = 12, Population = 0.
....
....
....
....
....
....

Generation = 14, Population = 0.
....
....
....
....
....
....

Generation = 16, Population = 0.
....
....
....
....
....
....

*** Life<ConwayCell> 10x18 ***

Generation = 0, Population = 31.
..........*....*..
..*.*.*..*........
*.....*........*..
.....*........*...
..*.....*......**.
...*......*.......
.*....*...**......
**....**..*..*....
...*......**.*....
..................

Generation = 15, Population = 17.
..................
..................
..................
..................
........**...***..
..*............*..
..............*...
..*...............
...****...........
...****...........

Generation = 30, Population = 18.
..................
................**
................**
..................
..................
..................
**.....**.........
***...***.........
**.....**.........
..................

Generation = 45, Population = 10.
..................
................**
................**
..................
..................
..................
.........**.......
........*..*......
.........**.......
..................

Generation = 60, Population = 10.
..................
................**
................**
..................
..................
..................
.........**.......
........*..*......
.........**.......
..................

*** Life<ConwayCell> 6x9 ***

Generation = 0, Population = 13.
.*...*...
..***....
.......*.
...**....
*.*.***..
.........

Generation = 12, Population = 3.
.........
....***..
.........
.........
.........
.........

Generation = 24, Population = 3.
.........
....***..
.........
.........
.........
.........

Generation = 36, Population = 3.
.........
....***..
.........
.........
.........
.........

Generation = 48, Population = 3.
.........
....***..
.........
.........
.........
.........

Generation = 60, Population = 3.
.........
....***..
.........
.........
.........
.........

Generation = 72, Population = 3.
.........
....***..
.........
.........
.........
.........

Generation = 84, Population = 3.
.........
....***..
.........
.........
.........
.........

Generation = 96, Population = 3.
.........
....***..
.........
.........
.........
.........
