*** Life<ConwayCell> 10x10 ***

Generation = 0, Population = 19.
..........
.*......**
..*....***
......**.*
....*.....
.....*....
...*......
.*.....*..
..*..*..*.
.........*

Generation = 1, Population = 11.
..........
.......*.*
......*...
......**.*
.....**...
....*.....
..........
..*.......
........*.
..........

Generation = 2, Population = 6.
..........
..........
......*...
.......*..
.....***..
.....*....
..........
..........
..........
..........

Generation = 3, Population = 5.
..........
..........
..........
.....*.*..
.....*.*..
.....*....
..........
..........
..........
..........

Generation = 4, Population = 3.
..........
..........
..........
..........
....**....
......*...
..........
..........
..........
..........

Generation = 5, Population = 2.
..........
..........
..........
..........
.....*....
.....*....
..........
..........
..........
..........

*** Life<ConwayCell> 16x20 ***

Generation = 0, Population = 28.
....................
....................
....................
...................*
.................*.*
...*............*...
....*...............
..*.....**.........*
.............*......
.................*..
.*.......*..........
.**.*...............
.............*...*..
..*..*.........**...
.*............*.*..*
.....*..............

Generation = 3, Population = 10.
....................
....................
....................
....................
....................
....................
....................
....................
....................
....................
.*..................
*...................
.**.............**..
..*...............*.
................**..
....................

Generation = 6, Population = 3.
....................
....................
....................
....................
....................
....................
....................
....................
....................
....................
....................
....................
...*................
.**.................
....................
....................

Generation = 9, Population = 0.
....................
....................
....................
....................
....................
....................
....................
....................
....................
....................
....................
....................
....................
....................
....................
....................

*** Life<ConwayCell> 25x20 ***

Generation = 0, Population = 14.
....................
....................
..................*.
...................*
.......*............
....................
....................
....................
....................
..*.................
...................*
.........*..........
....................
........*.........*.
.....*....*.........
....................
..*.......*.........
........*...........
....................
.....*..............
....................
....................
....................
....................
....................

Generation = 5, Population = 0.
....................
....................
....................
....................
....................
....................
....................
....................
....................
....................
....................
....................
....................
....................
....................
....................
....................
....................
....................
....................
....................
....................
....................
....................
....................

Generation = 10, Population = 0.
....................
....................
....................
....................
....................
....................
....................
....................
....................
....................
....................
....................
....................
....................
....................
....................
....................
....................
....................
....................
....................
....................
....................
....................
....................

Generation = 15, Population = 0.
....................
....................
....................
....................
....................
....................
....................
....................
....................
....................
....................
....................
....................
....................
....................
....................
....................
....................
....................
....................
....................
....................
....................
....................
....................

*** Life<ConwayCell> 12x75 ***

Generation = 0, Population = 12.
...........................................................................
...................................................................*.......
....*......................................................................
......................................................................*....
....................................*..................*...*...............
......................................*....................................
.........*.................................................................
........................................................*..................
..........................................*................................
................*..........................................................
...........................................................................
................................................................*..........

Generation = 9, Population = 0.
...........................................................................
...........................................................................
...........................................................................
...........................................................................
...........................................................................
...........................................................................
...........................................................................
...........................................................................
...........................................................................
...........................................................................
...........................................................................
...........................................................................

Generation = 18, Population = 0.
...........................................................................
...........................................................................
...........................................................................
...........................................................................
...........................................................................
...........................................................................
...........................................................................
...........................................................................
...........................................................................
...........................................................................
...........................................................................
...........................................................................

Generation = 27, Population = 0.
...........................................................................
...........................................................................
...........................................................................
...........................................................................
...........................................................................
...........................................................................
...........................................................................
...........................................................................
...........................................................................
...........................................................................
...........................................................................
...........................................................................

Generation = 36, Population = 0.
...........................................................................
...........................................................................
...........................................................................
...........................................................................
...........................................................................
...........................................................................
...........................................................................
...........................................................................
...........................................................................
...........................................................................
...........................................................................
...........................................................................

*** Life<ConwayCell> 7x15 ***

Generation = 0, Population = 19.
...............
......*..*.....
.*..*..*..**.*.
.......***.....
....*.......**.
....*...*......
.........*...**

Generation = 1, Population = 14.
...............
..........*....
......**..*....
.......*****.*.
.......*.*.....
............*.*
...............

Generation = 2, Population = 8.
...............
...............
......**.......
...........*...
.......*.*.***.
...............
...............

Generation = 3, Population = 9.
...............
...............
...............
......***.**...
..........***..
............*..
...............

Generation = 4, Population = 10.
...............
...............
.......*.......
.......*.**.*..
.......*.**.*..
............*..
...............

Generation = 5, Population = 10.
...............
...............
........*......
......**.**....
.........**.**.
...........*...
...............

*** Life<ConwayCell> 20x27 ***

Generation = 0, Population = 17.
...........................
...........................
......*....................
...........................
......*....................
...........................
...........................
...........................
..*............*...........
.*...*.....................
.*.........................
...........................
...........................
.....*.......*.*...........
.........*....*............
...........................
...........................
..*........................
...*.....*.................
....*....*.................

Generation = 3, Population = 0.
...........................
...........................
...........................
...........................
...........................
...........................
...........................
...........................
...........................
...........................
...........................
...........................
...........................
...........................
...........................
...........................
...........................
...........................
...........................
...........................

Generation = 6, Population = 0.
...........................
...........................
...........................
...........................
...........................
...........................
...........................
...........................
...........................
...........................
...........................
...........................
...........................
...........................
...........................
...........................
...........................
...........................
...........................
...........................

Generation = 9, Population = 0.
...........................
...........................
...........................
...........................
...........................
...........................
...........................
...........................
...........................
...........................
...........................
...........................
...........................
...........................
...........................
...........................
...........................
...........................
...........................
...........................

*** Life<ConwayCell> 47x2 ***

Generation = 0, Population = 39.
*.
*.
.*
**
*.
.*
.*
.*
*.
*.
.*
**
.*
..
.*
.*
*.
..
..
.*
..
**
.*
*.
*.
.*
..
*.
..
*.
..
*.
*.
..
..
..
..
.*
.*
.*
*.
**
.*
*.
..
.*
*.

Generation = 1, Population = 40.
..
**
.*
**
*.
**
**
**
**
**
.*
**
**
..
..
**
..
..
..
..
**
**
.*
**
**
..
..
..
..
..
..
..
..
..
..
..
..
..
**
**
*.
**
.*
..
..
..
..

Generation = 2, Population = 16.
..
**
..
**
..
..
..
..
..
..
..
..
**
..
..
..
..
..
..
..
**
..
..
..
**
..
..
..
..
..
..
..
..
..
..
..
..
..
**
..
..
**
**
..
..
..
..

Generation = 3, Population = 4.
..
..
..
..
..
..
..
..
..
..
..
..
..
..
..
..
..
..
..
..
..
..
..
..
..
..
..
..
..
..
..
..
..
..
..
..
..
..
..
..
..
**
**
..
..
..
..

Generation = 4, Population = 4.
..
..
..
..
..
..
..
..
..
..
..
..
..
..
..
..
..
..
..
..
..
..
..
..
..
..
..
..
..
..
..
..
..
..
..
..
..
..
..
..
..
**
**
..
..
..
..

Generation = 5, Population = 4.
..
..
..
..
..
..
..
..
..
..
..
..
..
..
..
..
..
..
..
..
..
..
..
..
..
..
..
..
..
..
..
..
..
..
..
..
..
..
..
..
..
**
**
..
..
..
..

*** Life<ConwayCell> 122x162 ***

Generation = 0, Population = 164.
.................*.....................................................................................................*..........................................
...................................................................................*....*.........................................................................
...................*...................................................................................................*..........................................
..................................................................................................................................................................
...................................................*..............................................................................................................
..................................................................................................................................................................
..........................................................................................................*.......................................................
..................................................................................................................................................................
......................................................................................................*...........................................................
..........*............................*..........................................................................................................................
......................................................................................................*...........................................................
............................................................................................................................................................*.....
......................................................................................*...........................................................................
..................................................................................................................................................................
..................................................................................................................*..........................................*....
........................................................................*.........................................................................*...............
......................................................*...........................................................................................................
........................*.........................................................................................................................................
..................................................................................................................................................................
.................................................................................................................................................................*
.................*................................................................................................................................................
...................................................................................*.......................................*.....................................*
.............................................................*....................................................................................................
..................................................................................................................................................................
.........................................*.*......................................................................................................................
........*..............*.................................................*...........................................*............................................
..................................................................................................................................................................
..................................................................................................................................................................
.*.........................*.......................................*..............................................................................................
............................................................................*.....................................................................................
......................*.....................................................................*........*............................................................
...........................*......................................................................................................................................
..................................................................................................*.............................................*.................
............................................*................*....................................................................................................
......................*.............*.............*...............*...............................................................................................
............................*....*.....*..........................................................................................................................
...........................*......................................................................................................................................
.........................................................................................*........................................*...............................
*.................................................*.............................................................................*.................................
............................................................................................................................................*.....................
..................................................*...............................................................................................................
....................................................................................................................*.............................................
...............................................................................*........................*.........................................................
.............................*......*........................................................*....................................................................
....................................................................................................................................*.............................
..................................................................................................................................................................
...........**.....................................................................................................................................................
.................................................................................................................*................................................
..................................................................................................................................................................
..................................................................................................................................................................
..................................................................................................................................................................
.....................................................*............................................................................................................
........................................................................................*.........................................................................
........................................................*.........................................................................................................
...................................*............*......*...........................................................................................*..............
..................................................................................................................................................................
..................................................................................................................................................................
...........................*..........................*...........................................................................................................
.................*...............................*................................................................................................................
....*.............................................................................................................................................................
..................................................................................................................................................................
......................................................................................................................................................*...........
..................................................................................................................................................................
....................................................*...........................................................................................*.................
.........................................................................*..............*.........................................................................
............................................*.......................*..............*..............................................................................
....................................................................*......*......................................................................................
..................................................*.........................................................................................................*.....
.............................................*.........................................................*.....................*....................................
...............................................................*..............................*................*..................................................
..*...............................................................................................................................................................
...................................*..............................................................................................................................
..................................................................................................................................................................
............................................................*..........................................................*..........................................
..................................................................................................................................................................
.........*........................................................................................................................................................
......................*...........................................*.......................................................*.......................................
........................................................*......................................................*...............................*..................
.............*.....................................*..............................................................................................................
..................................................................................................................................................................
..............................................................................................*...................................................................
...........................................................................................*......................................................................
...................................................................................*......................................................*.......................
.................................................*..............................*.................................................................................
..................................................................................................................................*...............................
..............................................*..........*...............................................................................*..............*.........
..................................................................................................................................*...............................
..................................................................................................................................................................
........................................*.........................................................................................................................
...........................................................................*......................................................................................
......................................................................................................................*...........................................
......................................................................*.......................*.........*.........................................................
..................................................................................................................................................................
.....................................*............................................................................................................................
..........................................................................................................*.*.....................................................
............................................................................................*..*..........................*.......................................
..................................................................................................................................................................
...............*.......................................................................................................................*..........................
..............................................*...........*....................................................*..................................................
.....................................................................................*............................................................................
..................................................................................................................................................................
......................................*.........................................................*.................................................................
..................................................................................................................................................................
..................................................................................................................................................................
..................................................................................................................................................................
...............................................................................................*..................................................................
..................................................................................................................................................................
..................................................................................................................................................................
..................................................................................................................................................................
.............................*....................................................................................................................................
.............................*....................................................................................................................................
............................*.......................*................................................*.............................................*..............
.............................*..................*...........................................................*.....................................................
.............*.......................................................................................*............................................................
...............................................*.....................................................*............................................................
..............................................*...................................................................................................................
........................................................................................................................*.........................................
..................................................................................................................................................................
...........................*.................................................*....................................................................................
..........................*.......................................................................................................................................
.........*........................................................................................................................................................
..................................................................................................................................................................

Generation = 93, Population = 4.
..................................................................................................................................................................
..................................................................................................................................................................
..................................................................................................................................................................
..................................................................................................................................................................
..................................................................................................................................................................
..................................................................................................................................................................
..................................................................................................................................................................
..................................................................................................................................................................
..................................................................................................................................................................
..................................................................................................................................................................
..................................................................................................................................................................
..................................................................................................................................................................
..................................................................................................................................................................
..................................................................................................................................................................
..................................................................................................................................................................
..................................................................................................................................................................
..................................................................................................................................................................
..................................................................................................................................................................
..................................................................................................................................................................
..................................................................................................................................................................
..................................................................................................................................................................
..................................................................................................................................................................
..................................................................................................................................................................
..................................................................................................................................................................
..................................................................................................................................................................
..................................................................................................................................................................
..................................................................................................................................................................
..................................................................................................................................................................
..................................................................................................................................................................
..................................................................................................................................................................
..................................................................................................................................................................
..................................................................................................................................................................
..................................................................................................................................................................
..................................................................................................................................................................
..................................................................................................................................................................
..................................................................................................................................................................
..................................................................................................................................................................
..................................................................................................................................................................
..................................................................................................................................................................
..................................................................................................................................................................
..................................................................................................................................................................
..................................................................................................................................................................
..................................................................................................................................................................
..................................................................................................................................................................
..................................................................................................................................................................
..................................................................................................................................................................
..................................................................................................................................................................
..................................................................................................................................................................
..................................................................................................................................................................
..................................................................................................................................................................
..................................................................................................................................................................
..................................................................................................................................................................
..................................................................................................................................................................
..................................................................................................................................................................
..................................................................................................................................................................
..................................................................................................................................................................
..................................................................................................................................................................
..................................................................................................................................................................
..................................................................................................................................................................
..................................................................................................................................................................
..................................................................................................................................................................
..................................................................................................................................................................
..................................................................................................................................................................
..................................................................................................................................................................
..................................................................................................................................................................
..................................................................................................................................................................
..................................................................................................................................................................
..................................................................................................................................................................
..................................................................................................................................................................
..................................................................................................................................................................
..................................................................................................................................................................
..................................................................................................................................................................
..................................................................................................................................................................
..................................................................................................................................................................
..................................................................................................................................................................
..................................................................................................................................................................
..................................................................................................................................................................
..................................................................................................................................................................
..................................................................................................................................................................
..................................................................................................................................................................
..................................................................................................................................................................
..................................................................................................................................................................
..................................................................................................................................................................
..................................................................................................................................................................
..................................................................................................................................................................
..................................................................................................................................................................
..................................................................................................................................................................
..................................................................................................................................................................
..................................................................................................................................................................
..................................................................................................................................................................
..................................................................................................................................................................
..................................................................................................................................................................
..................................................................................................................................................................
..................................................................................................................................................................
..................................................................................................................................................................
..................................................................................................................................................................
..................................................................................................................................................................
..................................................................................................................................................................
..................................................................................................................................................................
..................................................................................................................................................................
..................................................................................................................................................................
..................................................................................................................................................................
..................................................................................................................................................................
..................................................................................................................................................................
..................................................................................................................................................................
..................................................................................................................................................................
..................................................................................................................................................................
..................................................................................................................................................................
..................................................................................................................................................................
..................................................................................................................................................................
............................**....................................................................................................................................
............................**....................................................................................................................................
..................................................................................................................................................................
..................................................................................................................................................................
..................................................................................................................................................................
..................................................................................................................................................................
..................................................................................................................................................................
..................................................................................................................................................................
..................................................................................................................................................................
..................................................................................................................................................................
..................................................................................................................................................................
..................................................................................................................................................................

Generation = 186, Population = 4.
..................................................................................................................................................................
..................................................................................................................................................................
..................................................................................................................................................................
..................................................................................................................................................................
..................................................................................................................................................................
..................................................................................................................................................................
..................................................................................................................................................................
..................................................................................................................................................................
..................................................................................................................................................................
..................................................................................................................................................................
..................................................................................................................................................................
..................................................................................................................................................................
..................................................................................................................................................................
..................................................................................................................................................................
..................................................................................................................................................................
..................................................................................................................................................................
..................................................................................................................................................................
..................................................................................................................................................................
..................................................................................................................................................................
..................................................................................................................................................................
..................................................................................................................................................................
..................................................................................................................................................................
..................................................................................................................................................................
..................................................................................................................................................................
..................................................................................................................................................................
..................................................................................................................................................................
..................................................................................................................................................................
..................................................................................................................................................................
..................................................................................................................................................................
..................................................................................................................................................................
..................................................................................................................................................................
..................................................................................................................................................................
..................................................................................................................................................................
..................................................................................................................................................................
..................................................................................................................................................................
..................................................................................................................................................................
..................................................................................................................................................................
..................................................................................................................................................................
..................................................................................................................................................................
..................................................................................................................................................................
..................................................................................................................................................................
..................................................................................................................................................................
..................................................................................................................................................................
..................................................................................................................................................................
..................................................................................................................................................................
..................................................................................................................................................................
..................................................................................................................................................................
..................................................................................................................................................................
..................................................................................................................................................................
..................................................................................................................................................................
..................................................................................................................................................................
..................................................................................................................................................................
..................................................................................................................................................................
..................................................................................................................................................................
..................................................................................................................................................................
..................................................................................................................................................................
..................................................................................................................................................................
..................................................................................................................................................................
..................................................................................................................................................................
..................................................................................................................................................................
..................................................................................................................................................................
..................................................................................................................................................................
..................................................................................................................................................................
..................................................................................................................................................................
..................................................................................................................................................................
..................................................................................................................................................................
..................................................................................................................................................................
..................................................................................................................................................................
..................................................................................................................................................................
..................................................................................................................................................................
..................................................................................................................................................................
..................................................................................................................................................................
..................................................................................................................................................................
..................................................................................................................................................................
..................................................................................................................................................................
..................................................................................................................................................................
..................................................................................................................................................................
..................................................................................................................................................................
..................................................................................................................................................................
..................................................................................................................................................................
..................................................................................................................................................................
..................................................................................................................................................................
..................................................................................................................................................................
..................................................................................................................................................................
..................................................................................................................................................................
..................................................................................................................................................................
..................................................................................................................................................................
..................................................................................................................................................................
..................................................................................................................................................................
..................................................................................................................................................................
..................................................................................................................................................................
..................................................................................................................................................................
..................................................................................................................................................................
..................................................................................................................................................................
..................................................................................................................................................................
..................................................................................................................................................................
..................................................................................................................................................................
..................................................................................................................................................................
..................................................................................................................................................................
..................................................................................................................................................................
..................................................................................................................................................................
..................................................................................................................................................................
..................................................................................................................................................................
..................................................................................................................................................................
..................................................................................................................................................................
..................................................................................................................................................................
..................................................................................................................................................................
..................................................................................................................................................................
..................................................................................................................................................................
..................................................................................................................................................................
............................**....................................................................................................................................
............................**....................................................................................................................................
..................................................................................................................................................................
..................................................................................................................................................................
..................................................................................................................................................................
..................................................................................................................................................................
..................................................................................................................................................................
..................................................................................................................................................................
..................................................................................................................................................................
..................................................................................................................................................................
..................................................................................................................................................................
..................................................................................................................................................................

Generation = 279, Population = 4.
..................................................................................................................................................................
..................................................................................................................................................................
..................................................................................................................................................................
..................................................................................................................................................................
..................................................................................................................................................................
..................................................................................................................................................................
..................................................................................................................................................................
..................................................................................................................................................................
..................................................................................................................................................................
..................................................................................................................................................................
..................................................................................................................................................................
..................................................................................................................................................................
..................................................................................................................................................................
..................................................................................................................................................................
..................................................................................................................................................................
..................................................................................................................................................................
..................................................................................................................................................................
..................................................................................................................................................................
..................................................................................................................................................................
..................................................................................................................................................................
..................................................................................................................................................................
..................................................................................................................................................................
..................................................................................................................................................................
..................................................................................................................................................................
..................................................................................................................................................................
..................................................................................................................................................................
..................................................................................................................................................................
..................................................................................................................................................................
..................................................................................................................................................................
..................................................................................................................................................................
..................................................................................................................................................................
..................................................................................................................................................................
..................................................................................................................................................................
..................................................................................................................................................................
..................................................................................................................................................................
..................................................................................................................................................................
..................................................................................................................................................................
..................................................................................................................................................................
..................................................................................................................................................................
..................................................................................................................................................................
..................................................................................................................................................................
..................................................................................................................................................................
..................................................................................................................................................................
..................................................................................................................................................................
..................................................................................................................................................................
..................................................................................................................................................................
..................................................................................................................................................................
..................................................................................................................................................................
..................................................................................................................................................................
..................................................................................................................................................................
..................................................................................................................................................................
..................................................................................................................................................................
..................................................................................................................................................................
..................................................................................................................................................................
..................................................................................................................................................................
..................................................................................................................................................................
..................................................................................................................................................................
..................................................................................................................................................................
..................................................................................................................................................................
..................................................................................................................................................................
..................................................................................................................................................................
..................................................................................................................................................................
..................................................................................................................................................................
..................................................................................................................................................................
..................................................................................................................................................................
..................................................................................................................................................................
..................................................................................................................................................................
..................................................................................................................................................................
..................................................................................................................................................................
..................................................................................................................................................................
..................................................................................................................................................................
..................................................................................................................................................................
..................................................................................................................................................................
..................................................................................................................................................................
..................................................................................................................................................................
..................................................................................................................................................................
..................................................................................................................................................................
..................................................................................................................................................................
..................................................................................................................................................................
..................................................................................................................................................................
..................................................................................................................................................................
..................................................................................................................................................................
..................................................................................................................................................................
..................................................................................................................................................................
..................................................................................................................................................................
..................................................................................................................................................................
..................................................................................................................................................................
..................................................................................................................................................................
..................................................................................................................................................................
..................................................................................................................................................................
..................................................................................................................................................................
..................................................................................................................................................................
..................................................................................................................................................................
..................................................................................................................................................................
..................................................................................................................................................................
..................................................................................................................................................................
..................................................................................................................................................................
..................................................................................................................................................................
..................................................................................................................................................................
..................................................................................................................................................................
..................................................................................................................................................................
..................................................................................................................................................................
..................................................................................................................................................................
..................................................................................................................................................................
..................................................................................................................................................................
..................................................................................................................................................................
..................................................................................................................................................................
..................................................................................................................................................................
..................................................................................................................................................................
..................................................................................................................................................................
............................**....................................................................................................................................
............................**....................................................................................................................................
..................................................................................................................................................................
..................................................................................................................................................................
..................................................................................................................................................................
..................................................................................................................................................................
..................................................................................................................................................................
..................................................................................................................................................................
..................................................................................................................................................................
..................................................................................................................................................................
..................................................................................................................................................................
..................................................................................................................................................................
