*** Life<ConwayCell> 36x19 ***

Generation = 0, Population = 47.
...................
...................
...................
...*..........*....
...*.......*.......
...................
...................
.....*...*.......*.
.................*.
...............**..
.*.................
.......*.......*..*
...........*.......
.....*..*........*.
......*.........*..
.......***.........
.............*.....
......**.......*...
.................**
....*....*.........
...................
.................*.
...................
.*................*
...................
...................
...................
...*....*........*.
........*..........
....*.........*....
............*......
...................
........*......*...
...................
....*..............
..*....*..*........

Generation = 8, Population = 8.
...................
...................
...................
...................
...................
...................
...................
...................
...................
...................
...................
...................
...................
...................
......**...........
.....*..*..........
.....*..*..........
......**...........
...................
...................
...................
...................
...................
...................
...................
...................
...................
...................
...................
...................
...................
...................
...................
...................
...................
...................

Generation = 16, Population = 8.
...................
...................
...................
...................
...................
...................
...................
...................
...................
...................
...................
...................
...................
...................
......**...........
.....*..*..........
.....*..*..........
......**...........
...................
...................
...................
...................
...................
...................
...................
...................
...................
...................
...................
...................
...................
...................
...................
...................
...................
...................

Generation = 24, Population = 8.
...................
...................
...................
...................
...................
...................
...................
...................
...................
...................
...................
...................
...................
...................
......**...........
.....*..*..........
.....*..*..........
......**...........
...................
...................
...................
...................
...................
...................
...................
...................
...................
...................
...................
...................
...................
...................
...................
...................
...................
...................

Generation = 32, Population = 8.
...................
...................
...................
...................
...................
...................
...................
...................
...................
...................
...................
...................
...................
...................
......**...........
.....*..*..........
.....*..*..........
......**...........
...................
...................
...................
...................
...................
...................
...................
...................
...................
...................
...................
...................
...................
...................
...................
...................
...................
...................

Generation = 40, Population = 8.
...................
...................
...................
...................
...................
...................
...................
...................
...................
...................
...................
...................
...................
...................
......**...........
.....*..*..........
.....*..*..........
......**...........
...................
...................
...................
...................
...................
...................
...................
...................
...................
...................
...................
...................
...................
...................
...................
...................
...................
...................

Generation = 48, Population = 8.
...................
...................
...................
...................
...................
...................
...................
...................
...................
...................
...................
...................
...................
...................
......**...........
.....*..*..........
.....*..*..........
......**...........
...................
...................
...................
...................
...................
...................
...................
...................
...................
...................
...................
...................
...................
...................
...................
...................
...................
...................

Generation = 56, Population = 8.
...................
...................
...................
...................
...................
...................
...................
...................
...................
...................
...................
...................
...................
...................
......**...........
.....*..*..........
.....*..*..........
......**...........
...................
...................
...................
...................
...................
...................
...................
...................
...................
...................
...................
...................
...................
...................
...................
...................
...................
...................

Generation = 64, Population = 8.
...................
...................
...................
...................
...................
...................
...................
...................
...................
...................
...................
...................
...................
...................
......**...........
.....*..*..........
.....*..*..........
......**...........
...................
...................
...................
...................
...................
...................
...................
...................
...................
...................
...................
...................
...................
...................
...................
...................
...................
...................

Generation = 72, Population = 8.
...................
...................
...................
...................
...................
...................
...................
...................
...................
...................
...................
...................
...................
...................
......**...........
.....*..*..........
.....*..*..........
......**...........
...................
...................
...................
...................
...................
...................
...................
...................
...................
...................
...................
...................
...................
...................
...................
...................
...................
...................

Generation = 80, Population = 8.
...................
...................
...................
...................
...................
...................
...................
...................
...................
...................
...................
...................
...................
...................
......**...........
.....*..*..........
.....*..*..........
......**...........
...................
...................
...................
...................
...................
...................
...................
...................
...................
...................
...................
...................
...................
...................
...................
...................
...................
...................

Generation = 88, Population = 8.
...................
...................
...................
...................
...................
...................
...................
...................
...................
...................
...................
...................
...................
...................
......**...........
.....*..*..........
.....*..*..........
......**...........
...................
...................
...................
...................
...................
...................
...................
...................
...................
...................
...................
...................
...................
...................
...................
...................
...................
...................

Generation = 96, Population = 8.
...................
...................
...................
...................
...................
...................
...................
...................
...................
...................
...................
...................
...................
...................
......**...........
.....*..*..........
.....*..*..........
......**...........
...................
...................
...................
...................
...................
...................
...................
...................
...................
...................
...................
...................
...................
...................
...................
...................
...................
...................

Generation = 104, Population = 8.
...................
...................
...................
...................
...................
...................
...................
...................
...................
...................
...................
...................
...................
...................
......**...........
.....*..*..........
.....*..*..........
......**...........
...................
...................
...................
...................
...................
...................
...................
...................
...................
...................
...................
...................
...................
...................
...................
...................
...................
...................

Generation = 112, Population = 8.
...................
...................
...................
...................
...................
...................
...................
...................
...................
...................
...................
...................
...................
...................
......**...........
.....*..*..........
.....*..*..........
......**...........
...................
...................
...................
...................
...................
...................
...................
...................
...................
...................
...................
...................
...................
...................
...................
...................
...................
...................

Generation = 120, Population = 8.
...................
...................
...................
...................
...................
...................
...................
...................
...................
...................
...................
...................
...................
...................
......**...........
.....*..*..........
.....*..*..........
......**...........
...................
...................
...................
...................
...................
...................
...................
...................
...................
...................
...................
...................
...................
...................
...................
...................
...................
...................

Generation = 128, Population = 8.
...................
...................
...................
...................
...................
...................
...................
...................
...................
...................
...................
...................
...................
...................
......**...........
.....*..*..........
.....*..*..........
......**...........
...................
...................
...................
...................
...................
...................
...................
...................
...................
...................
...................
...................
...................
...................
...................
...................
...................
...................

Generation = 136, Population = 8.
...................
...................
...................
...................
...................
...................
...................
...................
...................
...................
...................
...................
...................
...................
......**...........
.....*..*..........
.....*..*..........
......**...........
...................
...................
...................
...................
...................
...................
...................
...................
...................
...................
...................
...................
...................
...................
...................
...................
...................
...................

Generation = 144, Population = 8.
...................
...................
...................
...................
...................
...................
...................
...................
...................
...................
...................
...................
...................
...................
......**...........
.....*..*..........
.....*..*..........
......**...........
...................
...................
...................
...................
...................
...................
...................
...................
...................
...................
...................
...................
...................
...................
...................
...................
...................
...................

Generation = 152, Population = 8.
...................
...................
...................
...................
...................
...................
...................
...................
...................
...................
...................
...................
...................
...................
......**...........
.....*..*..........
.....*..*..........
......**...........
...................
...................
...................
...................
...................
...................
...................
...................
...................
...................
...................
...................
...................
...................
...................
...................
...................
...................

*** Life<ConwayCell> 15x43 ***

Generation = 0, Population = 66.
...........................................
.*.*...*....*.....*....................*...
..*....*.....*.*.*...*.*......**..........*
...........*.........*......*..............
.*.......*....................*.....*.*....
..*..*........*......*...........*....*....
.*.....................*............*..*...
.................*.........................
...............**...*..*............*.**...
.............................*.....*.......
..*.................................*....*.
...........................................
.......*........**......*..................
..*...*...*...............**..*......*.....
.*...**...*.......*......*.....*........*..

Generation = 117, Population = 11.
...........................................
...........................................
...........................................
.............................***...........
...........................................
.....................................**....
.....................................**....
...........................................
...........................................
...........................................
...........................................
...........................................
...........................................
.........................**................
.........................**................

*** Life<ConwayCell> 49x29 ***

Generation = 0, Population = 33.
.............................
.............................
.*...*...........*...........
...*.........................
..................*..........
.............................
........*....................
.............................
.............................
...........................*.
.............................
.............*...............
.............................
.............................
.......*...............*.....
.............................
.....................*....*..
.............................
..*.......................*..
....................*........
..*..........................
.............................
.............................
.............................
.............................
.............*...............
...........................*.
.............................
.............................
.............................
.....*..........*............
.............................
..*..........................
.............*...............
.............................
.............................
.............*..*.....*......
.............................
......................*......
.............................
.....*.*................*....
.............*...............
................*............
.............................
.............................
.................*...........
.........................*...
.............................
.............................

Generation = 34, Population = 0.
.............................
.............................
.............................
.............................
.............................
.............................
.............................
.............................
.............................
.............................
.............................
.............................
.............................
.............................
.............................
.............................
.............................
.............................
.............................
.............................
.............................
.............................
.............................
.............................
.............................
.............................
.............................
.............................
.............................
.............................
.............................
.............................
.............................
.............................
.............................
.............................
.............................
.............................
.............................
.............................
.............................
.............................
.............................
.............................
.............................
.............................
.............................
.............................
.............................

*** Life<ConwayCell> 44x50 ***

Generation = 0, Population = 12.
..................................................
..................................................
..................................................
....................................*......*......
..................................................
..*...............................................
..................................................
..................................................
..................................................
..................................................
..................................................
..................................................
.........................*........................
..................................................
..................................................
..................................................
..................................................
..................................................
..................................................
..................................................
..................................................
..................................................
..................................................
..................................................
..................................................
....*.............................................
.......................*..........................
..................................................
..................................................
..............*...................................
..................................................
...........................*......................
............*.........*...........................
..................................................
..................................................
..................................................
..........................................*.......
..................................................
..................................................
..................................................
..................................................
..................................................
..................................................
...........................................*......

Generation = 152, Population = 0.
..................................................
..................................................
..................................................
..................................................
..................................................
..................................................
..................................................
..................................................
..................................................
..................................................
..................................................
..................................................
..................................................
..................................................
..................................................
..................................................
..................................................
..................................................
..................................................
..................................................
..................................................
..................................................
..................................................
..................................................
..................................................
..................................................
..................................................
..................................................
..................................................
..................................................
..................................................
..................................................
..................................................
..................................................
..................................................
..................................................
..................................................
..................................................
..................................................
..................................................
..................................................
..................................................
..................................................
..................................................

*** Life<ConwayCell> 19x42 ***

Generation = 0, Population = 88.
..........................................
....*....*.......**..*..........*.........
.*.............**...............**..*.*...
.............*..................*.*.......
......**...........*...........*......*...
.*......**....*.....................*.....
....*...........***.......................
........**.*...............*....*.....*...
.......**........*.................*....*.
.........................*...*....*...*...
.*...*........................**..........
............*....*..*..*....**..*..*.*....
.....*............*.......*.....*...*....*
.*...........*...*............*...*.*..*..
....................*...................*.
......................*....*..*.........*.
..*.....*.*.*.............................
............*..**.........................
......*..............*......*...*.........

Generation = 50, Population = 55.
..........................................
..........................................
..........................................
...................*......................
..................***.....................
..................****....................
.........**.........*.*...................
..............**....***...................
...........*****...*.*....................
...........****...........................
........**........*.......................
.........**...*....*......................
.........***..*...**......................
.........*.*..............................
.........**...............................
.......................................**.
......................................*..*
................................**.....**.
................................**........

*** Life<ConwayCell> 28x28 ***

Generation = 0, Population = 36.
............................
.*..........................
.................*........*.
...........................*
............................
....................*.......
...*........................
...........................*
............................
.......................*..*.
...................*........
.......*....................
.....*....*............*....
....................*....*..
.........*..............*...
.......*....................
........*...................
............................
.*..........................
.......................*....
....*..*................**..
.........................*..
............................
.......*.*..*...............
..*..............*....*.....
......................*.....
............................
..........*....*............

Generation = 81, Population = 0.
............................
............................
............................
............................
............................
............................
............................
............................
............................
............................
............................
............................
............................
............................
............................
............................
............................
............................
............................
............................
............................
............................
............................
............................
............................
............................
............................
............................
