*** Life<ConwayCell> 3x18 ***

Generation = 0, Population = 47.
.*****************
*************.**.*
.****.*******..***

Generation = 187, Population = 0.
..................
..................
..................

Generation = 374, Population = 0.
..................
..................
..................

Generation = 561, Population = 0.
..................
..................
..................

*** Life<ConwayCell> 7x8 ***

Generation = 0, Population = 51.
********
********
*.******
.*******
***.****
******.*
*****.**

Generation = 92, Population = 0.
........
........
........
........
........
........
........

Generation = 184, Population = 0.
........
........
........
........
........
........
........

Generation = 276, Population = 0.
........
........
........
........
........
........
........

Generation = 368, Population = 0.
........
........
........
........
........
........
........

Generation = 460, Population = 0.
........
........
........
........
........
........
........

Generation = 552, Population = 0.
........
........
........
........
........
........
........

Generation = 644, Population = 0.
........
........
........
........
........
........
........

Generation = 736, Population = 0.
........
........
........
........
........
........
........

Generation = 828, Population = 0.
........
........
........
........
........
........
........

Generation = 920, Population = 0.
........
........
........
........
........
........
........

Generation = 1012, Population = 0.
........
........
........
........
........
........
........

Generation = 1104, Population = 0.
........
........
........
........
........
........
........

Generation = 1196, Population = 0.
........
........
........
........
........
........
........

Generation = 1288, Population = 0.
........
........
........
........
........
........
........

Generation = 1380, Population = 0.
........
........
........
........
........
........
........

Generation = 1472, Population = 0.
........
........
........
........
........
........
........

Generation = 1564, Population = 0.
........
........
........
........
........
........
........

Generation = 1656, Population = 0.
........
........
........
........
........
........
........

Generation = 1748, Population = 0.
........
........
........
........
........
........
........

*** Life<ConwayCell> 47x45 ***

Generation = 0, Population = 131.
...*.............*..................*..*.....
.......**.............*................*.....
.........*..*................................
..........*.........*.......................*
.......*.......*.......................*.....
.*..............................**...........
.........*....................*........*.....
...............................*.............
............*..................**...........*
.........*..............*....................
.............**....*.........................
................*...............*.*.*.*.*...*
...*..................*.....*................
.............*.*.............................
.......*.....*.............*.................
..*...............*..................*.......
...*.........*...*.........................*.
.............................................
.............*.........*.....................
*...................*.......................*
........*................*..*.....*..........
.....*....................................*..
....*............*....*.........*............
.*...........................................
......*.......*..............................
.*......................*...............*....
......*.*..........*.......................*.
.........................*...................
........*.........*..*.......................
......................*..............*...*...
..........*..*........*.................*....
......*..*.....*.......*...................*.
...................*.............*...........
..........*..............*................*..
...*.................*...........*...........
...*........*................................
...........*........*.......*....*...........
........*...........*.............*..........
............*.........*......................
..................*...............*..........
.....*...................*..*........*...**..
.............................................
.......*........*..............*.............
......................................*......
...*.*.......................................
.....*.......................................
....*...........*............................

Generation = 157, Population = 22.
.............................................
........**...................................
........**...................................
.............................................
..............................***............
.............................................
............................*.....*..........
............................*.....*..........
............................*.....*..........
.............................................
..............................***............
.............................................
.............................................
.............................................
.............................................
.............................................
.............................................
.............................................
.............................................
.............................................
.............................................
.............................................
.............................................
.............................................
.............................................
.............................................
.............................................
.............................................
......................*......................
.....................*.*.....................
.....................*.*.....................
......................*......................
.............................................
.............................................
.............................................
.............................................
.............................................
.............................................
.............................................
.............................................
.............................................
.............................................
.............................................
.............................................
.............................................
.............................................
.............................................

Generation = 314, Population = 22.
.............................................
........**...................................
........**...................................
...............................*.............
...............................*.............
...............................*.............
.............................................
...........................***...***.........
.............................................
...............................*.............
...............................*.............
...............................*.............
.............................................
.............................................
.............................................
.............................................
.............................................
.............................................
.............................................
.............................................
.............................................
.............................................
.............................................
.............................................
.............................................
.............................................
.............................................
.............................................
......................*......................
.....................*.*.....................
.....................*.*.....................
......................*......................
.............................................
.............................................
.............................................
.............................................
.............................................
.............................................
.............................................
.............................................
.............................................
.............................................
.............................................
.............................................
.............................................
.............................................
.............................................

Generation = 471, Population = 22.
.............................................
........**...................................
........**...................................
.............................................
..............................***............
.............................................
............................*.....*..........
............................*.....*..........
............................*.....*..........
.............................................
..............................***............
.............................................
.............................................
.............................................
.............................................
.............................................
.............................................
.............................................
.............................................
.............................................
.............................................
.............................................
.............................................
.............................................
.............................................
.............................................
.............................................
.............................................
......................*......................
.....................*.*.....................
.....................*.*.....................
......................*......................
.............................................
.............................................
.............................................
.............................................
.............................................
.............................................
.............................................
.............................................
.............................................
.............................................
.............................................
.............................................
.............................................
.............................................
.............................................

Generation = 628, Population = 22.
.............................................
........**...................................
........**...................................
...............................*.............
...............................*.............
...............................*.............
.............................................
...........................***...***.........
.............................................
...............................*.............
...............................*.............
...............................*.............
.............................................
.............................................
.............................................
.............................................
.............................................
.............................................
.............................................
.............................................
.............................................
.............................................
.............................................
.............................................
.............................................
.............................................
.............................................
.............................................
......................*......................
.....................*.*.....................
.....................*.*.....................
......................*......................
.............................................
.............................................
.............................................
.............................................
.............................................
.............................................
.............................................
.............................................
.............................................
.............................................
.............................................
.............................................
.............................................
.............................................
.............................................

Generation = 785, Population = 22.
.............................................
........**...................................
........**...................................
.............................................
..............................***............
.............................................
............................*.....*..........
............................*.....*..........
............................*.....*..........
.............................................
..............................***............
.............................................
.............................................
.............................................
.............................................
.............................................
.............................................
.............................................
.............................................
.............................................
.............................................
.............................................
.............................................
.............................................
.............................................
.............................................
.............................................
.............................................
......................*......................
.....................*.*.....................
.....................*.*.....................
......................*......................
.............................................
.............................................
.............................................
.............................................
.............................................
.............................................
.............................................
.............................................
.............................................
.............................................
.............................................
.............................................
.............................................
.............................................
.............................................

Generation = 942, Population = 22.
.............................................
........**...................................
........**...................................
...............................*.............
...............................*.............
...............................*.............
.............................................
...........................***...***.........
.............................................
...............................*.............
...............................*.............
...............................*.............
.............................................
.............................................
.............................................
.............................................
.............................................
.............................................
.............................................
.............................................
.............................................
.............................................
.............................................
.............................................
.............................................
.............................................
.............................................
.............................................
......................*......................
.....................*.*.....................
.....................*.*.....................
......................*......................
.............................................
.............................................
.............................................
.............................................
.............................................
.............................................
.............................................
.............................................
.............................................
.............................................
.............................................
.............................................
.............................................
.............................................
.............................................

Generation = 1099, Population = 22.
.............................................
........**...................................
........**...................................
.............................................
..............................***............
.............................................
............................*.....*..........
............................*.....*..........
............................*.....*..........
.............................................
..............................***............
.............................................
.............................................
.............................................
.............................................
.............................................
.............................................
.............................................
.............................................
.............................................
.............................................
.............................................
.............................................
.............................................
.............................................
.............................................
.............................................
.............................................
......................*......................
.....................*.*.....................
.....................*.*.....................
......................*......................
.............................................
.............................................
.............................................
.............................................
.............................................
.............................................
.............................................
.............................................
.............................................
.............................................
.............................................
.............................................
.............................................
.............................................
.............................................

*** Life<ConwayCell> 26x10 ***

Generation = 0, Population = 89.
.**...**..
*.......*.
.***..*...
*..*....*.
.*.*.*.*..
......***.
*..*..**..
..*.*..*.*
*....*...*
*........*
*..**.....
...*..*..*
.*.*.*.*..
...*.*.***
....**....
...*.*..**
..*..**...
.......*..
..**...***
.*..**.*..
*..**....*
*...*.**.*
....**..**
..*.**..*.
*..**.*...
....*.....

Generation = 25, Population = 55.
..........
..........
......*...
....**.**.
....**.**.
...**..**.
....*.*...
.....*....
..........
..........
.......*..
.....**.*.
.....*****
.....**.**
.....**.**
..........
....*..*..
..**..*...
...***.*..
...***.*..
...*.*.**.
....**.**.
......*...
..........
..........
..........

Generation = 50, Population = 29.
..........
.......***
.**...*..*
*..*.*....
*..*..*.*.
.**....*..
..........
..........
..........
..........
..........
..........
.......***
..........
..........
..........
..........
..........
..........
..*.......
..*.......
...**.....
....*.....
.*..*.....
..**......
..........

Generation = 75, Population = 15.
..........
..........
..........
..........
..........
..........
..........
..........
..........
..........
..........
........*.
........*.
........*.
..........
..........
..........
..........
..........
..........
...**.....
...**.....
..........
..........
..**.**...
..**.**...

Generation = 100, Population = 15.
..........
..........
..........
..........
..........
..........
..........
..........
..........
..........
..........
..........
.......***
..........
..........
..........
..........
..........
..........
..........
...**.....
...**.....
..........
..........
..**.**...
..**.**...

Generation = 125, Population = 15.
..........
..........
..........
..........
..........
..........
..........
..........
..........
..........
..........
........*.
........*.
........*.
..........
..........
..........
..........
..........
..........
...**.....
...**.....
..........
..........
..**.**...
..**.**...

Generation = 150, Population = 15.
..........
..........
..........
..........
..........
..........
..........
..........
..........
..........
..........
..........
.......***
..........
..........
..........
..........
..........
..........
..........
...**.....
...**.....
..........
..........
..**.**...
..**.**...

Generation = 175, Population = 15.
..........
..........
..........
..........
..........
..........
..........
..........
..........
..........
..........
........*.
........*.
........*.
..........
..........
..........
..........
..........
..........
...**.....
...**.....
..........
..........
..**.**...
..**.**...

Generation = 200, Population = 15.
..........
..........
..........
..........
..........
..........
..........
..........
..........
..........
..........
..........
.......***
..........
..........
..........
..........
..........
..........
..........
...**.....
...**.....
..........
..........
..**.**...
..**.**...

Generation = 225, Population = 15.
..........
..........
..........
..........
..........
..........
..........
..........
..........
..........
..........
........*.
........*.
........*.
..........
..........
..........
..........
..........
..........
...**.....
...**.....
..........
..........
..**.**...
..**.**...

Generation = 250, Population = 15.
..........
..........
..........
..........
..........
..........
..........
..........
..........
..........
..........
..........
.......***
..........
..........
..........
..........
..........
..........
..........
...**.....
...**.....
..........
..........
..**.**...
..**.**...

Generation = 275, Population = 15.
..........
..........
..........
..........
..........
..........
..........
..........
..........
..........
..........
........*.
........*.
........*.
..........
..........
..........
..........
..........
..........
...**.....
...**.....
..........
..........
..**.**...
..**.**...

Generation = 300, Population = 15.
..........
..........
..........
..........
..........
..........
..........
..........
..........
..........
..........
..........
.......***
..........
..........
..........
..........
..........
..........
..........
...**.....
...**.....
..........
..........
..**.**...
..**.**...

Generation = 325, Population = 15.
..........
..........
..........
..........
..........
..........
..........
..........
..........
..........
..........
........*.
........*.
........*.
..........
..........
..........
..........
..........
..........
...**.....
...**.....
..........
..........
..**.**...
..**.**...

Generation = 350, Population = 15.
..........
..........
..........
..........
..........
..........
..........
..........
..........
..........
..........
..........
.......***
..........
..........
..........
..........
..........
..........
..........
...**.....
...**.....
..........
..........
..**.**...
..**.**...

Generation = 375, Population = 15.
..........
..........
..........
..........
..........
..........
..........
..........
..........
..........
..........
........*.
........*.
........*.
..........
..........
..........
..........
..........
..........
...**.....
...**.....
..........
..........
..**.**...
..**.**...

Generation = 400, Population = 15.
..........
..........
..........
..........
..........
..........
..........
..........
..........
..........
..........
..........
.......***
..........
..........
..........
..........
..........
..........
..........
...**.....
...**.....
..........
..........
..**.**...
..**.**...

Generation = 425, Population = 15.
..........
..........
..........
..........
..........
..........
..........
..........
..........
..........
..........
........*.
........*.
........*.
..........
..........
..........
..........
..........
..........
...**.....
...**.....
..........
..........
..**.**...
..**.**...

Generation = 450, Population = 15.
..........
..........
..........
..........
..........
..........
..........
..........
..........
..........
..........
..........
.......***
..........
..........
..........
..........
..........
..........
..........
...**.....
...**.....
..........
..........
..**.**...
..**.**...

Generation = 475, Population = 15.
..........
..........
..........
..........
..........
..........
..........
..........
..........
..........
..........
........*.
........*.
........*.
..........
..........
..........
..........
..........
..........
...**.....
...**.....
..........
..........
..**.**...
..**.**...

Generation = 500, Population = 15.
..........
..........
..........
..........
..........
..........
..........
..........
..........
..........
..........
..........
.......***
..........
..........
..........
..........
..........
..........
..........
...**.....
...**.....
..........
..........
..**.**...
..**.**...

Generation = 525, Population = 15.
..........
..........
..........
..........
..........
..........
..........
..........
..........
..........
..........
........*.
........*.
........*.
..........
..........
..........
..........
..........
..........
...**.....
...**.....
..........
..........
..**.**...
..**.**...

Generation = 550, Population = 15.
..........
..........
..........
..........
..........
..........
..........
..........
..........
..........
..........
..........
.......***
..........
..........
..........
..........
..........
..........
..........
...**.....
...**.....
..........
..........
..**.**...
..**.**...

Generation = 575, Population = 15.
..........
..........
..........
..........
..........
..........
..........
..........
..........
..........
..........
........*.
........*.
........*.
..........
..........
..........
..........
..........
..........
...**.....
...**.....
..........
..........
..**.**...
..**.**...

Generation = 600, Population = 15.
..........
..........
..........
..........
..........
..........
..........
..........
..........
..........
..........
..........
.......***
..........
..........
..........
..........
..........
..........
..........
...**.....
...**.....
..........
..........
..**.**...
..**.**...

Generation = 625, Population = 15.
..........
..........
..........
..........
..........
..........
..........
..........
..........
..........
..........
........*.
........*.
........*.
..........
..........
..........
..........
..........
..........
...**.....
...**.....
..........
..........
..**.**...
..**.**...

Generation = 650, Population = 15.
..........
..........
..........
..........
..........
..........
..........
..........
..........
..........
..........
..........
.......***
..........
..........
..........
..........
..........
..........
..........
...**.....
...**.....
..........
..........
..**.**...
..**.**...

Generation = 675, Population = 15.
..........
..........
..........
..........
..........
..........
..........
..........
..........
..........
..........
........*.
........*.
........*.
..........
..........
..........
..........
..........
..........
...**.....
...**.....
..........
..........
..**.**...
..**.**...

Generation = 700, Population = 15.
..........
..........
..........
..........
..........
..........
..........
..........
..........
..........
..........
..........
.......***
..........
..........
..........
..........
..........
..........
..........
...**.....
...**.....
..........
..........
..**.**...
..**.**...

Generation = 725, Population = 15.
..........
..........
..........
..........
..........
..........
..........
..........
..........
..........
..........
........*.
........*.
........*.
..........
..........
..........
..........
..........
..........
...**.....
...**.....
..........
..........
..**.**...
..**.**...

Generation = 750, Population = 15.
..........
..........
..........
..........
..........
..........
..........
..........
..........
..........
..........
..........
.......***
..........
..........
..........
..........
..........
..........
..........
...**.....
...**.....
..........
..........
..**.**...
..**.**...

Generation = 775, Population = 15.
..........
..........
..........
..........
..........
..........
..........
..........
..........
..........
..........
........*.
........*.
........*.
..........
..........
..........
..........
..........
..........
...**.....
...**.....
..........
..........
..**.**...
..**.**...

Generation = 800, Population = 15.
..........
..........
..........
..........
..........
..........
..........
..........
..........
..........
..........
..........
.......***
..........
..........
..........
..........
..........
..........
..........
...**.....
...**.....
..........
..........
..**.**...
..**.**...

Generation = 825, Population = 15.
..........
..........
..........
..........
..........
..........
..........
..........
..........
..........
..........
........*.
........*.
........*.
..........
..........
..........
..........
..........
..........
...**.....
...**.....
..........
..........
..**.**...
..**.**...

Generation = 850, Population = 15.
..........
..........
..........
..........
..........
..........
..........
..........
..........
..........
..........
..........
.......***
..........
..........
..........
..........
..........
..........
..........
...**.....
...**.....
..........
..........
..**.**...
..**.**...

Generation = 875, Population = 15.
..........
..........
..........
..........
..........
..........
..........
..........
..........
..........
..........
........*.
........*.
........*.
..........
..........
..........
..........
..........
..........
...**.....
...**.....
..........
..........
..**.**...
..**.**...

Generation = 900, Population = 15.
..........
..........
..........
..........
..........
..........
..........
..........
..........
..........
..........
..........
.......***
..........
..........
..........
..........
..........
..........
..........
...**.....
...**.....
..........
..........
..**.**...
..**.**...

Generation = 925, Population = 15.
..........
..........
..........
..........
..........
..........
..........
..........
..........
..........
..........
........*.
........*.
........*.
..........
..........
..........
..........
..........
..........
...**.....
...**.....
..........
..........
..**.**...
..**.**...

Generation = 950, Population = 15.
..........
..........
..........
..........
..........
..........
..........
..........
..........
..........
..........
..........
.......***
..........
..........
..........
..........
..........
..........
..........
...**.....
...**.....
..........
..........
..**.**...
..**.**...

Generation = 975, Population = 15.
..........
..........
..........
..........
..........
..........
..........
..........
..........
..........
..........
........*.
........*.
........*.
..........
..........
..........
..........
..........
..........
...**.....
...**.....
..........
..........
..**.**...
..**.**...

Generation = 1000, Population = 15.
..........
..........
..........
..........
..........
..........
..........
..........
..........
..........
..........
..........
.......***
..........
..........
..........
..........
..........
..........
..........
...**.....
...**.....
..........
..........
..**.**...
..**.**...

Generation = 1025, Population = 15.
..........
..........
..........
..........
..........
..........
..........
..........
..........
..........
..........
........*.
........*.
........*.
..........
..........
..........
..........
..........
..........
...**.....
...**.....
..........
..........
..**.**...
..**.**...

Generation = 1050, Population = 15.
..........
..........
..........
..........
..........
..........
..........
..........
..........
..........
..........
..........
.......***
..........
..........
..........
..........
..........
..........
..........
...**.....
...**.....
..........
..........
..**.**...
..**.**...

Generation = 1075, Population = 15.
..........
..........
..........
..........
..........
..........
..........
..........
..........
..........
..........
........*.
........*.
........*.
..........
..........
..........
..........
..........
..........
...**.....
...**.....
..........
..........
..**.**...
..**.**...

Generation = 1100, Population = 15.
..........
..........
..........
..........
..........
..........
..........
..........
..........
..........
..........
..........
.......***
..........
..........
..........
..........
..........
..........
..........
...**.....
...**.....
..........
..........
..**.**...
..**.**...

Generation = 1125, Population = 15.
..........
..........
..........
..........
..........
..........
..........
..........
..........
..........
..........
........*.
........*.
........*.
..........
..........
..........
..........
..........
..........
...**.....
...**.....
..........
..........
..**.**...
..**.**...

Generation = 1150, Population = 15.
..........
..........
..........
..........
..........
..........
..........
..........
..........
..........
..........
..........
.......***
..........
..........
..........
..........
..........
..........
..........
...**.....
...**.....
..........
..........
..**.**...
..**.**...

Generation = 1175, Population = 15.
..........
..........
..........
..........
..........
..........
..........
..........
..........
..........
..........
........*.
........*.
........*.
..........
..........
..........
..........
..........
..........
...**.....
...**.....
..........
..........
..**.**...
..**.**...

Generation = 1200, Population = 15.
..........
..........
..........
..........
..........
..........
..........
..........
..........
..........
..........
..........
.......***
..........
..........
..........
..........
..........
..........
..........
...**.....
...**.....
..........
..........
..**.**...
..**.**...

Generation = 1225, Population = 15.
..........
..........
..........
..........
..........
..........
..........
..........
..........
..........
..........
........*.
........*.
........*.
..........
..........
..........
..........
..........
..........
...**.....
...**.....
..........
..........
..**.**...
..**.**...

Generation = 1250, Population = 15.
..........
..........
..........
..........
..........
..........
..........
..........
..........
..........
..........
..........
.......***
..........
..........
..........
..........
..........
..........
..........
...**.....
...**.....
..........
..........
..**.**...
..**.**...

Generation = 1275, Population = 15.
..........
..........
..........
..........
..........
..........
..........
..........
..........
..........
..........
........*.
........*.
........*.
..........
..........
..........
..........
..........
..........
...**.....
...**.....
..........
..........
..**.**...
..**.**...

Generation = 1300, Population = 15.
..........
..........
..........
..........
..........
..........
..........
..........
..........
..........
..........
..........
.......***
..........
..........
..........
..........
..........
..........
..........
...**.....
...**.....
..........
..........
..**.**...
..**.**...

Generation = 1325, Population = 15.
..........
..........
..........
..........
..........
..........
..........
..........
..........
..........
..........
........*.
........*.
........*.
..........
..........
..........
..........
..........
..........
...**.....
...**.....
..........
..........
..**.**...
..**.**...

Generation = 1350, Population = 15.
..........
..........
..........
..........
..........
..........
..........
..........
..........
..........
..........
..........
.......***
..........
..........
..........
..........
..........
..........
..........
...**.....
...**.....
..........
..........
..**.**...
..**.**...

Generation = 1375, Population = 15.
..........
..........
..........
..........
..........
..........
..........
..........
..........
..........
..........
........*.
........*.
........*.
..........
..........
..........
..........
..........
..........
...**.....
...**.....
..........
..........
..**.**...
..**.**...

Generation = 1400, Population = 15.
..........
..........
..........
..........
..........
..........
..........
..........
..........
..........
..........
..........
.......***
..........
..........
..........
..........
..........
..........
..........
...**.....
...**.....
..........
..........
..**.**...
..**.**...

Generation = 1425, Population = 15.
..........
..........
..........
..........
..........
..........
..........
..........
..........
..........
..........
........*.
........*.
........*.
..........
..........
..........
..........
..........
..........
...**.....
...**.....
..........
..........
..**.**...
..**.**...

Generation = 1450, Population = 15.
..........
..........
..........
..........
..........
..........
..........
..........
..........
..........
..........
..........
.......***
..........
..........
..........
..........
..........
..........
..........
...**.....
...**.....
..........
..........
..**.**...
..**.**...

Generation = 1475, Population = 15.
..........
..........
..........
..........
..........
..........
..........
..........
..........
..........
..........
........*.
........*.
........*.
..........
..........
..........
..........
..........
..........
...**.....
...**.....
..........
..........
..**.**...
..**.**...

Generation = 1500, Population = 15.
..........
..........
..........
..........
..........
..........
..........
..........
..........
..........
..........
..........
.......***
..........
..........
..........
..........
..........
..........
..........
...**.....
...**.....
..........
..........
..**.**...
..**.**...

Generation = 1525, Population = 15.
..........
..........
..........
..........
..........
..........
..........
..........
..........
..........
..........
........*.
........*.
........*.
..........
..........
..........
..........
..........
..........
...**.....
...**.....
..........
..........
..**.**...
..**.**...

Generation = 1550, Population = 15.
..........
..........
..........
..........
..........
..........
..........
..........
..........
..........
..........
..........
.......***
..........
..........
..........
..........
..........
..........
..........
...**.....
...**.....
..........
..........
..**.**...
..**.**...

Generation = 1575, Population = 15.
..........
..........
..........
..........
..........
..........
..........
..........
..........
..........
..........
........*.
........*.
........*.
..........
..........
..........
..........
..........
..........
...**.....
...**.....
..........
..........
..**.**...
..**.**...

Generation = 1600, Population = 15.
..........
..........
..........
..........
..........
..........
..........
..........
..........
..........
..........
..........
.......***
..........
..........
..........
..........
..........
..........
..........
...**.....
...**.....
..........
..........
..**.**...
..**.**...

Generation = 1625, Population = 15.
..........
..........
..........
..........
..........
..........
..........
..........
..........
..........
..........
........*.
........*.
........*.
..........
..........
..........
..........
..........
..........
...**.....
...**.....
..........
..........
..**.**...
..**.**...

*** Life<ConwayCell> 10x6 ***

Generation = 0, Population = 53.
**....
******
******
******
**.***
******
.*****
******
***.**
******

Generation = 21, Population = 0.
......
......
......
......
......
......
......
......
......
......

Generation = 42, Population = 0.
......
......
......
......
......
......
......
......
......
......

Generation = 63, Population = 0.
......
......
......
......
......
......
......
......
......
......

Generation = 84, Population = 0.
......
......
......
......
......
......
......
......
......
......

Generation = 105, Population = 0.
......
......
......
......
......
......
......
......
......
......

Generation = 126, Population = 0.
......
......
......
......
......
......
......
......
......
......

Generation = 147, Population = 0.
......
......
......
......
......
......
......
......
......
......

Generation = 168, Population = 0.
......
......
......
......
......
......
......
......
......
......

Generation = 189, Population = 0.
......
......
......
......
......
......
......
......
......
......

Generation = 210, Population = 0.
......
......
......
......
......
......
......
......
......
......

Generation = 231, Population = 0.
......
......
......
......
......
......
......
......
......
......

Generation = 252, Population = 0.
......
......
......
......
......
......
......
......
......
......

Generation = 273, Population = 0.
......
......
......
......
......
......
......
......
......
......

Generation = 294, Population = 0.
......
......
......
......
......
......
......
......
......
......

Generation = 315, Population = 0.
......
......
......
......
......
......
......
......
......
......

Generation = 336, Population = 0.
......
......
......
......
......
......
......
......
......
......

Generation = 357, Population = 0.
......
......
......
......
......
......
......
......
......
......

Generation = 378, Population = 0.
......
......
......
......
......
......
......
......
......
......

Generation = 399, Population = 0.
......
......
......
......
......
......
......
......
......
......

Generation = 420, Population = 0.
......
......
......
......
......
......
......
......
......
......

Generation = 441, Population = 0.
......
......
......
......
......
......
......
......
......
......

Generation = 462, Population = 0.
......
......
......
......
......
......
......
......
......
......

Generation = 483, Population = 0.
......
......
......
......
......
......
......
......
......
......

Generation = 504, Population = 0.
......
......
......
......
......
......
......
......
......
......

Generation = 525, Population = 0.
......
......
......
......
......
......
......
......
......
......

Generation = 546, Population = 0.
......
......
......
......
......
......
......
......
......
......

Generation = 567, Population = 0.
......
......
......
......
......
......
......
......
......
......

Generation = 588, Population = 0.
......
......
......
......
......
......
......
......
......
......

Generation = 609, Population = 0.
......
......
......
......
......
......
......
......
......
......

Generation = 630, Population = 0.
......
......
......
......
......
......
......
......
......
......

Generation = 651, Population = 0.
......
......
......
......
......
......
......
......
......
......

Generation = 672, Population = 0.
......
......
......
......
......
......
......
......
......
......

Generation = 693, Population = 0.
......
......
......
......
......
......
......
......
......
......

Generation = 714, Population = 0.
......
......
......
......
......
......
......
......
......
......

Generation = 735, Population = 0.
......
......
......
......
......
......
......
......
......
......

Generation = 756, Population = 0.
......
......
......
......
......
......
......
......
......
......

Generation = 777, Population = 0.
......
......
......
......
......
......
......
......
......
......

Generation = 798, Population = 0.
......
......
......
......
......
......
......
......
......
......

Generation = 819, Population = 0.
......
......
......
......
......
......
......
......
......
......

Generation = 840, Population = 0.
......
......
......
......
......
......
......
......
......
......

Generation = 861, Population = 0.
......
......
......
......
......
......
......
......
......
......

Generation = 882, Population = 0.
......
......
......
......
......
......
......
......
......
......

Generation = 903, Population = 0.
......
......
......
......
......
......
......
......
......
......

Generation = 924, Population = 0.
......
......
......
......
......
......
......
......
......
......

Generation = 945, Population = 0.
......
......
......
......
......
......
......
......
......
......

Generation = 966, Population = 0.
......
......
......
......
......
......
......
......
......
......

Generation = 987, Population = 0.
......
......
......
......
......
......
......
......
......
......

Generation = 1008, Population = 0.
......
......
......
......
......
......
......
......
......
......

Generation = 1029, Population = 0.
......
......
......
......
......
......
......
......
......
......

Generation = 1050, Population = 0.
......
......
......
......
......
......
......
......
......
......

Generation = 1071, Population = 0.
......
......
......
......
......
......
......
......
......
......

Generation = 1092, Population = 0.
......
......
......
......
......
......
......
......
......
......

*** Life<ConwayCell> 18x45 ***

Generation = 0, Population = 88.
...........*.............*..*........*.......
....*...*..........**..............**........
.*.*..**.....*..........*....................
..*................................**.....*.*
*........*..........*........................
....*....*..............*....**.......*......
...........*..........*..........**..*....*..
........*.....**.......*......*.**.....*.....
.....*...*.....*....*....................*...
....................................*.*......
..............................*...*...*......
.**....*.*.*...*...*....*..........*.........
..........*...*....................*....*....
...........*....*...*..............*...*.....
........*..................*.......*.........
..........*.*.*..*............*..............
...*...*...............*........*........*..*
...........*.........*.......................

Generation = 157, Population = 37.
.............................................
..*............................*.............
.*.*..........................*.*............
.*.*..........................*.*............
..*............................*.............
.............................................
............................**...............
..............**............**....*..........
..............**..................*..........
..................................*..........
.............................................
..........**....................*...**.......
.........*..*...................*...*.*......
..........**....................*....*.......
.............................................
.............................................
.............................................
.............................................

Generation = 314, Population = 37.
.............................................
..*............................*.............
.*.*..........................*.*............
.*.*..........................*.*............
..*............................*.............
.............................................
............................**...............
..............**............**...............
..............**.................***.........
.............................................
.............................................
..........**........................**.......
.........*..*..................***..*.*......
..........**.........................*.......
.............................................
.............................................
.............................................
.............................................

Generation = 471, Population = 37.
.............................................
..*............................*.............
.*.*..........................*.*............
.*.*..........................*.*............
..*............................*.............
.............................................
............................**...............
..............**............**....*..........
..............**..................*..........
..................................*..........
.............................................
..........**....................*...**.......
.........*..*...................*...*.*......
..........**....................*....*.......
.............................................
.............................................
.............................................
.............................................

Generation = 628, Population = 37.
.............................................
..*............................*.............
.*.*..........................*.*............
.*.*..........................*.*............
..*............................*.............
.............................................
............................**...............
..............**............**...............
..............**.................***.........
.............................................
.............................................
..........**........................**.......
.........*..*..................***..*.*......
..........**.........................*.......
.............................................
.............................................
.............................................
.............................................

Generation = 785, Population = 37.
.............................................
..*............................*.............
.*.*..........................*.*............
.*.*..........................*.*............
..*............................*.............
.............................................
............................**...............
..............**............**....*..........
..............**..................*..........
..................................*..........
.............................................
..........**....................*...**.......
.........*..*...................*...*.*......
..........**....................*....*.......
.............................................
.............................................
.............................................
.............................................

Generation = 942, Population = 37.
.............................................
..*............................*.............
.*.*..........................*.*............
.*.*..........................*.*............
..*............................*.............
.............................................
............................**...............
..............**............**...............
..............**.................***.........
.............................................
.............................................
..........**........................**.......
.........*..*..................***..*.*......
..........**.........................*.......
.............................................
.............................................
.............................................
.............................................

Generation = 1099, Population = 37.
.............................................
..*............................*.............
.*.*..........................*.*............
.*.*..........................*.*............
..*............................*.............
.............................................
............................**...............
..............**............**....*..........
..............**..................*..........
..................................*..........
.............................................
..........**....................*...**.......
.........*..*...................*...*.*......
..........**....................*....*.......
.............................................
.............................................
.............................................
.............................................

Generation = 1256, Population = 37.
.............................................
..*............................*.............
.*.*..........................*.*............
.*.*..........................*.*............
..*............................*.............
.............................................
............................**...............
..............**............**...............
..............**.................***.........
.............................................
.............................................
..........**........................**.......
.........*..*..................***..*.*......
..........**.........................*.......
.............................................
.............................................
.............................................
.............................................

Generation = 1413, Population = 37.
.............................................
..*............................*.............
.*.*..........................*.*............
.*.*..........................*.*............
..*............................*.............
.............................................
............................**...............
..............**............**....*..........
..............**..................*..........
..................................*..........
.............................................
..........**....................*...**.......
.........*..*...................*...*.*......
..........**....................*....*.......
.............................................
.............................................
.............................................
.............................................

Generation = 1570, Population = 37.
.............................................
..*............................*.............
.*.*..........................*.*............
.*.*..........................*.*............
..*............................*.............
.............................................
............................**...............
..............**............**...............
..............**.................***.........
.............................................
.............................................
..........**........................**.......
.........*..*..................***..*.*......
..........**.........................*.......
.............................................
.............................................
.............................................
.............................................

Generation = 1727, Population = 37.
.............................................
..*............................*.............
.*.*..........................*.*............
.*.*..........................*.*............
..*............................*.............
.............................................
............................**...............
..............**............**....*..........
..............**..................*..........
..................................*..........
.............................................
..........**....................*...**.......
.........*..*...................*...*.*......
..........**....................*....*.......
.............................................
.............................................
.............................................
.............................................

*** Life<ConwayCell> 19x25 ***

Generation = 0, Population = 91.
...........*.............
...........*...*.........
.*......*..*.*.....**....
...*......*...*.........*
..*....***.......*..**..*
...*..*........*.....*...
................*......*.
*..*..*..*.......*...*..*
..........*.......***....
..*.*.*.*..........*.*.*.
..*...*....*...*.*.*...*.
.*.*.........*.....*.....
..*....*...*..*.*.*......
*....*.*...*.........*...
.......*............*....
.*.*..*...*..*..*..*.*...
..*.........**..*.......*
...*..*.*.......*..*.*..*
................*...*....

Generation = 51, Population = 58.
....*....................
..**.*...................
..**.**..................
.....**..................
....***..................
**.......................
**.......................
.........................
....**...................
.****....................
.***........***..........
....*.......*............
.*..*.......*............
.*........*..**..........
.*..*.....**.**..........
.*.*.....................
**.......................
*...*...........**.......
****............**.......

Generation = 102, Population = 42.
.........................
...........***...........
.....*.....*..*..........
....***...*...*..........
...**.**..**..**.........
....***...**.............
.....*........**.........
.............*.*.........
.............*..*........
.............*...........
.................*.......
..............*.*........
..*......................
..*......................
..*......................
.........................
.........................
................**.......
................**.......

Generation = 153, Population = 40.
.........................
.........................
.......*.................
..*...*.*................
.*.*..**.................
..**...**..........*.....
......**.........**.*....
...............**...*....
...............**.**.....
.........................
.........................
.***.....................
.........................
..*......................
....***..................
..*......................
.........................
.***............**.......
................**.......

Generation = 204, Population = 77.
.............**..........
...*........*..**........
...***......**.**........
...*..*.....**.**........
..**....**..***.**.......
...*.....*...**..*.......
....*...**.....*..*......
......*........**.*......
..*......*..*..**........
.***....*...**.*.........
*..**..*.....*...........
..*....**................
..**.***.................
...***...................
...***...................
.........................
.........................
................**.......
................**.......

Generation = 255, Population = 20.
.........................
.........................
.........................
.........................
.........................
.........................
.........................
..*...**.................
.**....*.................
**....**.................
*........................
**.......................
.**......................
..*......................
.........................
.........................
.........................
................**.......
................**.......

Generation = 306, Population = 4.
.........................
.........................
.........................
.........................
.........................
.........................
.........................
.........................
.........................
.........................
.........................
.........................
.........................
.........................
.........................
.........................
.........................
................**.......
................**.......

Generation = 357, Population = 4.
.........................
.........................
.........................
.........................
.........................
.........................
.........................
.........................
.........................
.........................
.........................
.........................
.........................
.........................
.........................
.........................
.........................
................**.......
................**.......

Generation = 408, Population = 4.
.........................
.........................
.........................
.........................
.........................
.........................
.........................
.........................
.........................
.........................
.........................
.........................
.........................
.........................
.........................
.........................
.........................
................**.......
................**.......

Generation = 459, Population = 4.
.........................
.........................
.........................
.........................
.........................
.........................
.........................
.........................
.........................
.........................
.........................
.........................
.........................
.........................
.........................
.........................
.........................
................**.......
................**.......

Generation = 510, Population = 4.
.........................
.........................
.........................
.........................
.........................
.........................
.........................
.........................
.........................
.........................
.........................
.........................
.........................
.........................
.........................
.........................
.........................
................**.......
................**.......

Generation = 561, Population = 4.
.........................
.........................
.........................
.........................
.........................
.........................
.........................
.........................
.........................
.........................
.........................
.........................
.........................
.........................
.........................
.........................
.........................
................**.......
................**.......

Generation = 612, Population = 4.
.........................
.........................
.........................
.........................
.........................
.........................
.........................
.........................
.........................
.........................
.........................
.........................
.........................
.........................
.........................
.........................
.........................
................**.......
................**.......

Generation = 663, Population = 4.
.........................
.........................
.........................
.........................
.........................
.........................
.........................
.........................
.........................
.........................
.........................
.........................
.........................
.........................
.........................
.........................
.........................
................**.......
................**.......

Generation = 714, Population = 4.
.........................
.........................
.........................
.........................
.........................
.........................
.........................
.........................
.........................
.........................
.........................
.........................
.........................
.........................
.........................
.........................
.........................
................**.......
................**.......

Generation = 765, Population = 4.
.........................
.........................
.........................
.........................
.........................
.........................
.........................
.........................
.........................
.........................
.........................
.........................
.........................
.........................
.........................
.........................
.........................
................**.......
................**.......

Generation = 816, Population = 4.
.........................
.........................
.........................
.........................
.........................
.........................
.........................
.........................
.........................
.........................
.........................
.........................
.........................
.........................
.........................
.........................
.........................
................**.......
................**.......

Generation = 867, Population = 4.
.........................
.........................
.........................
.........................
.........................
.........................
.........................
.........................
.........................
.........................
.........................
.........................
.........................
.........................
.........................
.........................
.........................
................**.......
................**.......

Generation = 918, Population = 4.
.........................
.........................
.........................
.........................
.........................
.........................
.........................
.........................
.........................
.........................
.........................
.........................
.........................
.........................
.........................
.........................
.........................
................**.......
................**.......

Generation = 969, Population = 4.
.........................
.........................
.........................
.........................
.........................
.........................
.........................
.........................
.........................
.........................
.........................
.........................
.........................
.........................
.........................
.........................
.........................
................**.......
................**.......

Generation = 1020, Population = 4.
.........................
.........................
.........................
.........................
.........................
.........................
.........................
.........................
.........................
.........................
.........................
.........................
.........................
.........................
.........................
.........................
.........................
................**.......
................**.......

Generation = 1071, Population = 4.
.........................
.........................
.........................
.........................
.........................
.........................
.........................
.........................
.........................
.........................
.........................
.........................
.........................
.........................
.........................
.........................
.........................
................**.......
................**.......

Generation = 1122, Population = 4.
.........................
.........................
.........................
.........................
.........................
.........................
.........................
.........................
.........................
.........................
.........................
.........................
.........................
.........................
.........................
.........................
.........................
................**.......
................**.......

Generation = 1173, Population = 4.
.........................
.........................
.........................
.........................
.........................
.........................
.........................
.........................
.........................
.........................
.........................
.........................
.........................
.........................
.........................
.........................
.........................
................**.......
................**.......

Generation = 1224, Population = 4.
.........................
.........................
.........................
.........................
.........................
.........................
.........................
.........................
.........................
.........................
.........................
.........................
.........................
.........................
.........................
.........................
.........................
................**.......
................**.......

*** Life<ConwayCell> 27x45 ***

Generation = 0, Population = 122.
............*..*.......................*.....
.............*........*.*........*........*..
..............*..........*...................
...*.......*.*..............**...........*..*
..*..*..*..........*.................*.......
*.......*.........*...*......................
.........*..*..................*.......*.....
.*.*.................................*..*....
.*......................**......*.........*..
*....*....*.*...*........*................*..
...**..*.......*......................*.....*
..*....................*.*...................
.......*....*.*........*...............*...*.
*.*............**.............*......*......*
..*....................................*.....
...*...........*.............................
...............*..........*...........*......
...**....*....*...........*..................
............*............*...*.............*.
....*.................*....................*.
....*.........*..............*.............*.
.*..*.....*....*........***..............***.
..............*.............*..........*.*...
.*..................*....................*...
.........*.......*..........*...............*
.........**..........*.....*...............*.
...............*............*....**.....*....

Generation = 76, Population = 68.
.............................................
.............................................
.............................................
....*........................................
..**.**.................*....................
..*..**................*.*...................
....*..................*.*...................
...*....................*....................
...**...................................***..
..***.......................**.........*..*..
......*....................*..*........*...*.
..*..*..........**..........**.........*..*..
...***..........**......................*.*..
........................*....................
.......................*.*...................
.......................*.*...................
........................*....................
.............................................
.............................................
.............................................
.............................................
........................***..................
...................................*.........
..................................*.*........
.........**......................*..*........
.........**.......................**.........
.............................................

Generation = 152, Population = 109.
.............................................
..........***................................
..........*...*..........*.....*.............
.......*.....*...........***......*..........
......*.............**........*...**..*......
...................****......****.....*......
......*....*........*..**...***......*.......
........**............**..........**.........
.............................*.*.............
..............................*..............
.............................................
....................*........................
..................****.....**................
.............**..*...*....*..*.............*.
......**....*..*.***.......**...........*...*
......**.....**.........................*...*
........................................*...*
.....................................*....*.*
...................................*.......**
...................................*.........
....................................*......**
........................***..........*......*
...........................................*.
..................................*..........
.........**......................*......*.*..
.........**......................**....***...
.............................................

Generation = 228, Population = 38.
.........**..................................
.........**..................................
.............................................
.............................................
.............................................
.................**..........................
.................**..........................
.....................*.......................
.....................*.......................
.....................*.......................
.............................................
.............................................
...........................**................
..........................*..*...............
......**...................**................
......**.....................................
...................................***.......
.............................................
.............................................
.............................................
.............................................
........................***..................
.............................................
.............................................
.........**.............................**...
.........**............................*..*..
........................................***..

Generation = 304, Population = 38.
.........**..................................
.........**..................................
.............................................
.............................................
.............................................
.................**..........................
.................**..........................
.....................*.......................
.....................*.......................
.....................*.......................
.............................................
.............................................
...........................**................
..........................*..*...............
......**...................**................
......**.....................................
...................................***.......
.............................................
.............................................
.............................................
.............................................
........................***..................
.............................................
.............................................
.........**.............................**...
.........**............................*..*..
........................................***..
