*** Life<ConwayCell> 15x15 ***

Generation = 0, Population = 50.
*.....*...*...*
.*...***.*..*..
..*..***.....*.
.....*.....*...
.......*.......
*...*..........
........*.....*
.*.*......**...
.*.......**...*
**.*..........*
...............
.*.*.*..*......
*..*.....**.*..
.**............
....*..*....***

Generation = 10, Population = 20.
...............
....*.....*....
....*.*.*.*....
....*.....*....
.......*.......
.......*.......
.......*.......
...............
...............
...............
...............
...............
...***.........
*.*............
*.*.**.........

Generation = 20, Population = 24.
...***...***...
..*...*.*...*..
..*...*.*...*..
..*...*.*...*..
...***...***...
...............
...............
...............
...............
...............
...............
...............
...............
...............
...............

*** Life<ConwayCell> 15x15 ***

Generation = 0, Population = 50.
...*....*....*.
.....*..*......
...*..*...**.**
...*..*..*....*
*............**
..*...........*
.....*.**......
.....*.....*...
........*.*....
.**.*..*....*..
.........*.....
....*.*...*....
.*.........*..*
.....**...*..*.
.*.**..**....**

Generation = 10, Population = 31.
....*****......
...*....**.....
...*....*.*....
...**...***....
...............
...............
......**.......
........*......
...............
...............
....***........
...*...*.......
...*...*.......
...*...*.......
....***........

Generation = 20, Population = 35.
.**......*.*...
***.........*..
.**....*..*.**.
......****.**..
...............
.....*.........
......*........
......*........
...............
...............
...............
.*.*...*.*.....
*..*...*..*....
.*.*...*.*.....
...............

*** Life<ConwayCell> 15x15 ***

Generation = 0, Population = 50.
.*..*.*....*...
*.......*.*....
..**.*........*
...........*...
.*.*..*....*...
..**......*....
......**..*.*.*
............*..
.*.........*...
...*.....**....
...*...*......*
.....*....**...
..*..*..*.....*
...*.*.*....*.*
**.**.......*..

Generation = 10, Population = 33.
...*..*........
.*...***.......
..**....*......
......*****....
......******...
........*..*...
.........***...
.........*.....
...............
...............
...............
.........***...
..........**...
..........**...
...............

Generation = 20, Population = 20.
.....**.**.....
.....**.**.....
...............
...............
...............
...............
........**.....
.......*..*....
.......**.**...
........*..*...
.........**....
...............
...............
...............
...............

*** Life<ConwayCell> 15x15 ***

Generation = 0, Population = 50.
....*....**...*
*.............*
.*..**.........
..***......*.*.
.......*.......
......*.*......
*..*.....*.....
...*..*....**.*
.....*.***.....
.*...*.......*.
*.*....**......
.*.....*.......
...*.....**....
........*.*..*.
.*..*.*...*..**

Generation = 10, Population = 28.
..*...*........
.**...*........
..*.**.........
*.*............
.**.**.........
..***..........
...**..........
....*..........
....*......*...
...*.*.....*...
....*......*...
....*..........
...............
...............
...............

Generation = 20, Population = 35.
...............
**.............
**.............
....**.........
.*...**........
..***.*........
..**...........
....*..........
...........*...
....**.***.*...
....**..**.*...
....*...*......
...*..**.......
....**.........
...............

*** Life<ConwayCell> 15x15 ***

Generation = 0, Population = 50.
**..*...*...*..
..*............
.*.*.*...**..*.
...**......*...
..*......*.*.*.
...**......*..*
*........**....
...*...*.......
..*......**....
..........*..**
....*.*........
..*.........**.
.....*...**..*.
.*......*..*...
..*.....**..*..

Generation = 10, Population = 27.
...............
..........***..
..........***..
.........*...*.
.........**.**.
...............
...............
...............
...............
.......***.....
.......*.*.....
.......*.***...
...........**..
............**.
.........*.*...

Generation = 20, Population = 31.
...............
......****.....
.....**........
....**.*..*....
.....*.*.**....
......**.*.....
.......**......
...............
.......*.......
......*.*......
......**.......
...........**..
..........*..*.
...........*.*.
............*..

*** Life<ConwayCell> 15x15 ***

Generation = 0, Population = 50.
....*..*....*..
**.....*.....*.
**..**.*..*....
...*.**.**....*
...........*.*.
...*.....*....*
.*.*...*.*.....
.*..*....*.....
.....*...**..*.
.....**.*......
....*..........
..*.*....**....
....**....*....
.......*.......
...*..*......*.

Generation = 10, Population = 33.
...............
...............
...............
......***......
.....*.........
.....*.........
.***.*.........
..**..**.......
...**..*.......
......*........
....*.*........
...*..*........
...*.*.***.....
...*.....*.....
....*****......

Generation = 20, Population = 24.
...............
...............
...............
...............
...............
...............
..***.***......
***...***......
**.............
**.............
......*........
.....*.*.......
........*......
.....*..*......
.......**......

*** Life<ConwayCell> 15x15 ***

Generation = 0, Population = 50.
**.*.....*.*..*
...............
.*.............
*.*.....*......
..**.**.....*..
..**......*..**
..*...*.....*..
..*...*....**..
..*..**..*.....
***.......*....
*.......*......
.....**......*.
*..***........*
........*.*.*.*
..*............

Generation = 10, Population = 29.
...............
...............
.**............
..*.**.........
..*............
....*.......*..
.*.*.......**..
.*........*..*.
*.**......*.*..
*..**......**..
*..*...........
.*.............
..*............
...............
...............

Generation = 20, Population = 35.
...............
..*............
.*.*...........
.*.**..........
..*............
...............
.........**....
........**.*...
.......*.*.**..
.......**..*.*.
.........*...**
.**.......*...*
...*......*..*.
.**........***.
...............

*** Life<ConwayCell> 15x15 ***

Generation = 0, Population = 50.
...**.*.....**.
*..**.....**...
..*......*.*.*.
.*...*.....**.*
..*....*.*..*..
....*...*.*....
......**.......
*.....*.*..*...
...............
.*.*..*......**
.*.............
*...*........*.
..*..***...*...
........*.*....
...*.......*...

Generation = 10, Population = 18.
...............
...............
...............
...............
......**.......
.....*..*......
.....*..*......
......**.......
..*............
*...*..........
.....*.........
*..............
.*..*..........
.***...........
...............

Generation = 20, Population = 26.
...............
...............
...............
...............
......**.......
.....*..*......
.....*..*......
......**.......
...............
...............
.**............
*.**...........
**.***.........
*.*..*.........
.*****.........

*** Life<ConwayCell> 15x15 ***

Generation = 0, Population = 50.
......*...*.*..
.**.......*..*.
..*....*.....*.
..*.*...*.*....
....*..*.......
*..*.*....*.**.
.....*...*....*
.......*.......
....*...*...*..
........*.*....
.......*...*...
*.........*....
**....*.*.***.*
.....*......*..
**.........***.

Generation = 10, Population = 38.
...............
.**......****..
.**............
..***..****.*..
...*..*.****...
...............
......*........
....**.........
..........*....
.........**....
.........*.....
**.............
**.............
........*..*...
........***....

Generation = 20, Population = 31.
..........**...
..........*.*..
..*........*...
*.*.**.........
.*...*.........
..**..*........
...**.*........
....***........
.........**....
........*..*...
.........**....
**.............
**.............
...............
...............

*** Life<ConwayCell> 15x15 ***

Generation = 0, Population = 50.
....*.*........
*.*...*......*.
.......**.*...*
........*...*..
*........**....
.........*.*.**
...........*.*.
*......*......*
..*.....**.....
.*...*..**.....
.*.*...........
.....*..*......
.*......*......
***...*...**..*
***.*..*......*

Generation = 10, Population = 26.
......**.......
....*..*....*..
....***....***.
.....*........*
............*.*
.......***..**.
.........*.....
.........*.*...
...............
..*............
..*............
..*............
...............
...............
...............

Generation = 20, Population = 22.
...............
..........**...
.........*.**.*
..........**..*
.........*.****
.........*.**..
.........*.*...
...............
...............
..*............
..*............
..*............
...............
...............
...............

*** Life<ConwayCell> 15x15 ***

Generation = 0, Population = 50.
...***.........
..........*....
....*.......*..
..*......**....
*..*.....**....
*...**.........
...*..*.*...*.*
...*.....*.....
**....***...**.
......**...*.**
...*.*....*....
........*...*.*
....*.....*....
........*.*....
....*.....***.*

Generation = 10, Population = 53.
...***.........
..****.........
.**............
..*.........**.
..**..**.*..*..
...*.***.......
....**.*.......
.....*.*...*..*
.....**....*...
....*******..**
....**.........
.....***.......
......***......
......*..*.....
........**.....

Generation = 20, Population = 32.
...............
..*............
...............
.....*.*....**.
.......***.***.
..**...*..*....
..*.....**.....
...............
............***
.............*.
.........*....*
.........**..**
..........*..**
.........*.....
...............

*** Life<ConwayCell> 15x15 ***

Generation = 0, Population = 50.
.*...**........
.....*...*..*..
...*...*..**...
..*.........*..
*....*.....*..*
..*..*.........
...*...........
..*.........*.*
.**......*..*.*
......*..**....
..........**...
.....**.*..**..
.**........*...
**...**....*...
.*.*.*.*.....*.

Generation = 10, Population = 29.
...........*...
.........*.*.*.
.......***...**
...............
...........*...
...........*...
.........***...
........**.....
.......*..*....
.......*..*....
........**.....
**.............
**..........*..
............*..
............*..

Generation = 20, Population = 30.
...............
...............
...............
..........***..
..........*....
.........*...*.
..........*.*..
.........**....
...........*...
.........*..*..
........**..*..
**......****...
**.......****..
............*..
............*..

*** Life<ConwayCell> 15x15 ***

Generation = 0, Population = 50.
............***
*.*..........**
.....***...*..*
**.*......*..*.
...***.........
..*..*.........
*....*........*
....*.*........
.*.....*.*.**..
......*.......*
....**.....**..
........***....
.....*...*.....
*....**.*......
.*.*.......*...

Generation = 10, Population = 36.
....**.........
..*..*.........
.*....*........
.*...*.*.......
.*.**..**......
.....*.*.......
..*****........
...***.........
.........**....
.........**....
...............
...............
...............
.....**.**.....
.....**.**.....

Generation = 20, Population = 19.
...............
....**.........
....**.........
...............
...............
........*......
.......*.*.....
.......*..*....
........**.....
...............
...............
...............
...............
.....**.**.....
.....**.**.....

*** Life<ConwayCell> 15x15 ***

Generation = 0, Population = 50.
.*.*..........*
.....*....*...*
.....*..*......
..........*.*..
....*....**.*..
***........***.
.........*.*.*.
*.*........*.*.
...............
...*...........
..........**.*.
.*........*.*..
.***..*..*.*.**
......*.*.....*
....*...*.**..*

Generation = 10, Population = 36.
...............
........***....
...............
.**...*...*....
.*.*..*..*.....
...**.*........
.*.*...........
.**............
............*..
..........*.*..
.**......**....
.***...........
*...*..**......
.*....*........
.*..*..........

Generation = 20, Population = 31.
...............
...............
.**............
*..*...........
.***...........
...*...........
.*.**..........
.*...*.........
..**.*.........
.**...*........
.******........
.*...*.........
..*..*.........
..*.*..........
...............

*** Life<ConwayCell> 15x15 ***

Generation = 0, Population = 50.
.*.............
..*............
..*.*..........
.....****.....*
*..*......*...*
.*....***......
.....*........*
....**......*..
.*...*.......**
..*.*.*..*.....
***......*..*..
*..*........**.
.*.*........*..
.....**..**..*.
.*...*.*.......

Generation = 10, Population = 16.
.**............
*..*...........
.***...........
.....*.........
...............
...............
...............
......*........
.....*.*.......
....*...*......
.....*.*.......
......*........
...............
...............
...............

Generation = 20, Population = 18.
.**............
*.*............
**.............
...............
...............
...............
.....***.......
...............
...*.....*.....
...*.....*.....
...*.....*.....
...............
.....***.......
...............
...............

*** Life<ConwayCell> 15x15 ***

Generation = 0, Population = 50.
...............
*.........**...
...*...**......
...*..*.**.....
...*...**..*...
.**..*...*.*.*.
*.........*....
.*..**..*...*..
**....***......
.......*.....**
..*.*......*...
....*..*.......
...*..*...*....
..*...*...**...
..**.*.........

Generation = 10, Population = 42.
.......***.....
......*........
......*.*......
......*..*.....
.........*...*.
..........*..*.
.......*..*.*.*
......*.*.****.
..**..*.**.***.
......**.......
...............
.....**........
....***...**...
.....*....**...
...............

Generation = 20, Population = 44.
....**.........
....*...*......
.....**..*.....
.....*....*....
....*....*.....
....*..........
........**...**
.....***.*....*
......**......*
..*....*...**.*
.***.......***.
*..............
*..**..........
****...........
.*.............

*** Life<ConwayCell> 15x15 ***

Generation = 0, Population = 50.
..*..*.*....*..
*.........*....
........*......
....*..........
...*.*.**.....*
...*...****....
..**..*........
.*.....*..*..*.
.*.....*......*
....*.*.......*
.....*.....**..
.........*.....
...*...**...*.*
*...**...*..*..
*.**........**.

Generation = 10, Population = 28.
...............
...............
...............
...............
..**...........
..*.*..........
..**...........
...**..........
....*..**......
....**.**......
.........*.....
...*..*.**.....
....*.***......
.....***.......
......*........

Generation = 20, Population = 12.
...............
...............
...............
...............
...............
...............
...............
...............
...............
...............
......***......
.....*.*.......
....**.*.......
....*..*.......
.....**........

*** Life<ConwayCell> 15x15 ***

Generation = 0, Population = 50.
.**...*.....*..
......*....*..*
.............*.
.**....*......*
.*......*.**.**
.......*...*.*.
**..*.....*....
...........*...
.......*.......
..*...........*
..*...*****.*.*
***.*.*.......*
.**....**......
............*..
........*...*..

Generation = 10, Population = 39.
...............
...............
........***....
........***....
......*........
......***......
.......**......
...............
........*.*....
.**............
.***.**....**..
*..*..*.**..*..
.***.*.*....*..
.**.......**...
...............

Generation = 20, Population = 27.
......**.**....
.....*.*.**....
....**.........
...*...*..*....
...*...*..*....
...*.**...*....
...........*...
.........**....
...............
...............
...............
.............**
.............**
...............
...............

*** Life<ConwayCell> 15x15 ***

Generation = 0, Population = 50.
.......*......*
......*.*..*...
.....**.*......
..**....*......
...*..*...***..
*........*..*..
.........*....*
....**....**...
...*...*....*..
.*..*.**....*.*
.*...*....*..*.
*.........*....
...........*...
**.*.*...*.....
.......*.*.*..*

Generation = 10, Population = 37.
...............
......**...*.*.
..............*
...........*.*.
............*..
...............
.....*......***
...*....***..**
...*...***.....
...*..**...***.
........*****..
.....*.**......
.......*.......
...............
...............

Generation = 20, Population = 29.
...............
...............
...............
...............
...............
.......*.....**
......*.**..*.*
..**.**.**.**..
..**...*.*.*...
.........*.*...
........***....
........***....
...............
...............
...............

*** Life<ConwayCell> 15x15 ***

Generation = 0, Population = 50.
...*..*...**...
.*........*....
**.............
....**....*....
.....**......**
.....**.***....
*..**.....*....
.......*.**....
*..*.*.....*...
.*.*.......*...
.*........*....
**..***.....*..
.........*...*.
..*.*.*...*....
*..........*...

Generation = 10, Population = 33.
...............
..........*....
..........*....
...............
...............
...............
..*.*......***.
..**......****.
.**.......*.*.*
..**...........
..**.*.........
...*..**.......
...*..*........
.....*.........
..****.........

Generation = 20, Population = 12.
...............
...............
...............
...............
...............
...............
.........**....
........*..**..
........**.**..
.........***...
...............
...............
...............
...............
...............
