*** Life<ConwayCell> 40x6 ***

Generation = 0, Population = 117.
*...*.
.*****
.*..**
*...**
..***.
....**
*.**..
.*.*.*
..*...
***.*.
.....*
.*..**
.**.**
**...*
*..*..
*.*..*
...**.
...*..
*.*.**
.*.***
*..***
.*..**
*.*.**
**.*..
..*...
.***..
*.*.**
**.**.
*....*
.***..
*.*.*.
..**.*
...*..
.*****
***.**
.*.*.*
..*.**
*.***.
..*...
...**.

Generation = 4, Population = 55.
..**..
......
......
..**..
..***.
...**.
...*.*
......
*.....
**....
......
......
......
......
....*.
...*.*
....**
......
......
......
......
..**..
....*.
.**..*
.*.**.
...*..
.***..
**.**.
**....
**...*
.*...*
.***..
......
......
......
.*....
......
....**
.*.**.
..***.

*** Life<ConwayCell> 14x20 ***

Generation = 0, Population = 79.
**.**....*.*....**..
**...*...........*..
....*.*......*..*...
.....**........*.*..
*...*.*...**...*.*.*
*.....*....*****.*.*
.......*.*.**....*..
................*...
..*..*..*......*...*
*...*...*...**...*..
.*.*....*...*.**....
.......*.*.*.*....*.
...*....*.*.....*.*.
*.******....*......*

Generation = 1, Population = 89.
***.*...........**..
****.*...........*..
....*.*.........**..
....*.**......**.**.
......**..**.*.*.*..
.....***.....***.*..
..........**..**.**.
........*.......*...
................*...
.****..***..**.**...
.......***.*..*.....
..*....*.*******.*..
..**.*..*****....***
..******............

Generation = 2, Population = 71.
*...*...........**..
*....*............*.
.**.*.**.......*....
..............**..*.
........*...**...*..
.....*.*.....*...*..
......**.....*...**.
................*...
..**...*.*......**..
..**...*.**.*****...
.*....*.............
..**..**......****..
.*...*........*.***.
..*..*******......*.

Generation = 3, Population = 83.
.................*..
*..****.........**..
.*...**.......**....
.......*.....****...
............**..***.
.......**....**.**..
......**........***.
......***.......*.*.
..**.....**..**..*..
.*.*..**.**..*****..
.*....*.*........*..
.**..***......*...*.
.*.***...**...*...*.
.....******.......*.

Generation = 4, Population = 71.
....**..........**..
....*.*........***..
.......*.....*...*..
......*.....*.......
.......**...*.....*.
......***...***.....
..................*.
......*.**.....**.*.
..**......*..*....*.
.*.*..**..*..*.*.**.
**......**...*...**.
**.*...***.......**.
.*.*......*......***
.....****.*.........

*** Life<ConwayCell> 26x34 ***

Generation = 0, Population = 1.
..................................
..................................
..................................
..................................
..................................
..................................
..................................
..................................
..................................
..................................
..................................
..................................
..................................
..................................
..................................
....*.............................
..................................
..................................
..................................
..................................
..................................
..................................
..................................
..................................
..................................
..................................

Generation = 5, Population = 0.
..................................
..................................
..................................
..................................
..................................
..................................
..................................
..................................
..................................
..................................
..................................
..................................
..................................
..................................
..................................
..................................
..................................
..................................
..................................
..................................
..................................
..................................
..................................
..................................
..................................
..................................

*** Life<ConwayCell> 15x26 ***

Generation = 0, Population = 103.
*.*.*.**.........***.*...*
.*.*....*.*...**.*...*....
**....*....*..***.....**..
*..**....*.**.**.*........
.....*........*.*...***...
....*........*.......*...*
..*.....*..**.............
.*..*....*.*...........*..
..***..**..*...**...***..*
.*....................*.*.
....*...*....*...*.*..*...
**...*..*..............*.*
.......**....**....**.*..*
.........***...*....*..*..
*.*.*..*...*.........*.*..

Generation = 7, Population = 59.
...**.**.............**...
...*....*............*.*..
........*.................
..*....*.............*....
..*.*..............**.....
...................*....*.
..........*.......*...*...
.***......**.......***....
*.**...***................
*........*....*...........
.**............**.........
.......**....*.**.........
......*...**..***.........
......*.**................
.......*..................

*** Life<ConwayCell> 6x6 ***

Generation = 0, Population = 36.
******
******
******
******
******
******

Generation = 10, Population = 0.
......
......
......
......
......
......
