*** Life<ConwayCell> 5x6 ***

Generation = 0, Population = 6.
......
..**..
.*..*.
..**..
......

Generation = 1, Population = 6.
......
..**..
.*..*.
..**..
......

*** Life<ConwayCell> 6x6 ***

Generation = 0, Population = 5.
......
..*...
...*..
.***..
......
......

Generation = 1, Population = 5.
......
......
.*.*..
..**..
..*...
......

Generation = 2, Population = 5.
......
......
...*..
.*.*..
..**..
......

Generation = 3, Population = 5.
......
......
..*...
...**.
..**..
......

Generation = 4, Population = 5.
......
......
...*..
....*.
..***.
......

*** Life<ConwayCell> 5x6 ***

Generation = 0, Population = 4.
......
......
.*....
..***.
......

Generation = 1, Population = 5.
......
......
..**..
..**..
...*..

Generation = 2, Population = 5.
......
......
..**..
....*.
..**..

Generation = 3, Population = 3.
......
......
...*..
....*.
...*..

Generation = 4, Population = 2.
......
......
......
...**.
......

Generation = 5, Population = 0.
......
......
......
......
......

Generation = 6, Population = 0.
......
......
......
......
......

*** Life<ConwayCell> 5x6 ***

Generation = 0, Population = 4.
......
.***..
.*....
......
......

Generation = 1, Population = 4.
..*...
.**...
.*....
......
......

Generation = 2, Population = 6.
.**...
.**...
.**...
......
......

Generation = 3, Population = 6.
.**...
*..*..
.**...
......
......

Generation = 4, Population = 6.
.**...
*..*..
.**...
......
......

*** Life<ConwayCell> 13x13 ***

Generation = 0, Population = 93.
..***.*..*.**
..**.*.**.*.*
...*.***.*.**
..*.**.***.**
...*..*..*..*
..**....*....
.*.**..******
.******.**...
**.*****..***
.**..***...*.
***.*****...*
*.**.***.**..
**..**.*.**..

Generation = 3, Population = 33.
.....*.....*.
.....*.....*.
......**...*.
.........*.**
........**..*
.........*..*
..........***
.........*..*
.........****
.........*.*.
...*.........
....*...*....
.*..*....**..

Generation = 6, Population = 22.
..........***
..........***
.............
......***..**
........*...*
............*
..........***
.........*...
........*....
........*...*
..........*..
.............
.............

Generation = 9, Population = 20.
.............
..........**.
.......*....*
......*.....*
.......*.*..*
........*..**
...........**
........**...
.......**....
........**...
.............
.............
.............

Generation = 12, Population = 18.
.............
.............
.......*...**
......*....**
.......*....*
............*
..........***
.............
......*.*....
.......**....
.......**....
.............
.............

Generation = 15, Population = 8.
.............
.............
.............
.............
...........**
...........**
.............
...........**
.............
........*....
........*....
.............
.............

*** Life<ConwayCell> 13x13 ***

Generation = 0, Population = 95.
.....***.****
*.*....*..**.
**.******.***
*.*..***.****
****..**..*.*
***.....*****
.*.*...*.*.*.
*..*.**..**..
*..*****.****
*.*.*****.**.
**...**.....*
****..*......
.*..***..***.

Generation = 2, Population = 48.
.......**....
.****..**....
.****........
...*.........
.............
...*..**.....
..******...**
**.**......**
*.**.........
.............
..........**.
..**.**...**.
..*****...**.

Generation = 4, Population = 34.
..**...**....
.*.*...**....
..***........
.............
..*.*........
..*..........
.**...**...**
*.**.......**
.*.*.........
...*.........
..........**.
.........*..*
..........**.

Generation = 6, Population = 32.
..*....**....
.*..*..**....
.**.*........
..*.*........
..**.........
.............
...........**
..***......**
.*.**........
..**.........
..........**.
.........*..*
..........**.

Generation = 8, Population = 36.
.......**....
.**...***....
.*****.......
.*..**.......
...*.........
..**.........
...*.......**
..**.......**
.*..*........
..**.........
...*......**.
.........*..*
..........**.

Generation = 10, Population = 31.
......*......
.....**.*....
**..*..*.....
.............
...*.........
..*.*........
.....*.....**
..*.**.....**
.*...*.......
.*..*........
..*.*.....**.
.........*..*
..........**.

Generation = 12, Population = 29.
.....*.*.....
....*........
.....*.*.....
......*......
...**........
...**........
...*..*....**
..**..*....**
.*...........
.*...*.......
...*......**.
.........*..*
..........**.

Generation = 14, Population = 24.
.............
....***......
.............
...*.........
...*.........
...*.**......
..***......**
..*........**
.*.*.........
.............
..........**.
.........*..*
..........**.

Generation = 16, Population = 25.
.............
.....**......
....**.......
...**........
.............
..*..*.......
...***.....**
.**.**.....**
.............
.............
..........**.
.........*..*
..........**.

Generation = 18, Population = 26.
.....*.......
....***......
...*..*......
..*..*.......
..*..........
..**.*.......
..*.***....**
...........**
.............
.............
..........**.
.........*..*
..........**.

Generation = 20, Population = 32.
....*.*......
...**.**.....
..****.......
.*..*........
....**.......
......*......
.****......**
....***....**
.............
.............
..........**.
.........*..*
..........**.
