*** Life<ConwayCell> 19x27 ***

Generation = 0, Population = 55.
...................*.......
..........*.*..............
.*..*...*.....*...*........
...........*.*.............
.........*.........*.......
.....*...........*.*.*.....
....**...*........*........
*.*.........**.............
..................*........
....................*...*..
*.*........................
..*...*.....*..............
.......................*...
...*..*......*.....*.....*.
........*.*............*...
.*.........................
*...............*..........
..*........*..*..........*.
...*..*....*......*...***..

Generation = 2, Population = 15.
...........................
............*..............
............*..............
............*..............
....................*......
....**............*.*......
....**.............*.......
...........................
...........................
...........................
...........................
...........................
...........................
...........................
...........................
...........................
...........................
.......................**..
.......................**..

Generation = 4, Population = 13.
...........................
............*..............
............*..............
............*..............
...........................
....**.............**......
....**.....................
...........................
...........................
...........................
...........................
...........................
...........................
...........................
...........................
...........................
...........................
.......................**..
.......................**..

Generation = 6, Population = 11.
...........................
............*..............
............*..............
............*..............
...........................
....**.....................
....**.....................
...........................
...........................
...........................
...........................
...........................
...........................
...........................
...........................
...........................
...........................
.......................**..
.......................**..

*** Life<ConwayCell> 15x26 ***

Generation = 0, Population = 54.
......*.....**............
.......*....*.......*...*.
...*.*.*...*.....*.....*..
...**................*.*..
........*....*..*.........
......*.............*.....
...............*....*.....
...*.................*.*..
.......................*..
............*.............
*.*.*....*...*......**....
..................*.*.*...
...*...........*..........
..*.........*.**....**..*.
*.*........**.....*......*

Generation = 2, Population = 31.
...........*.*............
...........*.*.........*..
...**.......*.........**..
...**.................*...
..........................
..........................
.....................*....
......................*...
..........................
....................**....
...................*.*....
..................*.......
...*........*..*...**.....
.**........*...*..........
.*.........*..............

Generation = 4, Population = 26.
..........................
............*.........**..
...**.......*........*..*.
...**.................**..
..........................
..........................
..........................
..........................
....................**....
.....................**...
...................*.*....
..................***.....
.**.......................
...*......................
.**.......................

Generation = 6, Population = 24.
..........................
......................**..
...**................*..*.
...**.................**..
..........................
..........................
..........................
.....................*....
.....................**...
...................*...*..
..................*..**...
.....................*....
..................***.....
..**......................
..........................

*** Life<ConwayCell> 19x11 ***

Generation = 0, Population = 45.
...*.**....
...........
..*.**..*..
......*...*
..*.......*
.*....*....
.**...*....
*....**....
*..*....*..
....*......
.*.........
*.**...*...
*...**.....
*.....*.*..
*.......*..
.*.........
..*........
****.......
**......*..

Generation = 3, Population = 32.
...........
...........
.....*.....
.....*.....
.*.........
*.*........
*...*.*....
..*........
.*...*.....
..*........
.**.**.....
**.........
.*.....**..
.*.....**..
..**..**...
*..*.......
...........
*.*........
...........

*** Life<ConwayCell> 27x24 ***

Generation = 0, Population = 42.
..**...............*....
...*.............*......
..........**............
...........*....*.....*.
........................
*.......................
......**.......*........
...............*...*..*.
........................
................*....*..
.....*.*..*.......*.....
*.......................
........................
...................*....
........................
.*......................
......................*.
........................
........................
.*......................
.*................**....
.........*..............
..*........*...*........
......................*.
..........*........*....
.......*......*.*.......
...........*............

Generation = 4, Population = 8.
..**....................
..**....................
..........**............
..........**............
........................
........................
........................
........................
........................
........................
........................
........................
........................
........................
........................
........................
........................
........................
........................
........................
........................
........................
........................
........................
........................
........................
........................

Generation = 8, Population = 8.
..**....................
..**....................
..........**............
..........**............
........................
........................
........................
........................
........................
........................
........................
........................
........................
........................
........................
........................
........................
........................
........................
........................
........................
........................
........................
........................
........................
........................
........................

*** Life<ConwayCell> 26x23 ***

Generation = 0, Population = 56.
..............*........
*.......**.....*.......
....*..................
*.............*......*.
.......................
.*..*.......*.....*....
..*........*.........*.
.......................
..*.*...........*......
..*.....*..............
.*...................*.
..........*............
......*.*.......*......
.........*..........**.
.........*....*......*.
..*.*..................
...*...................
.*......**.............
.....*..*.........*....
...........**.......*..
.........*...........*.
.......................
.***.....*.............
............*..........
.....*.....*.....*...*.
.......................

Generation = 2, Population = 24.
.......................
.......................
.......................
.......................
.......................
.......................
.......................
.......................
...**..................
..**...................
..*....................
.......................
........**.............
........**..........**.
....................**.
..**...................
..**...................
........**.............
........**.............
.......................
.......................
.......................
.***...................
.......................
.......................
.......................

Generation = 4, Population = 26.
.......................
.......................
.......................
.......................
.......................
.......................
.......................
...*...................
..*.*..................
.*..*..................
..**...................
.......................
........**.............
........**..........**.
....................**.
..**...................
..**...................
........**.............
........**.............
.......................
.......................
.......................
.***...................
.......................
.......................
.......................

Generation = 6, Population = 26.
.......................
.......................
.......................
.......................
.......................
.......................
.......................
...*...................
..*.*..................
.*..*..................
..**...................
.......................
........**.............
........**..........**.
....................**.
..**...................
..**...................
........**.............
........**.............
.......................
.......................
.......................
.***...................
.......................
.......................
.......................

*** Life<ConwayCell> 15x12 ***

Generation = 0, Population = 53.
*..***.....*
.*..*..*....
*.....*..**.
.*......*.*.
.........**.
.*.**..*.*.*
....*..*....
.....*...**.
..*......*..
..***.*..*..
.*..*..*.*..
..*..**..*..
..**...***..
*...*...*...
.*......*...

Generation = 1, Population = 64.
...***......
**.**.*...*.
**.....****.
........*..*
..*........*
...**....*..
...****..*..
........***.
..*.**..**..
.**.**...**.
.*..*..*.**.
.**.***..**.
.*******.*..
.***........
............

Generation = 2, Population = 49.
..**.*......
**.*..***.*.
***....**.**
.*.....**..*
...*......*.
..*.......*.
...*.*......
......**..*.
.**.**......
.**...*.....
*..........*
*...........
*......****.
.*...**.....
..*.........

Generation = 3, Population = 57.
.****.**....
*..**.*.*.**
..........**
**.....**..*
..*......***
..***.......
......*.....
..**..*.....
.***.*.*....
*.**.*......
*...........
**......***.
**....****..
.*....****..
............

Generation = 4, Population = 48.
.**.*.**....
.*..*.*..***
**......*...
.*......*...
..*.....****
..**......*.
....**......
.*.*****....
.....*......
*..*..*.....
*.*......*..
..........*.
..*...*.....
**....*..*..
.......**...

Generation = 5, Population = 47.
.***..**..*.
...*..*.***.
***....**.*.
***....**.*.
.***....*.**
..***.....**
............
...*........
..**...*....
.*..........
.*..........
.*..........
.*..........
.*....*.*...
.......**...

Generation = 6, Population = 45.
..**..***.*.
*..*..*...**
*..*..*...**
..........*.
*...*..**...
.*..*....***
..*.*.......
..**........
..**........
.*..........
***.........
***.........
***.........
........*...
.......**...

Generation = 7, Population = 43.
..**..**.***
.*.****.....
.........*..
.......*.***
........*..*
.*..**..***.
.**.*.....*.
.*..*.......
.*.*........
*..*........
............
...*........
*.*.........
.*.....**...
.......**...

*** Life<ConwayCell> 27x28 ***

Generation = 0, Population = 47.
.*..........................
.....................*...*..
..........................*.
............*..........*..**
...*........*...............
.....*....*......*..........
..........................*.
............................
.....*............***..*....
............................
......*.....................
...................*........
....*.......................
......*...................*.
..*...................*.....
............................
.......*.....*..............
.*.......**...*.............
.............*..............
.......**........**.....*...
.....*...................*..
.........................*..
..............*.............
............................
.........................*.*
..*.....................*...
...*........................

Generation = 4, Population = 5.
............................
..........................*.
..........................*.
............................
............................
............................
............................
............................
..................***.......
............................
............................
............................
............................
............................
............................
............................
............................
............................
............................
............................
............................
............................
............................
............................
............................
............................
............................
