*** Life<FredkinCell> 3x8 ***

Generation = 0, Population = 16.
-000---0
0000-0-0
000000--

Generation = 46, Population = 12.
-+---+-+
6-++7-7-
9-++9---

Generation = 92, Population = 10.
-+-++-++
----+--+
-++----+

Generation = 138, Population = 9.
---+-+-+
+--+-+--
--++-+--

Generation = 184, Population = 13.
++-++--+
-++-+---
-+--++++

Generation = 230, Population = 8.
-----+--
-+---++-
-+--+++-

*** Life<FredkinCell> 25x12 ***

Generation = 0, Population = 69.
-----00-----
--0-0----0-0
---0--0---00
--0--00---0-
---------0--
-----0--0--0
-0--00-0----
----00--0---
---0--------
------00----
0---00----00
-------0----
-0--00------
---0---000--
------0-----
-0--0-------
0--0--00----
--------0--0
0------0-0--
-------000--
0-0-----00--
-------0-0-0
-----0----0-
-0-------00-
0-----------

Generation = 52, Population = 150.
-++-----+--+
8---+8+--+++
--+----7+++-
+--95-7-+---
-+--8++--+--
----8--7+-+9
-8+-9--8--+-
+++---+-----
--8-+---+-++
+++-+9-+-++-
-++-++-+7++-
+---++-+-+-+
-+88+--+----
+-+++------+
+-5--++----+
+-+++--++---
+--++++9++-+
--+++-+++---
---+--+--++-
-+++-+7++-++
+7+--+---+9+
5--+++++--++
+++9--9---++
6++8+---++--
9-6--++-9---

Generation = 104, Population = 150.
+-+++---+-++
-----++-----
++++++-+-+-+
+--+--++-+-+
---++-+-----
+++++-+--+-+
+---+--+++-+
---+--+-+-+-
+-------++-+
+--+---+---+
-+----++++++
--+--+-++++-
--+++------+
+-++--+++-++
-++-+-+-+-++
+--++-++++-+
++-+---++---
+++--+--++--
++------+-++
+--+--+-+-+-
-----+---+++
++-+-+-+-+++
-+--++++-+++
--+-++-+-+++
++-++++-+++-

Generation = 156, Population = 147.
+-+-+--+-+++
++-++-+++--+
---+----+++-
+-+--++++-+-
-+--+++-++-+
----++--+++-
----++--+++-
+-+-+-+++---
++++-++++-+-
+-+-+--+--++
+-+--+++-++-
-----++-+++-
-+--+-++++-+
+-+--+------
++---++++-++
-+-+---++---
-+--+---++++
-++-+---++-+
-++-++--+---
+-++-+-----+
-++--+-+-++-
-++-++--+--+
++-+-++---+-
--+---++----
-++++-----++

Generation = 208, Population = 146.
+----++++---
---+++-+--++
+-+-++++---+
-++--+++--+-
+--+++++++-+
++--+-+-+-+-
+------+++++
+-++----+-+-
-++-+-+-++-+
++--+-+-+--+
+--++---++-+
++++-+-+--++
-----+--++-+
-----+--+-++
-+----------
++-+-++--+++
++---+----++
----++-+-+++
+++---++--++
-+++-++-++--
-+---+-+--+-
++------++-+
--+++-+--+++
++-++---+---
-++--+++--+-

Generation = 260, Population = 135.
+--+++-+--++
-++++-+-+-++
--+-+-+--+--
++--++-+--++
---+++++--++
+++-++-+----
-++--------+
+-+-+---+--+
+----+-+---+
+-+-+---+-+-
++---++++++-
--+--++++-+-
++---+--++-+
++-+-+-----+
++--+--+----
-++-+---+-+-
------+-++++
+--+-++++---
-+--++++++++
+-------+-+-
+-----++----
-+---+-+++-+
++------++-+
--+-+++-+---
---+----++--

Generation = 312, Population = 150.
++-++--+-+++
-+++---+-++-
++--+----+--
--+--+-++++-
++++++-++--+
+-+-----+-+-
++--+---+-+-
--++-+++-+--
-++----++++-
+-+++----+--
+-++++----++
++-++-+-+++-
+--+-++-----
+-+++-----++
-+---+-++---
+-+-----+-++
+-+-+--+-+-+
++-+-+-++-++
--+++----+-+
---+++++---+
+-++--+-++--
+++---++++--
+++-+-+-+-++
--++---+-+--
++---++++-+-

*** Life<FredkinCell> 2x25 ***

Generation = 0, Population = 17.
0----0---00---0--0-------
-0--00---0--0000-0--0--0-

Generation = 22, Population = 28.
---5-+50+-8-3--5493--+-20
-86-9--8-41-75-6-8-567--3

Generation = 44, Population = 27.
7-------+-+--++-9+---+5-5
-+86+-+++947-+-9-++-+-++-

Generation = 66, Population = 24.
+++-++---+++----+---+---8
+-+++-++-+-+-++-+-+---+--

Generation = 88, Population = 23.
+++-+-+----------++--+---
++--++---+++++++--+-++--+

Generation = 110, Population = 21.
-++-++---+--++-+--+-----+
--+++--+--+-+++--+----++-

Generation = 132, Population = 15.
+-+---+-++------++-------
------++---+++--+---++---

Generation = 154, Population = 25.
++---+-++-++++++----+-+--
+-+--+-++---+--++++-+---+

Generation = 176, Population = 19.
+-+--+--+-+--++---+---+--
-++--+++-+--+-+----+-+---

Generation = 198, Population = 26.
-++-+++--+-++-+++++++---+
--+-+----+-++---+--+-++-+

Generation = 220, Population = 20.
--+--+--+++-----++--++---
--++--+-+++--+-++----+--+

Generation = 242, Population = 27.
++++--+----+-+---+-++-+--
-+-+-+++-+--++++++++++---

Generation = 264, Population = 26.
-+---+--+---+++--++-----+
++-+-+-++--+++++++++-+-+-

Generation = 286, Population = 23.
-+--++-+-------+++--++-+-
--+-++++-+-+-+---+++-+-+-

Generation = 308, Population = 23.
+++-+---+-+---+---------+
+--++++++--+--+++--+-++-+

Generation = 330, Population = 26.
--++++---+++----+-++++++-
-++--++-++---+--++----+++

Generation = 352, Population = 20.
-+--+-----+-----+---++--+
+++----+--+++--+-+-++-++-

Generation = 374, Population = 23.
++-++--+++--++-+--------+
-+-++---+++--++--++---++-

Generation = 396, Population = 21.
+---++------+-----+-+-+-+
-+--++++-+-+--++++---+-+-

Generation = 418, Population = 24.
-++++---+-++++---+---+-+-
++--++--+++--+--+-++-+---

Generation = 440, Population = 29.
+---+++-+-+-+-+--+--+++--
---+++--+-++++++-+++++++-

Generation = 462, Population = 21.
--+-+---+------+++-++-+-+
+--+--++----+++---++-+--+

Generation = 484, Population = 22.
-++--+---+--+-+-------+-+
+++++++-+--++-+-+-+-+----

Generation = 506, Population = 27.
--++-+--++++--++++-+-----
-++-+++--++----++-++++++-

Generation = 528, Population = 22.
-+--++--+++--+------+-+--
++-+-++-+-----++-++++--+-

Generation = 550, Population = 25.
--+---+----+-+---++-++-++
+---+-+-++-+++-++--+++-++

Generation = 572, Population = 25.
+++--++-+-+-+++-+---+----
+++++---++-++--++-----+-+

Generation = 594, Population = 25.
+++++---+------++++-++-+-
-+--+++-+--+++---+-+-+-+-

Generation = 616, Population = 31.
++---++--++-+-+-+++-+-+--
++-+--++++-+++--++-++++++

*** Life<FredkinCell> 14x9 ***

Generation = 0, Population = 74.
00-00-00-
0-----00-
-0-00-00-
-00000--0
0--00---0
000-00--0
-00--00-0
00---0000
00---0000
--0---000
00-00-0--
-0-000-0-
000-0000-
0-0-00-00

Generation = 61, Population = 59.
-++++--+-
+++---++-
+++++8-+-
+++-+----
+++-+7-+-
+-+++8-++
-+--++---
-++-+--+-
--+-+--+-
-+--+-++-
+----++--
+----+-+-
++-------
----+++--

Generation = 122, Population = 63.
--+-++-++
--++--+++
+---+++++
+-++-+---
+++++--+-
+----+--+
-++-+-+-+
+-----+++
-++--+--+
---+++--+
+------+-
----8++-+
-++-+-++-
++-++-++-

Generation = 183, Population = 65.
-++++++--
++-+++--+
++-+++++-
-+---+--+
+-+++++--
++-++---+
+++--+++-
-+--+---+
-++--+---
++-+--+-+
-+-+----+
++++-----
--++-++--
+-++----+

Generation = 244, Population = 69.
---++++++
-+++-++--
-+--+--++
++--+-+--
+-++++++-
+----+---
--+-++-++
--++-++--
-++------
+++++---+
+-+-+-+++
+++++++-+
--++-++++
----++++-

Generation = 305, Population = 63.
-+---++-+
+------+-
----+-+++
-----++++
-++-+++++
++-++---+
+++++++++
--+++-+-+
--+++++-+
-+---++-+
-----+--+
---++++--
+----+-+-
--+-+++--

Generation = 366, Population = 62.
--+-++++-
----+++++
+--+-+---
-++-+---+
--++-++++
-+--++-+-
-++---+-+
+-+-+--+-
---++++--
+--+-+---
-+-+--+++
+-++--+-+
-++++---+
++--+++--

Generation = 427, Population = 54.
-+---++--
+-+---+++
-----+-+-
-+---++-+
-+-+---+-
+++-+--++
---+-----
-++++-+--
----+++--
--+-+++++
+-+-+----
---+-+++-
+-++---++
+-----+++

Generation = 488, Population = 78.
----++--+
-+-+-+-++
+++-++-++
+++++-+--
--+--+-++
+++--++-+
+-+++-+++
++-+-+++-
-+--+++-+
+++-+++-+
--++++--+
--++++---
+-+-++++-
++++-+++-

Generation = 549, Population = 51.
-+--+-+-+
-++-----+
------+--
-+-----+-
-+---+-+-
--+------
---++-++-
--++----+
+-----+++
++-++----
+-++-+-++
++++-+-++
++----+-+
--+++-+-+

Generation = 610, Population = 64.
++-+----+
+-+++--++
--+--+--+
+++--+-++
++--+--++
----+++--
--+-+-++-
+++----++
+-+-+++--
+++-+-+--
---+++---
+++--++-+
--+-+-++-
+-+-+-+-+

Generation = 671, Population = 58.
-+++----+
++-++-+++
-----+++-
-+-+-+--+
---+++---
+++++--++
+-+-++---
--++-++-+
--------+
---+--++-
--+++-+-+
+---+--+-
----+++++
--+-+-++-

Generation = 732, Population = 60.
------+-+
+-+-++-+-
+-----+-+
+--++----
+--++-++-
--+++++++
++-----+-
++-++-+-+
--+--+--+
---+-+-++
++++--+--
-++---+++
+-+++-+-+
-+--++---

Generation = 793, Population = 65.
+-+-+--+-
+---++--+
-+++---+-
-++--+-++
++-+++---
--+++-+-+
-----++++
--++++-++
+--+-+---
++++-+++-
+++-+-++-
+-+++++--
-----++++
-----+--+

Generation = 854, Population = 66.
+---+-+--
+----+++-
--++--+++
-+-+-+--+
+---+--+-
+-++--+++
----+-+++
++++-++--
+-+-+---+
+++-+-+-+
+++-+-+-+
++--+++++
+-++-++--
----++--+

Generation = 915, Population = 61.
++-+-++--
++++-+---
+-+-++-+-
--+++--++
+-++---++
+-++++---
-+-+-+++-
--++-+---
---++--++
+++---+--
+----+-+-
+-+--+---
++++-+---
+-+-+--+-

Generation = 976, Population = 66.
--++--++-
+++-+--+-
++-----+-
-+++--++-
+-+++++--
++------+
----++-++
--++++--+
+++-+--++
--+-+--++
----+++-+
-++-+-++-
+--+++++-
++++--+-+

Generation = 1037, Population = 54.
+--+-++-+
-+-+-+--+
-++++---+
+-+-----+
+--+----+
-+-+--+-+
+++----++
+-----++-
+-++--+-+
+-+-----+
-+-++---+
-+++--+--
+++-+----
------++-

Generation = 1098, Population = 75.
--++--+-+
-++-++-+-
--+++--+-
+++++--+-
+--++-++-
++++++-+-
-++---+--
---+-+--+
---++++++
+++++-++-
-+--+++++
-++-++-++
++-+-+-+-
+++-+++++

Generation = 1159, Population = 78.
---+---+-
+++--+++-
+++++-+-+
--+-++--+
-++++++++
-+++++-++
---+++--+
-+-++++-+
++-+++++-
++-++-+++
--+-+++--
-+++-+++-
-+----+-+
-+++++-++

Generation = 1220, Population = 64.
++--++-++
-+-+-++--
-+----+++
++--+-+--
+--+---++
+-+--++-+
---+-+---
-+-+---++
-+-+-+--+
--+-+-+++
+++--++++
+-+++--+-
+-+-+++-+
+----+++-

Generation = 1281, Population = 65.
+-+-+-+++
----+--+-
--+++-+-+
--+---++-
-----+++-
+--++-+++
++-+-+-+-
++--+-++-
+++++--+-
++++---++
--+-+++--
-++--++++
--++-+---
+++---++-

Generation = 1342, Population = 65.
----+-+++
+----++++
-+----+--
-++-+-+--
+-++-+-+-
+-+-+---+
+--+-----
++-++++++
+-++-+---
-+--++--+
++-+++-+-
+++--++-+
++++-++-+
+-----+++

Generation = 1403, Population = 58.
+--+-+-+-
-----+-+-
-+--+---+
---+-++--
++++--+--
--+------
---+++++-
++++-+--+
+-+----+-
++-+-++--
-++++++-+
+--+-+-++
++++--++-
+-++-----

Generation = 1464, Population = 63.
-++--+-++
++-+-+-+-
+-+--++--
+--+++-++
+-+-+-++-
+-++++-+-
+++--+-+-
--+-++-+-
--++-----
---++---+
+------++
+++-++---
+-+++-+--
++--+-++-

Generation = 1525, Population = 60.
--+-++--+
------++-
-+-+-++++
-++++---+
--+---++-
-++-+-+-+
--+-+---+
+--++--++
-+--++-++
+---++--+
+-++-+++-
+--+-+-++
----+++--
-+--+--++
