*** Life<FredkinCell> 9x9 ***

Generation = 0, Population = 3.
---------
---------
---------
---------
---000---
---------
---------
---------
---------

Generation = 1, Population = 10.
---------
---------
---------
---000---
--01-10--
---000---
---------
---------
---------

Generation = 2, Population = 12.
---------
---------
---000---
---------
-012-210-
---------
---000---
---------
---------

Generation = 3, Population = 30.
---------
---000---
--01-10--
-00-0-00-
01-3-3-10
-00-0-00-
--01-10--
---000---
---------

*** Life<FredkinCell> 14x6 ***

Generation = 0, Population = 18.
------
------
0-----
000---
---0--
-----0
----0-
-0----
--0--0
-----0
--0-0-
----00
------
-0--00

Generation = 1, Population = 30.
------
0-----
1-0---
--1---
00--00
---0--
-0-0--
0---00
---001
-----1
-0--10
--00-1
-0----
0-0011

Generation = 2, Population = 43.
0-----
100---
2-10--
--2000
11--11
0-01-0
---1-0
---0--
0-0112
-0-00-
0---21
-01102
--0-0-
-01--2

Generation = 3, Population = 41.
1-0---
2-----
302--0
---11-
-200-2
101-0-
0----1
0-----
-01-23
0-0-11
-0003-
-12---
-0-010
01-0--

Generation = 4, Population = 29.
2--0--
-----0
--3---
0-2-20
--1---
-1-1-0
--0---
1-0-0-
01----
---02-
------
02-1-2
--0--1
1--1-2

Generation = 5, Population = 47.
-00-00
2-000-
30400-
----31
1-2-1-
1-----
0-1-01
201--0
-2-1--
000131
00--31
132--3
---01-
-1---3

*** Life<FredkinCell> 6x10 ***

Generation = 0, Population = 19.
0-----0---
0-00-----0
--00-000--
--00----0-
-----000--
-----0--0-

Generation = 1, Population = 31.
1000-0-0-0
1---00-00-
0011-1-1-0
-0--0--0-0
--000--10-
----01---0

Generation = 2, Population = 33.
---101-10-
-0-011-110
-1-2-2--01
-1001-0-01
--1-1-0-10
--0--200--

Generation = 3, Population = 31.
-00-1-----
11-122----
0-1--3--12
0-11-01-12
---020-1--
-010-311-0

*** Life<FredkinCell> 13x8 ***

Generation = 0, Population = 9.
--------
--------
--------
--------
---0----
-----0--
--------
----0---
--------
---0--0-
-0------
0-------
---00---

Generation = 1, Population = 29.
--------
--------
--------
---0----
--0-00--
---00-0-
----00--
---0-0--
---00-0-
-00-00-0
--00--0-
---00---
0-0110--

Generation = 2, Population = 25.
--------
--------
---0----
-----0--
-0---1--
---11--0
---0----
--01-1--
-0------
01---1--
----0---
0-01--0-
--12210-

Generation = 3, Population = 38.
--------
---0----
--0-00--
-0-0010-
0-00-200
-00-2-0-
-----0-0
--1---0-
-1-0----
1-0---0-
-00---0-
----0-10
00-3---0

Generation = 4, Population = 23.
---0----
-----0--
--------
----1---
-------1
-1-1--10
-0------
--------
----0---
--1--110
-1-000--
0-0-----
11-----1

*** Life<FredkinCell> 5x12 ***

Generation = 0, Population = 8.
----------0-
---0-------0
-0----0-0---
--------0---
--------0---

Generation = 2, Population = 17.
-0----0---0-
-1---0--10-0
---10-0-----
---0--1---00
-0--------0-

Generation = 4, Population = 17.
-2--------0-
---1-----2-0
-11-21--2---
----0---0---
-0--0-1-1-2-

*** Life<FredkinCell> 13x5 ***

Generation = 0, Population = 8.
-0---
0---0
-----
-----
----0
-00-0
-----
-----
----0
-----
-----
-----
-----

Generation = 1, Population = 20.
--0-0
---0-
0---0
----0
-0001
011-1
-00-0
----0
---0-
----0
-----
-----
-----

Generation = 2, Population = 20.
-0-0-
0---0
-0--1
000--
--1-2
1-20-
-----
-00-1
--0-0
-----
----0
-----
-----

Generation = 3, Population = 23.
-----
-0--1
01-02
11-0-
---0-
---1-
00-00
01--2
--1-1
--0--
---0-
----0
-----

Generation = 4, Population = 20.
-0--0
-10-2
-2---
-----
001-2
112--
-----
-----
0-2-2
-01-0
-----
-----
----0

*** Life<FredkinCell> 12x9 ***

Generation = 0, Population = 30.
----0---0
-0----0-0
-----0---
-000----0
0---0----
-0-00000-
--0-0---0
---------
00--0--00
---------
--------0
0----0--0

Generation = 1, Population = 55.
-0-0-0001
0-0-0---1
--000----
-1-1-0-0-
-0001-000
--01---1-
---01-0--
000----0-
1100-0011
00--0--0-
0----0-01
-0--0-001

Generation = 2, Population = 56.
--0-01---
-01-1-0-2
0--1---00
02----01-
0-1-201-1
---20-02-
000-2--0-
-1-00001-
2-1101--2
1----0--0
10--0-01-
--00-011-

Generation = 3, Population = 54.
--1--2--1
-1-020-03
10----0--
13-10---0
10-0--2--
-00310---
111---0-0
02---1---
312212--3
--0001--1
-1-------
0-11012-1

Generation = 4, Population = 54.
-----30-2
-211--01-
-10------
24--10-1-
-11-2--01
0114-10-0
----20---
1300-2---
-23323014
10-11-002
--0---0--
-02---3--

Generation = 5, Population = 65.
-01004-0-
0-222--2-
-2--000--
3501-1-2-
12-030---
1225--121
---031--0
241----10
334-3412-
2----111-
111-00--1
01-1-141-

*** Life<FredkinCell> 8x10 ***

Generation = 0, Population = 39.
00-0-0-0--
0000-----0
-0-0---0--
--0-0--0-0
-0-0-0--00
-00-0-0000
0-0---0--0
000---00-0

Generation = 1, Population = 35.
--01----00
---100--0-
-1-1--010-
-0----0101
01-----0-1
---0-0--11
1--000-0--
---0-0-1-1

Generation = 2, Population = 41.
-01--0-0-1
-0-2-1----
02-2---21-
--00-0--1-
1-00-0-1--
-00101002-
-001-1-1--
0-0101-2--

Generation = 3, Population = 37.
0-2-01----
--03-20-00
1-0-0-03-0
---1-10121
-1110-020-
--------31
---2--0---
-0-2---30-

Generation = 4, Population = 42.
--311---01
-014---01-
--1---1---
0002-2--3-
12-210-311
-00-0----2
-00301---0
0--30--411

Generation = 5, Population = 29.
---221---2
01-----1--
12-2------
-11-03--4-
-3--2--42-
-1---1-0--
--14-201--
------05--

Generation = 6, Population = 45.
0033-2000-
--1-020-10
-31--0-31-
-222-40-51
1--2300--1
02-1-20---
--25--120-
--03----1-

Generation = 7, Population = 41.
1-442-1---
01-41---21
1-2----420
--3-05-1--
23-3--14-2
-30-0-1-32
1--60----0
-0--0-0-21

*** Life<FredkinCell> 7x11 ***

Generation = 0, Population = 27.
-00-00-0--0
--0--0-0---
-0-----0-00
--00-------
-0----0-0--
-00-0------
00---0-0-00

Generation = 1, Population = 46.
01--1--100-
-010-1--00-
0-00-001-11
-0110-00000
010000---0-
-11---00000
1--------11

Generation = 2, Population = 31.
1-----021-0
0-2-02-0-1-
--110-1--2-
0------1---
1--1110-0-0
0---0-1----
--0---00---

Generation = 3, Population = 47.
210-1-1320-
1-30-3-102-
-0---0-1031
101--00--00
-1022--0---
111-10--0-0
10-000-10--

Generation = 4, Population = 37.
---0-0243-0
2--10402-3-
01110-1-1--
2-----11---
12---1---0-
----2-101--
--011--2-11

Generation = 5, Population = 42.
2-011-3540-
3--215-----
1--2-0-----
-0110--2-0-
-30---0---0
111-3021200
-01--0-3022

Generation = 6, Population = 42.
3-12-04--10
-0-32--203-
2----111-3-
--221------
-41---10001
2-2-4132311
---1-10-13-

*** Life<FredkinCell> 12x5 ***

Generation = 0, Population = 26.
-----
-000-
0000-
-0--0
0-0--
---00
-----
0----
0-0-0
0-000
-0-00
0-0--

Generation = 4, Population = 32.
-1-1-
0-10-
2012-
-20--
----2
-1011
1-1-1
11---
1-2--
1-2-2
3-0-1
1--01

*** Life<FredkinCell> 9x12 ***

Generation = 0, Population = 22.
--0------0--
------------
----0--0---0
----00--0---
--00-----0-0
-0--0---00--
0--0---0-0-0
------------
-----------0

Generation = 3, Population = 52.
---000----0-
0---2--0----
------2--00-
0-2-11----10
01---2--01-0
001----13121
1-010001-3-0
0100-0-01-00
--0---0--00-

*** Life<FredkinCell> 14x6 ***

Generation = 0, Population = 32.
0-----
--0---
-----0
--0---
0--0--
----00
-00-0-
0--000
00--00
----00
0--0--
-0-00-
0-0---
-0-000

Generation = 1, Population = 41.
-00---
00-0-0
----0-
00---0
-0---0
000--1
-110-0
10-1--
-10-11
-0----
--0100
0-0-10
---0-0
--01-1

Generation = 2, Population = 40.
--1--0
1-0-0-
-----0
1-0--1
0---0-
1---0-
022--1
21-2--
-21022
0100--
0---1-
--1--1
0-010-
-01--2

Generation = 3, Population = 39.
0020--
--1--0
-----1
2--0-2
-0001-
--001-
133---
-2-3--
032--3
-21-00
1-----
-02-1-
-01-10
-1----

Generation = 4, Population = 44.
1-3100
1-2-01
0-000-
---103
-11---
1011-1
24-00-
2---00
1----4
0---1-
-0---0
----2-
01---1
02--02
