*** Life<FredkinCell> 1x42 ***

Generation = 0, Population = 14.
------0-00-0--0-0--00-0---0----00--0----0-

Generation = 1, Population = 20.
-----0--11--00---0011--0-0-0--01100-0--0-0

Generation = 2, Population = 21.
----0-002200110-01--200-----001---1--00---

Generation = 3, Population = 20.
---0--1-------1-12013-10---01-21-0-00110--

Generation = 4, Population = 18.
--0-00-0-----1--2---4-210-012-32---1---10-

Generation = 5, Population = 22.
-0--11--2---1-10-2-1--3-1-1-3-431-1-0-1210

*** Life<FredkinCell> 23x31 ***

Generation = 0, Population = 2.
-----------0-------------------
-------------------------------
-------------------------------
-------------------------------
-------------------------------
-------------------------------
-------------------------------
-------------------------------
---------------------------0---
-------------------------------
-------------------------------
-------------------------------
-------------------------------
-------------------------------
-------------------------------
-------------------------------
-------------------------------
-------------------------------
-------------------------------
-------------------------------
-------------------------------
-------------------------------
-------------------------------

Generation = 1, Population = 7.
----------0-0------------------
-----------0-------------------
-------------------------------
-------------------------------
-------------------------------
-------------------------------
-------------------------------
---------------------------0---
--------------------------0-0--
---------------------------0---
-------------------------------
-------------------------------
-------------------------------
-------------------------------
-------------------------------
-------------------------------
-------------------------------
-------------------------------
-------------------------------
-------------------------------
-------------------------------
-------------------------------
-------------------------------

Generation = 2, Population = 8.
---------0-0-0-----------------
-------------------------------
-----------0-------------------
-------------------------------
-------------------------------
-------------------------------
---------------------------0---
-------------------------------
-------------------------0---0-
-------------------------------
---------------------------0---
-------------------------------
-------------------------------
-------------------------------
-------------------------------
-------------------------------
-------------------------------
-------------------------------
-------------------------------
-------------------------------
-------------------------------
-------------------------------
-------------------------------

Generation = 3, Population = 23.
--------0-----0----------------
---------0---0-----------------
----------0-0------------------
-----------0-------------------
-------------------------------
---------------------------0---
--------------------------0-0--
-------------------------0-0-0-
------------------------0-0-0-0
-------------------------0-0-0-
--------------------------0-0--
---------------------------0---
-------------------------------
-------------------------------
-------------------------------
-------------------------------
-------------------------------
-------------------------------
-------------------------------
-------------------------------
-------------------------------
-------------------------------
-------------------------------

Generation = 4, Population = 7.
-------0-------0---------------
-------------------------------
-----------0-------------------
-------------------------------
-----------0---------------0---
-------------------------------
-------------------------------
-------------------------------
-----------------------0-------
-------------------------------
-------------------------------
-------------------------------
---------------------------0---
-------------------------------
-------------------------------
-------------------------------
-------------------------------
-------------------------------
-------------------------------
-------------------------------
-------------------------------
-------------------------------
-------------------------------

Generation = 5, Population = 24.
------0-0-----0-0--------------
-------0---0---0---------------
----------0-0------------------
---------------------------0---
----------0-0-------------0-0--
-----------0---------------0---
-------------------------------
-----------------------0-------
----------------------0-0------
-----------------------0-------
-------------------------------
---------------------------0---
--------------------------0-0--
---------------------------0---
-------------------------------
-------------------------------
-------------------------------
-------------------------------
-------------------------------
-------------------------------
-------------------------------
-------------------------------
-------------------------------

*** Life<FredkinCell> 1x42 ***

Generation = 0, Population = 27.
-00--000-00--0000-0000-00---0000---000-000

Generation = 1, Population = 27.
011001-1-11001--1-1--1-110-01--10-01-1-1-1

Generation = 2, Population = 18.
1----2---2---200---00--2-1-120021-12------

Generation = 3, Population = 19.
-1--0-0-0-1-03-11-11110----2----2-230-----

Generation = 4, Population = 16.
1-10--------14-22-2---12--0-2--2--3-11----

Generation = 5, Population = 21.
--210------025-33--1-12311---00-20--220---

*** Life<FredkinCell> 40x22 ***

Generation = 0, Population = 25.
----------------------
0---------------------
--00---------------0--
----------------------
----------------------
----------------------
-------------------0--
----------------------
----------------------
----------------------
----------------------
----------------------
--------0-------------
-----------0----------
------0---------------
----0---0-------------
-------------0--------
--0-------------------
----------------------
----------------------
----------------------
---------------------0
----------------------
----------------------
--------------0-------
------------0---------
--------------0-------
-0--------------------
----------------------
----------------------
----------------------
----------------------
----------------------
----------------------
----0---0------0--0--0
----------------------
----------------------
--0----------------0--
-------------------0--
----------------------

Generation = 1, Population = 95.
0---------------------
-000---------------0--
00110-------------0-0-
--00---------------0--
----------------------
-------------------0--
------------------0-0-
-------------------0--
----------------------
----------------------
----------------------
--------0-------------
-------0-0-0----------
------0-0-0-0---------
----00-00--0----------
---0-000-0---0--------
--0-0---0---0-0-------
-0-0---------0--------
--0-------------------
----------------------
---------------------0
--------------------0-
---------------------0
--------------0-------
------------00-0------
-----------0-0--------
-0----------00-0------
0-0-----------0-------
-0--------------------
----------------------
----------------------
----------------------
----------------------
----0---0------0--0--0
---0-0-0-0----0-00-00-
----0---0------0--0--0
--0----------------0--
-0-0--------------010-
--0---------------010-
-------------------0--

Generation = 2, Population = 83.
--00---------------0--
0-1-------------------
11--10-----------0---0
0---------------------
--00------------------
----------------------
-----------------0---0
----------------------
-------------------0--
----------------------
--------0-------------
-----------0----------
----------0-----------
----0---10---0--------
----1--------0--------
----------00----------
------0----0---0------
0-------0-------------
-------------0--------
--0------------------0
----------------------
-------------------0-0
--------------0-------
------------0--------0
------------1-0-0-----
-0--------0---0-------
------------1-0-0-----
---0--------0---------
--------------0-------
-0--------------------
----------------------
----------------------
----0---0------0--0--0
----------------------
--0-------0--0--11-110
--0----------------0--
----0---0------0--01-0
0---0------------0---0
-----------------0---0
--0----------------1--

Generation = 3, Population = 238.
00-10-------------0-0-
102-00-----------0-0-0
22-1210---------0-0-0-
1-0000-----------0---0
00110-----------------
--00-------------0---0
----------------0-0-0-
-----------------0-0-0
------------------0-0-
--------0----------0--
-------0-0-0----------
--------0---0---------
----0---0----0--------
---010-021--010-------
---020--0000010-------
----0-0--01-00-0------
0----0-00--10-0-0-----
-0----00-0-0-0-0------
0-0-----0---0-0------0
-0-0---------0------0-
--0----------------0--
--------------0---0---
------------00-0---0--
-----------010--0---0-
-0--------002-1--0---0
0-0------0-0-0-0------
-0-0------002-1--0----
--0-0------010--0-----
-0-0--------00-0------
0-0-----------0-------
-0--------------------
----0---0------0--0--0
---0-0-0-0----0-00-00-
--0-0---0-0--0-000000-
-010-----0-00-0022---1
-0100---0-0--0-000----
0-0010-0-0----0-0-1--1
-0-010--0------001-10-
0-0-0-----------010101
-0-0-------------00-00

Generation = 4, Population = 92.
--02---------------0--
2-3-1-----------------
3-----10-------0---0-0
----------------------
----------------------
0---------------------
--00-----------0---0-0
----------------------
--------0-------------
-----------0----------
------0------------0--
----0---1-------------
----1-------01--------
--0----1-------0------
--0-------1-----------
0---1---0---1---------
--------10-------0----
0-----1----1---------0
------0---------------
----0---0-------------
-------------00-------
--0---------0----0-0--
--------------0-------
-0--------------------
----------1-------0---
--------0-------0----0
----------1-------0---
-0---0----------------
--------------0-------
------------0---------
----0---0-----00--0--0
-0--------------------
----------------------
--1----------------1--
0---0---0--11-1--3-1--
----------------------
----------------------
0-----0--------1-----0
----1---0---------12--
--0----------------1--

Generation = 5, Population = 308.
00-3--------------0-0-
3-40-000-------0-----0
421-21210-----0-0-0---
1-----00-------0---0-0
0---------------------
-000-----------0---0-0
00110---------0-0-0---
--00----0------0---0-0
-------0-0-0----------
------0-0-0-0------0--
----00-00--0------0-0-
---01000-0--00-----0--
--0020-00--01200------
-0101-0-2-0-010-0-----
00102--000-00--0------
-000-0-01-10-0---0----
----0-00-1010---0-0--0
-0---020000-0----0--0-
0---00100--0---------0
---0-000-0---00-------
--0-0---0----110-0-0--
-0-0-------0----0---0-
-00---------00-0-0-0--
0-0-------0---0---0---
-0------00-0----00-0-0
-------0-0-----0-0--0-
-0---0--00-0----00-0-0
0-0-0-0---0---0---0---
-0---0------00-0------
----0---0--0-0-0--0--0
-0-0-0-0-0--001100-00-
0-0-0---0-----00--0--0
-00----------------0--
00-00---0--00-0--0020-
-010-0-0-0022--02--21-
0---0---0--00-0--0-0--
0-----0--------0-----1
-0--10-00-----0-0-010-
0-00-000-0-----0-12-01
-0-00---0----------20-

*** Life<FredkinCell> 26x29 ***

Generation = 0, Population = 28.
-------------0---------------
--------------0-------0------
-----------------------------
-----------------------0----0
-----------------------------
-----------------------------
--------------------0--------
---0--0-----------0----------
-----------------------------
-----------------------------
----------------------------0
-0------------------------0--
----------------00-----------
-------0------0---------0----
----0------------------------
------0----------------------
-----------------------------
-------0---------------------
-----------------------------
-----------------------------
--0----------------------0-0-
----0--------0---------------
-------------------0---------
-------0---------------------
------------------------0----
-----------------------------

Generation = 1, Population = 103.
------------0---------0------
---------------0-----0-0-----
--------------0-------00----0
----------------------0-0--0-
-----------------------0----0
--------------------0--------
---0--0-----------00-0-------
--0-00-0---------0-00--------
---0--0-----------0----------
----------------------------0
-0------------------------00-
0-0-------------00-------0-00
-0-----0------00110-----0-0--
----0-0-0----0-000-----0-0---
---0-000------0---------0----
----00-0---------------------
------00---------------------
------0-0--------------------
-------0---------------------
--0----------------------0-0-
-0-00--------0----------0---0
--00-0------0-0----0-----0-0-
----0--0-----0----0-0--------
------0-0----------0----0----
-------0---------------0-0---
------------------------0----

Generation = 2, Population = 101.
-----------0-0-0-------------
------------0---0---0--10---0
-------------0---------------
--------------0------01--00-0
--------------------0--------
---0--0-----------0----0----0
------------------1---0------
-0--11--0-------0---1--------
--------------------0-------0
-0-0--0-----------0-------0--
----------------00--------1-0
---0---0------0-------------1
----0---------11--10--------0
-0---01--0--0---1-----0------
--0---1---------00-----------
----1---0-----0---------0----
----0------------------------
-----01--0-------------------
--0----------------------0-0-
----0--0-----0---------------
0---1--------------0---0-0-0-
--1---00---0---0-------------
--0--------------0---0--00-0-
----00---0---0---------------
-------------------0--0---0--
-------0---------------------

Generation = 3, Population = 294.
----------0-0-------0--00---0
-------------0---0-0-00210-0-
----------------0---0000000--
---------------0-----120011--
---0--0-------0---00--00-00--
--0-00-0---------0100---0--0-
-0-0000-0-------002000------0
0-002200-0-----0-000200-----0
---0000-0-------0-0010----00-
0---00-0--------0--00----010-
-0----00------0011-------02-1
--0---0-0----01-0000------00-
-0----00-0--00-2-1210-0----01
0----1-00-00-00-2-00-0-0----0
---00-2000--0-00-10---0-0----
--002000-0---0-000-----0-0---
---01-0-00----0---------0----
--0--1200-0--------------0-0-
-0-00000-0---0----------0---0
0-00100-0---0-0----0---0-----
-000200----0-0-0--0-0-0-----0
002000110-0-0-0-00-0-0-00----
-0100000-0-0-0-00-0-0-0011--0
--00110-0-0-0-0--0-0-00-0000-
----00-0-0---0----0-00-0-0-0-
------0-0----------0--0---0--

Generation = 4, Population = 103.
---------0-------0-----------
----------0---0-------1---0--
-------------0------1--------
---0--0-----------00----1-20-
-------------0---------------
--------------0-------0------
----------------1-------0---1
-01----1--0---0-------10--0-1
----------------10-----------
-------1------0---------0----
----0---------------0---0-3--
-0-0-0------------1---0-----1
------------11------10-------
---0---1--11------1-0-------1
0-------1-------------------0
-01-------0---------------0--
--0-------------00-------0-0-
---00--1---0-00---------0----
----1--------------0---------
------10---------------------
0-----1--------------0-00--0-
1------210-------1-----------
---------------1-------1-----
---1-------0-----------------
--0-----------------1---01-10
----0--0-----0---------------

Generation = 5, Population = 274.
--------0-----0-0-0---0---0--
-----------0---0-0--00-2-0-0-
---0--0---0-0-----0--00-0--0-
--0-00-0---------011---0--310
---0--0-----0-----00--0-0-00-
---------------00----0-00---0
-00----0--0----0-0-------0002
0120--0-00-0-0-0-0---021-0--2
-00-------0----0210---000-0-0
----0-0-0----0-000--0--0101--
-0-----0------0---00-0001--01
0---0-0-----00---0-0---00-00-
-0---0-0--0-221----1-1-------
0-0-0-1--022-0---0--1------02
--00-----0-0------0-0-----001
-1-0----00-0----00----------0
--1-1--0--00-000110-------0-0
---1-12-0-0--11000-0---0---0-
----200----0-00---0-0---0----
0---10-10----------0-0-00--0-
10---02000-------0--0--1100-0
20-----3-10----00-0--0--0--0-
0--0---000-0--0-00----0-1----
----1-----0-0--0----0--000-00
-0--0--0---0-0-----0-0-012-21
--00-00-0---0-0-----0---00-00

*** Life<FredkinCell> 31x49 ***

Generation = 0, Population = 5.
-------------------------------------------------
----0--------------------------------------------
-------------------------------------------------
-------------------------------------------------
-------------------------------------------------
-------------------------------------------------
----------0--------------------------------------
-------------------------------------------------
-------------------------------------------------
-------------------------------------------------
-------------------------------------------------
--0--------------0-------------------------------
-------------------------------------------------
-------------------------------------------------
-------------------------------------------------
-------------------------------------------------
-------------------------------------------------
-------------------------------------------------
-------------------------------------------------
-------------------------------------------------
-------------------------------------------------
-------------------------------------------------
-------------------------------------------------
-------------------------------------------------
------------------------------------------------0
-------------------------------------------------
-------------------------------------------------
-------------------------------------------------
-------------------------------------------------
-------------------------------------------------
-------------------------------------------------

Generation = 1, Population = 19.
----0--------------------------------------------
---0-0-------------------------------------------
----0--------------------------------------------
-------------------------------------------------
-------------------------------------------------
----------0--------------------------------------
---------0-0-------------------------------------
----------0--------------------------------------
-------------------------------------------------
-------------------------------------------------
--0--------------0-------------------------------
-0-0------------0-0------------------------------
--0--------------0-------------------------------
-------------------------------------------------
-------------------------------------------------
-------------------------------------------------
-------------------------------------------------
-------------------------------------------------
-------------------------------------------------
-------------------------------------------------
-------------------------------------------------
-------------------------------------------------
-------------------------------------------------
------------------------------------------------0
-----------------------------------------------0-
------------------------------------------------0
-------------------------------------------------
-------------------------------------------------
-------------------------------------------------
-------------------------------------------------
-------------------------------------------------

Generation = 2, Population = 19.
-------------------------------------------------
--0---0------------------------------------------
-------------------------------------------------
----0--------------------------------------------
----------0--------------------------------------
-------------------------------------------------
--------0---0------------------------------------
-------------------------------------------------
----------0--------------------------------------
--0--------------0-------------------------------
-------------------------------------------------
0---0----------0---0-----------------------------
-------------------------------------------------
--0--------------0-------------------------------
-------------------------------------------------
-------------------------------------------------
-------------------------------------------------
-------------------------------------------------
-------------------------------------------------
-------------------------------------------------
-------------------------------------------------
-------------------------------------------------
------------------------------------------------0
-------------------------------------------------
----------------------------------------------0-0
-------------------------------------------------
------------------------------------------------0
-------------------------------------------------
-------------------------------------------------
-------------------------------------------------
-------------------------------------------------

Generation = 3, Population = 66.
--0---0------------------------------------------
-0-0-0-0-----------------------------------------
--0-0-0------------------------------------------
---0-0----0--------------------------------------
----0----0-0-------------------------------------
--------0-0-0------------------------------------
-------0-0-0-0-----------------------------------
--------0-0-0------------------------------------
--0------0-0-----0-------------------------------
-0-0------0-----0-0------------------------------
0-0-0----------0-0-0-----------------------------
-0-0-0--------0-0-0-0----------------------------
0-0-0----------0-0-0-----------------------------
-0-0------------0-0------------------------------
--0--------------0-------------------------------
-------------------------------------------------
-------------------------------------------------
-------------------------------------------------
-------------------------------------------------
-------------------------------------------------
-------------------------------------------------
------------------------------------------------0
-----------------------------------------------0-
----------------------------------------------0--
---------------------------------------------0---
----------------------------------------------0--
-----------------------------------------------0-
------------------------------------------------0
-------------------------------------------------
-------------------------------------------------
-------------------------------------------------

Generation = 4, Population = 20.
-------------------------------------------------
0---0---0----------------------------------------
----------0--------------------------------------
-------------------------------------------------
-------------------------------------------------
----0--------------------------------------------
------0-------0----------------------------------
--0--------------0-------------------------------
-------------------------------------------------
-------------------------------------------------
----------0--------------------------------------
0-----0------0-------0---------------------------
-------------------------------------------------
-------------------------------------------------
-------------------------------------------------
--0--------------0-------------------------------
-------------------------------------------------
-------------------------------------------------
-------------------------------------------------
-------------------------------------------------
------------------------------------------------0
-------------------------------------------------
-------------------------------------------------
-------------------------------------------------
--------------------------------------------0-0--
-------------------------------------------------
-------------------------------------------------
-------------------------------------------------
------------------------------------------------0
-------------------------------------------------
-------------------------------------------------

Generation = 5, Population = 74.
0---0---0----------------------------------------
-0-0-0-0-00--------------------------------------
0---0---00-0-------------------------------------
----------0--------------------------------------
----0--------------------------------------------
---0-00-------0----------------------------------
--0-00-0-----0-0-0-------------------------------
-0-0--0-------0-0-0------------------------------
--0--------------0-------------------------------
----------0--------------------------------------
0-----0--0-0-0-------0---------------------------
-0---0-0--0-0-0-----0-0--------------------------
0-----0------0-------0---------------------------
-------------------------------------------------
--0--------------0-------------------------------
-0-0------------0-0------------------------------
--0--------------0-------------------------------
-------------------------------------------------
-------------------------------------------------
------------------------------------------------0
-----------------------------------------------0-
------------------------------------------------0
-------------------------------------------------
--------------------------------------------0-0--
-------------------------------------------0---0-
--------------------------------------------0-0--
-------------------------------------------------
------------------------------------------------0
-----------------------------------------------0-
------------------------------------------------0
-------------------------------------------------

*** Life<FredkinCell> 4x17 ***

Generation = 0, Population = 13.
--0------0-------
---0-00-----0----
-----0-------0---
-00-----0--0-0---

Generation = 1, Population = 29.
-0---00-0-0-0----
------10-0-0-----
-00001--0--0-10--
0110-0-0-00--10--

Generation = 2, Population = 33.
0-0-01-0-0-0-0---
--0000-1--01-00--
--11---0-0-1---0-
122-01--011-0--0-

Generation = 3, Population = 40.
--10---1--01-1---
00111---0012--1--
0-2-0-0101-2-1-10
2--0120-1220-1010

Generation = 4, Population = 24.
0-----0----------
---2-011-12300--0
-03--1---2---2---
32-12--0-3-----2-

Generation = 5, Population = 34.
-0-0--1--00101--0
00----22------10-
--41-2--0--2-3010
4-223-0--42--10-0

*** Life<FredkinCell> 19x47 ***

Generation = 0, Population = 46.
------------0----------------------------------
------------------0--0-------------------------
-------------------0-0----0-----------0--------
-----------------------------------------------
0-------------------------0------------00----0-
-------------------------------0---------------
------------------------0----------------------
-------------------0------------------------0--
--------0--------------------------0-----------
---------0---------0----------------00---------
-------------0-----00---------0-----00---------
------------------------------------------0----
-----------0------0----------------0--0--0-0---
---------------0-------------------------------
--------------------0--------------------------
------------------------0------------------0---
------------------00-----------------0---------
------0-------------0---------------0----------
-----0-----------------------------------------

Generation = 1, Population = 133.
-----------0-0----0--0-------------------------
------------0----0--010---0-----------0--------
---------------------10--0-0---------0-0-------
0------------------0-0----------------000----0-
-0-----------------------0-0---0------0110--0-0
0-----------------------0-0---0-0------00----0-
-------------------0---0-0-----0------------0--
--------0---------0-0---0----------0-------0-0-
-------0--------------------------0--0------0--
----------0--0----01----------0-------0--------
---------0--0-0---0-10-------0-0---0--0---0----
-----------0-0----000---------0----0000--------
----------0-0--0-0-0--------------0-00-00-0-0--
-----------0--0-0-0-0--------------0--0--0-0---
---------------0---0-0--0------------------0---
------------------000--0-0-----------0----0-0--
------0----------011----0-------------0----0---
-------0----------0--0-------------0-----------
----0---------------0---------------0----------

Generation = 2, Population = 148.
----------0-0-0----0-1----0-----------0--------
----------------0--01--0-----------------------
0-----------0----0-0-2-00-0-0-------0--1-----0-
------------------0--1---------0---------------
0-0----------------0-0----0-0--------0---100---
-------------------0---------0---0----------0--
0-------0-------------0------------0---00----0-
---------0-------0-0-0---------0----00----0---0
------0---0--0-----00---0-----0--0--0----------
-------0---0-----0-2-0------------00--10--0-0--
--------0------0-0---10-----0---0-01---0-0-0---
---------0-----0---1----------------11--0---0--
---------0------0--10---------0--0-----110-0-0-
-------------0---0------0-----------------01---
-----------0------01--0------------0-00--0-1---
------0--------0----1-0---0---------0----0---0-
-----0----------01---0-------------0---0-------
----0---0---------1---0-0---------0---0----0---
---0-0-0----------00-----------------0---------

Generation = 3, Population = 299.
---------0-----00-010-00-0-0---------0-0-------
0---------0---00--012101----0-------0-00-----0-
-0---------0-0----0103--1----0-0---0-00-0---0-0
--0---------0------00-000-----0-0---00-0-000-0-
---0---------------1-10--0-----0-0--0-0-12-1---
--0-----0---------01000---0---0-0-00-0-0000----
-0-----0---------0-----0-----0-0-00--001100----
0-----0------0--0--10---0-------00---10000-0---
-----0------0-0---0110-0-0---0--0---1-00----0-0
------------00-001-301--0---0-0-0----02-0--0-0-
-----------0--01-10-1-10---0-0-0-----0-10-0-0--
---------10---01-002-00-----0-0-000-220010-0---
--------010--0----0-10--0----0-00-0-000221010-0
---------0-00-0-----0-00-0----0--0-0-000001200-
------0---0-00-0--12-0100-0-------0-0110010200-
-------0---0--0--00--010-0-0-------0--0001000-0
--------0-------12----0-0-0-------------00-0-0-
-----0---0------0-2------0-------0--------0-0--
--0-0------------0-10-0-0---------0-0------0---

Generation = 4, Population = 156.
0-------0-------1--2-1----------------010----0-
--------------1--01--21--0-----0---------------
------------0--0-0----0020----0---0-------0----
-------------------1------------------------0--
--0-0---0---0---------1-------0-----1----3-200-
---------0--------12-1-----0-------101---------
-------------0-------0----0-0-0-----011--------
---------------0-------0----------------1-0---0
0---0------01-----1-------0----0---0--1-00-0-0-
-----0-------1---------0-------010------10-----
---------0-----202--2--1--0-----000-----10-----
-------------------3----0-------------1----10-0
-------01-----00--11--0--------1--10------1--0-
------0--1-1--------1----------------1---------
-----0-------1--0--30---1-----0-----12---------
--------------------1-------0----------1--1----
-----0-----0--00--1---10---------0-0--0----1---
--0---0---0----01---0---0-------0---0---0------
-0-------0--------021----------------0---------

Generation = 5, Population = 329.
-0-----0-0----00-----2---0-----0-----01-10--0-0
0-------0---00----2-2----10-----0-0---000-0--0-
-----------0-0---1-1------0--0---0-0-----0-00--
--0-0---0------0-00-0--000--------0-0----00-1--
-0---0-0---0-0----0----0---0-0-0----2---1--3110
--0-0-----0-00---023-2------------02-----0-000-
---------0--0-00--000100-0-0---0-----2211-0---0
0---0------0000-0-0--00-0---0-00---001-020-----
-0-0------012--0-0-1-----0-0--01-00-10--1-0----
0-----0--0-0--00010-0-010-----0-2--0--202100-0-
-----0--0-0--003-30--112-0-0-----111--01--000-0
-------001----0-00-4--0--00----000-0-2-010-210-
-------12--0-011002--0-00-----0-0021000--1-----
------------00000-00200-0-----00--00-20---1--0-
----0----0-00-00-01410-0-0--00-0---02-10--0----
-----------0-0000-0-20100--0-00--0-000--01-----
--0-0-------001--2-1-021----0--------0--0---0--
---0---0--------20--100--0-----0------00-0-0---
0-----0-0------0001--0--0-------0-----0-0------

*** Life<FredkinCell> 38x45 ***

Generation = 0, Population = 10.
---------------------------------------------
---------------------------------------------
---------------------------------------------
---------------------------------------------
------------0--------------------------------
---------------------------------------------
---------------------------------------------
---------------------------------------------
----------------0----------------------------
---------------------------------------------
-------0-------------------------------------
---------------------0-----------------------
---------------------------------------------
---------------------------------------------
---------------------------------------------
---------------------------------0-----------
---------------------------0-----------------
---------------------------------------------
-----------------------------------------0---
----------------------------0----------------
---------------------------------------------
---------------------------------------------
---------------------------------------------
---------------------------------------------
---------------------------------------------
---------------------------------------------
---------------------------------------------
---------------------------------------------
----------------0----------------------------
---------------------------------------------
---------------------------------------------
---------------------------------------------
---------------------------------------------
---------------------------------------------
---------------------------------------------
--------------------------------------0------
---------------------------------------------
---------------------------------------------

Generation = 1, Population = 40.
---------------------------------------------
---------------------------------------------
---------------------------------------------
------------0--------------------------------
-----------0-0-------------------------------
------------0--------------------------------
---------------------------------------------
----------------0----------------------------
---------------0-0---------------------------
-------0--------0----------------------------
------0-0------------0-----------------------
-------0------------0-0----------------------
---------------------0-----------------------
---------------------------------------------
---------------------------------0-----------
---------------------------0----0-0----------
--------------------------0-0----0-----------
---------------------------0-------------0---
----------------------------0-----------0-0--
---------------------------0-0-----------0---
----------------------------0----------------
---------------------------------------------
---------------------------------------------
---------------------------------------------
---------------------------------------------
---------------------------------------------
---------------------------------------------
----------------0----------------------------
---------------0-0---------------------------
----------------0----------------------------
---------------------------------------------
---------------------------------------------
---------------------------------------------
---------------------------------------------
--------------------------------------0------
-------------------------------------0-0-----
--------------------------------------0------
---------------------------------------------

Generation = 2, Population = 40.
---------------------------------------------
---------------------------------------------
------------0--------------------------------
---------------------------------------------
----------0---0------------------------------
---------------------------------------------
------------0---0----------------------------
---------------------------------------------
-------0------0---0--------------------------
---------------------0-----------------------
-----0---0------0----------------------------
-------------------0---0---------------------
-------0-------------------------------------
---------------------0-----------0-----------
---------------------------0-----------------
-------------------------------0---0---------
-------------------------0---0-----------0---
----------------------------0----0-----------
---------------------------0-----------0---0-
--------------------------0---0--------------
-----------------------------------------0---
----------------------------0----------------
---------------------------------------------
---------------------------------------------
---------------------------------------------
---------------------------------------------
----------------0----------------------------
---------------------------------------------
--------------0---0--------------------------
---------------------------------------------
----------------0----------------------------
---------------------------------------------
---------------------------------------------
--------------------------------------0------
---------------------------------------------
------------------------------------0---0----
---------------------------------------------
--------------------------------------0------

Generation = 3, Population = 147.
---------------------------------------------
------------0--------------------------------
-----------0-0-------------------------------
----------0-0-0------------------------------
---------0-0-0-0-----------------------------
----------0-0-0-0----------------------------
-----------0-0-0-0---------------------------
-------0----0-0-0-0--------------------------
------0-0----0-0-0-0-0-----------------------
-----0-0-0----0-0-0-0-0----------------------
----0-0-0-0----0-0-0-0-0---------------------
-----0-0-0------0-0-0-0-0--------------------
------0-0----------0-0-0---------0-----------
-------0------------0-0----0----0-0----------
---------------------0----0-0--0-0-0---------
-------------------------0-0-00-0-0-0----0---
------------------------0-0---00-0-0----0-0--
-------------------------0------0-0----0-0-0-
------------------------------0--0----0-0-0-0
-------------------------0---0-0-------0-0-0-
--------------------------0-0-0---------0-0--
---------------------------0-0-----------0---
----------------------------0----------------
---------------------------------------------
---------------------------------------------
----------------0----------------------------
---------------0-0---------------------------
--------------0-0-0--------------------------
-------------0-0-0-0-------------------------
--------------0-0-0--------------------------
---------------0-0---------------------------
----------------0----------------------------
--------------------------------------0------
-------------------------------------0-0-----
------------------------------------0-0-0----
-----------------------------------0-0-0-0---
------------------------------------0-0-0----
-------------------------------------0-0-----

Generation = 4, Population = 35.
------------0--------------------------------
---------------------------------------------
---------------------------------------------
---------------------------------------------
--------0------------------------------------
---------------------------------------------
-------0-------------------------------------
---------------------0-----------------------
--------------------0------------------------
---------------------------------------------
---0-------0---------------------------------
-----------------0-------0-------0-----------
----------------0----------0-----------------
---------------------------------------------
-------0---------------------------------0---
---------------------0------01-------0-------
-----------------------0-------1-------------
---------------------------------------------
-------------------------------------0-------
------------------------0-------00-----------
---------------------------0-----------------
---------------------------------------------
-----------------------------------------0---
----------------------------0----------------
----------------0----------------------------
---------------------------------------------
---------------------------------------------
---------------------------------------------
------------0-------0------------------------
---------------------------------------------
---------------------------------------------
--------------------------------------0------
----------------0----------------------------
---------------------------------------------
---------------------------------------------
----------------------------------0-------0--
---------------------------------------------
--------------------------------------0------

Generation = 5, Population = 130.
-----------0-0-------------------------------
------------0--------------------------------
---------------------------------------------
--------0------------------------------------
-------0-0-----------------------------------
-------00------------------------------------
------0-0------------0-----------------------
-------0--------------0----------------------
-------------------0-------------------------
---0-------0--------0------------------------
--0-0-----0-0----0-------0-------0-----------
---0-------0------0-----0-00----0-0----------
---------------0---------00-0----0-----------
-------0--------0----------0-------------0---
------0-0------------0------00-------0--0-0--
-------0------------0-00---01200----0-0--0---
---------------------00-0---000-0----0-------
-----------------------0-------0-----0-------
------------------------0-------00--0-0------
-----------------------0-0-0---0110--0-------
------------------------0-0-0---00-----------
---------------------------0-------------0---
----------------------------0-----------0-0--
----------------0----------0-0-----------0---
---------------0-0----------0----------------
----------------0----------------------------
---------------------------------------------
------------0-------0------------------------
-----------0-0-----0-0-----------------------
------------0-------0------------------------
--------------------------------------0------
----------------0--------------------0-0-----
---------------0-0--------------------0------
----------------0----------------------------
----------------------------------0-------0--
---------------------------------0-0-----0-0-
----------------------------------0---0---0--
-------------------------------------0-0-----

*** Life<FredkinCell> 7x19 ***

Generation = 0, Population = 5.
-------------------
----0--------------
----0--------------
-------------------
-------------------
----------------0--
----------0--0-----

Generation = 1, Population = 18.
----0--------------
---010-------------
---010-------------
----0--------------
----------------0--
----------0--0-0-0-
---------0-00-0-0--

Generation = 2, Population = 18.
----1--------------
--0---0------------
--0---0------------
----1-----------0--
----0-----0--0-----
--------------0---0
--------0-0110-0---

Generation = 3, Population = 48.
--00-00------------
-0101010-----------
-0101010--------0--
--00200---0--0-0-0-
---010---0-00---0-0
----0---0--000---0-
-------0--1--10-0-0

Generation = 4, Population = 20.
----1--------------
0---2---0-------0--
0-------0-0--0-----
-------------------
----------0--0-----
----1-------1---0-0
----0-0--0----1--0-

Generation = 5, Population = 53.
0--020--0-------0--
10-030-0100--0-0-0-
10--1--01--00-0-0--
0-------0----------
----1----0-0--0-0-0
---0200--000--00-0-
---01--00-1-11-0---

*** Life<FredkinCell> 20x17 ***

Generation = 0, Population = 19.
---0-------------
-----------------
----------0------
---0-----------0-
-----------------
-----------------
-----------------
-0---------------
-----------------
----0------------
-----------------
------0-------0--
--00-0-----------
---0---------0---
-0---------------
-----------------
----------0---0--
--------0--------
-----------------
----------0-0----

Generation = 1, Population = 61.
--0-0------------
---0------0------
---0-----0-0---0-
--0-0-----0---0-0
---0-----------0-
-----------------
-0---------------
0-0--------------
-0--0------------
---0-0-----------
----0-0-------0--
--00---0-----0-0-
-01----------00--
-0-100------0-0--
0-00---------0---
-0--------0---0--
--------00-0-0-0-
-------0-00---0--
--------0-0-0----
---------0---0---

Generation = 2, Population = 55.
-0-0-0----0------
---1-----------0-
---1----0---0----
-0---0-------0---
----------0------
-0-0-----------0-
-----------------
---00------------
-----------------
-00-----------0--
--00-0-----------
---1----0---01--0
0--000-0---------
-1---10----0--10-
--1--0----0---0--
---0----0----0---
-0------1-------0
------0-----0----
----------1---0--
--------------0--

Generation = 3, Population = 132.
0--1--0--0-0---0-
-00-00--0-0-0-0-0
-00200-0-0-0---0-
0-000-0-0-0---0--
---0-0---0-0-0-0-
0---0-----0---0-0
-0--0----------0-
--0110-----------
-0000---------0--
01---0-------0-0-
------0-0---000-0
0--------0-01200-
--1---0----000000
---1-21-----00-10
----01--00----1--
-0--00-0100-0---0
0-00--0020--00-0-
-0---0-00-00-00-0
------0--0-00010-
----------0--010-

Generation = 4, Population = 61.
-------0--0------
-----------------
---3--0-------0--
-0-----0---0---0-
---1-------------
----1------------
----------0------
-0-2-10-------00-
--11-0-----------
1--0----0----1---
-0---------------
-00-------------0
00----10-00---1--
----0--000-------
-0---2-----------
------0---1-1-0--
--11-01---0---0-0
---00-----1--1---
-0---------------
------0-------2-0

Generation = 5, Population = 138.
------0-00-0-----
---1--00--0---0--
-00-00-----0-0---
0-0-----0-0-0---0
-00----0---0---0-
-----0----0------
-0-0000--0-0--00-
0-03--10--0--0110
0-22-1--0----000-
---100-0-0--0-0--
-1-0----0----0--0
-111--00-00---00-
1---002-0-10-0-00
0--1----------1--
0-1----0000-0-1--
-000-010-02---100
-02-01-0-0-00-1--
-0--1-0--0200---0
0-000-0---1--01-0
-0---0-0-----0---

*** Life<FredkinCell> 30x5 ***

Generation = 0, Population = 25.
-----
-----
-0---
---0-
0----
--0--
-----
-0---
---0-
-----
-----
---0-
-----
-0---
-000-
-----
--0-0
0-0-0
0----
-----
-0---
-----
-0---
0-0--
---00
-----
----0
-----
-----
-0---

Generation = 1, Population = 63.
-----
-0---
0-00-
000-0
-000-
00-0-
-00--
0-00-
-00-0
---0-
---0-
--0-0
-0-0-
01-0-
0--10
-0-00
001-1
1-1-1
100-0
00---
0-0--
-----
-----
-0--0
0--11
---0-
---0-
----0
-0---
0-0--

Generation = 2, Population = 58.
-0---
---0-
1--1-
-11--
011--
11-10
0--0-
--11-
-1---
-0-1-
---1-
-----
-101-
-----
1002-
010-1
-1-0-
-----
21--1
1-0-0
10-0-
0-0--
-0--0
--0-1
--0--
0-0--
--01-
-0---
----0
-0-0-

Generation = 3, Population = 69.
0-00-
00010
---20
0----
----0
2-0-1
1----
0-2-0
02---
01-20
-0020
-00--
02-20
0----
-113-
-----
-21--
1--01
-2-02
---01
21---
1---0
--001
--1-2
00-11
-----
0--20
0--00
-----
0----

Generation = 4, Population = 66.
10---
--1--
-0---
-1-0-
--101
3---2
-0---
-0---
1--0-
-20--
-113-
-1-0-
--031
110-0
-2-40
---0-
-32-1
-0---
---13
1-0--
-200-
2-0-1
00--2
0-2--
1102-
-0---
100--
100--
---00
-0---

Generation = 5, Population = 86.
21---
00-1-
11-2-
0211-
0-21-
--0-3
-10-0
-121-
-2--0
---2-
022-0
02---
02-4-
22---
-31--
---11
0-30-
11-0-
22-24
-0101
23-1-
3-102
11003
--3-2
-2131
0-00-
---2-
-1--0
0--11
0-000

*** Life<FredkinCell> 38x44 ***

Generation = 0, Population = 37.
------------------------------------------0-
-----------------------0--------------------
------------------0-----------------0-------
------------------------0-------------------
--------------------------------------------
-----------------0--------------------------
--------------------------------------------
------------------0-------------------------
--------------------------------------------
------------------------------------0-------
----------------------0---------------------
------------------------------------0-------
-----------0--------------------------------
-----------------------------------------0--
--------------------------------------------
--------------------0-----------------------
0-------------------------------------------
-----------------------------------0--------
--------------------------------------------
------0-------------------------------------
--------------------------0----------------0
-----------------------------------0--0-----
-------------0------------------------------
------0--------0--0----0--------------------
--------------------------------------------
---------------------------0------------0---
0-------------------------------------------
--------0-----------------------------------
---------------------------00---------------
-------------------------0------0-----------
--------------------------0-----------------
--------------------------------------------
--------------------------------------------
--------------------------------------------
----------------------------0---------------
----0-------------------------------------0-
--------------------------------------------
--------------------------------------------

Generation = 1, Population = 138.
-----------------------0-----------------0-0
------------------0---0-0-----------0-----0-
-----------------0-0---00----------0-0------
------------------0----0-0----------0-------
-----------------0------0-------------------
----------------0-0-------------------------
-----------------00-------------------------
-----------------0-0------------------------
------------------0-----------------0-------
----------------------0------------0-0------
---------------------0-0--------------------
-----------0----------0------------0-0------
----------0-0-----------------------0----0--
-----------0----------------------------0-0-
--------------------0--------------------0--
0------------------0-0----------------------
-0------------------0--------------0--------
0---------------------------------0-0-------
------0----------------------------0--------
-----0-0------------------0----------------0
------0------------------0-0-------0--0---0-
-------------0------------0-------0-00-0---0
------0-----0-00--0----0-----------0--0-----
-----0-0-----00-00-0--0-0-------------------
------0--------0--0----0---0------------0---
0-------------------------0-0----------0-0--
-0------0------------------0------------0---
0------0-0-----------------00---------------
--------0----------------00110--0-----------
------------------------0--00--0-0----------
---------------------------0----0-----------
--------------------------0-----------------
--------------------------------------------
----------------------------0---------------
----0----------------------0-0------------0-
---0-0----------------------0------------0-0
----0-------------------------------------0-
--------------------------------------------

Generation = 2, Population = 137.
------------------0-----------------0---0-0-
---------------------0--10------------------
----------------0---0-------------0---0---0-
-----------------0----01--0-----------------
------------------0-----------------0-------
---------------0--10----0-------------------
--------------------------------------------
----------------01--0---------------0-------
----------------------0---------------------
------------------0---------------0-0-0-----
-----------0--------0---0-------------------
----------------------------------0-0-0--0--
---------0---0--------0---------------------
--------------------0---------------0--0---0
0----------0--------------------------------
------------------0---0------------0-----0--
0-0-----------------------------------------
------0-------------0------------0---0------
0-------------------------0----------------0
----0---0-----------------------------0-----
-------------0----------0---0------------0-0
---------------0--0----0---------0--11--0---
-----------0---1----------0----------------0
----0---0----1--11--00---0-0-------0--0-0---
0------------0------------------------------
------0-0------0--0----0-0---0--------0---0-
0-0------------------------10---------------
------0---0--------------0-1----0-------0---
0------------------------1---10-------------
--------0--------------0---1--0---0---------
------------------------0--1----------------
-------------------------0------0-----------
--------------------------0-0---------------
----0-------------------------------------0-
--------------------------0---0-------------
--0---0---------------------------------0---
----------------------------0---------------
----0-------------------------------------0-

Generation = 3, Population = 408.
-----------------0-0-0--00---------0-0-0---0
----------------0-0---00210-------0-0-0-0---
---------------0---0--00000------0-0-0-0-0-0
--------------------001200-0------0-0-0---0-
---------------0--1---000-0--------0-0------
--------------0-00-10--0-0----------0-------
---------------000000---0-----------0-------
---------------01200-00------------0-0------
----------------000-00-0----------0---0-----
-----------0-----0-00-0-0--------0-----0----
----------0-0-----00-0-0-0---------------0--
---------0-0-0------0-0-0--------0-----00-0-
--------0-0-0-0-----00-0----------0---00-0-0
0--------0-0-0-----0-00------------0-00-0-0-
-0--------0-0-----0-0-0------------00--0-0-0
--0--------0-----0-0-0-0----------0-0---0-0-
---0--0-----------0-0-0----------0-0-0---0--
--0--0-0-----------0-0----0-----0-0-0-0----0
-0--0-0-0-----------0----0-0-----0---00---0-
0--0-0-0-0---0----------0-0-0--------0-0-0--
----0---0---0-00--0------0-0-0---0--000-----
-----------0-00100-0--0---0-0---0-002200----
----0---0-0-0002-00-00-0---------0-0000---0-
0--0-0-0-0-0020-2200110-0-0-0-----0-00---0-0
-0--0-0-----0100000-00-0---0-0-----0----0-0-
--0--0---0---00-00-0--0---00--0------0-0-0-0
---0----0-0----0--0----0--0-1---0-----0-0-0-
--0--0-0-0-0------------01-2-000-0-----0-0--
-0----0-0-0------------0020-12-00-0-----0---
0------0-0------------0--0020-10-0-0--------
--------0-----------------020-0-0-0---------
---------------------------00--0-0----------
----0------------------------0--0---------0-
---0-0----------------------0-0----------0-0
--0-0-0------------------0-0-0-0--------0-0-
-0-0-0-0------------------0-0-0--------0-0--
--0-0-0--------------------0-0----------0-0-
---0-0----------------------0------------0-0

Generation = 4, Population = 143.
------------------0-----------------0-0---0-
-----------------0-0---1---0----------------
--------------0-------1---------0-------0-0-
------------------0-1-------0---------------
------------------------------------------0-
-------------0-------0-1------------1-------
------------------1---0-------------1-------
--------------0-------1-0-----------0-------
-----------0--------------------------------
-----------------1--------------0-------00--
------------------1-------0-----------------
------------------0-1-----------0-------1---
0------0-------0----------------------------
-----------------------------------101-----0
----------------------1---------------------
------0---------0-------0-----------1-------
--0-0------0--------------0----------------0
-------------------------------0---0--10-0--
-------------0------------------------------
--0---0---0----0--0-0--0--------------------
0---------------------0-------0--------0-0--
---------------------------0---0--11---10-0-
0--------0-------1--------------------------
--0---0-0-01--1-------1----0----------------
--------------------------010--------------0
-----------------------0-0-----00--00-0-----
--0-0--------0------------1-----------------
----0-0-----0--0--0----0--------------------
-----------------------11------11-----------
---------------------0-----310------0---0---
0---------------------0-----1-1-------------
----0---0---------------------------------0-
---------------------------00---------------
-------------------------0------0-----------
------------------------0-0-----0-----------
0-------0-----------------------------0---0-
--------------------------------------------
----0-------------------------------------0-

Generation = 5, Population = 428.
-----------------------0---0-------0---0-0-0
--------------0-0-0-0---2-0-0---0---0-0-0---
-------------0-0-00000-----00--0-0-----0---0
--------------0--0---01----0-0--0-------0---
-------------0----1-00-0----0-------0----0-0
------------0-0---1-0-0-0----------020----0-
-------------00--0-0--1-0----------0-0------
-----------0-0-0--0--02--0---------010------
----------0-0-0--0----0-0-------0---0---00--
-----------0----0---------0----0-0-----0110-
------------------200----0-0-------------0--
0------0-------0-01--0----0----0-0-----0-0--
-0----0-0-----0-0-0-0-----------0--000--0--0
0------0-------0------0-----------02-20---0-
------0---------0----0-00----------0-0-----0
--0-00-0---0---0-0----00-00--------0-0-----0
-0---00---0-0---0-------00-0---0---00-00-00-
--0-0------0-0------------0---0-0-0-0021--00
--0---0---0-0-00--0-0--0-------0---0--00-0--
00-0-0-0-0-0-00-00---0--0-----0--------0-0--
-00---0---0----0--0-00-----0-0----00--010---
---------0-------0----0---0-0---00222-0-10-0
-00---0----0--0-0-0---0--------0--00---00-0-
00-0-0---01202-0-2---1-0---1---------------0
--0---0-0-00--0-------00--1210-00--00-0---0-
--0-0--------0--------0---000-0110011--0---0
-0--100-------00--0--------1---00--00-0-----
--001--0---0--0-00-0--01--0----00-----------
----0-0-----0--0--0--00-22-1120220--0---0---
0-------------------0--00-0421-00--0-0-0-0--
-0--0---0--------------0----20-0----0---0-0-
0--0-0-0-0------------0----0--0----------0-0
----0---0----------------00110--0---------0-
---------------------------00--010----------
0-------0--------------0-0-0---010----0---0-
-0-----0-0--------------0-0-----0----0-0-0-0
0---0---0-----------------------------0-----
---0-0-----------------------------------0-0

*** Life<FredkinCell> 39x4 ***

Generation = 0, Population = 1.
----
----
----
----
----
----
----
----
----
----
----
----
----
----
----
----
----
----
----
---0
----
----
----
----
----
----
----
----
----
----
----
----
----
----
----
----
----
----
----

Generation = 1, Population = 3.
----
----
----
----
----
----
----
----
----
----
----
----
----
----
----
----
----
----
---0
--0-
---0
----
----
----
----
----
----
----
----
----
----
----
----
----
----
----
----
----
----

Generation = 2, Population = 4.
----
----
----
----
----
----
----
----
----
----
----
----
----
----
----
----
----
---0
----
-0-0
----
---0
----
----
----
----
----
----
----
----
----
----
----
----
----
----
----
----
----

Generation = 3, Population = 7.
----
----
----
----
----
----
----
----
----
----
----
----
----
----
----
----
---0
--0-
-0--
0---
-0--
--0-
---0
----
----
----
----
----
----
----
----
----
----
----
----
----
----
----
----

Generation = 4, Population = 3.
----
----
----
----
----
----
----
----
----
----
----
----
----
----
----
---0
----
----
----
-0--
----
----
----
---0
----
----
----
----
----
----
----
----
----
----
----
----
----
----
----

Generation = 5, Population = 10.
----
----
----
----
----
----
----
----
----
----
----
----
----
----
---0
--0-
---0
----
-0--
0-0-
-0--
----
---0
--0-
---0
----
----
----
----
----
----
----
----
----
----
----
----
----
----

*** Life<FredkinCell> 17x4 ***

Generation = 0, Population = 12.
-0--
--0-
----
--0-
0--0
----
---0
-000
0---
----
----
0---
---0
----
----
----
----

Generation = 1, Population = 18.
0---
---0
----
00--
-0--
0---
-0-1
-1--
--00
0---
0---
-0-0
0-0-
---0
----
----
----

Generation = 2, Population = 32.
-0-0
0-0-
00-0
1-0-
010-
-0-0
-1--
02--
0-11
1000
1--0
0-0-
-0-0
0---
---0
----
----

Generation = 3, Population = 24.
--0-
1--0
11--
--1-
-2--
--0-
--01
---0
----
2-11
--01
10-0
0-0-
----
0-0-
---0
----

Generation = 4, Population = 22.
00--
2---
-2-0
10-0
0-0-
--1-
-1--
---1
0-1-
----
---2
-1-1
10--
----
----
0---
---0

Generation = 5, Population = 38.
-10-
30-0
13-1
--11
121-
0-20
0--1
02--
----
2-11
-003
-2-2
2-00
00--
0---
-0-0
0-0-

*** Life<FredkinCell> 34x10 ***

Generation = 0, Population = 5.
----------
-0--------
----------
--------0-
-----0----
----------
----------
----------
----------
----------
----------
----------
----------
----------
----------
------0---
----------
----------
----------
----------
----------
----------
----------
----------
---0------
----------
----------
----------
----------
----------
----------
----------
----------
----------

Generation = 1, Population = 20.
-0--------
0-0-------
-0------0-
-----0-0-0
----0-0-0-
-----0----
----------
----------
----------
----------
----------
----------
----------
----------
------0---
-----0-0--
------0---
----------
----------
----------
----------
----------
----------
---0------
--0-0-----
---0------
----------
----------
----------
----------
----------
----------
----------
----------

Generation = 2, Population = 17.
----------
---0----0-
-----0----
-0----0---
---0---0--
--------0-
-----0----
----------
----------
----------
----------
----------
----------
------0---
----------
----0---0-
----------
------0---
----------
----------
----------
----------
---0------
----------
-0---0----
----------
---0------
----------
----------
----------
----------
----------
----------
----------

Generation = 3, Population = 56.
---0----0-
--0-00-0-0
-0-00---0-
0-00------
-00-0-----
---0-0---0
----0-0-0-
-----0----
----------
----------
----------
----------
------0---
-----0-0--
----0-0-0-
---0-0-0-0
----0-0-0-
-----0-0--
------0---
----------
----------
---0------
--0-0-----
-0-0-0----
0-0-0-0---
-0-0-0----
--0-0-----
---0------
----------
----------
----------
----------
----------
----------

Generation = 4, Population = 15.
-----0----
-----1----
----------
----0---0-
-1-------0
-0--------
----------
--------0-
-----0----
----------
----------
------0---
----------
----------
----------
--0-------
----------
----------
----------
------0---
---0------
----------
----------
----------
-------0--
----------
----------
----------
---0------
----------
----------
----------
----------
----------

Generation = 5, Population = 54.
----010---
----020---
----00--0-
-0-0-0-0--
020-0-----
010------0
-0------0-
-----0-0-0
----0-0-0-
-----0----
------0---
-----0-0--
------0---
----------
--0-------
-0-0------
--0-------
----------
------0---
---0-0-0--
--0-0-0---
---0------
----------
-------0--
------0-0-
-------0--
----------
---0------
--0-0-----
---0------
----------
----------
----------
----------

*** Life<FredkinCell> 35x46 ***

Generation = 0, Population = 13.
----------------------------------------------
----------------------------------------------
--------------------------------0-------------
----------------------------------------------
----------------------------------------------
----------------------------------------------
------------------------------------------0---
----------------------------------------------
----------------------------------------------
----------------------------------------------
------------------0---------------------------
----------------------------------------------
----------------------0-----------------------
----------------------------------------------
----------------------------------------------
----------------------------------------------
--------------------------------------0-------
------------------------------0----------0----
----------------------------------------------
----------------------------------------------
---------0------------------------------------
----------------------------------------------
-----0--------0-------------------------------
----------------------------------------------
----------------------------------------------
----------------------------------------------
----------------------------------------------
----------------------------------------------
-------------0--------------------------------
----------------------------------------------
----------------------------------------------
----------------------------------------------
----------------------------------------------
---00-----------------------------------------
----------------------------------------------

Generation = 1, Population = 52.
----------------------------------------------
--------------------------------0-------------
-------------------------------0-0------------
--------------------------------0-------------
----------------------------------------------
------------------------------------------0---
-----------------------------------------0-0--
------------------------------------------0---
----------------------------------------------
------------------0---------------------------
-----------------0-0--------------------------
------------------0---0-----------------------
---------------------0-0----------------------
----------------------0-----------------------
----------------------------------------------
--------------------------------------0-------
------------------------------0------0-0-0----
-----------------------------0-0------0-0-0---
------------------------------0----------0----
---------0------------------------------------
--------0-0-----------------------------------
-----0---0----0-------------------------------
----0-0------0-0------------------------------
-----0--------0-------------------------------
----------------------------------------------
----------------------------------------------
----------------------------------------------
-------------0--------------------------------
------------0-0-------------------------------
-------------0--------------------------------
----------------------------------------------
----------------------------------------------
---00-----------------------------------------
--0110----------------------------------------
---00-----------------------------------------

Generation = 2, Population = 50.
--------------------------------0-------------
----------------------------------------------
------------------------------0---0-----------
----------------------------------------------
--------------------------------0---------0---
----------------------------------------------
----------------------------------------0---0-
----------------------------------------------
------------------0-----------------------0---
----------------------------------------------
----------------0---0-0-----------------------
----------------------------------------------
------------------0-0---0---------------------
----------------------------------------------
----------------------0---------------0-------
------------------------------0----------0----
------------------------------------0---0-----
----------------------------0---0------0---0--
---------0----------------------------0-------
------------------------------0----------0----
-----0-0---0--0-------------------------------
----------------------------------------------
---0---0-0--0---0-----------------------------
----------------------------------------------
-----0--------0-------------------------------
----------------------------------------------
-------------0--------------------------------
----------------------------------------------
-----------0---0------------------------------
----------------------------------------------
-------------0--------------------------------
---00-----------------------------------------
----------------------------------------------
-01--10---------------------------------------
----------------------------------------------

Generation = 3, Population = 175.
-------------------------------0-0------------
------------------------------0-0-0-----------
-----------------------------0-0-0-0----------
------------------------------0-0-0-------0---
-------------------------------0-0-------0-0--
--------------------------------0-------0-0-0-
---------------------------------------0-0-0-0
------------------0---------------------0-0-0-
-----------------0-0---------------------0-0--
----------------0-0-0-0-------------------0---
---------------0-0-0---0----------------------
----------------0-0---0-0---------------------
-----------------0---0-0-0--------------------
------------------0-0-0-0-------------0-------
---------------------0-0------0------0-0-0----
----------------------0------0-0----0-0---0---
----------------------------0-0-0--0-0-----0--
---------0-----------------0-0-0-0--0-----0-0-
--------0-0-----------------0-0-0----0---0-0--
-----0-0-0-0--0--------------0-0------0-0-0---
----0---0-0-00-0--------------0----------0----
---0-0---0-00-0-0-----------------------------
--0-0-0---00-0-0-0----------------------------
---0-0-0-0--0-0-0-----------------------------
----0-0------0-0------------------------------
-----0-------00-------------------------------
------------0-0-------------------------------
-----------0-0-0------------------------------
----------0-0-0-0-----------------------------
-----------0-0-0------------------------------
---00-------0-0-------------------------------
--0110-------0--------------------------------
-000000---------------------------------------
01211210--------------------------------------
-00--00---------------------------------------

Generation = 4, Population = 50.
--------------------------------0-------------
----------------------------------------------
----------------------------0-------0-----0---
----------------------------------------------
----------------------------------------------
----------------------------------------------
------------------0-------------0-----0-------
----------------------------------------------
----------------------0-----------------------
----------------------------------------------
--------------0-------0-------------------0---
----------------------------------------------
------------------0-------0-----------0-------
------------------------------0----------0----
------------------0---------------------------
----------------------------------------------
---------0------------0-----------0-------0---
--------------------------0-------0--0-------0
-----0--------0-------------------------------
----------------------------------------------
-----0-------1------------------------0-------
------------------------------0----------0----
-0-------01-------0---------------------------
----------------------------------------------
---------0---1--------------------------------
----------------------------------------------
-----0--------1-------------------------------
----------------------------------------------
---------0-------0----------------------------
---00-----------------------------------------
----------------------------------------------
----------------------------------------------
-------------0--------------------------------
1--22--10-------------------------------------
----------------------------------------------

Generation = 5, Population = 189.
-------------------------------0-0------------
----------------------------0---0---0-----0---
---------------------------0-0-----0-0---0-0--
----------------------------0-------0-----0---
----------------------------------------------
------------------0-------------0-----0-------
-----------------0-0-----------0-0---0-0------
------------------0---0---------0-----0-------
---------------------0-0----------------------
--------------0---------------------------0---
-------------0-0-----0-0-----------------0-0--
--------------0---0---0---0-----------0---0---
-----------------0-0-----0-0--0------0-0-0----
--------------------------0--0-0------0-0-0---
-----------------0-0----------0----------0----
---------0--------0---0-----------0-------0---
--------0-0----------0-0--0------010-0---0-0-0
-----0---0----0-------0--0-0-----0100-0---0-0-
----0-0------0-0----------0-------0--0-------0
-------------00-----------------------0-------
----0-0-----0-0---------------0------0-0-0----
-0---0---00--0----0----------0-0------0-0-0---
0-0-----0120-----0-0----------0----------0----
-0--------0--0----0---------------------------
--------0-0-0-0-------------------------------
-----0---0---00-------------------------------
----0-0------0-0------------------------------
-----0---0----0--0----------------------------
---00---0-0-----0-0---------------------------
--0110---0-------0----------------------------
---00-----------------------------------------
-------------0--------------------------------
0--00--00---0-0-------------------------------
-123321210---0--------------------------------
0--00--00-------------------------------------

*** Life<FredkinCell> 1x39 ***

Generation = 0, Population = 25.
--0--0000--00000000-0-0000-0-0-00---000

Generation = 1, Population = 17.
-0-001--1001------1---1--1-----110-01-1

Generation = 2, Population = 19.
0--1-2002--20----0-0-0-00-0---02-1-12--

Generation = 3, Population = 19.
-00--3--300310--0------11--0-013---230-

Generation = 4, Population = 24.
01110-004----100-0----12210--1-41-03-11

Generation = 5, Population = 20.
1---1-1-50--12-1--1--02---100--52-14-22

*** Life<FredkinCell> 49x34 ***

Generation = 0, Population = 21.
--------------0-------------------
----------------------------------
------0---------------------------
----------------------------------
----------------------------------
--------0-------------------0-----
----------------------------------
-------0--------------------------
----------------------------------
----------------------------------
----------------------------------
--------0-------------------------
----------------------------------
----0-----------------------0-----
----------------------------------
----------------------------------
----------------------------------
----------------------------------
----------------------------------
------0---------0-----------------
----------------------------------
----------------------------------
-----------------------0----------
----------------------------------
----------------------------------
----------------------------------
----------------------------------
----------------------------------
----------------------------------
---------0------0-----------------
----------------------0-----------
----------------------------------
----------------------------------
----------------------------------
----------------------------------
----------------------------------
-------------------------------0--
----------------------------------
----------------------------------
--0---------------0---------------
----------------------------------
----------------------------------
----------------------------------
---0-----------------------0------
----------------------------------
----------------------------------
-----------------------0----------
----------------------------0-----
----------------------------------

Generation = 1, Population = 83.
-------------0-0------------------
------0-------0-------------------
-----0-0--------------------------
------0---------------------------
--------0-------------------0-----
-------0-0-----------------0-0----
-------00-------------------0-----
------0-0-------------------------
-------0--------------------------
----------------------------------
--------0-------------------------
-------0-0------------------------
----0---0-------------------0-----
---0-0---------------------0-0----
----0-----------------------0-----
----------------------------------
----------------------------------
----------------------------------
------0---------0-----------------
-----0-0-------0-0----------------
------0---------0-----------------
-----------------------0----------
----------------------0-0---------
-----------------------0----------
----------------------------------
----------------------------------
----------------------------------
----------------------------------
---------0------0-----------------
--------0-0----0-0----0-----------
---------0------0----0-0----------
----------------------0-----------
----------------------------------
----------------------------------
----------------------------------
-------------------------------0--
------------------------------0-0-
-------------------------------0--
--0---------------0---------------
-0-0-------------0-0--------------
--0---------------0---------------
----------------------------------
---0-----------------------0------
--0-0---------------------0-0-----
---0-----------------------0------
-----------------------0----------
----------------------0-0---0-----
-----------------------0---0-0----
----------------------------0-----

Generation = 2, Population = 83.
------0-----0-0-0-----------------
----------------------------------
----0---0-----0-------------------
--------0-------------------0-----
------0---------------------------
------01--0---------------0---0---
----------------------------------
-----0--10------------------0-----
----------------------------------
-------00-------------------------
----------------------------------
----0-0---0-----------------0-----
----------------------------------
--0---0-0-----------------0---0---
----------------------------------
----0-----------------------0-----
----------------------------------
------0---------0-----------------
----------------------------------
----0---0-----0---0---------------
-----------------------0----------
------0---------0-----------------
---------------------0---0--------
----------------------------------
-----------------------0----------
----------------------------------
----------------------------------
---------0------0-----------------
----------------------0-----------
-------0---0--0---0---------------
--------------------0---0---------
---------0------0-----------------
----------------------0-----------
----------------------------------
-------------------------------0--
----------------------------------
-----------------------------0---0
--0---------------0---------------
-------------------------------0--
0---0-----------0---0-------------
----------------------------------
--00--------------0--------0------
----------------------------------
-0---0-------------------0---0----
-----------------------0----------
---0-----------------------00-----
---------------------0---0--------
--------------------------0---0---
-----------------------0----------

Generation = 3, Population = 303.
-----0-0---0-----0----------------
----0-0-0---0---0-----------------
---0-0-010---0-0------------0-----
----0-0010----0------------0-0----
-----01-0-0---------------0-0-0---
-----0-200-0-------------0-0-0-0--
-----000000---------------0-0-0---
----0-00210----------------0-0----
-----0-0-0------------------0-----
------0110------------------------
----0-000-0-----------------0-----
---0---0-0-0---------------0-0----
--0-0---0-0---------------0-0-0---
-0-0-0---0---------------0-0-0-0--
--0-0-0-0-----------------0-0-0---
---0-0---------------------0-0----
----0-0---------0-----------0-----
-----0-0-------0-0----------------
----0-0-0-----0-0-0---------------
---0-0-0-0---0-0-0-0---0----------
----0-0-0-----0-0-0---0-0---------
-----0-0-------0-0---0-0-0--------
------0---------0---0-0-0-0-------
---------------------0-0-0--------
----------------------0-0---------
-----------------------0----------
---------0------0-----------------
--------0-0----0-0----0-----------
-------0-0-0--0-0-0--0-0----------
------0-0-0-00-0-0-00-0-0---------
-------0-0-0--0-0-00-0-0-0--------
--------0-0----0-0--0-0-0---------
---------0------0----0-0----------
----------------------0--------0--
------------------------------0-0-
-----------------------------0-0-0
--0---------------0---------0-0-0-
-0-0-------------0-0---------0-0-0
0-0-0-----------0-0-0---------0-0-
-0-0-0---------0-0-0-0---------0--
0-000-----------0-0-0------0------
-0110------------0-0------0-0-----
-000-0------------0------0-0-0----
0-0-0-0----------------00-0-0-0---
-0-0-0----------------0-00-000----
--0-0----------------0-0-00110----
---0----------------0-0-0--00-0---
---------------------0-0---0-0-0--
----------------------0-0-0---0---

Generation = 4, Population = 81.
------0---0-------0---------------
--------1-------------------0-----
--0-------0---0-------------------
-------1--------------------------
--------------0-------------------
----0-------0-----------0-------0-
------1---------------------------
---0----3--0----------------------
----------------------------------
----0---2-------------------------
----------------------------------
----0--1----0---------------------
----------------------------------
0-------0---------------0-------0-
----------------------------------
------0-0-------0-----------------
----------------------------------
----0-----------------------0-----
-----------------------0----------
--0-------0-0-------0-------------
----------------------------------
----------------------------------
-------------------0-------0------
------0---------0-----------------
----------------------------------
---------0------0-----------------
----------------------00----------
----------------------------------
----------------------------------
-----0------11------1-------------
------------------1-------0-------
----------------------------------
-------------------------------0--
---------0------0-----------------
----------------------0-----------
--0---------------0---------------
---------------------------0-----0
----------------------------------
----------------------------------
0--1--0-------0-------0----0------
-------------------------------0--
----------------------------------
-----------------------0----------
--1----0----------0----1----1--0--
----------------------------------
----------------------------------
-------------------0-------1------
---0--------------------0--10---0-
-----------------------0----------

Generation = 5, Population = 293.
-----0-000-0-----0-0--------0-----
--0---00-0----0---0--------0-0----
-0-0---010-0-0-0------------0-----
--0---0-1-0-----------------------
----0--0----00-0--------0-------0-
---0-00----0-00--------0-0-----0-0
---000-00--00-----------0-------0-
--0-0-00-10-0---------------------
---00------0----------------------
---0-0-1-0------------------------
-------00---0---------------------
---0-00-0--0-0--------------------
0---0--00---0-----------0-------0-
-0-----0-0-------------0-0-----0-0
0-----0---------0-------0-------0-
-----0---0-----0-0----------------
----0-0-0-------0-----------0-----
---0-0-----------------0---0-0----
--0-0-----0-0-------0-0-0---0-----
-0-0-----0---0-----0-0-0----------
--0-------0-0-------0-------------
-------------------0-------0------
------0---------0-0-0-----0-0-----
-----0-0-------0-0-0-------0------
------0--0------------------------
--------0-0----0-0----00----------
---------0------0----0110---------
----------------------00----------
-----0------00------0-------------
----0-0----0220---00-0----0-------
-----0------00---0-00----0-0------
------------------0-------0----0--
---------0------0-------------0-0-
--------0-0----0-0----0--------0--
--0------0------0-0--0-0----------
-0-0-------------0-0--0----0-----0
--0---------------0-------0-0---0-
---------------------------0-----0
0--0--0-------0-------0----0------
-00-00-0-----0-0-----0-0--0-0--0--
0--0--0-------0-------0----0--0-0-
-----------------------0-------0--
--0----0----------0---010---0--0--
-0-0--0-0--------0-0--020--0-00-0-
--0----0----------0----0----0--0--
-------------------0-------1------
---0--------------0-0---0-02----0-
--0-0--------------0-----00-10-0-0
---0------------------0----00---0-

*** Life<FredkinCell> 8x34 ***

Generation = 0, Population = 30.
-------00---------------------0---
---------------00-0-00----0-------
--------0----0--------------------
-------0------0-----0-------------
-----------0------0---------------
-0----0--------00-0--------0-----0
---------0----0-------------------
-0-00-------0----------0----------

Generation = 1, Population = 85.
------0110-----00-0-00----0--0-0--
-------0-----0011---110--0-0--0---
---------0--0--00-0--0----0-------
------0----0---0--00-0------------
-0----00--0-0-0000100------0-----0
0-0--0-0-0-0---11-10------0-0---0-
---00-0-0-0-00--0-0----0---0-----0
0--110---0-0-00-------0-0---------

Generation = 2, Population = 74.
-----012-10--0--------------0-0-0-
-------1-----1--20-0--100---0-----
------000-0----1--1-----------0---
-0---01--0--0---0-1-010---00-----0
--------0-----1-1---1-------------
-0-----10---00--202----0-0---0-0-0
-------0----1---1-1---------------
-00-21----0-0-100-0--0-0-0-0-----0

Generation = 3, Population = 127.
----01---210010-00-0--000--01----0
-----00--0--020-310-112-10-010--0-
-0-----110-0000-0-2-00-00-0000-0-0
0-0-01--0--0-00-1-2---10-0110-0-0-
-----00-1----------02-00-000-0-0--
0-0---0--0-0-1-13--00-0---0-0-----
--0-0001--00--0--0-0-0-----0-0-0--
011-3200-0--1-2---100-------0---0-

Generation = 4, Population = 73.
---01---1---12----0-------0-------
-0----1----01-1-42-0-2--2101--0--0
----0--22---1-1--0------------0---
-0--1-----010---2-3----10---------
--------2-----10------1-------0---
--1000----01--024-21-01---1--0----
-----1--001---1---1---------------
1----31-------30--211------------0

Generation = 5, Population = 131.
-0012112-2---3--0----0--0-1---0--0
0-00-0----01222-5-0---203-1210100-
---010-33000--2101-0-0-0-000-010-0
0-0021-0-01--0---0-0---210--------
-000-0-0-0--00--1--0--2-0-0----0--
-02---0----201135--2-1-0-0-00-----
0-00---11----0-010-0000---0--0---0
-1--3-20000--0-100--20----------0-
