*** Life<FredkinCell> 19x12 ***

Generation = 0, Population = 42.
----0-------
----------0-
00---0--0---
00-0--00----
0----0---0--
--------0---
--0---0--00-
--0----0----
--0----0----
------------
00--0----0--
------0-00--
--------0---
-0--------0-
---0-0-0----
-------0----
-0--0-0---0-
---0--------
------------

Generation = 6, Population = 125.
-4201110-110
-200-04-1--0
0-30122----0
422--3-2-220
2-0---1-1214
---130-1-13-
-1-02-1-042-
-0-1-102--0-
--3-0--232--
-2-010-1-1--
4-1523-021-2
--1--1-1-0-2
21-0--1-2-3-
-3-3--23023-
-0---014--13
-2--0---221-
233--2001-11
-3----1----1
14-1--0--12-

Generation = 12, Population = 105.
24613--415--
-3--1-----0-
-2-11---0--2
--432-3--34-
-61315-----5
-4-4-30-2-4-
3-6--45--832
-1----44-744
--4---33662-
3512-2-2-23-
-4-7------1-
--2-4-4---2-
6-22-1---240
0-2-1165-44-
-12-5-------
---4-4--3-22
-4-----1---3
--3-----1--5
-61-1-3-3543

Generation = 18, Population = 110.
5---46-72-60
3-14-----14-
-67---4-2-7-
77--5------5
6--3--43-347
664-5--1-27-
----6470--3-
-3---48--+4-
1--------84-
-----31-527-
-73844-73-2-
----5--3-3--
-24-45-58-52
3--5---626-1
054-+-47-1-7
---4-5-34---
5-64---1--36
-646--335055
98-11-----4-

Generation = 24, Population = 128.
-+9--7-9686-
96---77--252
6-+3--------
--+4988--888
68--3--67468
87----132-9-
57--8680-+--
355-44------
1++---356-86
-9252-5--5-1
6-4--6---545
34536-74333-
9-846738-4-2
5-----6--882
-56--48+---9
----3546-64-
-7674855-8-6
--573575----
+8----7--7-3

Generation = 30, Population = 112.
8+-4+94-----
+-59------8-
+--3--4-67--
-8+--8--3---
-8---89-9---
-+89---32--7
-9---++0--35
96-465+-7--6
4++-546-7+-7
79-636-+77+1
-+6--6-+-6+-
----73+----5
--8-88-++68-
7----4-+-9--
-97++6-+526+
4-37--5+-7--
5-8-68-+-+--
7----+--8---
-+--368-----

*** Life<FredkinCell> 13x7 ***

Generation = 0, Population = 8.
-------
-------
0------
-0--0--
-------
-------
---0---
-------
--0----
-------
-------
0---00-
-------

Generation = 8, Population = 14.
--12---
-------
-------
23---3-
1------
-------
-------
3---11-
-------
-------
2-0----
-2--1--
---3---

Generation = 16, Population = 13.
-------
-------
--3----
2---34-
---6---
-------
--4----
-4--2--
4--4---
-------
-------
-3--2--
3------

Generation = 24, Population = 20.
0-59---
-------
---7---
44---6-
8-4----
-------
7------
-5--3--
-------
-------
4-55---
36---4-
--+5---

Generation = 32, Population = 12.
1------
-------
---8---
-------
--5----
-------
9------
68---5-
-------
-------
---+---
3---55-
--+----

Generation = 40, Population = 21.
1------
-------
--8+---
9---67-
--5+---
-------
+-8----
6---66-
+--6---
-------
---+---
57---7-
+-+----

Generation = 48, Population = 17.
--++---
-------
--+----
-+--7--
+--+---
-------
--+----
89---8-
+--9---
-------
9-+----
-------
+--+---

Generation = 56, Population = 23.
3-++---
-------
--++---
-+--8--
+-7+---
-------
+-+----
-------
+--9---
-------
+-++---
+---88-
+-++---

Generation = 64, Population = 14.
--++---
-------
-------
++---+-
+------
-------
-------
+---99-
-------
-------
+-+----
-+--9--
---+---

Generation = 72, Population = 13.
-------
-------
--+----
+---++-
---+---
-------
--+----
-+--+--
+--+---
-------
-------
-+--+--
+------

Generation = 80, Population = 20.
4-++---
-------
---+---
++---+-
+-+----
-------
+------
-+--+--
-------
-------
+-++---
++---+-
--++---

*** Life<FredkinCell> 14x3 ***

Generation = 0, Population = 5.
---
-0-
---
---
---
---
0--
---
0--
---
0--
---
-0-
---

Generation = 5, Population = 17.
-0-
--0
---
---
---
0-0
---
00-
0-0
00-
-2-
-0-
220
00-

Generation = 10, Population = 11.
0--
---
010
-1-
1--
---
---
---
1--
---
-21
-0-
--1
---

Generation = 15, Population = 16.
122
020
-2-
0--
---
0--
-0-
--0
---
0-0
---
0-0
-2-
---

*** Life<FredkinCell> 12x22 ***

Generation = 0, Population = 45.
0------------------0--
0----0-----0-----0-0--
-----00---0---0-------
--0--0----------0-----
----0-00-----0-0------
-0-00--------0--0-----
0------0-----00---0---
----------------------
0-------0-----0--0-00-
-----0-0--------------
--0-0---000------0-00-
----------------------

Generation = 10, Population = 129.
22--221--12---3-3-3-33
-1-6-------2--327-152-
---1-12203--0--------1
---0--2-3-0---310--051
-1--4--423--33---2-1-2
---4-6202-02-211224-6-
--214--2-43--24-0444-1
-13--4-22--131-1----01
-0----3--22-5-031--27-
00-01----6-2-7-----0-0
0-0-152-10-43024-2-542
-0-0-104---------0-1--

Generation = 20, Population = 117.
-8----3-----115--2-64-
764--6--------6--43---
-2----78-54137-4-5--64
-62-38-452-3447--3--8-
6------569-2-323-46-6-
23+--9--2--47------6-4
-34-9-7--8-026--5+---6
---3---4---7-----522-3
4-52--7-1--+-45-4-25--
2--6----1836---2-2----
----6----557--2+----62
-312-22--1-50---32-71-

Generation = 30, Population = 127.
-+6375-84---43--+-+-77
-8---+----4-57-6---+--
---9+-+-67---9-----6--
-864----+-5----49----5
--3+-6-66---76-8--+---
--+80-6-4-59---5+-6--7
--7-++85++83--9-++9868
2-67-8-----98----6-45-
8---75-+5-4++---6-58+4
85----235+---94-+-----
----9-6-7-----7-8749+5
--3-558+3526--14-73-52

Generation = 40, Population = 138.
-+---689-9-7------+9--
-----+8---4---+-+-6---
+-3---++9--78+47+84-+-
5+-------5-+-79--+4-+-
+-8-+-+--+7-9-7+8---+8
58++--+----++-7-++9+-9
-8--+--7++-6--+9+---9+
-47+-+3-83-+-5--++-6-8
+3-6+---8---++-986-++7
9-8+4+-77-7+3+98+--67-
-648----9+8+--+--+69--
8-47------2+4--5996-67

Generation = 50, Population = 143.
++-6+99+---7-5---9+--+
--++7++69---+-+---7-6+
++6-+-++--+-9+7-+-7-++
---+-+----++--++---6--
+--++9-++++++-+-+6++-+
-+-+---8--8-+8--++--+-
7++6-++++++----+-+----
+77+++4-+6+++----+478-
-6-9+9+--7+++++---+---
+9-+7+6---8+-+-+++-++-
--6+-+--9+9++------+--
997--8--78----7---7++-

Generation = 60, Population = 138.
-+-6++----+9+6-+-++---
++-+8---+--++-++-+8+--
+----+++--+---++++++--
7+++-+-++9++--+-+-+++-
-++-+---++-+-9+-+9-+++
-+++5+--778+-+---++--+
9---++----+-+-+-++-+-+
--++-+-+-7---9+-+-9-+-
-7---9+---+--+-++-++--
---++-----++8+++++++--
-+-+-++++-----+++--++-
-+-8+9+-++--9----+-++-

Generation = 70, Population = 141.
+++6---+---+-------++-
+--+----+-+---+-++---+
--8+---++-+--+-+-+++-+
++-++-++--+-+-+++---+-
-+++-+--+++++-++++-++-
--++9-++-++-++--+++-+-
+--++--+---++++++-+--+
++++-+++-8-++++++----+
-+--+++--++-------+--+
+-----+++++++--+++-+++
+--+++++++---++-+-+---
--9-+++--+4+-++--+8++-

Generation = 80, Population = 132.
-+-+++++++-+--++--+-++
-+--+--+--++++---+----
------+++++--+++++--+-
++-++---++++++-+--+--9
+++-+-----++-+----++-+
9+-++------++--++-+---
+-++--+--+----+-+-+-++
-+++++----+-+---++-++-
--++++-+++---+--+--+++
----+--+--++++++--+--+
+++-+++---+-+++-++---+
+----+-+-+6+---+-++-++

Generation = 90, Population = 134.
++------++--+--+++--+-
--------+----+--++-++-
--+-+++-++++++--+--++-
++-+-++--+------+--+-+
-++-+-+-+--+-+++-+-++-
++++++++9+++--++-++---
-++++-+--+++++-++-+---
+-+-+--------+----+++-
++-+-+-+---+++++-+--+-
++--++--+++++-+++-++-+
-----+--+++-++-+-++-+-
++-++--+++---++-++-+--

Generation = 100, Population = 121.
+-----++---+-++-+++---
+++-+-++-+++--++-+--++
+---------+--+++-+++--
+-+---+--++-+--+--+---
--+-++-+-++++-+---+---
+--+++-++++-+++--+-++-
-+-+++++-------++-+-++
++-+-------+--++--+-++
+--++-+---+-++-+-+++--
+++----+-+--+-+-+-++--
-----+-++----+-+++-+--
--++++--++---+----+--+

*** Life<FredkinCell> 20x24 ***

Generation = 0, Population = 111.
--0--0-----0------------
--0-------0-00-----0-0--
0--0000--0--0-----------
0--0---0----0---0--0----
0----00--------0-0-0----
----------------000-0---
0-0------0--0-0-0-----0-
-------0----0-0----0----
0-0-0-00-------0--------
--000--------0------0---
-0---00--0--0------00---
--0-0--00-0---0---0-----
--0-0--00-0------0------
---0---0-------0---0--0-
0-000---0---0--0--0-0---
0---------00----00--0-0-
-------0--0---0--0--0---
-00----0---00-0---------
----00-0-------------00-
------------------------

Generation = 8, Population = 209.
-3-1--51-30-14030--2--0-
---021----12----01-52---
-1114-4-32-2-221--------
0-2---1-1-1-3-333-3450--
-200-6----10114--3---2--
--22---110---3-1----00-1
22-006--1-342-10-1----3-
3---1-1---1----111---1--
1---204-3--13--2-1--5--1
-01223-1-----30----23---
---11141---3-23--1----4-
---31-24-------5--22----
----131--08-4---3420---0
---1---3------5214--34-5
---3211-01-40-4------121
-1-3--1--2-43-2-----3--0
3---2----34-3-4--11---10
3-2-321--1-6-1-223-33---
1--2164-12--1-2---------
--012---1-2---43--31--2-

Generation = 16, Population = 192.
1-4-5--6563---03-2------
----35-------535--3-8---
---------3-8--5-23-2---1
0--54---3-95-3----759--4
---0-84-5---327235-4235-
75-5--------27844---5---
3---------5-6-42----2542
51-1---4---7-6----641--4
4-7-----44----3---7----3
34--6---------------3-7-
------9--2--------02-267
--2-5-56--3---283---6--5
238213--54-----4-84-2-05
---24-3-3-147-8--56--4-7
-79-4----25-1---223-7---
551-1-4---6-6352----527-
-1--422----36-----7---52
4--7------6-6-4--3--7--3
--331--7-4-4--4-4---0743
5--7---4----6----8544---

Generation = 24, Population = 249.
256-9--8--------25--72--
-3657657--5-5-781---8332
-6---47----+83+-5955234-
--49-0-1--+5-84--6--+-6-
7-3---76-8-55-84----3---
----9339855--+-+-5--5-9-
567-4--------5--86764-46
841-6---74---684-+-5-3--
--8-7475-6358-4-46+---99
3-467-2-458-7938-4--5--2
76673--8--87-+-8-31-4---
7-----7----+534---3-+-8-
4-+-2--6---57----980-6--
-3--7-58-8248------38--+
2++555-464784--4645---43
86------66-67-6--56--471
---3--3-9-+9-5+2-2854---
---9+-7-5269-46--39--447
--------2--4429-8881-7-6
--4-4-4+-457----7+5-5-43

Generation = 32, Population = 229.
78+-+--+-+-75-35-------+
-67---+-83697-+--5-+----
4-------76-+-7+--+-----+
43-+9--3-7-9-98+-++5+7++
--449+9-+-6-+6-86+-83--+
--+7---+---9-++--8-56-+-
--734+7-58+-9-7--6---8--
--5-8--9-55--6+-5-68-3-6
-79-9--9-7769-67+-+-94-9
--+7------+-9+9--5--84+-
-6--38-+---+---+--26-6-+
7-----7-496-857-9--9-3-7
5--4---87----54------85+
76868---6+---8+55--5-8-+
-++-77659----6--7--9-5--
--4-698-+--9-5+-2--+8-9-
---69-8-9-+--6+5--+---+4
--5+++---4--8---4-+-+-47
5--72-8---764--6-9----4-
---+---+8-6--4+---6-8---

Generation = 40, Population = 248.
--+---+--+8+5--+39+9--2-
-69+-++9----8-+-965-+-65
7-8--795-88++8-8-+976-++
--4+9-8----+6+9+++----+-
-+---+--+-78-9+98-8--++-
+--+-5---+-9-++-785775+-
9--5-+--+-+--+-8-+8-9+6-
-87---------9-+-8-8-3-4-
+-+--+----89+---------++
-++-+---++--++--383-+4--
-99-7+++4--+-+8+-3---+--
8-+--4--5++--97-++8-+3-8
5-+-6-9---+8+-6+--+-9+7+
8+-98--+8+-+++-798+----+
3+--++----+-+---8--+-88-
-+9-9-+3+--99-+-5-+--9--
-7+--4--+++--9-8-4--7-+4
--7-+++---+-+++779+9-45-
7-+-5--+-+--53-6+-+95--7
9+--99-----+----+-8-+3--

Generation = 48, Population = 240.
++-----+-+--6+-+--++--4+
--9-+-+------++--67+--96
8--+68--+++++8--9++8----
--4++--5-------+---8---+
++56+++-+-+--+--++-+---+
+-+-+-+-+-++++-+-97---+9
---8+--++-+-+-98++9++-9-
-+8-++-+-+-+----8----5--
--+6-+----+++-+9+8+----+
7-+++--++-+----+7+--+-+-
-+++-+-+---++-++-7---+--
-6-8+-+--+---++-++-+--++
97-5-+-+--++--7-+++--+7+
+-++--++-+9++++-++--++--
-++8--96+-++--+-++--+-++
-+9++---+++-+-+-8+-+-+--
-8+-+--+++++--+-+7---9--
+5---+--9---+++--+-+----
8+---+--+-8-63+7++-+---9
----+-++-+-++-++-----5+-

Generation = 56, Population = 239.
-++--7+--++---9---++----
6-++++-+-6---+-++9--+---
-----+-6++-+--++-++-9++-
-+-++-+--++-+++++----+++
---+--+++++----+++++-++-
+---+8+-+-++---+-++----+
--+-+--+---9++---+++++--
-+---+--------+9+--+-8--
++--+-++-++-+-+-+---++++
-+++-+-++++++-++9-5-+-++
---+++++-++---+---7-8-++
+7------7+-+--++--++-7--
+--5+-+-+--+-+8-+--8----
-+---9-++--++--7------+-
3+++--+8+-++++--++++----
-++++++8-+++--+---+-+-++
+-----++-++--+--+8---++-
----+--7++-++++99--+-8-+
+++-9++++-+7+5---++--+-+
---+--+---++-+-+-+++-+--

Generation = 64, Population = 216.
-+--+9----+-----7--+-67+
8+---+----+++++++----7+-
8--+9++7+++-+-----++-+-+
-+-----+-++----++-+-++--
+++-+++-+-+-------+-+---
+-+-+-++--++--++--+++---
+-+----++---+-++++----++
--+9+---+-9---+---++++--
--+-+--+-+----+-+++--+--
---+--9+-+---+--9+--++--
-++++----+-++-++------++
+--+++-+9-+-+++---++-++-
--+8-++++++-+-9+-++--+--
-+-----+++----+++-+-++--
5++--+--+-+---+++-+---+-
++----+++---+------++--+
+-+-+++--+--+-++---+++--
++++-+-9---+-+-9----+-++
+-+++++--+-+-+----++-+--
--+-------+-++-----+-+--

Generation = 72, Population = 257.
++--++-----+--+--+++--++
8+-----+--++-+-++++++-++
+---++---+-+---++--+-+-+
+-9++--+--+---+-+++----+
+++--++-++---+-++++++-++
---+++---++-++++---+-9++
--+-+--++++----+++-+++++
-+-++--++---++--+-+--+-+
+---+---9-+--6+-++-++-+-
8++--+-+++++-+-+++-+----
-+---++-++---+++--8++-+-
+-++++-++++--++---+-----
++-+++-+++++--++++-+----
-+--++--++++--+-++++-+-+
8+++--+-+--++--+-+++-++-
++----++-++-++-+++++--++
--+--++-+-+++-+++-+-++++
+--++-++--++--+-9-+-+---
--++--+--+++--+-+++---++
+++++----+-++--++-+---+-

Generation = 80, Population = 258.
++-+-+-++++++----+++----
++--+-+-+-+-----+--+++-+
+--+--+8---++-++++---+--
---++9--+--+++--+-+-----
-+-++-+-+-+++++++++-++++
+--+--+-++--++-----+-+-+
++++-+++-+++++-++--++--+
-++++-+++--+---+--+-++-+
-++-+++-+++++-++-+-+-+++
9++----+--++--+-+-+---++
+-++++-+-+-++++++--+++++
++-+++-++++--++-+-+--+++
-++---++++--+-------++-+
-+++--+-+---++++---+----
---+++-----+-++++--+--+-
--+-+--++---+++------+++
++-+++-++--+-+--+-++-+--
+-+--++-+-+-+-++---++-++
-+-++++-+---++++-+-+++-+
+--+-++--+--+++-+-+-+++-

Generation = 88, Population = 238.
--++-+++--+---++--++---+
-+++-+-++-+-+--+-+--+-+-
-++-+++-+-++-+++-++++-+-
--+-++-+++---++-+--++--+
+++++-++-++--++-----++-+
+++--++-+-+-+------+-+-+
-++-+-+-+------+++-+--++
-----+--++-++---++--++--
---+++++-+-+-+-+-+--+-+-
-+-+-----+--+--+++-+-++-
+++-+---+-++-++-+-8++-+-
---++-+-+-+-+---+--++-+-
---++++-++-+---+-+++++++
---+-++++++-------++----
++--+++--+++++--++++-+++
-++++-++---+-+--++--+---
-+-+---+-----++--++----+
+-+-+--+-------+-++---++
++-++-+--+--+-++++-+++++
--++--++-+-+---+++----++

Generation = 96, Population = 234.
+---+++-++-+--+-++++++--
-+----++++-++++--+----++
-+--+---++---+----+-++++
+--++--+++-++-+-+---+--+
+-+-+---+--+------+++-++
-----+--+-+++-+-+----++-
++-+-+--+++--++---+---+-
+++---++++-+++------+--+
++----++-+++------+-++--
+------+--+-+++--+-+-+-+
--+-++--+-+-+++---++++-+
-----++----+-+++++-++++-
++-++-+------++++-+---++
+++--+-+++-++++---++----
--+-+-+-++++--++-----+++
-----+-+-++-+-+-+-++--+-
-+-+++---++---++-++-+++-
--------+--+-+++-+++++--
++-++-++++--++++-++++-++
++---+--+-+++---+--++-+-

Generation = 104, Population = 241.
--+--++++++--+--++----++
++-++++++--+-+---++-++--
-++--+---+-++--++-+++---
-+++-+++++-+++-+++---+-+
--+-+----+-+-----+++--+-
-+-+++--+-----+-+++++--+
---+-+--++-+-+++--++++++
-+-+-++++---------+--++-
--+--+---+-++++-+++++---
-++-+++++--+++-+-+---+--
-+-+-+-+---++-+-+-+--+--
+---+-+-+-+++-+---+++--+
---++--++++-+--+-+-++++-
-+-+----++-+-+++++---+--
-+-+-+-------+--++-++-+-
++--+--+++++++----+++--+
+---+-----+----+---++-+-
---+--++--+++----++-++++
-+++++++++++++-++--++-+-
---+++-++--+-+++-++++-+-

*** Life<FredkinCell> 19x12 ***

Generation = 0, Population = 61.
---0-----00-
-0--0---0---
----000-0-0-
--0----0-00-
0000-0---00-
00----0-----
---00----0--
----0-00----
0---0---000-
-0----0---0-
----0-0-000-
---00--00---
-----0------
---0--0---0-
0--------0--
------0-----
-0----0-0---
--0---0--0--
------------

Generation = 5, Population = 105.
22----11---2
0-00-------0
-41-00-13--0
2-1---3-01--
0-3---0-1-32
---0021--11-
1---00-24--1
4-----310---
1-021---3-02
-0-1-250---0
-0-1----30-2
10-3-0-120-1
1-----1-1-4-
----0-121-2-
--1--1---1-1
--1----1-2--
-2--1-101-1-
30--02-1-10-
-100--4-3-00

Generation = 10, Population = 114.
-30-2--20-17
20--1--1--21
4---3-23--2-
4-1---4--3--
3---20-035-4
--03-5101612
6--21-----14
--40---42041
-1---023-3--
0-21--5--221
--------40-3
-01800---11-
--2-3---1---
-3---0-225-1
24-20-24-61-
-1--20-65-02
--0--2-04-20
-2--2-44-22-
--011-7-5--2

Generation = 15, Population = 116.
3--25-9-1-17
--02--1-434-
-7-283-4-1-6
5--4--------
855---5347-9
1-13-623-8--
6--3-0154-2-
---0---42---
51-625--73--
-2-46---473-
--217---71--
324---1561--
-4765--2-193
--150--35--2
7-35----4-1-
2--230--7-1-
460-94----40
7--55--4-45-
--34229--3--

Generation = 20, Population = 125.
-3--84+----+
202--7--545-
-73--6-754-7
-13--2-585--
+55-33-6-8--
4--4--284-4-
9-2-3--5-6-7
629-11-4-472
-2---6--847-
1-657-767--4
-7-28435----
45-+4--8----
-589-1---2+4
---622--5-85
+9---267566-
23--41-+-42-
6832+482---5
-41-----1551
-366-3----4-

Generation = 25, Population = 109.
3--2+-+645--
5--7-+--5---
-+8--75-5-7-
6--84--+9---
-8----76--8-
4---4-487+-7
92-----65-3-
73-014+---+-
-529-8579-7-
--9+9+-8--64
2--7+-88-3--
--6+-8-+-3--
5-9--46---+-
--2-2--6+8--
---834---8-1
48-3---++-43
686--7---47-
9--+--554---
4--9----+7-5

Generation = 30, Population = 101.
-4---8+--6--
6----+-4--+-
5----8+-6798
6----3--+66-
--8-7-+---9+
-555-748--5-
-2--52-7---+
7----5------
-6--79-9--7-
3----+-----6
2---+-+-981+
7+---+3----6
66++--+---+-
6-5-43--+8+8
----5-8-6---
4964-25--454
9--5+-9-----
-6-----64-83
-68+55-3+---

Generation = 35, Population = 114.
75-4-++6-6--
8--8-+----+-
6+-7-+--6-9-
88-+--9+--9+
---+-3+-----
+------89+--
+44----+--5+
7--1-5+6-8--
--4---7-++-5
6-++--9--+6-
--3-+5-9--1-
---+7-5+-76-
88+--5+----6
-7-7-4-9+8-+
-+7+77+--+-3
5+6---8-+5-5
+995--+2--78
+-4+-5----+-
868-8-+4--98

Generation = 40, Population = 119.
+-2--+--883-
----3---9--6
7--9++-+--++
-+9+--9+-9--
+-++8---9+--
+-7867-99-9-
+---75--8+7-
--+31-+7-++-
-8-+++-+-+--
----+++--+67
-+6---+++81+
-+6+-+---96+
-+--86+-7-+7
9---8--++9--
-+++7+-+-+--
8+7-9--++558
---7+-+-86-+
---+-5--6-+-
+7-----5+-+-

Generation = 45, Population = 113.
+9-5++++--5+
-15+-+--+-+-
--+++---8---
++++9-----+-
-++-95----+-
---+--9++-+-
-5589--+8+-+
------+78-+8
---+++-++++8
9-+----+-+--
4--+-9--++3-
-+7-8+--9+7-
-+-+9---+6-8
-7-+--6-----
+--+------+-
+--79-9++--+
+----9-8+-8-
+96+-8-6-+--
++9+8+-++--+

Generation = 50, Population = 103.
---5+-++---+
92---++-+-+-
+---+-------
+--------++-
-++-+7+8+-++
+--+8-+----+
+8-+-68+-+++
---8-8-----+
++7+---++-++
+9+--+---+--
--8+-+-+--3+
+-8+-+8+++--
--+-9---+-+8
-8+-9-------
-++-9---+-+7
---8--++-7--
--+--+-++7+-
++----+---+-
-+--8-+++-+-

Generation = 55, Population = 114.
++-8++++++-+
9-8-8-+7--+9
+--++-++-++-
++-++-+-+---
-+-+-9-9++-+
-99+---+----
++-------+-+
+9------++-+
---+----+-++
-+--------7-
-++------+5-
-++++-9---++
-++--+-8-8+-
---+968+-+++
+--+++-+-+-9
++--+---+-9+
-+---++++--+
+-++-++-6++-
++-+8-+--+--

*** Life<FredkinCell> 20x14 ***

Generation = 0, Population = 22.
--------0-----
------------0-
--------------
-0------------
----0-0-------
---00-----0---
--------------
--------------
-----0--------
-0------0-----
--------------
--------------
--0-----0-----
--------0-----
-0--0-----0---
---0----------
-----------0--
---0-------0--
----------0---
--------------

Generation = 34, Population = 119.
--9957846-+-5-
----+-----+-9-
689--5--7-2---
---4-51-------
9--4+-----628-
78--98+3--6+5-
-+533--3-8---2
-65-----94--44
-7----4--7885-
-+-754-----44-
4--5+--28-----
-+--------39--
9-62--9-7--67-
---+-----++--6
--8-63+---+---
--44-6-8-+8778
--9-85+9---999
----2+6-+----+
47-8---7-7---5
---+-+3--75--3

Generation = 68, Population = 130.
-++-+-+-+-+-+-
+---+-+9---+++
-++---9++---+8
-----+-+++---+
----+++9-++--+
-----+-8--+---
-+--+---+-+++-
----9+--+--++-
+-+-+7--+--+-+
-+--+-++-++-+-
+++--+---++---
---+-+-2+-+-+-
+-+---+++-+-++
-+--+++8----++
+-+---+--+--+-
+--+-+++---++-
--+++7+-+++-+-
-+-+-+--+++++-
+++--+6---+-+-
---+6--++-+--+

*** Life<FredkinCell> 10x11 ***

Generation = 0, Population = 31.
---0-------
--0-0----0-
0--0-------
00--0-00---
-0-0----00-
-0---00----
--0-----00-
0----00-0--
-0-0-0-000-
-----------

Generation = 20, Population = 56.
95-0--66---
-5912372--4
8+32--+-37-
--74-3--367
----3-735-6
9---9---931
-9-----5---
-----2--422
-3-5456+77-
+8-4--3-8+-

Generation = 40, Population = 63.
+--6+67-697
-+--26-89--
+++-+7-+7+9
-++-+6-----
+-+59-+-+-+
++6-++5-+64
-+---+-978-
7+----+-9-8
-7+5-9+----
+++----7-+4

Generation = 60, Population = 47.
-+--+-+-9-+
-+++-+---9-
--+-+++++--
9+-----97--
-+-5---++--
-+-+-----+-
-++---+---+
+-+9++-+---
-+++-+-+---
+-++++-----

Generation = 80, Population = 47.
+-+++-++--+
-----+-----
--++---+-+-
--+-+++--++
+--++++-+++
+-+--+-9--+
+-+-++--+-+
--+--+-++--
++---+---+-
---------+7

Generation = 100, Population = 55.
+-++---+--+
++-+-++---+
--++-++-+++
++--+----+-
+++--------
-+-+--+-+++
+++++--+-++
--+--++++-+
+++--+++---
---+--++-+-

*** Life<FredkinCell> 15x15 ***

Generation = 0, Population = 17.
--0------------
------0--------
---------------
------0-0------
-------------0-
---------------
-----------0---
---------------
-0---00-----0--
----------0----
0--------------
-----------0---
-------0----0--
-0-----0-------
---------------

Generation = 8, Population = 58.
-0--303---101--
1---------0---0
1------------2-
------1-2--1---
-----1-3-0--0--
-0----60-------
--01-------0---
---------------
102-12---22--20
-20---53----5--
------121---0--
---3--2-0------
3---1-----1--2-
-----4---23----
-1---13----20--

Generation = 16, Population = 0.
---------------
---------------
---------------
---------------
---------------
---------------
---------------
---------------
---------------
---------------
---------------
---------------
---------------
---------------
---------------

*** Life<FredkinCell> 19x20 ***

Generation = 0, Population = 106.
-0-0--0---0---0-----
--------00-0--------
00-0-0--------0-----
---0-0-0--0----0----
------0-0-0----0----
----0-0-0-----0--0--
0-0-----0--0-0---0--
-000------0--00-00--
---0--00--0--0---0--
-----0-0-0-----0-0--
00----0---0-0000----
0-0------00---------
0--00---00-00--0--0-
0-000-----0-000---0-
0--0--------0--00---
0---0000--0---0-0---
------0--0--0---00--
0--------0-0-0-0-0--
--------------------

Generation = 14, Population = 189.
6-1--5----443-2---01
-4240-54-70----7-422
4----804--2-5-33-5-1
33-523-6--3---11-41-
-------27027--2--5-5
---1---264-4-31--80-
-5--4----+43--73--25
47-52---2--66-5733-6
--32-----4-3----645-
--40--25--20-3-64333
1-8554-5--142-74--45
343-374---3-13---1--
---65--6-356-65---45
3---3--2-4---543-2--
42-463--427-45---330
4-2--59-2141---1-43-
--2372----2-------9-
20----5--4-52---7-3-
--12-1--46-33-251--0

Generation = 28, Population = 171.
979--8+3+6--7---9-0-
-9587-8-7+-5-6-+-8-7
7-5-59796-68----665-
8+---5----------5953
--7---53+65---3--8--
7+-7+925+5+-895--+2+
-7+-+-67-----5+----7
-9--6--5----+-+---++
--45--62----5------7
8974------87-8--95--
77--9---+57--5+---58
------+9----1-77-263
--2+-6-+--8+4--466--
716--6+---5-------89
68-------+-+7----855
777-97+------9--68+-
----7--9-7--9--69--7
-5------4-6--4---6--
--5----5---7678+-18-

Generation = 42, Population = 204.
+-+8-++4--++-79+971+
4+9--+++++-+7+++7-+9
+---9-8--78+--89--8-
8-----++689--8--7--4
8+-+------8-+6-+-+--
+-++++---++9+--9-+7-
-8-8+--++--9+++98+7-
++78-+-9-8----+-+9+-
-+--+++2+++-+---+-89
+++--5----9-----+---
8++-+-++----+--+--7-
-8++++--8---77+--5+3
+-5+-7++7+------+-8+
---7+---++-9+--+--+-
-----+7---+++-9+-97-
9-+-+9-++476---6+++1
--77+--+-9+-+---+--+
89+-7+8----+-7+--+6-
9+-8----++5--+--82+-

*** Life<FredkinCell> 19x1 ***

Generation = 0, Population = 8.
0
0
-
0
-
-
-
-
0
0
-
-
0
-
0
0
-
-
-

Generation = 13, Population = 11.
-
-
3
6
0
-
-
5
5
5
3
6
-
-
5
-
-
5
4

Generation = 26, Population = 13.
+
+
7
+
-
5
3
+
-
-
-
+
3
5
6
-
8
+
-

Generation = 39, Population = 11.
+
+
+
-
6
-
-
+
+
-
+
+
-
9
-
+
-
-
+

Generation = 52, Population = 10.
-
+
+
-
-
-
-
+
+
-
+
+
6
+
-
-
+
-
+

Generation = 65, Population = 11.
-
-
-
+
+
+
-
-
+
-
+
+
7
-
-
+
+
+
+

Generation = 78, Population = 11.
+
-
-
+
+
+
+
-
+
-
-
+
9
+
-
+
+
-
-

Generation = 91, Population = 11.
-
+
+
+
-
+
-
+
+
+
-
-
+
-
-
+
+
+
-
