*** Life<FredkinCell> 12x77 ***

Generation = 0, Population = 23.
---------------------0------------------------------------------0------------
-------------------------------------------------------------------0---------
----0------------------------------------0-----------------------------------
----------------------------------------------------------------------0--0---
-----------------------------0------0------------------0------------------0--
-----------------------------------0--0--------------------------------------
---------0-------------------------------------------------------------------
-----------0--------------------------------------------0-----------0--------
------------------------------------------0----------------------------------
----------------0----------------0-------------------------------------------
--------------------------------0--------------------------0--------0--------
-----------------------------------------------------------------------------

Generation = 9, Population = 233.
--------1-0-0-0-0-----------0-0--0-0--1--0-0-----------0-1-0-----------0-0-0-
--0------0--00-0-0---------------3---0-0--0------0-----00-020-------1---0---0
-0-0-------1-0--0-----------0-003-0--10---------0-0---0-0-031-0--0-0-01--0--1
--0-0-------0--------0------00--01--00---0--0--0-0-----0---0-0--1---42-22-00-
---0-1--------------0-0------01-----0-2-0-3--1--0---------------0-----10-0--1
-0--0------------0--------0--1-10----2---02--0-------------0---02-------0----
0-12--------------000-0----0--10-----------1--0-0---------0----040---0------0
-00-0----------1--0-0---------------------1----0-00----------0-0-0--2------1-
---0----0--0----0--00-0-00---------0-------0----00-0----0---0--120-02-------0
----0--1--1-1--------0-0-10-------0------1--------00---0-0--0---2-0-40------0
---0-0----01-----------01----------0--002-0-------0-0---0--0-0----01--0--0-0-
----0----1--------------0---------0-01-000---------0--------0------0-0-00-0-0

Generation = 18, Population = 270.
---1-2-0-22---------0----0----0-0-01-4-11-0-0-0-0-1--------3-0----2-3-1-0-1-1
---------1---0---------------------1--1----------0---1---01------01-432--2---
-----1-34--123----2-1-00---0-0------42-0--5--1--1---0-----33----2------1-----
-----------1----1--1--0-------------02--0-----------1-12---5---2--43+--5-0---
----31---120---0--0-0-3----0--41-----32---50---1--0--11-52--221------25-40--5
---1-------2--2--12-01--2--2---3------2-1--------1---10--2-------0-22-21---0-
--43--51-0---4------01-0--11-3--3---2---4--231------1--0---2--------2--0--2--
02---5---6---2--41-1--1--2---5--00-1------2------021--0---1------21-+03-630--
----20-0---1----0--2-4-012--42------1----310----2---2--11---2-0-5-3---1---20-
0-12-------2---2---1-------6--0--12-36---------2---03---0-----------6---32---
---------3----0---20-2-2--10---0--0---3--1---02------11--01---2-1-0-4----2--4
0----------------1--------------1--1--3----------0---------------0-5523224-1-

Generation = 27, Population = 468.
010147302-51-4--5--1---1--304--2----7-44-3-13--200-121-453----1--1-4--4----12
-21--3---2-3--2341--------0-0-05---2-43-42--032-122-2------4-0---3-5-3-64--24
2-1431--6-84-+-----223126----2-1-3-2--3343--01-01--2-21162-4----3-14-174--3--
1-0-00-0220---20--122-2--1--1422----4--13-430-2----25-4-225---3-628-+469-237-
--02---23--2--203-11-262---442--51---54--3--1--234--1-789348-262---43562-2--+
3--30---22--3-52255---644-5--4---2351-5--7----1-1-31-4016-4---1--4---44-23-21
27---46-0---6--2-30-531--23-5--051427---5---6-42---142-2--24-241+--7-1-2-1-74
3--326--17136--44-3--1--04--25-3--2-4-30--4----5-3---0--6-12-4---512-2-3-66-4
0--05---------02-52---432----682-1-03-43155-53-4621----6-1+533---053-15---93-
123--3--4--3-0--44-3221-33--4--1--433--314---5---1----43--22--22--17--4-5---5
----272-26--220---3-66044---342122----529242---1314---2631---3--314---3--3--7
-2-21-------2--115-1-34-3--2-----23-4----5-1---1---12--14-10-3--3--9+3445--5-

Generation = 36, Population = 260.
-2-------4-----------2-1-15-5----3------54------11-3--4--+---31-3--7--5--2--2
---0--12---4---4---------------8---5---5-----------25--15--82---5-58+5--664--
6----2--+----+--------5------54-----934-65---22------8-4--6-----5----6----7--
------------3------32---4----5----1-5-----66----4----18-6------6--96---+-----
31--77--4-7------2-3-----4-764--------6--6--2-4-----42---74+4----3-----2-----
-32----3--47--5-4----------------6-8------------3------26------7-48-5--3--2--
4---8----2----------------42-7------97---6---5--------34----2--1+---6----25--
-----------4---88---5--3----3---34-4---143-----6-53-6---6-4---24---6+-44-----
04--8-3-1-----2------+-3----7---2---63----8--5--7------+---6-3-6---5--6-4---3
-3-3-78---453-----4-5--------3-----5-96-----1-------8---5----1----48+-6---2--
3-4-2------------------4-5-1-4-4-3----6--55---9---66--48--4-+--6---4+-3---2-+
-3-----1------321--1----6------2-26-5--2--43----0---7-3-----1---625+--5-84---

*** Life<FredkinCell> 5x139 ***

Generation = 0, Population = 142.
----0-0000------000-----------00-----------------0--------0----0---0---0---------------------0--0---------00-----00-----0--------0--00-----
------------------------0-0----------0-0--0-----0----0-----------------0---0---0----0----0----000-0--0----0---00------------0-0-0--0--0--0-
----00---0-----------00-00--0-0-0-0--0----0-00-0-0-----0-----00--0-0----0---------0-------0----0------------0-------00-0--0-----0---0-----0
0-0--0--0----0----------0---00-0-00-----0---0-0----------0----0----0---------00----0--------0------------------00----0-----0--------0-0---0
-----0-----00-0----0-------0----0-----0----0------0000----0---0-----0---------0------0-0--0---0----0-------0-----0--------0--0---0---0-0---

Generation = 17, Population = 345.
4-9-3---5-7-317-8-29---4--03+---22--1+2-0-35---3167-654--44-2-371-36-----2--055----33535----505-4763-8-4---657-4-464-6--2--3233-5651-542-45
030---504--04--0-0--12--4-3--2-3--------------5-3-4--4--2455---41-2324--1---113-225-25-445---45--4----31-2-662---5-4235--3-544---31-314---6
52638-5-3-543-22-7-575-155-----7----7---9--3--5-3-5--1-12654-7---6-----4-5---13-1-2-55--5044-3-----463--4-4-------4543-0---4563--452---32--
---3-3-5-----13--5-5--29+5632-5---5115-6-84-5-31-7-41-1--71----------------23-55-32-4+-25------94--41-0---2------1--3-25-2-64-45--4-+4-4--7
55154-2-----2-20--42-5-1-63--6-48-65-4---273-3-68-6---55--22251--7--52-4----31---22-23---2521-55637124--05875-7-136---14------4--8--212-2--

Generation = 34, Population = 338.
-----89---+--5+6+-4+-3-5---9-+--75-54+9-6++--+--39-+-9------6+--9+4+---+-49+---794-+6-6+-6----64+-6---+-9-7+-+7-7-7--+-956---+948-+679---78
4--24--1-0---7---468---6--8-75-858---7-+34----7--5-------7+7---+---62---46----87-----84--9+-89--+---5-6---5-+---6+++6--6---+-86-89-+8-++-4+
--9-+-+--8---994------93-9+79-0-7--6+-----+77+-76++5-3----9-++3-++-9----384--39-5-8-+97++6------9-7+------+----25----457-2-7+-8---+-756564-
--9496+-6--52-7----9798----9-++---+----6---7--378+--6-7+7+--+7734-88676------+67+-546-----76-19964-++--8-6-----+7----94966--+-+--------+---
-+5-6-7+9+-+-+7--+9-4886++-66-8---9+37----+898---6-54-+79-+-5+4+-+-7-7---6---76--56+--8-6-7--8---+----5----+---8-++5-83--+-9++98-+--75-33-7

Generation = 51, Population = 331.
++--+-+9++++--+-+--++9+9-+-+++-++--+4+----+----+-+-+++-+-7-+--++----+6--+9++-++--8--+++-9--7---8+-9-9-+--++----8--------------+5--++--7--+-
9--7+-9--9+++8-8---9---+-+-8-5-+8+----6++5+--9++--++--++--++-7--7++--+899++--7----+--+--++--+++----+-+--+----+-++-+--+++--9-+++9++-----+-7-
--+++++--++++----+--+--5-----+5---+----++---+-88--+--6--+++--+6----+---+6+78+6+---++++-+--+--984-9+--9+++---+-+-+6--9--+---++-+8-6+----96--
-+-+--++++7--7957---+-+-+8-------+++-+--++-8---9----++--+++6+-+-8---+-++-+---+-+++9++-+-+-+-+3+++7+------98+-+++++++---+8---+--+-8-+---+89-
++7+-----+-+--9-+-+7--+--+-+-+-+--+-7---++---+--+++------+---+8+++-9+---+---+--+--+-8-+7+-+5--++++-----7-+-+--+----+--6+-+-+-++--+---++--++

Generation = 68, Population = 361.
----++-+-+-+---+++---++++---+++----+--+-+-+--+-----+-+-++++----+--9-+-----+-8+++-++-+++++-+-+--++-++--++++-+-+-+++-+-+++----+-+--+----+--++
---+-+---+++-++---+-9-+++-----++--6----++---9-++++++5+--+++---++----6+++--+++--+-++--+++++-+++-++--+--+---+++++++---+-+++--+++-+-+++++-+--+
-+-++-+-+-+++-+-+--++--8+-++--++-+--++-++++--+----++6-----+-+-+-++++----+-+-+8-7-++-+--+--++-+------++-++-+-++--+--+--+-++-----++8+-++-++-8
+-+++-+++-+----++-++---+--+-----+-+-+-+----++9++---++-+++++9--+-++-++++++++-+-++---+--+-++--+++--9--+--+----+-++-++++-++---+-+-++----+--+-+
++-++---++-+---7--++-+++----+-++++-++-+--+---++-+-+--9---++---+++-+++-8++--+-++--+++-----+++----+++++-++++--+-+-9++++-++-++--++++++++++7++-

Generation = 85, Population = 363.
-++-+-+-+++-++--+-+--+---+----+-++-++++++--+-++--+--++--+-++-+--+++-+++--+-++--+--+++++-+++++---++---+--+--+-++-+--++---+-+++-+-+-+-+---+-+
---+----+--++-+-+++--+-+-+-+-+--+-++8-+----+-+--+++--++++-----+----+---+++-++----++-+---+-++++-++-+++++-+++-+++---+-++++--+--+++++-+--++++-
-+++-+--++-+--+-+-----+-+-+++-+++--+-----++-++-+--+---+++-+--+-+--+--++-++--++---+--+-+---+-+----++-----+---++++--+-++--++-++++-+--+-+++++-
+-----+-+-+++-++--+-+-+-------+-+-+--+--+-+-++++--+-+-++++-++++-----+---++++--+--++-+++--+-+--+-++-+-+++-+--++-++-+++-+++--+++++++--++--+-+
++-+-+++++++++----++-++++--++++-+++++++-+---+--+++-+------++++-+-+--+--++-++++-++-+-+-+-++--++--++-+----+-+++-++---+-+-+++-++-+-+-+++++++--

Generation = 102, Population = 352.
+-+-----+-+++++--+--++++-+--+-+--+++-++++++-+++-+-+-+--+++--+-++--+-+-+-------+-+-++-++-++--+----+-++++-+-+---++++----+-+++---++---+--+-+--
-++-++---++--+--++--++++-++--+----+-+-++++++-++--+-+-++-++---+-++-+----++++-+----+++-+--+---+++--++-+-+-+++++++++---+-+-----+-+++--+----+--
-+-+--+-++++-------+-++-+-+++-+-++-+++-++-++--++----+-+-+---+-----+-+----++++++---+++-+++-++--+++-+--+++--+-+++++-+-+-++--++--++++-+++-+-++
++-+--+-+++-+-+-+++--++-++--+--+--++---------+++--+++++-++--+-+--+-------+--++++-----+--+---++-++++-++-++--+-+-++-++---++-+++------+----+++
+--+-+-++++-++-----+-+--++--+--++-+----++++-+++--+-++-++++-++-+-++++----+----+-+---+++--+-+-+-+---+++--+---++---+++++-++-++-++++++-++---++-

Generation = 119, Population = 361.
--++--+-+++++-++-+--+-----+------+--+-+-+------+++----+++++++--+-++-+++++-+-++++--++---+--++-+----++-+-+-+--++---+---++-+-++--+-----++++++-
+++--++--+--++++-+-+-+---+++-+-+-++-++-+-++-+-+--+-+++--+-+++---+++-+-+-++-+--+-++-+-++--+++-+--+++++++++++-+++-+----+++-++--+---+-+-++-+++
---+---++--++++--+--++++--++--+++-+-+-++--+-+++-+--++++-----+++--+-++-++----++-+-+--+++---++----++-++--+--++---+---++-+-++--+++-+--++++-+++
++--++--+--++--+--++--++-++-+--++---+-++-+++-++--+--+++++-++---+-++--++++-+--+-+-++--+++++-+----++++-+---++---+--+++-+----+--++-+-+-+++++++
++--++-+++++-+-+-++-+--+--+++----+-+------+++++-++-+--++++---++-++-+--+-+--+-++-------+-+++-+----++-+-++---+-++++--++---++-++---+-++-++----

Generation = 136, Population = 360.
---+-++---+++-++++--++--+---+-+---++++---+-+---++-+++++-+-+++++++-+-+-++---++--++++--+----+---+-++---+++-++-++++------++---+---+++-+++++--+
+++-++++-++-++-+---+-+--++-+---+-+----+-++-+-+++++-+--++-++++-+-+++--++--++---++-+------+++-+++-++---+-++----++--++-+-+-++-+--+-++-+-++--+-
--++++--+-+-++++-+-+---+-+-+--++-++-----++--++-+++--+----+-+-+--++----++-+-+-++-+---++---++-++++-+-++--+-+++--+++++++++--+++++++--+++++++++
+-+-+-++++++---+++-+--+---+++++------+---+-++--+--+-+-----++-++---++----+++-----+++--+-+-+-----+-+----------+-+--+-+-----+-+++-+-++++---+-+
+++-++-+-+++++--+---++---+-++-+--++-++--+-+--+-+++++--+--+++--+--+++-++----++-++---++-+--+-++++++-++------+-+--++++-++-+++--+--+-+++++++-++

*** Life<FredkinCell> 15x20 ***

Generation = 0, Population = 10.
--------------------
------------0----0--
--------------------
--------------------
-------0------------
----------0---------
--------------------
-----------0---0---0
--------------------
-----------0---0----
-------------0------
--------------------
--------------------
--------------------
--------------------

Generation = 2, Population = 32.
--------------------
----------0---00---0
-------0------------
----------0-0----0--
-----0---0----------
--------0--10--0---0
-------0------------
---------010---0---0
-------------0------
---------0-0---0-0-0
-----------1---1----
-----------0---0----
-------------0------
--------------------
--------------------

Generation = 4, Population = 38.
-------0------------
--------0-0-01--10-0
--------------------
-----------0---0---0
---0-------1--------
------0----32-10-0--
-------------0------
-------1---2-----0-0
-------0------------
-------0--02---2---0
---------1-------1--
-----------2---2---0
--------------------
-----------0---0----
-------------0------

Generation = 6, Population = 73.
-----0-0-0----------
------0-0---2--2-200
---0---0---1--------
------0-0012-0101---
-0---0---0----------
----0--1001-4-3-0--0
---0---1-------1----
-----013--2-1100---0
-----0-------0---1--
-----0-21---1--2-1-0
-----------1---1---0
-------0-11---------
---------0---0---0--
---------0-0---0-0-0
-----------1-0-1----

Generation = 8, Population = 28.
--------------------
----0----000--------
-------0-----1------
--------------------
---------------1----
--0---------4----11-
--------------------
---1---3---2-3---1-0
--------------------
---0---4----1------2
-----1-------------2
--------------------
-------1-----0------
----------02---2----
--------------------

Generation = 10, Population = 74.
-------0-----0------
--0---0112-233------
-----0---1-3--------
--0-0----1120----00-
-------0---------1--
0--10--1--24-13213--
---------------2----
-011---3---2-3----00
-----0-------------0
-0-0---4-014-10-----
---1---------0---1-4
---0---1--220--2---1
---------0-1---1---0
--------02--1----1--
-------0-----0------

Generation = 12, Population = 88.
-------2-----2-0----
0-0-002312023322-30-
---0-----1-3-----1--
---0---1---4-2---0-1
-----------1-------0
0--32-131246433-1-3-
-----0-1-----0-----1
---3-----1-2-3-----0
-------0-----1-0----
--02---42-1-1---0-0-
-1-------2-----3-1--
---2---1---4-0---1-1
---1-----2-3-----2--
---0--0---2-1-0-----
-----0-0-----0-----0

Generation = 14, Population = 91.
---0-1-4------------
-----0-5---4-52-----
-0---1---3----------
-012-0-----4-2-03---
---0-0-1---1--------
01--4----2---5-3-33-
---0-0---0---0---0--
012-1113---2--11-1-2
-0-----2---1-------2
00--1-144---1---030-
---------2---------6
-11---111--6-01-110-
-----------5-----4--
-0-210-0--24-10-02-1
-------------0-2----

Generation = 16, Population = 16.
--------------------
-10----7----3-------
--------------------
--------------------
-------1---------2--
----4---------4-----
--------------------
-----3---2---3------
--------------------
---4-----1---2------
-1---------2--------
--------------------
--------------------
--------------------
--------------------

Generation = 18, Population = 48.
--------------------
1--110---30---3-----
-------1---------1--
-01-0--2----1-1-----
-----1---0-----1---1
--0--12--3--47--1---
-------2---------0--
----3----2---332----
-0---------2--------
-1-----5-1---2-3----
---2-----3---2------
---3-----1---1------
-0---------5--------
--------------------
--------------------

Generation = 20, Population = 59.
-------5---------0--
1-2312382--53-3-2---
--------------------
-----0---2---2------
---1-------2-1-----1
1305---4255-69----4-
-0---------0--------
-3---4-------5---3--
-------3---------2--
----11-5-3---41--3--
-2---1-1-------4----
-----0---3---3------
--------------------
---3-----2---1------
-0---------2--------

Generation = 22, Population = 107.
-----3-7-0-----1-0-0
-2-3-2-+45--5---2-1-
---2---3---4-2---1-0
-1-3101--226-4214-1-
-----3---1---1-1-2-1
--055-462---8-5314--
-------3-2-0-----1-2
254344-40-243-4--523
-------5-1-2-------3
-315-12-----2---25-3
-----1---3---2------
----12-2------34-2--
-----1-1---5---2----
-1-----0-2---1-2----
-0-1-----1-2-2------

Generation = 24, Population = 41.
--------------------
---514----2--632----
-1-----5---6-----1--
--------------------
---------3----------
-5----68----------5-
--------------------
-----6-------5---5-5
--------------------
--17-1-5---52----7-5
---4-1---3---------7
--------------------
-1-----1---5-----5--
---41----4---31-----
--------------------

*** Life<FredkinCell> 20x17 ***

Generation = 0, Population = 15.
-----------------
-----------------
-----------------
-----------------
-----------------
----------------0
-----------------
--------0------0-
-------------0-0-
-----------------
-----------------
-----------------
----------------0
-00--0----------0
--------------0--
-0---0-----------
-----------0----0
-----------------
-----------------
-----------------

Generation = 4, Population = 51.
-----------------
----------------0
-----------------
--------0------1-
-------------0-1-
------------0-2--
-----------------
----0------01--2-
---------0-0---40
-00--0-----------
--------------0--
-2---0--0------0-
-----------000112
3----20--0--1-1--
----------1-----1
-----0---1-------
-------1----1-112
-01--0----------0
--------------0--
-0---0-----------

Generation = 8, Population = 51.
-------------0-1-
----------------2
-----------------
-----------------
----------------1
-00--1--0-2-----3
--------------0--
10---3-0---0----1
-----0-2-----1--2
-----------------
-----------------
-----------------
--------1-0------
-4--54--00---1--4
------0-----2----
-1---0--03---0-0-
---1----1-10-0--2
-4---0-----------
--------------0--
-11--0----------0

Generation = 12, Population = 122.
---------0-0---11
-00--0--0-0-0-1--
-------------114-
12---0-1---1----1
-----0-0----1-143
1---33---0------4
----------0-----1
--1104-4-3-03-33-
-0-0----1-161-0-4
--2-1----10--1---
------0-----1-1--
3------134-0-4-23
---010013-233-5--
56--66--2----15--
--0-----1-3---2-2
-22-31-----121-03
----0-0-525----3-
--3-11--1----1---
------0---2-0-0-1
1----11-0---1011-

*** Life<FredkinCell> 7x7 ***

Generation = 0, Population = 16.
-------
-00----
--000--
---0000
-------
-0--0-0
--0000-

Generation = 1, Population = 18.
-00----
01--0--
---1--0
----1-1
-0-0-0-
0---10-
--1-11-

Generation = 2, Population = 23.
--100--
1----00
000-001
-0-0-02
-----1-
--0--10
00----0

Generation = 3, Population = 28.
002-1-0
2--00--
-1111-2
-10-11-
-0000-0
0--01--
11----1

Generation = 4, Population = 30.
--302--
310-10-
--2220-
021-222
--1111-
10---1-
-21011-

Generation = 5, Population = 20.
0------
4-1-2-0
-13--1-
1-2-3-3
-0--22-
2-0-1-0
------1

Generation = 6, Population = 32.
103-2-0
512--0-
02422-2
--3-4--
0-11330
-0--211
1-1-112

Generation = 7, Population = 16.
-1---0-
6-3-2-0
-3---1-
-------
-0---4-
2-0-3-2
-2---2-

*** Life<FredkinCell> 27x25 ***

Generation = 0, Population = 15.
-------------------------
------------0------------
--------------------0----
------------------------0
-----------00------------
---0---------------------
-------------------------
--0----------------------
-------------------------
--0----------------------
---------0---------------
-00----------------------
-------------------------
-------------------------
-------------------------
----------------------0--
-------------------------
-0-----------------------
----0--------------------
---0---------------------
-------------------------
-------------------------
-------------------------
-------------------------
-------------------------
-------------------------
-------------------------

Generation = 4, Population = 57.
-----------00-------0----
---0----0---1---0--------
----------------0-------0
--1-----------------1-2--
-------01------10--------
--3----0----1------------
---------0----------0----
002---0-----------------0
-----------00------------
2--1--0------------------
-----0-------0-----------
114--10---------------0--
-------------------------
-22----------------------
----0----0---------------
-010--------------0-----0
-------------------------
-0---0-------------------
0-------0----------------
-------0--------------0--
-------------------------
-0-----------------------
----0--------------------
---0---------------------
-------------------------
-------------------------
-------------------------

Generation = 8, Population = 54.
-------------------------
--311---------------1----
---------1-3----------2--
-03-------------0-0-----1
---11--------------0-----
---1-------12------------
-------------------------
----1-----1-----------2--
-------------------------
-3--1-----1-1------------
-0--0------------0--1----
---411---00-------------0
-----------01------------
---1---------------------
-------------------------
--3-----------0-----0----
-------------------------
--3--0---1---------------
--2------0--0------------
-010-------0-------------
-------------------------
-------------------------
-------------------------
----------------------0--
-------------------------
-0-----------------------
----0--------------------

Generation = 12, Population = 168.
---01----1-2-------0--3--
--4-3-300--02---1---2---2
-----0-0-----0-1--0-----2
12--111---1-4-0-------6--
0------13------2-------1-
-263----1-1-4--00---2----
-1--3----1-2-----0--0-1--
3034301-003---0-0-------0
---02------21------1-----
34---30----13-0-0--------
02---2--0----1--1----1--0
428-3342222--1-----------
-------00------11--------
-34-22-0-00-1------------
-11-0----0--0----0--1----
123-021--2-0----0-0------
-----------12------------
04-2-10--3---1-----------
0----11-1----0--0--------
125--10-------00----0-0--
-------------------------
-22--0---1---------------
--1-0----0--0------------
-010-------0------0-----0
----0--------------------
-----0-------------------
0-------0----------------

Generation = 16, Population = 52.
-------------------------
-24-------------------5--
--------------2----------
-462----2-1--------------
--22-----2------------31-
--8--------3-------0-----
-------------------------
--3---------4-----2------
-------------------------
---4--------5-----2------
-----3-----12------------
------------32---10-----0
--------------------3----
------------5------------
-------------------------
------3-----3------------
-------------------------
------------13---1-------
----------2--------------
---5-------1-------0----0
----0------10------------
-3-4---------------------
-------------------------
--3-------------------0--
-------------------------
--0----------------------
---------0---------------

Generation = 20, Population = 166.
--22-----1----1-------30-
3----36----1------01--6-5
----------1-------0------
557-54-2------2---1------
5----134-----3----10---33
14+4--21----7-----3---21-
-----0-----34-1----------
633+--3---6-400-004---4-0
--11-----0----------3-10-
--9----13--16-0-3--1--1--
-4-----132-----14--------
--+---4-22---35-222-10---
----------------4-------0
---1----0----4--220------
-----0----112------------
--45----1-2343--1020-----
----3------26-------0----
-7-2----25--34--21---0---
------4-------2----------
--6---1-----0-------1--0-
2------1-------11--------
-52--1-0----01---0-------
---------13--------------
3--3--0----1------01-----
----1----1-00------------
0100--0------------------
-----0-------0-----------

Generation = 24, Population = 161.
-------------------------
--6265---3126-4---223----
--14-33--4-46----------4-
67--75--30-551--01------5
-3-58-----66---5-4-2-----
-6+63-----44+------1--62-
-------------------------
------3-----4-------3---1
-------------------------
-5+65-----6273---5--1-3-1
-4-71-----7--54----34----
-4+-76--43-4----4-4132---
--002----4-3-----------1-
-5434------1-------11----
-------------------------
3---1-------5-1---3-2-1--
-------------------------
--5234---7--4-----2-11---
--4--2---1-33-----1------
------------00--11-1---10
--210----4--1------1-----
--45-1---3-22------------
-------------------------
--6-2-0---1-0-1-----3-1--
-------------------------
-1-10-----1-01---1-------
-1--1-----103----0-------

*** Life<FredkinCell> 7x15 ***

Generation = 0, Population = 32.
----0---000-0-0
-----0---0-0---
------00--0-000
0-----0--0-----
-------0-------
0-0-----0---0-0
0000-----0-0-00

Generation = 1, Population = 39.
---0---01110---
-------0-1--00-
0------100-01-1
-0---0100---000
--0------0--0-0
101----------01
--110-------01-

Generation = 2, Population = 43.
--0-0-0--2-1-0-
0--0--0----0-1-
-----0-21--12-2
----01-1-0--1-1
0010-000--001--
2-2-0----0--0--
0---10-----01--

Generation = 3, Population = 61.
00-0--101--2-10
-0----1-010-02-
0--0-10-2-0--03
000-121-0--0--2
--21----001-200
-03010000--0-0-
1011-10--001-1-

Generation = 4, Population = 45.
1---00------0-1
010----01--0130
10--0-1--01----
----23----0--0-
003-0---1-2-31-
-----11--0010--
212-1----1---20

Generation = 5, Population = 58.
2-0011101---112
1210-0-12--12--
---011---1--2-3
--0034--0--0-12
1-4-1000-0-0--0
----1220--1--01
3-3---0-02-1-31

Generation = 6, Population = 59.
30-1-2-1-2----3
--21--1---023--
100122122-11304
00-1-5---001123
--512-1-1-2131-
---0-3---0-10-2
---11-10130----

Generation = 7, Population = 45.
4102--1----211-
-2-2-0212--3---
-11--32-312--1-
-----61101-----
1-6-3---------0
------2001---0-
--3-212--41-1-1

Generation = 8, Population = 32.
52--1-2-1-1--23
---3-------4---
1-2-243-423-3-4
00----2-1----23
---------------
2-------------2
-1--3-----2--3-

Generation = 9, Population = 38.
630---------134
-2--00---10--3-
21-13-----41-15
-1--3-3-2-0--3-
-0----1-1----1-
----1-----1----
--31-1---4-11--

Generation = 10, Population = 60.
741212---212245
1----12-22----0
32-24-3-4-52-26
--0-4-4-3-1-1--
116--02-20--320
-03---2-0---00-
-1423-2-1-2223-

Generation = 11, Population = 50.
---------------
-22-0-----0-33-
-323-4---2-333-
-11156---12123-
2271-13-31-1431
-14-1-----1-11-
3-5-4-3-2-3-3-1

Generation = 12, Population = 40.
-41-1-----1-24-
1--3-------4--0
34---53-43---46
-2---7---2---4-
3-----4-4-----2
2-502-----212-2
-16-5-----4-43-

Generation = 13, Population = 60.
-522-2---2-235-
22---12-22---31
--234-4-5-533--
031-584-332-253
4-713-----214-3
31---32-01---13
-2-261---452-4-

Generation = 14, Population = 24.
---3-3---3-3---
3-2---------3-2
-4-----------4-
--2-6-----3-3--
-----1---1-----
----2-3-1-2----
-3-3-------3-5-

Generation = 15, Population = 24.
7-----2-1-----5
-2---1---2---3-
--2-4-----5-3--
---------------
--7-3-----2-4--
-1---3---1---1-
3-----3-2-----1
