*** Life<FredkinCell> 49x28 ***

Generation = 0, Population = 43.
----------------------------
----------------------0-----
----------------------------
-----------0----------------
-------------0-------0------
--------------0--0----------
----------------------------
----------0-----------------
--0-----0-------------0-----
---------------0------------
----0-----------------------
----0-------0---------------
-----0-----------------0----
-------------0--------------
----------------------------
-----------0----------------
----------------------------
----0-----------------------
-------------0-----0----0---
--0-0-----------------------
----0----------------------0
------------------------0---
----------------------------
------------------0---------
-----------------------0----
----------------------------
----------------------------
----------------------------
-------------------------0--
----------------------------
----------------------------
-------0--------0-----------
----------------------------
----------------------------
---------0------------------
----------------------------
----------------------------
----------------------------
--------------0--0----------
----------------------------
-0----0---------------------
----------------------------
----------0-----------------
----------------------0-----
-0--------------------------
-------0--------------------
--0-------------------------
----------------------------
-------------0--------------

Generation = 2, Population = 155.
----------------------------
-----------0--------0---0---
-------------0-------0------
---------0---10--0----0-----
-----------1---0---0---0----
----------000--11--0--------
--0-----0----0-------00-----
--------1---0-00-0----------
0-----0---1---------0---0---
----1-----0-00---0----------
-----10-0-------------00----
--0---0---0--100------------
---00--0-------------0---0--
----0-------1--0------------
-----0-----------------0----
----0----0------------------
-------------0-----0----0---
----0-0----0----------------
----0------0---0-0---00---00
0-0---0-----------------1---
--1---0------0-----0----10-0
--0-1-------------0---0---0-
----0------------------0---0
----------------0---0---0---
---------------------0---0--
------------------0---------
-----------------------0-0--
----------------------------
-----------------------0---0
-------0--------0-----------
-------------------------0--
-----0---0----0---0---------
---------0------------------
-------0--------0-----------
-------0---0----------------
----------------------------
---------0----0--0----------
----------------------------
-0----0-----0--11--0--------
----------------------------
---00---0-0---0--0----------
----------------------0-----
------0-0---0---------------
-------0------------0---0---
--10------0-----------------
-----0---0------------0-----
01--0--------0--------------
-------0--------------------
--0--------0-0-0------------

Generation = 4, Population = 148.
-------------0-------0------
--------------0--00---0---0-
----------------------------
-------0--1----0------------
--0-----01------------0--0--
----------2--0-1--1--11-----
----0-----------------------
----0-1----10-2-------------
0---110-----01----0--1-1--0-
-----------0-21--0-0--------
0-------0-------------------
0---------01----1-----------
-00-----10---------0--1----0
----2----0-----0-0----------
----1--------0-----0----1---
--0----0----0--0------------
----00-----------------1---0
0-------0----1----------1---
---------0-----0-0--1--1----
------2-0--1------0---------
1-------0----------------2--
----3---------------0-------
-------------0-----0----0---
--0-1---------0-------0-----
----0--------------0-----0--
------------------------0---
----------------------------
-------0--------0-0---------
---------------------0-0---0
----------------------------
---------1------------------
---0-------00-------0-------
-------------------------0--
----------------------------
-----0-------00--0----------
-------1--------0-----------
-0----0---------------------
----------------------------
---------0---1----1--0------
----------------------0-----
--1--1----0-----------------
-------0--------------------
--0---0----------0----------
------------------0-------0-
-----10------0--------------
---1-------0----------------
2-----0---0--0--------------
----------------------0-----
-10------0-------0----------

*** Life<FredkinCell> 17x46 ***

Generation = 0, Population = 89.
----------------------------------------------
-------0-0----------0--0------00--------------
------0-----------0---------0------0----0-----
------0--0---0-------------0-0----------------
------------------0-0-0---0--0-------0-0------
----0-----------0-----0----0---0--------0-----
-----00---------------------0---------0-------
------------0------0--------------------------
---------------------------0---0-----0---0-0--
--0--------------------0--------------0---0---
---------0--0---------0---------0---0---------
----------0-----0------------00-0-------------
-----0---0----------0----------0-----0--------
-----0----------0---0-------------00-------0--
----0--------00--0--------------------0--0----
--0------00--------0--0-----0-0---------------
-0-------0--000-0--0-0-----0------0----0------

Generation = 118, Population = 405.
+-+-++-+++--+-+++-+------------+++-+-+-----+-+
--+--++++--++---+-+-+-+-+-+----+-+---+--+----+
+++-+--+--++-+-+--+++-++-+++--++---+++---+-++-
+-------+--+-++++-++++-+++++-----++++-----+-++
+-++---+-++-+--+--++-+-+-----++--++-+----+---+
-++++-+--+-+--+++-+++--+++-+-+-+-++-+-+-+++++-
-++-++++--++-++-++--+----+++--+-+++--+--++--++
+++++-+-+-++--------+-+---+--+++-+-++--+-+---+
--++++-----++-+--+-------++-+---+-+-++-+---+-+
+-+-+--+++++-++-+-++------++-++-+-+--+-++-++++
-++--+--++-++++++-++++---+++++-+++-++++++++---
++-+++-++---+---+--+++++-+-++--+-+-+---+-+-+-+
+++-++--+--+-++-+-+--+-+++-+-++--+++---+++-+-+
+++-++-++-++--+----++-+++-+++++-+++-++-+--+---
-+++--+--++++-+--+---++-+++-+-++-+---++++-+-+-
--+++-+---+-++---++-+--++++--++++--+++++--+--+
+-+-+---++--++++--------+--++++++-+++++-+++-+-

*** Life<FredkinCell> 47x70 ***

Generation = 0, Population = 17.
----------------------------------------------------------------------
----------------------------------------------------------------------
----------------------------------------------------------------------
--------------0-------------------------------------------------------
-------------------------------0---0---------------------------------0
----------------------------------------------------------------------
----------------------------------------------------------------------
----------------------------------------------------------------------
----------------------------------------------------------------------
-----------------------------------0----------------------------------
----------------------------------------------------------------------
-----------------0----------------------------------------------------
----------------------------------------------------------------------
----------------------------------------------------------------------
--------------------------------------------------------------0--0----
----------------------------------------------------------------------
----------------------------------------------------------------------
----------------------------------------------------------------------
----------------------------------------------------------------------
---------------------------------------------------------------------0
----------------------------------------------------------------------
----------------------------------------------------------------------
----------------------------------------------------------------------
-----------------------------------------------0----------------------
----------------------------------------------------------------------
----------------------------------------------------------------------
----------------------------------------------------------------------
----------------------------------------------------------------------
----------------------------------------------------------------------
--0-------------------------------------------------------------------
----------------------------------------------------------------------
----------------------------------------------------------------------
----------------------------------------------------------------------
----------------------------------------------------------------------
-------------------------------------------------0--------------------
----------------------------------------------------------------------
----------------------------------------------------------------------
----------------------------------------------------------------------
----------------------------------------------------------------------
----------------------------------------------------------------------
----------------------------------------------------------------------
----------------------------------------------------------------------
---0----------------------------------------------------------0-------
----------------------------------------------------------------------
----------------------------------------------------------------------
----------------------------------------------------0--------0--------
-------------------------------------------------------0--------------

Generation = 12, Population = 241.
-----------------------0---0---0---1---0---0-----------------0-0-----0
-------------------------------1---3---1------------------------------
---------------------------0---0---3---0----------------------0----0--
--0----------1-------0----0-------------------------------------------
-------------------1---0---0---0---3---0---0---0---------0-0-----0-0--
---------------------------1-------3-------1--------------------------
-------------------------------0---1----------------------0--3----1---
------0--0-------0----0--0-------------------------------------------0
-----------------------0---1---1---1---0---1-----------------1-1-----1
-----------------------0-------2-------0-------0----------------------
------------------------------------------------------0--0----0--0-1--
-----0----1--1----0--0-------1-----------------0-----------------0-0--
---------------------------0---1---1---0-------------------------1-1--
---------------------------0-------1-------0--------------------------
--------------------------------------------------0--1----1--1-3-----4
---------0----0--0-------0-----------------0-------0---------0-0-----2
-------------------------------0---1---------------------------------1
--0----------------------------0-------0------------------------------
------------------------------------------------------0--0----0--2-1--
-------------0-------0-----------------0-------0-------0-0-0-----5-1--
----------------------------------------------------------------------
0-----0----------------------------0----------------------------------
-------------------------------------------------0--------0--0----1--0
-----------------0-----------------0-------0-------0-------0-0-1-----0
----------------------------------------------------------------------
--0-0-----0-----------------------------------------------------------
---------------------------------------------0-------0--------0--0----
---------------------------------------0-------1-------0---------0-0--
----------------------------------------------------------------------
0-----0-0-----0-------------------------------------------------------
---0-------------------------------------0-------1-------0----0-------
-------------------------------------------0-------0-----------------0
----------------------------------------------------------------------
--0-0-----0-----------------------------------------0--------0--------
-------0-----------------------------0-------0-------0-0--1--0----0---
-----------------------------------------------0----------------------
-------------------------------------------------------0--------------
0-----0-----------------------------------------0---0---00---0---0----
-----------0-----------------------------0-------0-0--1--0-1--0-------
----------------------------------------------------------------------
---0-----------------------------------------------0-------1--0-------
--0-----------------------------------------0---0---10--11--10---0---0
---------------0-----------------------------0-0--0--0-4--0----0------
----------------------------------------------------------------------
-------0---------------------------------------0-------1--2----3--0---
----------------------------------------0---0---00--10--23--20--11-0-0
-----------0-------------------------------0-----0-1--0----2--4----1--

Generation = 24, Population = 252.
------------------------------------------------------1--1---------3--
-------------------1---------------4---------------1------------------
---------------2---2-----------2---5-----------1---2-0-0-------------2
00----0-01----1--2----1--0----2--1----1----------------------0-0-----1
-------0---1-----------1---3-----------2---2-1-5-------0---3-2-5------
--2------------------------3---------------5--------------------------
----------------------------------------------0--0---------0-----4----
---------------------------------------4---------------3--------------
--------------------------------------------------------------1--0----
-----------1---------------1---------------0---------------1----------
-----------------------2---1-----------1---1-----2-----------5-5------
1----13--1----3--1----1--1----1----------1-----------0-0-------------2
---------------1---1-----------3---3-----------1---0-1-0-------------4
----2-----1------------------------3----------------------------------
--------------------------------------1--1---------1-----2---------4--
-------------------------------1---------------0---------------3------
----------------------------------------------------------------------
-------------------1---------------1---------------0------------------
---0---------------------------3---2-----0---------------2----1------0
-1----0-------1--1----0----------0-----------1-0-------------2-4------
-----------------------0---1-----------0---0-----------------1-3------
--0---------0-----2---------------------------------0--------2--------
----------------------------------------------1--1-----0---1-----1----
-----------------------0---------------2---------------2-------------3
-------------------------------------------------------1--------------
---------------------------0---------------1--------1--------1--------
---0-------1---------------------0---------------1----1----------3----
---------0----3----------0---------------------------2-1-------------0
---0---------------------------0---1--------------------------1------2
----0-----0---------2-----0-----------------0--------0------0--------1
-----------------------------------------------2------0--2-----1---1--
-------------------------------1---------------1---------------0------
-----------------------------------------------1---------------1------
-----------------------------------1--------0--------0------0--------3
---0-------0-------0-----0---------------0----1----------2---------1--
-----------------1-------------------------------------------1-0------
---0-------0-------------------------------------2----3---------------
--0---------0-----0-----------------0--------0------1--------1-2----1-
---------------------------------------0---------------0------3--1---0
---------------------------------------1---------------1--------------
---------------------------------------0---------------2-------------1
--0---------------------------------0--------1------2--------1-0----0-
---0-------0-------0-------0-----0----1----------5---------------2----
---------------------------------------------------------------------1
---0-------0-------0---------------------1----4----------1------------
----0-----0-----------------0--------0------1--------2-1----4---5----1
-------------------------------0---------------3-------------1-2------

Generation = 36, Population = 252.
---0---------------------------------0-2---------1-------------1---3--
2-2---0---------------------------------------------------------------
---------------------------------------------2-------2----------------
------------2-------1---------------------1----2--0-------------------
-------1-------------------------0-6-----3-6---------------3---8---1-2
--21---------------------------------------------------------------1--
---2---------------------------------------------4------------1-------
-------------0--3--------------------------3--1--1-5-----------------5
---3---------------------------------1-6-----------------------4---2--
-------2--------------------------------------------0--------1-2-----4
-------2----------------------0--0---------3--1--------6--1-------1---
---------1-------1---------------------------4-0-----4-----------0-3--
-------------------------------------------------------3------4--4----
---1--------------------------------------------0---0---01---1---3-1--
---0----------------------0--2----3--1-5--2----7--32-------4--0-------
-------------0---0-------------------1-1---------1-------------------4
---0-----------------------------------------------4------40-55---3--4
-----------------------------------4------------0---1---04---3---4----
------------------------------0--0---------1--3--------1--------------
-------------0-2-----1-----------1-3-----2-2-----------------3--------
-------1-----------------------------------------------4--1---3--71---
-------------------------------4-------3------------1--------8--------
-------------------------------3---3---------------------------------6
-----------2--2--1-2-----------------1-4-----------------1-------2----
---0---------------------------------------------1------------1-------
----------------------------1-----04----------------------------------
---------------------------1---2---0---0-------------------------4-6--
----------4----2--4------------------------------------------2--------
---------------------------------------------1-------3----------------
--0---------------------3-----1-0-----0-------------------------------
-----------------2-------------3---3-----------------------3---------3
----------------------------------------------------------------------
-------------------------------2---2-------------4-------------------2
0-----0---------------------0-----0-----------------------------------
-------------0-------3---------------------------------2-------3------
----------1-------3----------------------------0----------------------
---------------------------0---0---1---4-------------------------1-0--
--0--------------------------------3----------------------------------
-----------------0---------0--1----2----------0------------4----------
--------------1--1-------------------------0-------0-----------------3
-------------------------------1---5---------------------------------2
--------------------0--------1-0-------2-------1--------3-------------
--------------------------1-------1----3--1-------1--6--------5--3----
-------------0-------1-------------------------1-----------------3-1--
-----------------------0-----------------------------1--------3--1----
----------------1---0---01---0---0-1-------0---2---12---4---5---------
-------------------0----------0----1----------4--6-------42--2----2--2

Generation = 48, Population = 233.
------------------------------0--0---------2--1---------------6--6----
------------2-----1---------------------------------------------------
---------------------------------1-------------------------------4----
3------------3---4------------5-5----4-1---------5------------1------8
-----------6-------6-1-3-----------------------+---5-7-3-4---5--------
---2-------------------------------5-------------------------------5--
----------------------------------------------------------------------
---------------5---------------3---------------4-------------4-3------
----------------------------------------------------------------------
-----------3-------2-------------------------------4-----3------------
---6-------4-------4-----------6---8-2-6------1---------------3+---9-5
-2------------5-6------------3---2------------1------+-6---------3----
----------------------------------------------------------------------
--1-------------------------1-----2-0--------2-----------------3----1-
--------------1--0---------4--2--------+------0--9---------6--1------+
----------------------------------------------------------------------
---------------------------------------5------3--2---------4--+------+
------------------------------------3--------2-----------------5----0-
-----------------1-------------------------------6---------6----------
-3------------4-5----3-3---------6------------0------6-3--------------
---5-------2-------2-----------+---5-3-7------5---------------5+---8-5
-------------------4-------------------------------2------------------
----------------------------------------------------------------------
-------------------------------3-------------3-----------------6------
----------------------------------------------------------------------
---0-------------------------------7-------------------------------2--
---2-----------2---2-------5--2----1----------35---3-3-4------4-------
0------------7---4------------2------------------7--------------------
---------------------------------1-------------------------------4----
------------2-----4-3--------3--------------3--7--2-3---3----7--------
-----------------------1------2--1---------6--3------2-6------7--3----
----------------------------------------------------------------------
-----------------------1-----------------------------4-1--------------
------------1-----3-1--------4-----------------+----3---3----6--------
-0-------------------------------0---------3---------------------2----
0-----------------------------0------4-6-----------------------------9
---0-----------1---3-------3--4----7----------12---4-3-3------4-------
----------------------------------------------------------------------
----------------------------------------------------------------------
---------------3---------------1---------------0-------------3-6------
----------------------------------------------------------------------
-------------------2-------------------------------6------------------
-----------0--0----1----------1------------3--3----3----------+-------
-0-------------------------------0-------------------2-6--------------
-----------------2-------------------------------6---------4----------
--0-2--------2--------------3--1--0-3---3----4-----------------4----2-
-------0-----------------------------1-3------+--9---------6--9------2

Generation = 60, Population = 1128.
-----------0-2-1--13---1-122---5-2-6---5-4-5--23-3-5-2-4---8-386-----3
3-9-8-4-2-2-5-3-3-463-101-211-32--362--5---4-4-7---4-5-3-4-4-6---3-703
-------1------0----6-81----2-7-+---9-4----36-3-5--2+---7-518-----947-9
-------2-----------------2-1-----2----------3--------7------------1--9
---------3-9-----+-+--1----7-30+---7-0-----+-6-+-6-8-+-7-4-8---+-7-7-6
5---6-3-3-3-8-220-4-4-311-37--68---62-4523-+-5-8---4---3-1---5--04---5
---+------0--6---006---2-3-----6-4----19-4----5+-6-6---5-----741-6-6-+
---3-------3---------1-5-------5-----4--3--------5-------7-------4-5--
-----------+-6-6---8-3-5--27-----01----+------86-7-+-3-8-9-5-87+-8---9
--6-5---2-275-7-3-254-1---16---80-65-7-402361--+-6-7--------1+---7----
------0--3---314-7---1-+---4-5-7--0+-3----3+-7-----6-7-----5-9-+-7-+-+
-------2-------9-4-8-------4-------+5----6---+-3-----+---------7--1--+
-------1---------1-+-----2----3-------3---34------22-7-7-955-----65+--
6-----213---6-324-4---11---33-35-5-+0936-+-034253----+--3-------------
--0--4---214-2---5-2-4---5----3+-2-+--1+-6-----+-+-6---+---+---+-6-8-+
-----------5-2-5---3---3-------62------4-4-5-----3-4----------0----5-6
---4---------------5-4-----4-8---34---1---7---5+-------7-----+++-0---+
--221-----242-----14---52-64-3-+1247-9-42824-4--263-2----9-------6----
-----311-4-6-126-5---1---90--5----0+-5-1---3-6-5---6---7---7---+---8-8
---------4-4---+---2---6---47------6-6-5-8-+-+-8-------5--0------+-5--
---------------7---6-----1---5-+-91--42---4---7----1-3-----8-88----8-5
5-----301---2-53--774-45-1-7245+-3-+2126-3--133--4---32------+-------6
-3-6---0-214-2-4-41--51--1---63--5-----6-5-----6---9---+---6---6---8--
---------------9-6-4---03--8---3-8-7-8-6-6-5-5-3---4--0----5-1-7---+-+
-----------3---2-------9-2---43--5-+-41--53------13----+--1--5-5-535--
--2-3---1-34--33--64-4274143-5-+136--7--105--5---24-55---76------+-5--
-4-9-2-4---3-61--317-22--12--4---7---4-7---6-------4---8---9---8------
---------4---7-4---+27-5---3-----6-+-8-9-8-3---5-843---7-+-8-----6-6-5
-------2---1-------4-4----15-6---10--3-6-6----0----------+-2--39-5---4
2---5-4---32--53-772-914-745544--+--4256-4---55-75---33-54---826-----6
-2---2-1-1----14-30--124-31--6-5-4---2-----8---7-------6---8---------7
-----1---4-2-03-42-4---1-4---1-3-----5-3---4-124---4---------4-4-2---5
---4---0-------3-5----02-2----58-3---1-----4-7-------8-----7-6-----3-6
0-1---11--2--552-572-414-51--93-2252-5---35261---59-57---563-6---4-9--
-1---2-0-011-2----15-51--3---45--3-5-----6-----+---8-------------2-7--
-2---0-0-03-36-9-34--7---4-2-5---5-8-9---322---6-------------6---+-+--
---0-------1-4----07-2----33-6-----7-----0----36-------5-7-5--55-3-4--
--40--1--133-75--772-42--26--664-54--62740---23+32---13+-2---3-5-4---5
-2-0-21--4-3--26-4-------106-2----2--5-7-----1-----4-------6-5-4-----3
---2-01-32-5-0---4----3--2---0-2-----002-2---------------1-----------5
---0---2-4----23-5----48-2---------7---6--2-------5----7--5+-4----2---
-----453-03--441-545-63--256-80-6437441--35834---32--1---3-6-7---7-5-9
-41--2-1--2--6-1-----6-3------27-4----2--7-4-----8-5-----4-8---+-9-8--
--4-1--3-1---5-------3----1------345---------7-------7----------------
-----4-0--24-1----42-5---------3------33-5-6--8+---6----------9----3--
-6---4---362-441-54--73--53-653337154313745--56--4---4---+---8-9-+-8-5
-2----1--2-0--14-7---------1------16-1----3--3-----7-------7-8-+-----3

Generation = 72, Population = 250.
----------------------------------------------------------------------
----8-----2----------------2-------------3----------------------------
---9-2-2-------------------4---+-------------6-----------6----+-------
----------------------------------------4----5--6-----1-0--9--4------+
-2-----------5-+---+---4---------6-8-0-+-------------+----------------
--7-------------------------------------------------3--------7--------
14---------+--0----------------------------------------6--------------
---------------------------------------+---------------9--------------
-------------------------------------------------------+------+--9----
--8----------------7-------------3-5-------------+--3--------+--------
---9-------9-------------------------------------8----2---------------
-----8-6---------4-------------------4----------7--+-+-------51+---+--
---7-2-2-------------------5---8---------4---1----------------+-------
-----------------------------------+--------4--------+------3--------+
---+-4--36---------3--0------------------------+---------------+------
---------------8-------------4-----------------5----------------------
-----------------------------------------------+------4--9-----+---+--
---------------------------4-------------8--3--------5------3--------+
---7---------------------------+---+--------------------------4------+
-+-------6---4++---------4-------------------+-------------9---------2
---9-------5-------------------------------------7----3---------------
---------------------------8---------------+--------4-------3+----1---
04---------7--1----------------------------------------+--------------
-------8-------------5-0-------------+--------------------------------
-------------------------------------------------------+------7--7----
--2-------------------------------------------------8--------+--------
-------------8---------8---------------8---7-----------------8-+------
-----374------9--+----8-----------------------------------------------
---4---------------------------8---6-----6---------------+----3------4
-----------------------------------+----------------7-----2-------4-0-
----------------------------------------------------------------------
---------------4-------------4-----------------5----------------------
----------------------------------------------------------------------
----1-----4------------------------4----------------------------------
0----4--------2----5-6---------7---------------------------6-------7-5
------0-------7--6----3----------------------------------------------+
-----------------------7---3-----------9---6-----+-----------+-5------
-3--------4----4--------0-----------------------------------1-----4---
-------3-------------3----------------------------------------9--8----
---------------------------------------7---------------8--------------
-------3-------------5----------------------------------------5--+----
-15-------5----3--------1--7---------------9--------------------------
--------5----7--------3----7-----------------------6-------+-----+-+--
---------2----2--6-------2-----------------------------------4-9-----8
0-------------9----------------7---8-----------------------4-------7-8
--7--8-4-4------6-7----3--------4--7----------------------------------
-------------5-4-------------4------------------------3--+---------+--

Generation = 84, Population = 745.
-61-11---112------1--4-3-4---1---4---------8---5---------+7------+7--7
--------3---7-6-4-5---1----4-------8-----7----------------------------
54---------7--2--------------7-------5-----------------------++--+---9
-4-8-----+-8-6-+-----2------53-2----7----+4----+-+2----7--5-+----5674-
24-+-5-7---+-65+-+---3-----+-6---9-----+---+---+---+-+---+---++-------
-----------79-----6----5-3-----------6-9---+-+-----------5------------
-----6-5---+-------+-------9-----7-7-----9---78---------------9--9---+
-----3-7---5--6--3-4-----4-6-7--53-+---------+4-4--+-+-9-----9--34-+-+
-------7-2-+---+-----6-9-5---4-------------+---7---------+---+--------
--8----6-------+-----6-----+-6-----72--7-9---+-+-----7------5+-+--5-2-
35-----5-6-+-94-68---------6--5------5---63--+---+4-------4------94+-+
----------8----+--6------9---7-9-+-----+----1----9-+7-----3+-7-+-76--+
---------------------------------------9------6--5---------+--+------+
9-----5----8-------------4------2---0---4+-1-6---7------76-7--5+---6--
--4-54---+688----85556-7--3----+--5------9-+-+3--+------------6--8-+-+
-4-----4-6-----------7-4-----5---4---------6---------7-3-----+---4----
-----6-7---5-------7-------+-------------497--8---3--7-8--+---++-28+-+
--5----------------5------------2---5---38---8---9-4-------+3--+5-++--
6--+-----7---43-4------1---+--5+-------2-----+-------3---------------+
-+-+------4+-----+44-----5-5-4-+-----7------7+------4-----0-------3---
-5-+---4-7-9-------------------------6---84--8+---2-------7+--+--+8+-+
---------------7-------+---9-------+2----7---6-+-------8-------+----3-
4--8---------726---+-------+-------------------9-+-+-+-+---9--9----+--
76-----9------6------6-1---+--5--8-+-----+---7--13---------+--0-------
-----4-3---8-------7-------+-----5-+-----9---44---------------+--7---+
-3--------7----6---8---95------------8-9----46----418-----8--+--2-----
771-1-----1---37--2+-5-8-------------------8---+-4-----+-94+--8--+3--9
--9-5----------------8----6----3--5------9---8---+-----+-------5------
-------3-------------6-------9-------6-----------------6-----+-------4
-----66---533-78--845---6--95------+----66----8-----9---84--996--+--0-
4-5-07-2--0---5--507-----6---6-------------+---8-----4-6--6--++---81-+
-----4-2---------5---------------------------3-------------3---------6
3----------1--77-7-2-----4-------5-------------+-----9-3------4--6-4--
-----53-3-62---78--41-2-7---5---------------6---5-+-9---697--+--18----
1----5-----4--57-----7---3-------5-----0-------+-------8------+--4----
-3550----0-3---+----------5--5-8--7------------9---------------8-+-+--
--4-3-----18---7--5+-3-7-------------------8---+-+-----+-828------7--+
-4--------4-7--+--+4----0--------------------------67--------5--------
36---------5--8-3------------27--------------------7-----+-------+----
23---0-5---8-------3-----2-6--3----8-------8-------3-6-9---+-------5-+
2--4---------565---6-------7-------------------6-5-+-8-8---+--7----6--
--8-5---5----7-4-5-----3--7----+--------1------4-------6----2-----6---
--3-45-5--7-9-----7-5--5--1-------5--6-7------6--+---+-8---+--+------9
-3---4---------8---------------4-----7---------+-5-2-----+-6---+------
-----6-5-8-------5-------------+-----5-------++--9---5-----6--+-------
--9---6--4--5------8-+4---45--36---+6---8---8------7----6---+-5-+-8---
47-3-----5-+-75-5--5----------7--8-------563-6---+79-7-9-++----+-+4---

Generation = 96, Population = 225.
----------------------------------------------------------------------
--+-------------------------6-----6-------------------------4-----8---
-------------7---4---------+---------------------+---------+----------
----------------+-------------+---------------8-------------+---------
---+-----5---9---------+-7-----------3-+-------------------9-------+--
----------------------------------------------------------------------
----------------------------------------------------------------------
-----------------------------+-----------------+-------------+--------
----------------------------------------------------------------------
---+-----+-------------------------------------------------+-------+--
8--+----------9------------+--8----+----------9------------9--+----+--
-----+-+-----+-------------+---------7-+---------+-------------+-----+
----------------------------------------------------------------------
-+--------3----7----6---4----8-----------------+----7---+----+--------
-------+--------+--8-7-+-----85-+6---------+--7------+-+--------------
----------------------------------------------------------------------
35-----9---6--9------5-8------8--6---------9--+------8-+------+--5----
-+--------8----9----3---6----3-----------------+----6---5----+--------
----------------------------------------------------------------------
-------------8---+-----+-6-----------+-+-----+---+---------+----------
5--+----------7------------+--7----+----------+------------+--+----+--
---6-----------------------+-------+-----9-------------------------+--
----------------------------------------------------------------------
-+-------------+-------------------------------9-------------9--------
----------------------------------------------------------------------
----------------------------------------------------------------------
---+-6-7-------------------+-------+-+-+-8---+-----------------+---+-+
--------------+-+-----------------------------8-2-------------3-------
-------------4---8---------+---------------------6---------+----------
----------------------------+-----8-------4-----+---------------------
----------------------------------------------------------------------
----------------------------------------------------------------------
----------------------------------------------------------------------
--8-------------------------+-----8-------------------------9-----4---
---6-------------+---------------------------4-------------+----------
--------------8-8-----------------------------2-+-------------1-------
---8-7-6-------------------5-------+-3-+-1---6-----------------+---+-+
----------------------------------------------------------------------
----------------------------------------------------------------------
-----------------------------6-----------------7-------------6--------
----------------------------------------------------------------------
---4-----------------------+-------+-----3-------------------------8--
----------------4----------+--4-7--9-----+----9--+--------------------
-----4-8-----9---7-------------------+-+-----+---5---------8---------+
----------------------------------------------------------------------
------9--------7----+--------5---+--------6----+--------+-------------
6+-------+-+--6--------2------9--+-----6---9--+------7--------+--+----

Generation = 108, Population = 1392.
19-8-------8--95-2-4---8-----34--5---7-+-9---+9+-6-------+----+--+----
67+7+68765---8+46-----5---5-729-6-6-+-5-5-2---8+1-----04--795+--4--+-8
-72-2--9--3----+8-3--+-6-55+-+++3-0+-7---+6--+++--7-------6--+-+--8--+
-9-++------+-----+7--5-+----9--6-679-+-+-+9+-+--+------9--9+-----+--++
88---7-8-----+9+---+---------+5+-----7---+---+++-+-+---------+++-+----
+9+-++---4----4+4+-97---467--99-++8-+-4---7+---+5---6---+8+--+9-2---5-
9----8--4---6-38---+26----4-8+7--95+2----+5+--++--1+-------8--+--+----
-6-----+5----9-+---8-36+8--+-+-+-5---------+---+-+-+8-1+-----+---8-+2-
+-6-3--+-73---6---5+-+-9--5+--7--83+------+--++---6------++8-++--+9+-+
98-+-+-+-+9+++8---++---629-+8+5--8++-+6+-+-+9------+-+-+8+--9-+--+++-+
----5--+4+-+9---++-+-81--+-+--+-7+-+-8--+9-+--++---+--3---------------
-+---+---+-+++---+--+9-7--3----+--7------++-------8--+--8+---+-++----+
+86+3--+3-7+--+--+7------+4+--9+--3----+--6--7++--78-+-+-++--+++-+++--
++-9--7-9+6--7+8--+9-+4--+-+9+---+++2---9+-9-9-+-+---+-+-+-+9+-+--8+7-
+--+9+--9+-+++9+-+++-+-+--7+-+8-----7----+--7-++--7----+-++---++-----+
-------+-+-8-79--------+-4-5--67---7-9-------8--1--+-+-7---84+4----+--
78-8++-+88-+7+++---+-6-------+9+-7-9-----7---5++-----+-+-+-+-+++-----+
7-8+-37-3-+---++-55--84+-+-656----7+8+-78-8----++--7-7---+---+------2-
-+8+1--91+4--7--9-44--14-+2+--8++-3-----1+2---8+-+29-51---2+-+---+3---
-+-+---+--+-+--+--5++--------+-+-+-+---+-+6-9--+--8+7+---+3+-+-+-++---
++-+48-91--+1-9--7-+-----8---+8--+-+-----+-+--++---+-----8----+--+-+--
---+--6+--+6+-++--++-3-+83--4-+--8+----+---+-+8----+8----+-87--+8+3+--
9+-+-9-+----8+5-----2--+--3-+-7+--9+38---+7+-++---++-+-+-9---++--+----
-+-+-86+5--+-+-+---+-+73+----6---+-+-+6-2+-9---+-7---+--6------+-+---+
675-27--354--563--4+-+----2+-79---4-------57-7+9--8+------8--++9-+9---
+----8----+---++8---+---+49--++-4---+-4-57-----+-694-----+-+++8-2--+--
-+---7---7-+-+--49-----+-4-+--8-4+-+-+---8---+++-+-----+-----+-------+
-9+-+7-+-----+-+-+-+---8--885----+5+8--+---9-+---+9-------+-4--8--4--+
5+5908-5--2--43+-92------+1--+0+--2+---+--2---4+-71----7--0+-+6---6--+
-984+--5-------++-----68--9++8--5-++-8-89+8-++-+----+-6-+-6--+-+---94+
-3---+-4-6---9-+25-+-----+-4-+9+4+-9-5-6---+-88+---+---7-----+---+----
-2-----4---5-------8---4---------6-----------------------------------+
31-7---7-6-4--++-+---2---6---+8+-6-----7---8--4+---9-+-7-+-+-+7--8-6--
3--7---+5-----+++-----49+-68++8-94-95+3+-8+--46+--+---3-9------94--+3+
3--6-+-5----57++----2+-2--5-7+8--+2+4--2-+4--56+--4----+-9-+--+-------
--993------6-+-+-+--------6-59---+7+4+-+---+-+---+7-------4-+--+-+5+-+
6----7---5---++----+-7---4-6-+++-9-+-7-+------7+-----+-------++--5---+
----+-5--------+9--------3+-+-+-+89-792--1--+--+-7-6+---8-+8-----7-88-
-+8438--563+-+-+784---6--73--78-974--+--0+4---65-+5+-+6---9+-+-+--+---
-4---56-+8---2-+-5---48-7----8-7-+-+-61-4--+-5-8-+---+--3--+-7-+-+----
--5-27----48-+--686-------8+--+8448--+----4---6---8--+-+-++------+6+-+
--+8---+--++4-+98--+++-5---+-+8-+--+-8-+---+-87---2994------5+6+---9-+
7--958-69--+++3--+9+-+-+-+4--+7--+-++--+---+5++--+6+-+-+-+8---++-+-+--
-6-4------8-3----+9+97-----9-+---6-----+--3-5--+-9244+-+--2+-9----4---
67---+-+2+--6-++-9-+7--7-+7-4-8---5-5--+-+3---++-+7+-----+-+-+++---+-+
+--++-9-+-+-+-99+++-+---+--+--8-9+-+-96--77-+-+++94++-5++------+++++6+
----37--9+-++--9++----43---5-9++6+-+----9----+++-+-+-85+---+-+---+-+--

*** Life<FredkinCell> 75x40 ***

Generation = 0, Population = 55.
----------------------------------------
----------------------------------0-----
----------------------------------------
----------------------------------------
----------------------------------------
----------------------------------------
------------------------0---------------
----------------------------------------
----------------------------------------
--------------0--------------------0----
----------------------------------------
----------------------------------------
---0------------------------------------
---------------------------------0------
----------------------------------------
---------00-----------------------------
----------------------------------------
----------------------------------------
----------------------------------------
-----------------0----------------------
---------0---------------------0--------
--------------------0-------------------
-------------------0--------------------
------------------------------------0---
----------------------------------------
------------------------------0---------
----------------------------------------
-0-----------------------0-----------0--
----------------------------------------
------------------------------0---------
------------0---------------------------
---------------------------0------------
----------------------------------------
--------0-------------------------------
----------------------------------------
-----0----------------------------------
---------------0------0-----------------
----------------------------0-----------
--------------------0-------------------
----------------0-----------------------
----------------------------------------
----------------------------------------
----------------------------------------
----------------------------------------
-------------------------------0--------
------------------------------------0---
----------------------------------------
----------------------------------------
----------------0------0----------------
----------------------------------------
------0---------------------------------
----------------------------0----------0
----------------------------------0-----
----------------------------------------
--0-----------------------------0-------
----------------------------------------
----0----------0------------------------
-------------------0--------------------
--0-------------------------------------
--------------------0-------------------
----------------------------------------
----------------------------------------
----------------------------------------
----------------------------------------
--------0-------------------------------
----------------------------------------
----------------------------------------
--------------0----------------0--------
------------------0----------------0----
---0-----------------------------------0
----------------------------------0-----
----------------------------------------
---------------------------0------------
-----------------0----------------------
--------0-----------------------------0-

Generation = 21, Population = 1374.
--0-0---0-0-------1-0-1---2--0--1000-0--
---0---011-------2-0---0-0-0033-33-2--0-
------0220---0-------01---1--01--01000--
-----0-22---021----11-0-0--0---------0--
0---0-0---0-010-1--1-0-0101-0001-00----0
-0-012---1-011---21-3---21-204-5--46--0-
000110----11-00--1-0--2--0---02110---0-0
0-102----2-31--02-222--10-0-0----1--0-1-
-00-0---0---1-00--04-0-0---0-1-4-000-0--
-2---1--32-01021--10402---2-034--3-44---
-00----1-3-0-202-11--1-0--11-020--110--0
2-32-0-24---2------21-10-3-2--0-0-21-10-
01--0-0------3-----1--022-----0--1-00-00
-1------12--1-1-2-0---131154-753--0-23-0
-1---2-1-----0-1-1-2--21-101---2-0-1-00-
244-7763-522----3--11565-72-33-3-31-0-1-
00--030-040------20-1-1-220-120-06--020-
---0-1------50--1-300-1-01-1-03-3--1---1
--0------3-411--02-212-1--03-1-3-----10-
-2---2--455-1--1-2324----23--20----0122-
--0-0---120-----12-2--1-2-1-02-----3070-
-------0-0------3-2-10-2124-3--1--5-10-0
02---00-23--02-33--14--226---20--1-3--02
0-0003201-122432-210-3--515----02-2---23
-30-030--0--220-11--3--10-020--40-----0-
--00---------0-0----0-5-24-34-2---5--212
-032-1----14--1-0--22------2-10--0-40-02
--010-01-3321--111-1-3-10-1-420-1-2-1---
-----2--3--2---1411-3013-01--4010---010-
2----1---2-0----01-2----22-3144-5-6--211
-0---0-1--2---25--1----411-010201-01-000
1--0221425--44342--13---0-1-42-2--------
----2-4-1--132-1--0433----021-2-1020-0--
-03-6-5---4-5--1----1-------60-2-1-11-1-
003---------1-3--11-02--00-040-1--1-20--
-0--322-56-421-2--311-0-550-2-1-0--2-1--
00--3---3-3-4--25--2-00--3---12111--2---
----1---243--0--3-1-0-------213-323-4---
--403-014-----0-01-1110-30-0-001-0-11--1
-1---21-2202----0-1-63222-2-0--14-21-10-
--1-11--1-----34321--0-0-20-1-1--4-0----
--1-0---21--32210-----1-01-----00-3-110-
30---0-1---210-23-1-30-01-0010003-01-1-2
21--1--31--21----0--2-11-00--20043142-03
1--0--01-10-1-1-2-3212--4-2001-1--0----6
0-0-0---62-0----41011-0--1-3----3--2-2-2
---0-0--0---0-1130-140-1--0---1-0-0-22--
0-000-0-----3--11--3-0------2-2--1-1--1-
--1--0----01421------2-1---1--512-21--10
-----0-------0--1--1300---0-2123222-131-
-0--10--300010-3-01-2----0---0013------1
--0-0-------2---30----0----4--12-43-0---
---0--0-50-22------21---0-2230-2-----1--
0-0-0-0-2100--1-3-00---022-32-32112---2-
---010--20---022----10--1--0----1--2----
---211-------0--2-2030-1--111-0-1---0-1-
---15--1-5------4---0-122-0--1-2----02-0
--0-----2---2-13------002--2-1-----1-1--
0----0--70-----22----0-0--0-----10--30-1
-0----10302-2-21314---120--3----11-1----
0--0---112-----23--0--0110----2-0-4223--
----0---1-1-1-2---1---2-0------1-11-2-1-
0---10---0-1--22-0---02-0---1--1-024-0-1
-0-0-01---0--1331------1----10-4--0--1--
0---1------1-171-2-1---3-2371-3-00-5-4-0
------1-0-1---1-1-2-2-----0-01--0-04-401
--4-2-----10-0-2--51-0--32-41-2--331232-
30--40--52--1-2-62-53-53425-----3326-4-3
--4-10-0---21--2-002-0---3---------13-30
0-1-0---0--20-1-1-3-2---120-0-2-0501040-
30-0-------1--3--0-2-1---3--3-30-14-31--
-00-2--20--202--1-1---0---022112-3-20-06
10----1-41031---4----3---0-2-2-32-3--422
------10----0-2-0---0-----0--10--10-0400
-0-0-0----2-0-120--5---2-------2----320-

Generation = 42, Population = 1308.
--0-----64-----6-3-3-1--4-4----4--------
56--317--2-132-4--2---6--26-356--+-4-5--
----5-6----5-54--3-42--2---2-314-2-4----
24215-344-7--53-------43----5----41--4-4
2----6------4-74-----34--------4-----2--
3--24-3-5---3---343--24--6---7--4+-8-802
5-8----6---6------4-------4---45--23----
-2-6-473--5----0--65+6343-2-6-3--15-4386
01-2--1--61--52-444--7-3----42--3------3
3--24--353--6-6-6--7+254------7-3--6-22-
-6-844--1--56---64----3--2--------11---5
--57---3-9746--2-----5-13----65-----561-
-304-------3-7-1-8---------------4-314--
--326---6--5-----53--6---3+-3+--4---7-64
1---4----6---2-2-33--335--1---2----4-1--
--6-++96-688-+---------7-+67-7---+----46
1-23--1--80---0--7--18--3------517------
3---3--------222-46-+-32---23-7-87+-64--
-23--6-23--+2---6--7-----705---7---4--2-
-24---24-5------3-56--34-6---9-8-56---7-
3-3-1--3-632--57--45-6-6-7--17-4-8-6----
----36--136446----6-252-87-----54--5--35
-5---333-4---4--46-4+137-+-8-7--173----8
----5765----5-53----7-----6------+--6--9
0---25---2----3---23-3--1-----2---3-02--
--8---+-----2-31---363---7--+4--3--47-44
-1--4382-------2-24--5----2-----0338---7
-547-4------+8-25--85+56--687+----69--35
--+05------4-7-665--7--6--5-48-3-824---8
22--326-+-841--34-+6-1+---2--67498--5--1
--------55---1--424--14-----2-5660251-73
84-8-+--485499-58637+-----559--7--5----3
5-----6-8--5-58--56---5-55------8-3-2-1-
7-74+-8-----94644--3-48-6----1---3-545-2
7--6--624------5-38----3304-------7-4361
---66---+747-4-5--6-4-4-8-4-4-34-+48--46
541---6--5+-8-26--76-6-22-5-15-----7-7--
7525-5--8-8360-2+3-5-3--+-7--79-34-75--4
---28-----4-----4546--368587+15-8-625222
11--6356-79-5----3557-6665466--5-----+-5
0-3--24--42-4---463-35-45-2------7-664--
-574485-3-61-----2--+4510--7-3--4--65---
---1---4---4--24---35-3-----3-636----3--
5----026-6-64--1--352-43-+--------67-8--
-02-327-54--7-6--2--4--65--2-7+7--3+442-
--0--35--331--------8-1--4------7---67--
---4------214--577------41-2--44--13933-
2--2-----4----52-5-+---------6-7-3-6--5-
2---2---5------5---73-4--4-6+4+-4-+290--
--3-447--3----2-6-32+-71---557-----+8--5
-0346-2-----+-4--27----2-376-3--7-44----
--64--325-53-6-5-2+-326-23--48-8-----9--
-520539-+--5---5-----4---6-37-5-6------4
--5-4-----2-5------42135--78--674--232-5
01-1-----4----6--13-----4-3-------2-----
----7--2---17----4---15--34-63---13--9-1
------6----4---4+-6--4--702---2----7-4-2
------25-+--3-3-7-4265-15--457-3-43-68-6
---26-9--15-41-66---6--24-2---7423+--441
-----2-25-685--3--9--1-----644--6-4-751-
-16-735-4-7-52-95433------2--0--55-67---
-----1-----6246--3-57-5-1-2--335--3-46-5
4-4--11------37-93----5-2-----2134------
2------3-5---38-364-534-----5337-51575--
226-63-1--6-17+-94-----74-------4-76----
3-2-----1-36--574-34----6-25-7--2-59-7--
1-7-8184---43-56-------36---62554---6-6-
83----13+-645---+7--8-8-+--88-8+-+8+-+39
-4----56+---68----29--97756-52--578-6-6-
---4-----429----176+--4--459---94+-82-06
415----3----837-+--236-3+------874----7-
-2---629213--638-41-4221-43--557----13-6
539--3--8616--9-9-+-6-34-1-56-9--------5
---3-42-2617----2--1-2-41--2-7---52---24
41---15-2-5-36---63-93--33---5----7-86--

*** Life<FredkinCell> 55x21 ***

Generation = 0, Population = 16.
---------------------
---------------------
---------------------
--0------------------
---------------------
---------------------
---------------------
---------------------
---------------------
---------------------
---------------------
---------------------
--------------0------
---------------------
---------------------
---------------------
---------------------
---------0-----------
---------------------
---------------------
---------------------
------------------0--
---------------------
------0--------------
-------0---00--------
---------------------
---------------------
---------------------
---------------------
---------------------
----------------0----
----------------0----
---------------------
---------------------
---------------------
---------------------
---------------------
------------0--------
--------------------0
---------------------
---------------------
---------------------
---------------------
---------0-----------
---------------------
---------------------
---------0-----------
-----0---------------
---------------------
---------------------
---------------------
-------------0-------
---------------------
---------------------
---------------------

Generation = 19, Population = 508.
-------0---000-0--0--
------0-0-01-01-00-0-
-------0-01-203010--0
--------0320303-2----
------0--01-2010-----
-----0------1010-----
----0-----21-0--0---0
---0-----210010--0-0-
--0-----10-13210--2--
00-1------00-00------
101-0---0-0-1--------
-110-1-0--00--0-0----
2-302----0-0-1--30---
-111------1-2--1212--
-01--0-----1--202-20-
0---0-1-----1030-4-0-
--01-0-1------5-3-00-
-0110-3-2-----02-11-2
0--010-10---3--010-0-
----3310-1-0-1--3-0-2
-----11-----3-2--0-02
--21---2-1---01---1--
0022--0-1-0-20-300--5
2-4-11-0-5--4-201230-
23-2-34-51-3-495-143-
10011---1-2-21-12---1
-0122-11-0-1--0-3-1--
1-10--1121-----03--0-
11---0-13--2-1-0-0---
-00-0-11------2-6----
--2--03--1-3---0-----
---11-2-4---904------
-000-0------12-------
10--1---1--1--1------
0-0--0-2-20--000--1--
-0-00-2-2---204240-0-
0-001-11-2-11000--0-0
-000----4----21----0-
002------132--2---2-1
-01-----40122-50-1-1-
--00-1-103-12--0-20--
----------20-5--2-1--
---0-0-20-1-5----1-1-
--0-00012-02----021-2
---00-00-4-0-1-0--10-
---0-0-0041-0------0-
--030-0--201---5---21
--0302---103221-2-1--
-2-004--0-010200-2---
0-0-0300-2-00-001----
-1-1-0-10-0-00-10----
--0-0-0-02-1-00-0---0
-0-0---1-50-0000---0-
0-0-----03100210--0-0
-0-------20--10--0-0-

Generation = 38, Population = 479.
-------2--14--6-1-2-1
----0-1-----3-4---5--
-----2----2-52--5----
--1-3-3-2-3---5---5-5
---2----5---+-235---3
--2-1---636-5---3---1
-01---4---4-----11--1
1---2-10-5608-3---7-0
0--35---40--7-64----7
--4---0253-050--6-3-5
3-1--023--14304-6-4--
-1--44--05-12280--+-1
3-8-+0-3415545----8--
-2----54---3---25---6
3-50--31---4---1----8
---0--2--8-164-0--4--
3---52---35--4-------
-2---3--8743-52--36--
4-50---23--47-----2-3
---0-8--5+955--1---15
337--2---37---5-4-7-2
--62-35--32-6----2--6
3-733--0----7-+-4-8-+
-1--5---6---------+-+
6-+--69--3--4---+-+-+
--5-237--47---5--26-4
6--43-32-3--4-2-3-5-7
+-725-5-5--3---2---24
-57-72-35-54--7-4-6-3
-3---25-+68--17--0---
--50-18-+1+-+1--8-9-4
--56--7-+-73+--35-+-+
7--25--3---6--+3--3--
282-4-3-2-5---5-4-6-5
--0--2--173--0--5---4
--3---8-5--4--637-4-4
------423-354-----1-3
-4-------94-42--8-7-6
--5-4-5-66+-9-----5-4
--73---49--34-8-6-3-4
-2--4-0-7-5-------6-5
3-----4--68---5--15-4
---0--1-6---7-6-----5
3--2----65--9-533--2-
-----3----0-5-4-5----
-------2-533311-+---5
-------2--6-1-4-8-+--
---4-3-3-33-589----48
-----9-3--24--3-3-4-2
---0---1-2-16--0-----
---3-6-5--17-6--7---5
---3-1---3-2-3----542
-2-0-7--1-2-60-17-1--
-2-----0---045--667--
-0-0--2-4-6-5-24-57--

Generation = 57, Population = 617.
2-11--457-5++--2-2643
-15-03--+9-286+-3----
--34735-+-439-+-+---+
-7--546--+9-++82+---9
7-96416--5+-+-6--0936
-4826---+8---1+-5--05
2--903+7---7-7-+---37
8273--52--+--4+-57---
3-97+1---65++5-+-2+7-
97--5-1--8+-9-6--8+-+
424811--4--84-+--27--
54---9-3--------4---3
7-+-+28---+98-40+-+--
5--3-39---3493-3-++-9
-4-5-6----7869-6-6+4+
2-422-----85--91-+---
6-86-9---695+5--+6---
5-9------+6-5-4---+-6
72-28-4---9-8-9-92-39
--------+-+-8-+-+-+-+
-5942-4---+-----51935
7--288+69-75+-+--794-
61+9--8---+5+-+--1+7-
+4+3----+--3+4+0-6+-+
8--9+++-+9+-9+--+-+-+
2-9-5-+-----+-9-----5
-44-----6--3+383--9--
-7+-+984----9-7-7---7
9-+4+-+-93+8+-+--6+--
6---7-93++--6-90---0+
-692+-------+-+-----9
--++64+-+----6-6-0--+
+-9-+7556--9+-+-+-43+
------5369+3+7+5-5+2-
-1--5--4-+7---7-75209
22+--8+--4--+583+---6
--736-8-4-487-+-33--4
58-4-6--+---7-7-+-+--
5-+9--+8----+---+5+2-
65+6+-4-++7-9-+--4527
55--77--+++99--6-4-29
58-1-4-3-+926-+-+-8-+
--6--66---6-+---8-5-7
57+-7+8--85--5--6++55
2-687-3---5-9-5-9-41-
5750--546967-261--+39
2+2++---4+-8-7--+6+--
46--783----7++---+9-+
--53--6-----89-6--46-
--3-5432+-------++81-
2---1--+2-8-7-5--2-8-
--26+5--7584--------4
4---5-3-4-35-1-5-6--4
4-1137-3+-6--+6-++--7
-6-68--+6677+5+-+----

Generation = 76, Population = 422.
-7--95--8----8--4-+--
--------+---+---9----
-+-------+-------3--+
----97--+++---+-+----
84--4---9-----7-+4--+
----9----+--+2------7
-----4-------8-------
--------9----8+--++-6
3-+-+-----8-------+-+
----85--++---+--+++--
-------+-5-+5--------
-----98-2----8--++--7
95+-+--+--+---74-9+-+
+78--8--++---8---++-+
---6---4+--+---8+----
--8-6---+++---+-----+
76-+-+7-7-+--8--+--48
8-+-9++-+---598-----+
--84+-78---++--7---6+
4-+-8----+--+-+-++--+
-9+-3-+--++------6-5-
+8+---+-++--+----++-+
--+---+++-+8--++6-+--
------+-+---+++-+9--+
+-++-++------++++---+
-6+-+++---+--++-+-+-9
---+--6-------++--95+
--+---+---+-+5--8---+
+-+---+-+8+-+------7+
++---++-++--9-+-+---+
------+-+-+-------+-+
+-----+---+--8--+-+--
--+7+-9---+-+---+-+7+
-+9-8-+-+-+---+-+9+--
--446---9+9--3+77-41+
7-+-++--+88-+-----+--
------+77-+----68-6-6
8-+-+-+-----+-9-+-+-+
9---+7++-+-++++++++-+
99----6--++-+-----+-9
------------+-------+
8+9-------+-+----4+-+
28-2-+-+++++++-5-4-47
9++--+--++---8--+----
----------------+----
-+6--6+------4+-+-+--
+-8+++-94+-+-+-9+---9
----------9----------
--------------8------
-+----+--+8---+--+--9
26---+-+-+++++--+6+--
7+---+--+----88--+---
---------+6--+----3--
-----+---+---+----+--
-----++--+---++--+--+

Generation = 95, Population = 597.
487--98-+++-+-+8-----
85-5++--+-+---+7-----
--6+---++-++++--+----
+-+--++4-----++--7---
--+--5--+--6---+-8+--
+8+2++---++-+7----+3-
7-+------8-+-+++--+7+
-6--+6+-++-5----++-6-
---++-9-+--+-7+--9++-
-9+8-++7----+++6----+
+7---87+----86+++3+--
+--++-+-3--+-++8--+7+
+7-7+6++-++-+++--+--+
-++-6--+++95++-------
--+++----++-++---+--+
-----+-6---+-++---+8-
--+++---++--++-++-++-
--+-----+++-8--++---+
-9+-+--+-++-+-+---9--
6+--9++-----+-+-++-++
+9++-++---+++++-+9+8+
-+-5+--+-++-+----+-8-
-6+-+-+--++++-+-76++-
--+-+---+-+-----+++--
+-+-++++-++-+--+-+---
+-+-+--8-++--++5+++7+
--+-+-++---++7-+-7+-+
+++-+-+-++-8--+++--9+
+-+-+9++++-+-8++---++
+++---+-+--9-9----+--
-8-4+-+++-++-+-4-+--+
-+++----+++--++---+4-
+-----+-+---+++--+-+-
--+8++--+-+5+-+++-+7+
+57--7-9+++--+--7773+
+-+--+-7+-------+-+4-
93-9++----+--+-+-7--9
-++4--+7++-2+---+----
+---+-+--++++--------
+-++--+-+-+8+++-+-+--
9-++89---+-++-+---++-
--+4-+-5--+8+++7++-5-
5+--++--+--++-+--89++
++--+-+--+---++----+9
--++++-++-++--+6-----
+-7--9+8-++++-+9+--6+
-++-----7++++--++++++
-+-+-++-++++-+---+-+-
8----+---++-++++--89-
--76+6+--+-8++-7--+-+
595--+4+++++++9++8++-
+-+---+--+-9++-7+-++-
+-7+-94-6-9-+-------7
9--5-+---+-47--6+-+--
-9-+++----+++++++-+++

Generation = 114, Population = 539.
+++8--+-+-+----+-+++-
99-8+++8--+6+--++++-8
++--+-----+---+--7+--
+---++-7----+++7+--5+
----9--++-+-+-+++---+
+++--++---------++---
--++-+-+9+-+-++++8---
----+-+-+---+-+---+--
+8+----+--+-+--++++--
+-+-++--++---++------
+--++-++--++--+++-+-9
--+++---8+---+-+----+
--+---+-+++-++-------
-++-9+-+-++--+86++---
-++----++-+----+++--+
-+-+--+------++5+-+8-
---++-+-+++-++-++--+-
--++++-+-++9--+-+----
++--+-+-----+-+-++--+
+++-+-+--+-++--++-++-
+-+++-+---+-+-++---8-
+++-++---++-+----++--
+7++-+++---+-8--+-+--
+---------+-------+--
+++++-------++-++-++-
------+--++--++-----+
--+++-+++--++---+-+-+
-+--+--+--+---++++---
+-+--++---+--+--+-+--
++++--+---+-+--8++-3-
--+7--+++++++++4+-+--
-+++-+-8--+-+++--++++
----++-+--+--+++-----
++++--+7-++7+--++----
+-+---+-+++-+++-+-+--
+----+-----+++----+7-
+-++--------+-+++-+7-
+-+-+-+-+-+--++--+---
++-+-+-+--++++-++----
+-+-+-+-+---+-+---+-+
-+++--+-+-----++-+++-
-+--+-+---+-+-+-++--+
---7--+++-+++-++--+-+
-+++----+---+--7++-+-
++--+-+-++----+-+-+--
+--8----++----+++-+6-
--+++++++-++-++---+-+
++-+---+++++-+++-++++
++-+--++++-++--+-----
+----+-+++----+++-+--
+----+----+-+++-+----
+-+-+-++-+--++-8+--+-
+-+-+-8+9---+-++-----
-++--++-+-+-+---++--+
----++++-++-++++-+--+

*** Life<FredkinCell> 13x65 ***

Generation = 0, Population = 89.
-----------------------------------------------------------------
-0-----------0----0-------------0--------------------00---------0
---------000--------0------0---------00-0--0------0-0-----0----0-
-0-----0-----------00----------------------0------0-----------0-0
---0-----------0-----0--0--------------------0-----------------0-
---0-------0--------0---------0--------------0-------------------
--0------------000----------0--------------------0---------------
--------0-------0--0-0----0--------------00-----000--------------
-----0---------0---------------0-----------0-----------0---------
--0---------------------0-----------0---0--------0--00---0-----0-
------0-------------0---0-------------0--0-0-------------0-------
----0--------0-----------0----0-----------0--0--------0----------
--------------------00-----------0-----------------0--0--0-------

Generation = 68, Population = 380.
++-+8---+--+-7++++-+--8+-++-++--++---++-+----++---+---++7++----+-
++++-+-----+-+-+--+--+------+-+-+-+-+-+-+++-+++-++-+--+++------++
+---+++----+-+++++--+-++--++-++-+--+-+---+-----++--++-+-+------++
++-++++-++-+--+-+-++------++-++---+-+---+------+-++---+9-++++-+++
--9----+---+--++++-+++--+---++-8-+-+9--+-+-+++--+-+--+--+-+---++-
+-+-----7-++++---++-++---8----+---+-----+---+9+++--+--+--++--++--
----+-+-++-++8+------++-++++--++--+9---8+-+---9--++--++-+----++-+
+-+-------+-9-+---+-++++----+-+---+---+7+---8-+-+--+-+++--++-+---
---+-+-++--++--+---+++-+---+-+-+--++----+-+---++-8+++-++--++---+-
++---+-+--+-------+-+-7---------+---8-+-+---++--+-++-+++--+--+---
--++-+++++--++++-+---+--++-----++++++-+-----+++++--9+-+--+----+--
---7++-++--++++-+-+-+-7---+------7--++++----+---+++-+++--+--+---+
++--++-+++++----++-+----++-+-+--++-+-+--++++---+---8++-++-+++9---

Generation = 136, Population = 429.
-+++-++---+++-++-+-------+--++++-+---+++++-+---+--+-++-+--+---+--
+++-++----+---++-++---+--++-+-+---+-+----++------++----++-+---+--
+--+-+-++-+++++-+--++-+--++-++--++-+++--+---+-+++-+-++--++-++++-+
-+++++-----+++----+++++-++-+--+-+----++-++++-+--++--++-+-+----+-+
+--++-+-++---+-++--+-+--++---++-+++++-+++++-+---++-+++++++---+++-
-++-++-++++++-+--+++---+--+-+---+++--++-+-+--+--+-+-+--+--++-+++-
++--++--+++++++-++-+---+++--++---+-+---+-+---+------+++----+-----
-++--+---+--+++-+-+++++++++--+-+--+++---+--++-+---+++-+--+---+--+
---++++++--++--++-+----+-+---++++++++++----++++-+-++-++--++-++--+
--++-+--+-+--+---+++++--+-+-+-+-+---+-+-++---++-+-++-++++---++-+-
-+-++-+-+--++-++-+++++----+----+---+-+++++--+-++++--++++++++--+--
++-+--+++---+--+--++-++-+++++++--+++---+-+-+++-+-+-++++-++------+
++---+-+++---+-+--+-++------+-++++---+++----+++++--+---+-+--+--+-
