*** Life<FredkinCell> 16x46 ***

Generation = 0, Population = 74.
----0-------0----0---------------------0------
-------------------0---------0--0-------0-----
0--------------------------------0------------
---------------------------------------0-----0
-0-----------------------------0---0----------
-------------------0----0----------0------00--
---0---0---------0---------0----00-0----------
------------------0----------00---------------
--0---------0---0----0-------------------00---
---------0------0----0---------0-00-------0---
------------------------00------------0-------
-----00----0-----------------------0----------
---------0-------0--------------------0---000-
0----0-------0----------------------0-00------
-----------0--0--0-0----00--------0-----------
--------------------0-------00-0----------0---

Generation = 181, Population = 372.
++-+++-++-++--+-+-++--------+-+++-+----+-----+
+--+++++--++-++-++++-+++-++-+-+-+-+--++-+-++++
----++++--+-----+-+-++++--+-+-+-+++--+++---+-+
-+-++--++----++++-------+++-+-++-++++-+++--+-+
+--++++++----+---+++----++++---+++-+++++-+++--
-++-+-+++--+++-+-++++---+++++---+-++--++-++++-
++++-++-++-+-+++------++++++------++-+----+-++
+-----+++--+---+-++---+--+-++++-++-----+-----+
-++--++++++++----+-----+-+--+--+---++++--++--+
---+-+-++-+--++++++--+-+-++-++-+-+----+++-++-+
+--+-+--++++--+--+-+---+-++-+---+---+--+++-++-
-+--+-+--++-++-+-+-+-+++-++-+--+++-+--++-+--++
++++----+++-+--++-++++---++--+-+---+---+---+++
+++--+-++-++++----++++--+-++++-----+-++++--+-+
--++--+----+++----+---+-+---++-----++++-++--++
-++++--+-+-----+++-----+++-+---+-----+++-+---+

Generation = 362, Population = 368.
-+-+++--+--++----++---++-++--+++-++-+-+++-+--+
+--++--+++-+--++-++-+--++-+---++-+----++--+--+
-+-+++--+-----+-+-+-++-+-----+---+++---+++++++
-+--+-+++--+---+-+++-+--+-+-++-+---+--+-+-+-+-
-----++-++---+-++-+--+----+++-+-+-+++++----+++
-+---++++++---++----+-+---++-+--+-+++--++++++-
-++---++++-++--++-+--+++----+-+---+-+++-++----
-++++-+-++-+--+-+-+--+++--+++++-++-+-+++-+----
++---+-+----+++++--++-+-+-++-+---+-++--+---+++
--++-+---++--++--+--+-+++-+-+-+--++-+++-+++++-
-----+++++++++--+--+-++++++---++---+++---+-++-
++-+++++----+--+--+++-++-+-+++---+-++++++--++-
++--+----++---+-+-+---+----+-+--+---+----++-+-
++-+-----++---+--+-+--+---+++-+++---+--+--+---
+-++-+-+-++----+++++++++---+-+++---+++--++---+
---++---++--++++++++-+--+--++--+-++-++-+++--+-

*** Life<FredkinCell> 14x37 ***

Generation = 0, Population = 88.
------0-----0---------00------0-0-0--
----0---------0-----0-00----------0-0
--------------00--------------00-0-0-
-0------------------------0-----0----
----0--0---0--0-----------0----0-----
0------00-0-0-----0---00---0---------
--0----0-------0-------------000-00-0
-0---00-------0-----0----------------
-0--------00---0-0--00---0------0----
--0-------0------0---------0---0-----
0--0-----0--0-------0--------0-------
-------------0---------00---------0--
------0--------0---0------0--0-------
----0---------00----00-----0-----0---

Generation = 77, Population = 247.
----+--+++--9-++--+-++-++-----++-+--+
-++++++-+--+---+++-+-----++++++++-+-+
+-++------+--+--+--++++++-+--+++---+-
++--+-+--+---------+---+-9+-----+-+++
+-++-++-+-+++---+--+--++--+++----+--+
+-+-+---+-+-++-+--+-+---+8+--8-+----+
+++-+++-+++++----+--+--+-+++-+++-+-+-
++-----+++-++++--++--++---+++-+++--+-
---+------+++++++-+--+---+++-+++---+-
-+---+-++---++--++----+-++----------+
+----+--+---+++--++-+++-------++++++-
9-+++++-++++++++-+-++--+-+--++-+-+++-
----+--+-++---+--+-++++--+--+++-++-+-
-++--+-++-+-+---8--++---+------+++-+-

Generation = 154, Population = 259.
--+--+++++-+-++++-++---++----+--+--++
-+++--+-+++---+--+-----+--++++--++---
-+++-+-++---++++--++-+----+-+--++-+++
--++--+--+-++----+-++-+++-+---+++--+-
-+++++-+----+-+-++-++++++-++++-+++-+-
-++----+-+++-+--+--+--+-++---+--+++-+
++------+--+---+--+---+-+---+---+-+-+
----+--+-++-++++--+---+----+++-+-++--
+-+-+--++----+--++--+-+-+--+++-+++--+
-++++--+----++++--+------+++-+-+-+++-
+--+-+-+--+--+-++-+--++++++++---+-++-
++++++-++----++---+--+-+-++----+-++--
-+-+++++--++-+++++-++++-++-+---+---++
-----+++-++--++++-+-+-++-+-+++++--++-

Generation = 231, Population = 255.
--+-+--+-+---+----++--++++++-----+---
---++-++--+--+--++-+-+++--+-+--++----
--++---+--+-++++---+--+-+-+-+-+-+-+--
-++--+-+--++++-----+-+--+--++---++-+-
+-----++-+---+++++----++++-+-++++-+++
+-+----+++++++++-+--+--+----+-++++-++
+-++++--++-----+-+--+-------+++---+-+
+++--+--+---+--+-++-+----+-+--+-+--+-
-++--+----++-++--+--++-+++-+++++++++-
-+++++++++--+-++--+++--++--+++++-+---
+-+---+-+----+--+---+-+++--+++++-++++
++--+++-++++++--+--+++--+--+-+--+++++
---+++++++++---+-+++----++-++-----+++
+---+-+-+++++-++----+---------+---+-+

Generation = 308, Population = 265.
-+---+--+--+-+-++----++-++----+-++--+
+-+-+++-++++-----++-+--+++++-++-+-+++
--++-++--+-+-+-+-++--++----+++--+-+++
-+--+++-+-+++---+--+++-++-+-+----+---
-+--++++-+---++-+---+--+++-+---++---+
+++-++-++--+-+-++-+-+-++-----++++-+--
++++++++++-++------+-----+--+-++-+---
++--+-----++-+++++++++-++--++++-+--+-
-+-++++---+++--+---+------+++-++-+--+
-+-+-++--+++-++-+-++----++++++--++--+
+-++++---++--++++++---+++--+-++++++-+
----+++--++-++++++---+-+--++++----+++
-+-+----+++++--+---+--+-++-----++--+-
++++--++--+--+--+--++++--++-+------+-

Generation = 385, Population = 272.
++-------+--++++-------+--+++-----+++
--++++--++++++---+++--++++++-+-++-+--
-++-------+++++++++-++-++----+---+--+
+--++-++-----+-+++-+++-+--++++-+-+++-
-++--+++--+--+--+---++++-+-+---+-+++-
---++-+++--+-++++--++++-+--++++--+-++
-+++++++---+++---+--++-++-+--++---+--
-----++---+--+++++--+++-++--+++-----+
++---++-+----+-+++++-+++++---++-+++-+
++-+++-+-+--+++--+--+--+-+--+-+-+----
++-+----++++++-++-+--++++-+-+----+++-
+-+++-+-+---++++-+---+----++--++++--+
+-+-++-----+-++++-++++-+-++++-+--+-+-
---+--+++---++--+-+++++-+-+-++++-+-+-

Generation = 462, Population = 245.
-+++++--++---+++------+-++--+++----+-
-+-+-+-++--+--++--+---+-++----++--++-
------++----++++++-+---+-+++--+++-+++
+--+--+-+-+++----+++-+++-++-+-+++++-+
++-++-----+++----++-----++-+-----+-++
-+-+--++-++-++----++--+--++--+-++++--
-+++-++-++++---+----+---++-+--+--++-+
-++--+-+++-+++---+-+-+--+-+-++---+-+-
----++++--++-+-++-+---+--+-++--+++---
+-+--+--+----+--+-+-+--+-+-------++-+
--++--++-+--++-++-------+--++--------
+++-+-+-++-++-+-----+--++-+-+-+-++--+
+-++-++-+++-++--+-+-+-+++-+---+-+-+++
+-+++-+++--++--++--+----++-+-++---++-

Generation = 539, Population = 261.
-+++---+++-+++---+--+-+--++++++++++--
-++-++--++-+---++++++++-+-+++-++--+--
--+--+---++-+---------++-+-+---+-++-+
+----++---+---++++++--+---++-+++-++--
-+++++-+---++-----+--+-++-+--+++-+-++
+++++----+----+-+-+--++--++---++--+-+
++---++-----+---+++++--+--++-++-++++-
----+-++-+++---+++++--+++----++++-+-+
+++----++---++++--++---++--+-++-+++++
--+-+-++--+-++++----+++-+++-+--++--+-
-++--------++-+-++--+---++--+++-+-+-+
--+-++--++-+--+++--++++--+++++----+-+
-+--+---+---+++-+--++++---++-----+++-
++++----+---+--++++--++-+-+--+++++---

Generation = 616, Population = 257.
++--+++----+++-+++++--+----++--++---+
++++++++++-+-+----+++----------++-+--
----+----+-+---++-+-----++--+-++++---
-+--+-+-++++-+++++++-++++++-++++++--+
-+++---+--+++-+-+---+----+-+++-+---++
++-+++----+-+-++---++--+--++-++-+++++
+++-+--+-+-----++-+-++-+---+-++-++--+
-+-+++--++----+--+-+++-+--+---+-+--+-
----+-++-++----+++++--+-+--++---+----
-----+++--+++-----+-+++-+-----++--+++
-+---+-+-+++++++-+---+-++----+-++----
+-+++-++++++--++--+--++---+--++--+-++
--++--+---++-+--++++--+-+++---+-++-+-
+-+++--+--++--+----+-+-+-++++++-++++-

Generation = 693, Population = 245.
-+-+--++--++++----+-++---+++---+-+-+-
-+-++++----+-+--++-++-++++-------+++-
++--+++++--++---+---+--++-+--+++--+++
+++---+-+--+-+-++----+-------+++++---
+-++---++----+---+--------++--++--+++
-+--++-+----+--++-+-+-++-++--++-+++--
+++++++++++-+-+++++--+-+--+--++-+++-+
----+---+----+--+++--+-+++-------++-+
+-++-+--+---+-+-+-+-+--------------++
+----+++++-+-----+++-++-+-+-+----+---
+-+++++++++++++-++----+-+++-+--+++-+-
-+--+-----+----+---+-+----+-+-----+++
----++--+--++++-+++--++---+++-+------
+-+++-++++--++---++++--++--++-++-++++

Generation = 770, Population = 255.
---++-+-++-----+++---+++++-++--+++++-
++++-+----++--+------++--++++-++--+++
++-+-+++--++--++-++----++-++++---++--
---+---+---+---+--++-+--++-+--+----+-
---++++---+-+-+--+-+---+++-+--+--++-+
+-++--+-----+---+--+---+------+++++++
+++++++++++++--+-+--+----+---+++-++--
-+++-++-+++-++-+-++++++-++------+-+++
+---++++----+--++-++--++++--++++--+++
++-+--+----++-++-------+---+++++-+-++
----++-+++---+--+++---+-++++++-+--+--
+--+-+-+----+-+-+++--+-+-+-++++--+---
--+---+-+-+-+++-+++-++--+++------+---
+-+-----+--++-+-+-++-++----+++-+-+++-

Generation = 847, Population = 251.
++--+------+++--+--+-+--+++--+-++++-+
--++-++-+-++++---+-+-+--+++---+-++---
++----+++++-----++--++++--+++-+-++---
----++--++++-+-------+-+---++++-++-++
-++-+--+++-+---++-+-+++----+++++--+++
---+++-++-++---++++++-++-+--++-+---++
++-++-----+-+++++--++-+--++--+----+--
+++----++--++--++++--+-++++-+---+++--
++++---+--++-----++-+---+--++----+-+-
-+++-+-+--+++-+-++-+-+------+---+--+-
++-+++-----+++++--+----+-++-+---++++-
---++-+-++++----+-++-+--++-+----+----
+++++---+---+-+++-----+++-++--+--+-+-
+-++------++-+-+++++++---+---+-+-+---

Generation = 924, Population = 277.
+++++-+--++-+++-++++----+++---+--++-+
+--+--++-+-++-++++-+++++-+++-+----++-
----+++-+-+-+-----+---++-++----++++-+
-+----+-+-+--+++-+-++------+++--+-+--
+---++--+--+++-+++---+-+-+---+-+--+-+
++-+--+++-------++++-+-------+-++--++
+---++--+--+-----++--+++++----+-+----
++-+-+-+-++-++-++++-++-+--+---+-++--+
++-+++------+-+++++-+++++++----++-+--
+-+-+--++-++++--++---++---+-++--+-+-+
++-+++-+-++--+----++-+--+++---+++----
++-+--+-+-++++++++++-+++++-++++++-++-
-++-+-++--+++++-+-+++-+++-+--++++---+
+-+++--++++---+-+-+++++++++++-++-+-+-

Generation = 1001, Population = 255.
--------++-----++-----+---+++--++--+-
----+----++-+-+-+-++-+-+-+++++---+---
------+--+-++++-+-+--+-+++-+++----+-+
++-+-++-++-+--+---+++--+++++-+-+---++
---+++--+-+--++--++-++-+-+-++----+-++
+-+-+--+-++--+++++--+-+-++----+++++--
++-+--++--++-++--+-+-++---++---++++--
-++++++++-+++-++----+--++-+--+-++----
----+++++++-+-++------+---+-++----++-
--+--+-+-++--+-+-++---+-++-+-++-+--+-
-++----+++-+++-+++++++++--++-+++--+--
-+---+++-+++---++--++--+++-++--+-+--+
+-++----++++--+++++--++++--+++++--+--
-+--+-----+--++--++----+++----+++++-+

Generation = 1078, Population = 255.
-+--++---+++------+++-+-----+--+++--+
-++--+-++---++--+++++++----++++---++-
-+-++++-++--+-+-----+--+--+-++-+-----
-+++++----+--+++---+--+-+-++++-+-+-+-
-+++--+-+++--++-+----+++--++-+-++---+
-+++----+++-+++++--+-+--+++---+-+----
++-+--+-++++-++--++++-+--++----+++--+
-++-++-++-++---+--+++-++-----+++++-++
+---+++-+++++-----+-----++--+----++--
-+++++-++--+-+-+-+--+++---++--++-----
+-+++---+----+-++---++++----+++----++
+-----+++---++-+----------+----++++-+
++++-+--++++-+---+-+---+-+-+-+-+--++-
+-+--+-++++-+-+-++-+++++++-+-++-++-++

Generation = 1155, Population = 250.
--+------+---+--+--++--+-------+-----
-++++----+-+-+++---+++--+++---+++++++
---+++---++--------+-+++--------+-+-+
+++--+++++++---+-+---+-----+-----+---
++--++----+-++-+-++--+--++----+-+++-+
--+--+--++--+-+++++---+++++-+-------+
------+-+-++-++++-+-+-++--+-+-+-+-+--
--+--+-+--+++-+-+-++-+-+-+-+++++---+-
+-+-+++-++-++-+-++++++--+-++-++++----
-+++---++---++++---+++-+++---++++-++-
---+-++++--+++++++---+-++--+-+++-++--
-+++--+--++-++-+++++-++-+++++++---+--
+--+++-+-+-+-+--+---+-+-+-+++++-++-+-
+-+--+++-+----++-+------+-+-+----++--

Generation = 1232, Population = 272.
+-+++--++--++-+++--++--+---++---+----
++--+-+-+----+++++---++---+-++--++-+-
-++---+++--++++++-++++-+-+++++-+++-+-
-+--+-++---+---++-++----+++++----+++-
+--++-++--++++-+++--++-++--+---++-+--
+----++-+++--++-++-+-+------++++-+-++
+---+-++-+---+-+-++-++++--+++--++-++-
++++-++++-+-+-++++---++-+-++++++--++-
-+-+---+---+--+-+---+-+--+-----+-++--
--++-+-++--+++-+---+++-++-+-++++---++
+--++-++---+--+-+-+--++++---+-+++++++
---+------+-+--++--+--+-++++-++++-+--
++++---+-+++----+-++-++--+++-++--+++-
++-+++---++-++++++-++-++-++--------+-

Generation = 1309, Population = 244.
++-+++-+++--++---++++-++----+-+--+++-
-+-+--+----+-+++------++-+-+-+--+--++
+-+--+-++-++--++--++-++++++-----+-+-+
-+-++--++--+++-++------+-+-----+---+-
+++--+-+-----+++++-+++++--+++-++---+-
---+++++----++-+++-++-+--------+-+--+
+--++----+--+---+--++-----+-+-++-++++
-+-++---+-+--++--++-----+++++-+---+++
++----+-+-+----++-+--+--+--++-+-++---
+++--++-----+-+------++++-++--++++-++
-++-+-+-+--+-+--++------+--+++--+---+
----++-+-+-++++-+-----+-+++--+-+--+--
++-+---+-+--+++++----+----++++++---++
++-+++---++-+--++----+-++-+-+-+---+++

Generation = 1386, Population = 251.
+-+++--++--+--+++---++++---++--+---+-
++-++---+++----+-++-++--+-+-+-+-+--+-
+---+--++--++-++--++++--+-+++-+--++--
---+++----++-++-+--++---+-+--+++-+-+-
--+----+--+--+-++-----++---+--++--+-+
+-++--+++++---+---+--+++++++++++---++
-+--++--+-----+-++------+-+-+++------
+---+++---++-++-++-----+-++++--+++---
+-++-++++-+-+-+++-+--+++++--++-++--+-
++--+--++-++-+----+-++--+++++--+++---
++-+-+--+-++++++++-++--+-+-----+---++
+--++-+-+++---++--+---+++++--+---+--+
--+---++++++++-+--++-+---++---+--++-+
++-+-+-+--++++---+----+-+---+----+---

Generation = 1463, Population = 249.
--++--++++++--+----++---+-+-----++-+-
+-++++--+-+--+++++-++-+++-+---++++-++
+---++--+--------+---+---+--+-++-++--
++-+++--+----------+-+++++-+--+-++---
--+++-+-++--++++--++++-++-----------+
++-----+--+++-+--+-+--+----++-++--+--
++---+-+-+-+++++++++++---++--+-+++--+
-++--+-++----+----++--+---+-----++---
-+-+----++-+-----------+-----+++----+
+---+-+-+++++-+++----+++-+---++---+++
-+++--++--+-+-+++++++++-+-++-++-+--++
+++++++-+--+++-+-+--+-+--+-++-++-++-+
+++++---++-++++-----++-+++-+--++--++-
+----+-+-+--+------+--+-+++--++++-+-+

Generation = 1540, Population = 276.
+++--+-++++++-++++--+--+++++-+++-+-+-
+-+++++-++---+-+--+-+--+--+-+--++-+-+
-+-+-++-+-++-+-+++++--+--+--+-++++-+-
+----+-+++-++--+++++--++-+-+-++---+-+
-+-++-+--+---++--+-+-++-+--+--+---+-+
---+-+--+--+-----++++++++-+----++++-+
-++--+++-+-++-+---++----+-++++-+-+-+-
+-++++-+-++++----++++----++---+-++-++
++-+-++++++-+-++------++--+++-+--+-++
-+++--++++++----+---+-+-+-++-++--+++-
+------+--+++++--+-+-++-+++++---+++--
+++-+-+-+++--+-+--++-+--+--++-+++-+++
---+----++-+---+-+--+-+-+--++++--+++-
-----+-+++++++++--+-+-+-++-+-+-+--+--

Generation = 1617, Population = 275.
-++++-++--+--++---+--+++--+++---+--+-
++++-+++----+-++---+-++----+-+--++-++
+---+++--+-++-++--+----++++-+++-++-++
++-+--+-+----++-+++-++++-+-+------+-+
----+-+-+-+-++++--++++++-+-++--+-++-+
+--+-------+-++++--++---+----++-+--++
++-++---------++--++-+++--++++-+---++
-+--++-+-++--++-+-+++++----++++++++--
+-+--+--+---++-++-+++++++--+++++--+--
+++-+++-+----+++++-++-+----+---+-----
+++++-++-++-++--+++++-+-++--+++--++++
++++++--++++------++++-++++++-+--++-+
+++---++---++++-+++-+-+--++--+-+++---
+-------+++---+++---+++--++-+------++

Generation = 1694, Population = 264.
+++-+--+-+--++--++++++---+-+-+-+++-++
-++++++++++++--++-+-----++--++++-++++
++--+----+-++-++-+-+++----+-+-+-+-+++
---+--+-+-+-++-+--+++++-++---+-+--+--
---++-++-+--+++-++++++++-+---++++++++
++---+-+-+++--+---+-----------+----+-
-+-+---+++-+++++-+++-+-+---+-+--+----
-+-+-+-+++-++-+----++++-+--+----+-++-
---+---++-++-+-++-++++-+-++-+-++-+-++
----+-+++-+++---++--++--+--++++--+---
+---+-+-++++-+-+---+--+-----++-+++---
+-+-+---+-+----++--+--+++---+--+-+-++
++++-+-+++-++++--+-+----+-+++--+++--+
+----+-++------++++++--++--+-++-+--+-

Generation = 1771, Population = 275.
+--++-+-++-++------+-++-+++-+--+++---
++---+-++-+-+--+-++-++--+++--+--++++-
+++++-++-+++++-----+---++-+--+-++-++-
-+--++++-++-++--++---+-+-++++-+++-+++
+-+-+++-+++-++++----+--+++-+-+++-+--+
+-+++++---+-++--+-+--+--+----++-+++++
+-+-++++---+++++++--++------+-+-++-+-
+++---++++-++--------+-+--+-++++++-+-
---+++-++--+-+--++++++-+-++-++--+-+--
----+---+-+++--++--++-++-+---------++
--+--+-++++++-++++++++++-----+-+++-+-
+----+-++-+++--+-+++-+---+--+--+--++-
-+---+-+----+-+++++++++-++-++++--+---
++---+-+-+-+++-+-++-+-+-+-+--+-----++

Generation = 1848, Population = 235.
+--+---++++-++-+--+++--+-+-+---+--+--
--+-+++-+--++-----------+-+---+------
--++-+--+++-----+----+-++-+--+-+-+---
+--+--+----++-+++--+-+-++++---+++-+--
-+-----+--++---+-+++--++----+--+-+---
-+----+-++-++---++++-++--+---+++---+-
++---+-+-++----++++-+-+++---+++++--++
----+-+--+--++++--+-+++-+--+-+---+-++
++-+-----++++-+-+--+-+--+---++--+++++
+++-+---+++++---++--++-++-++-+----+--
+-+----+-+++++++---+-++--+----+-++-++
--+----+-+++-+--+--+----++++-+--+++++
-++-+-+++-+++-+-----+-+++---+--+-++-+
--+--+--++----++-+-+-+----+++----++--

Generation = 1925, Population = 269.
+-+++----++++++--++--++++-+-+-+++++--
+-++-+-+---+-+--++-++++----++-+-+-+--
-+++++--++++-++--++-+-+--++-+++---+-+
---+++---++----+--+++-+-+++--+-+--+-+
---+---+----+++-+++-+----+------++-++
++-+-++++++--+---+-++--++++--++-+-+--
+++-+--+-+---++++++--+--++--+-+--++--
--+----+---++-+-+++--+-++-+------+++-
+---+--+----+++++-++-+++--+++-+++-+++
-+---+-++-+++-----+++-++--+--+-+-++++
++-+-++-+--++----+----+-+++--+-+++-++
++-+-+--++--+-+--++++-++-++++---++++-
-+-++++--+-++-+-+-+----+--+-+-+++++++
-++++---+-+------+-+-+-+----+++-+++-+

*** Life<FredkinCell> 38x9 ***

Generation = 0, Population = 62.
0----0---
-------0-
---------
---0--00-
--------0
--0---0--
--0--0---
-0-----0-
---------
------0--
---00----
---00----
0-0------
--0------
-0-0--0--
--0------
0----0---
-----0--0
-0--0----
-0---0--0
---0---0-
-0-----0-
--0------
-0---0---
---------
--0------
-0-------
0--0-----
---------
-------0-
-0---00--
-0----0--
-0-00----
---0---0-
---------
00-0-----
-00------
---0-----

Generation = 88, Population = 165.
-+-+--++-
+++---+-+
--+-++++-
++----+-+
++++-+---
---+++--+
+-+---+--
---+-+---
+-+--+-++
-+++-+-++
--++-+---
-+-+++--+
++-++-+--
----++--+
----+-+--
++++--+++
-+-----++
---+--+-+
+++--+-+-
++-+--++-
+++++8--+
-++++-+-+
-++-----+
---++-+++
-+---+--+
--+-++--+
++++---++
+--+-++--
++---+++-
--+++----
+++---+--
++-+-++++
-+-+---++
+++-+++-+
++-+--+-+
-----+---
----+--+-
+++---+-+

Generation = 176, Population = 177.
+--+--++-
++++--+-+
-+--+++++
+--++----
-++-++-+-
++-+--+-+
++-+-+-++
+-+++++-+
--++-++++
------+-+
+++---+--
++++++--+
-+----+-+
----+++--
---++--+-
-+-+++++-
-++-+++--
-+-++-++-
-++-+---+
+-++-+--+
-+-+-----
------+-+
+++--++++
+-+-+-++-
+-+++++++
+++--++++
--++++++-
++++----+
+----+---
--+--+-++
++----+-+
++--+-+++
---++--++
+++++----
+-+-+++-+
--------+
++-+----+
++---+--+

Generation = 264, Population = 183.
-+-+---+-
++--+--+-
--+-+--++
++-+--+++
----+-+-+
--+++-+++
-++-+-++-
+++-+--++
++++--+++
-+--++++-
-+-++-+--
++++----+
+++++-+--
++-++++++
-+++-++-+
--+-+----
--+-+++-+
++-+++--+
-++-+-++-
+++------
+--++--++
--+---++-
+++++++--
-+--+-+-+
-+-+++-+-
---+--+++
++++-+-++
-+++++++-
--------+
-+++++---
+-++--+-+
-+----+--
-+-+--++-
+-+-+++++
+++++++-+
-+-------
+++-+----
+-+-+++--

Generation = 352, Population = 180.
------+-+
++-+++++-
+----++--
++++--+++
+----++++
--++--+-+
+--++-+++
++----++-
-+++-+++-
++--+-+-+
--+-++-++
--++-++++
----+-+--
--++-----
--++--++-
+++++----
+-+++-+--
+-++++++-
-+-------
-++--++-+
+-+++-+--
++-++-++-
-++-++---
+-+-+++-+
--++++++-
+-+++-+-+
--+---+-+
+-+++-++-
--++----+
-----+-++
+--++----
--++-+-+-
+-++-++++
+-+-++-+-
+-+++-+-+
+-+-++--+
---+-+++-
+-++++++-

Generation = 440, Population = 186.
--+--++++
-+--+----
-+-+++-+-
+---++++-
++++-++++
+-+-+----
+---+-+-+
+-+--+--+
-++++-+++
+-++-+-++
++++-++--
+++-+++++
-+-+++-+-
++-----++
-+-+--+++
++--+-+-+
---++-+++
+-++++-++
+------++
+--+---+-
+++-+-+-+
+++----++
+-++-+---
-+-+++---
+-++-+-++
---+--+++
--+-+---+
-++++--+-
-+---+--+
++++--+--
-+-+-++++
-+-+--+++
--+--++--
--+++-++-
++++-+--+
+++-++-++
-++-----+
-++++++--

Generation = 528, Population = 179.
+-++++--+
+-+----++
++--+-+++
---+++-++
-++------
+--++-+--
----++-+-
-+--++--+
--+--+--+
++++---+-
++++---+-
----+-+-+
+++------
--++-+--+
-+--+-+-+
-+++++--+
+-++-+++-
--+-++++-
--+--+-+-
+-+--++++
+-++---++
+-++-+-+-
-+++-++++
+-+-+++-+
+++-++---
---+++++-
--+--+-+-
--+-+--+-
+--++--++
-++-+-+++
+++++-+++
++---+++-
++--+-++-
++---+---
+-+++----
++++-++++
++-----++
++--+--++

Generation = 616, Population = 178.
-++-++---
-+++++++-
-++-++-+-
-+--+--++
+++--++-+
+-++++--+
-++----+-
++--++--+
+--+++--+
+-+------
++-+++---
+++---+++
+-+---+-+
-+-+--+++
++-+-+-++
-+---+---
+---++---
-+--+++-+
+--++++++
+++--+-+-
++-++++-+
++----+++
++++++--+
++++-+---
-+++-+++-
-+----+-+
--+-+-++-
++----+-+
+-+-+--+-
-+--++--+
----++-++
-++------
-++-++---
----+++-+
+-+--+-++
++-+---+-
+--++--+-
++++--+++

Generation = 704, Population = 170.
--++-+-++
-+---+++-
-+-+--+--
--+-++-+-
++--++-+-
---+-++--
-+++-+---
--+++++++
+--++-++-
+++-+-+--
+++--+-+-
+++---++-
--+++-+++
+-+-----+
+---+----
-+-+++--+
-+-++++--
+-+++--+-
+-+-+-+--
++-++--++
-++++----
+-+-+++--
-++------
-++++-+-+
+++++----
++---+-++
---+++-+-
+----++--
+++--+-+-
-------++
-+-+-+-++
-------++
-+--+++-+
-+-+++-+-
+--+-----
+++---++-
++++--+++
+++++-+-+

Generation = 792, Population = 174.
+-+--+++-
++-+-++--
-++-++++-
-+++---++
--++++-++
---++-+++
+-+-++-+-
+++++--++
--++--+-+
--+++++-+
+----+-++
+-------+
++-+-+-+-
-+++-+++-
+++-+--+-
----++---
++-+++---
-++---+++
++--+-++-
-+-----+-
---+-+++-
+-+-+-++-
------+-+
-++++---+
+-+++++--
+++++-+--
+-+----++
--+-+-+--
+-++-+-++
++-+++--+
---++++-+
----+++-+
----+--+-
+-+-+-+--
+++--+++-
-+--++++-
-+-+--+--
--+---+-+

Generation = 880, Population = 161.
----+-+++
---++-+--
++-+++++-
+----+++-
-+++-++--
+--+-++--
+++++-+-+
++----+--
+++-+---+
+-+-+--++
---++++--
-++--+-+-
+++--+---
--+-+-+-+
-++--++-+
+-++-++++
-+++-+--+
---+-+++-
+-+--+-++
-+----+-+
+-----+--
-+---+--+
------+-+
++----+--
++++--+++
++--+---+
-+++----+
-+-------
---+---++
--+--+++-
--++++---
++++-+-++
+++------
----++-++
+----+-+-
+++++++--
-++-----+
-++-+-++-

Generation = 968, Population = 182.
---++-+-+
-++-+----
+---+++++
+-++---+-
-+-+-+-++
-+--+-++-
-+--+-++-
-+---++-+
-++++-++-
+-++-++++
-++-+--+-
++++--++-
+--+++-+-
-+++-++++
+-+----++
-++--++--
+-++----+
++--++++-
++++++---
+---++-+-
-++---++-
-+-+----+
--++++++-
+++++-+--
-++-++-++
--+++++++
-+-+++---
-++----++
++--++++-
+-+-+--++
++-+-++-+
+--+--+++
--+-++---
--+++---+
+--+-+--+
-++--+++-
+---+++--
++------+

Generation = 1056, Population = 154.
+-+-++-++
--+--++-+
-+-+-++-+
------++-
++++-+++-
-+-----++
+--++-+--
---+-----
++-++-+-+
-+--+---+
+++---++-
+++++++-+
+---+--++
--+-++-+-
-------+-
++---+++-
-+--+-++-
-+-----+-
++--+---+
++---+-++
+-+-++--+
+-+-++++-
-------++
---+--+--
+--+-+-+-
----+--+-
+--+-++--
-++--++--
+-+-+++--
--+++----
++++-+---
--+++++--
---------
++-++--++
+-+--++++
+-+-+---+
+--+--+--
++-+--+-+

Generation = 1144, Population = 178.
+---++-+-
+-+--++++
---+-----
-++++-+++
--+++-+++
++------+
+--+++--+
--+++--++
---+++-++
+-+--+++-
-++-+-+++
+---++-+-
---++-++-
+++-+---+
+----++-+
--++++--+
--+-+++--
--++--+--
+++++++++
+-+-+--++
+--+++-+-
++-+-+-+-
-++++---+
-++------
-++-++---
----+++-+
-+-+---++
-+++-++--
+--++-+-+
+++++--+-
-+-+-++--
--++++-+-
----+++++
+--+-+--+
-+-++-+-+
+-+++---+
+--+++--+
-+--++-+-

Generation = 1232, Population = 158.
-++--+-+-
+++-+-++-
++--++---
---+-+-+-
-++---+-+
+--++-+++
+---+-+-+
+--+--+--
++--++---
++---++--
-+-+-+-++
---++--+-
-+---++--
+++-----+
+----++-+
--+++-+-+
+-----+--
---++---+
+++-+-++-
++-+-+-+-
---+--+-+
+-++-+---
+----+-+-
+---++-+-
---------
+++-+-+--
-+-+++---
++-++---+
-+---+--+
--+++++-+
-+---+-++
+--+----+
--+--+---
+---++-++
+++--++++
--+-+++++
-++++--+-
+++-++++-

Generation = 1320, Population = 169.
-+--++-+-
---+-++++
+++-+-+-+
-++---+--
+-------+
--+--+-+-
-------+-
++-++-+++
++--+++++
-+-+-+-++
+---+++++
+--+-+++-
-++----++
++--+---+
+-++--+++
-++----++
+++-+----
-+----+--
+-+-++--+
--++++---
+---+++--
++-++-++-
+---+++-+
+--+++--+
++++++-+-
--+---+++
-++--++++
-++---+++
-++---+-+
-+-++----
---++---+
-+++--++-
--++++--+
+-++-+--+
---+++++-
------+-+
+-+---+--
+--+-+-++

Generation = 1408, Population = 175.
---+++++-
-+++-+---
-++--+-+-
--+-+++-+
---+++-++
--++--++-
---++++++
++++-++--
--+-+-+--
+--++-+++
--+-+--+-
++----+-+
+-+-+-+++
-++++++--
---+++--+
---+-+++-
-+-+-----
-+---+--+
-+++-++++
+--+++-++
-+--+++++
--+--+---
+++-+++--
+-----+-+
---+-+-++
--+-----+
---+----+
-+--++++-
-+-++++++
+-+--+-++
+--++++--
--+------
++++-++--
+-+-+-+++
+-+-+---+
+----++-+
+-+++++++
-+++-+-++

Generation = 1496, Population = 175.
-+--++++-
--+-+--+-
--+--+-+-
-+-++-+++
-++++--+-
-+----++-
+-++-+-++
--++-++--
+--++++-+
--+------
++++++++-
++++-++++
-++--+-++
+--+---++
-+++--++-
+--+-++-+
+--------
-+--++-+-
-++-+----
+++---+-+
+++-+++++
--+-+----
-+-++--++
+-++++++-
+++-+----
++-+-++++
---++--+-
-+-++-+--
-----++++
-+-++-+-+
+-++-++++
+--+---++
+---+-+++
-+++--+--
-+++-+---
--+++----
-++-+--++
---+-++-+

Generation = 1584, Population = 168.
-++-+--++
+--+-++-+
--+-+---+
+++------
++---+---
+++---+--
+-+------
-----+-++
+--++-++-
++++++---
--++---+-
-+-++---+
+++----++
+++++++--
-+-+--+--
---++-++-
++----+-+
++++--+--
---+-+-+-
-++++-+++
--+++++--
+---++--+
+-+-+--++
+---++--+
-++--++--
-----+--+
-+++++--+
--+-+--++
+-+--+++-
++++-++-+
+--++-+-+
+--+---+-
++-+++++-
--+----++
----++++-
+++-+++++
--+--+-+-
+-+--+++-

Generation = 1672, Population = 169.
----+-+++
+-+-+-+++
---+++-++
---+++--+
++-+++++-
++--+-+++
---+--++-
-++--+++-
-++--+---
-+++----+
-+-+--+++
-+++++-++
+-+++--+-
+++-+-+--
-+--+---+
++-+-+++-
--+----++
--++--+-+
-+---+-+-
+-+++++++
+-+-----+
+++-+++-+
-+--++++-
++-+-+---
----+-+--
--+++-+-+
+--+-+--+
+--+-+-++
--+++---+
++-+--+-+
+--+-+---
--++----+
---+++---
++-----+-
-++-++++-
--+--+--+
-+-++-+--
+++--+---

Generation = 1760, Population = 181.
----++-++
+-++-+++-
--+-+----
-+--+-+-+
-+++++---
-+-++-++-
++--++++-
+--+++--+
-+-+--++-
++-+++--+
-+-++++++
++-++-+++
+--------
+-++-++--
+--+++---
---+-+++-
+++-+----
-++--++--
--+-+++-+
++-++--+-
-+---++--
+---++++-
--++-++++
+--+++-+-
---+++-++
+---++-++
+++--+++-
++-+++---
+-+---++-
+---+++-+
++-+++---
--+-+++-+
-+-+-+++-
-+-+++--+
+--+-+-+-
-++++--++
+---+-+-+
+-+++---+

*** Life<FredkinCell> 27x40 ***

Generation = 0, Population = 103.
----------00----------------------------
--0---------0----------0-------0----0---
----------------------------------------
-0----------------0------------0-------0
0-------------------000---------0----0--
------------0----------0----0------0----
-------------------------------------0--
-------------0--0-0---------------------
----------0----0-0----------------0--0--
---0-------0-----------00----------0----
-----------------00---0------------0----
-------0-0--0---0--00-------00----------
-----------0-----0----------------------
-0--0------0---------0------------------
----------0---0----0-------0------------
--00-----------------00-------0----0---0
00-------0------------------------------
-0-------------------------00-----------
-------0-------------0-0----------------
----------------------------------------
-0---------0--0-00---0-------0----------
----------------------0-0---------0-----
------0-------------0------------------0
-------------0---------0----------------
---0---0-0-0----0-----0-0----------0-0--
----0--------------0--------0-----0-----
-----------------------------0---------0

*** Life<FredkinCell> 40x17 ***

Generation = 0, Population = 28.
-----------------
-----------------
-----------------
-----------------
0----------------
--------0--------
------------0----
-----00----------
-----------------
-----------0-----
--------0--------
-----0-----------
----------0----0-
---------0-------
-----------------
-------0---------
-----------------
-----------------
-----------------
-----------------
-0-------0-------
-----------------
------------0----
----------0------
-----------------
------------0----
-----------------
-----------------
----0------------
-------------0---
----0------------
------------0-0--
-----------------
------------0----
-------------0---
-------------0---
-----------------
--------------0--
0----------------
-----0-----------

Generation = 69, Population = 335.
--34---7+--8-++--
-+6-7-+-+--+-++--
797--6---++--+-+9
9---3--------+--6
+++3+--+-++++--++
+-+-++9--++-++-+-
+9+6---3++-4+----
9-+--+++9---+-++-
+---+-+-++-9-6-+-
---+--++--+-+-+++
--+++------8---++
7+---+-+--6--++--
+-++-+---+--+-+++
--7+8+99+---9+++-
-+---++-5-+---476
-+---+-+--++-++-+
++6-+---++6+----+
-+--5+++6-+---+68
--46-+--+8+--++--
-+++9-78-+--++--9
-++-+++--+-++--+-
+-+9+-++-7----9-8
+------3-------7-
+--9-+-3-9+-+++--
+8-6---------+96-
++-++9++++--8--9+
++--9797--+-8++--
7++---+---+-+----
--+-++--+-+--++--
+-----+---+++--+-
+++4+------+-++--
--+++4-++-+-+--88
--6---+--8-7-79-4
-++-+++-+++---+--
+---++-+-7++++6--
+-9++-+++--+--++-
-+9+-+++-++--++--
++--+----++-++-6-
-8+8-++8+++------
+----++--+---+++-

Generation = 138, Population = 338.
+-++-+-+--++--+++
--++++-++-+-+---+
--++-+--+--+++++-
++-+-+++-+-++-+-+
+-+-++---++---+-+
+-+++----++-+---+
+------+--+-+++++
-+++--++++++--+++
+++--+--+++++--++
++-+---+-++-++-+-
--+--+-+-+----++-
+-+-+++------+--+
+-++-+----------+
-+----++-+++-+---
++-++++-----+----
-+-++----++-++--+
-+++-+-+-+-+-+++-
++-+-++-+--+--+--
-+++-+---+++--++-
--+-+---++++---+-
---++++-++-+-++--
++--+-+--++-+++++
-++-++++++-+++-++
+-+------+-+++-+-
+-+-++++-+--++---
+--++--+-+----+--
+++----+----++++-
-+-----+--+++--+-
++++-+--+-----+--
-+-++--++++-+++++
-+---+-++--++---+
+-----+-++-+-+---
-+-++--+++-+--+++
--+-+-++++-++++++
++-----+++-+---+-
++--+++++++-+--+-
----+-+-+++--+--+
+-+-----+-+++++--
+---+-+++---+----
+--++----+-++--+-

Generation = 207, Population = 346.
--+++++---++-----
+-+--++++++++-++-
---+++++++---+-++
+++----+-++--++-+
-+--+----++++-+--
++--+++++-+++-+-+
+---+++-----+--++
++-+-+++++++--++-
-++-+--++------+-
+-++-++---++-+-++
+----+-+--+-+----
--+-+---+--++++-+
--+++-----++--+-+
++-+-+-+-+-+---++
-+-+--------+---+
-+-+-++++++-+-++-
-++++++----++-+-+
---+-+-+++--++-+-
++--+---+-----+--
--+--++--++---+-+
+-+++--+++-++--++
---++-++-++++-+-+
+++---++++-----++
+--++-++++-----+-
-++--+---+++-+++-
++--+++++-++-++--
--++-++-++------+
+++++--+-+-+-+-++
+++-++--+-++--+--
--+---+-+--++----
++-+-+--++--+--+-
-+++---+++-+--+-+
+-+++-++++-++--+-
+++---+-+---+++-+
+--+++--++++-++++
+++-+++++--+++++-
--------+++++-+++
-----++-+-++---++
--+----+--+---+--
---++-++--++++--+

Generation = 276, Population = 353.
--+++-+-++-+++-++
----+++--++++++++
+-+-+-+----+---++
-+--+--+++---+-++
+---++--+++---+-+
+++++-+-++----+--
--++++--++--+++--
-++-+-+---++-++-+
+-+---+++----+++-
++++-+--+++-+++-+
+-+-++---+---+-++
---+--++-+-+++++-
+-+++-+-+-+-+++++
++++-+++---++-+--
+++--++-------+++
+---+-++-+----+--
++---++++---+-+++
++--++++--+-++--+
-+-++++-++-+-+++-
+-+--++-+++-+++++
+++-+----+--+---+
--+++----++-++-++
+++---+++-+-+-++-
-+-++-++-++-+-+--
+++-+-+--+++++-+-
-++-+++-+--++++-+
-+-++++-------+-+
-++++++---++-+---
+++--+-+++++----+
+-------+-+++--++
+++-+++-++------+
------+---+++-+++
+----++---++---++
----++--+++--+---
--+---+--+---++++
-+-+-+---+++-+-+-
-++---+-+-----+-+
----+--++++---+--
++---++-+-++--+-+
+--++++-+-+-+++--

Generation = 345, Population = 347.
+-++-++---++-+-+-
+-+---+--+--+-+++
+++++-+-+--++++-+
+++----+-+++++-++
--+-++--++-+--++-
+------++++++-+--
-+---++---+++----
+----+++--+-+++++
-++-----+--++++-+
-+-+++--++--+----
--++++---+--+++-+
+-+++++-++++-+-+-
++-+-+-++++-+++-+
++-+-----++----+-
-++-+--+--++---++
+---+++-+-+++----
-++---++--++-+-+-
+-++---++---+-+++
-+-+-+--+-+-+--++
-+++---+++-------
+-++-++-+-+++++--
++++--++++--+-+--
---+++++------++-
++++--+-++-+-++++
--+--+---++-++++-
---+----+++--+-+-
--+--++-++-++++--
--++-+--++-+++---
-+------+-+-++++-
-++--+-+-++-+-+++
+-+++++-+----+-+-
---++--+++-+-+--+
++---++-+++---+--
++++-+---+--+++--
+-+--++-+-+-++++-
++-++-++---++-+--
-+++--+-+++---++-
-----+++++++--+++
+--++--+--++---++
+---+----+++--+--

Generation = 414, Population = 355.
---+++++++++-++-+
+++--++++-++++---
-+--+++++++----++
-+-++-+--+--+-+++
++++++--+--------
-++++--++++-+--+-
--+-++--++--++++-
---++---+++---++-
------+-++--+---+
++-++-++++++++-+-
+--+++++-----+-+-
+-----+-++--+--++
++++++++++++++---
+-++-++---++-+-++
+-+-+-++----+--+-
---+------+++-++-
--++--++++++++--+
-+++--+--+-+-+-+-
+++-+-+-++-++-+-+
+++-+-++---++----
--+--+-+++---+-++
-++++-+--+-------
-+-+++---+++-+++-
+---+-+--+-+--+-+
-++----+--+-+-++-
-+-+++-+++-+-+-++
----+++--+++---+-
+++-+-++++++++---
+-+---++-------++
+-+-+++-+--++---+
-+-+++--+--+++-+-
-++--++-+-++++++-
+-+-----+--+-----
++--+-+++++--+-+-
++-+++++---+-+---
-----++-+-+++-++-
++++-+-++-----++-
--+-++---++---+-+
-+-+--+++++++--+-
+-++++-+--++-++++

Generation = 483, Population = 334.
-+---+-----++-+--
+++-+++-+---++++-
--+++-++-+-+-+---
+-++++-+---+---++
-++++-+--+-+-++--
-++-+----+++-+-++
-++--++-----+++-+
++++---+-+++---++
---++--+---+--+-+
+++-+--+-++---+++
---+---------+++-
---+--+-+--+--+--
-++-----++---++++
-+-+--+------+---
-+-++-+----+++---
++-+--+---++--+-+
---++++--+---+++-
--+++---+--+-+--+
+-++---+-+-++-++-
+++-+--++-+++++-+
--++---+++--++++-
+----+-+-+--++---
-+++-++++-+------
---+--++-+---++++
---++-+++-+-+-+++
+++----+--+--++-+
+-+++-+--+-+--++-
+-+-+-++--+-+--++
+-+++-++++---++++
+-+-+-++--++-+---
-+++-+-+++--++---
+-++-++-+--++++-+
+++++-++---+---+-
+-++++---+---+++-
+-+-++----+--+++-
++-++-+-++--+-+++
--++++---+-+--++-
-+++----++-+--++-
+-+-++-+--+++----
---++--++++--++-+

Generation = 552, Population = 348.
+-+----+++---++++
-+-++++--++++++++
------+-+++--+--+
--++-+-++-+---+--
--+++-++--+++-+++
+-+-++-+-+-+++---
-+++-+++-+-+--+-+
-+--+-+--+-+-++-+
-++---+-+-----+-+
-+-+--+-+-+++-+++
+-+-+--++++++-+--
--++--++-++--++--
+---+-++++-------
++-+--+-+--++----
+---++----++++++-
--++-+--+---+--++
+-+--+++--++-+-++
--+-+++----+-+--+
++++++--+--------
+--+-+++-++-+-+++
+-++--++-+-+++-+-
+----+-+-++--++-+
++----------+-+--
+-+--++-++++-----
-++---++-+--+++-+
-+------+----+++-
-------++-+++++-+
+--++++++-+-++-+-
+----+-++-++----+
-+-+-++++++-++---
+++--++-++--+++++
++-+--+----+---++
++++-+-++++++---+
-+-++-++++---+-++
--+-+-------+++++
+-+-+--++--+-++--
++++-+-+++-+----+
+++++++--++++--++
+-+-+-++++++-++--
--+--+-+--+-+-+-+

Generation = 621, Population = 340.
-+-----+-++++++--
+-+-++--+--+----+
-+-+++---+-++-+--
-+-+++++--+-+----
++++--+-+----++++
++-++-+---+-++--+
++--+-+--+++++--+
+-+--+-+-++----++
+-+--+---++-+++-+
--+-++-++--------
++--++-+-++---++-
++--+--+-++---++-
-----++---++++-+-
----+--+-+++-++--
+-++-+-----++--++
+---+++---+++-++-
--++---+++++-+-+-
---+-+---+----+++
-+----+-+++--+---
-+--++-+--++--+++
++++-++-----++-++
--+++--++-++----+
-+-+---+++-+--+--
+++-++++++---++++
--+---+-+--++++--
++---++++++--+-+-
++---+---+-+++++-
+-++++-+++--++--+
++++++++-+-----++
++-+++-++-+--++--
+-+--+------++++-
--+++-+--++-+++++
++--+--++---++-++
-+----++++++-+--+
--+-+-+----++----
+-+++-+++--++-+--
-++-+++++-----+--
-++------+-+--+--
++++-+-+++----+-+
-++++++--+-+---++

Generation = 690, Population = 333.
+-+---+-++----++-
+++-+++-+--------
---+--++-+++++--+
-++---+-+-+++-+--
++++++++--+----+-
-++-++-+---++--+-
--++-+--+--++----
+-+--+-+-++--++-+
----+--++-++-+---
-++-+--+-+++----+
---+-+---++--+++-
++-++---+-++-+-++
+-++--+++-+-++-++
-----+++++-++-+++
---++--+++-++-+++
+--+--+++---+++--
++++--+-++-+----+
+++-++++-++---++-
--+-+++--++--++-+
++-++-+---+-++-++
+-++--+--+--+----
-+-++++--+--+--+-
+-++-++---+--++++
++--+--++++--+++-
-+-+++--++++-++++
---+-++++-+--+--+
-------+--++-+++-
-----++---++---++
-+--++-++--+--+--
--+-+-+----++--+-
-+++---++++---+++
+--+--++-+++---+-
--+++---+-+------
--+-+-+--++++---+
+-++----+-+--+-+-
-++-+++--++--+---
+----++--+++-+---
+++--+-+++--+++-+
++-+++--+-+-+----
+-+-++-++--+-+-+-

Generation = 759, Population = 340.
----+++----++----
+++++++----++-+--
+--+++--++-++--++
----+-++--+-+--+-
++-+--+--------++
++++++++--+++--++
+--+++-+-++-+--+-
++--+++---++-+-+-
---+++++-+----+-+
---+--+----+-++--
+--+-++--+-++---+
----+-++-----+++-
-++-----+++-+-++-
+++++--+++---+---
+-++--+---------+
+---++-+---+-+++-
+-+--+-++++--+-++
-+-+------++---++
-+--+++++----+-+-
+-++-++-+++--+++-
-+++-+---+--++--+
+-+--++--++++--+-
--++++-+-+----+-+
++-++-+++-++-++++
++++--+-++-++--++
+++++-+++--++-++-
+---+--+-+--+---+
--+++--++++++-++-
-+----++--+++++-+
+--++-+--++--++++
-++++-++++++-+-+-
-+----+-+---++++-
--+----++-+--+++-
++++----+-+-+---+
--+---++------++-
+++++++--+++----+
+++++----+++-++--
+---+++---+--+-++
++----++---+-++-+
-+-+-++---++----+

Generation = 828, Population = 359.
---+-+-+++-++--++
-+++++-+++---+++-
+-+-++-+++++-+--+
+++-++++---+++++-
-++++-++++++---++
--++------+++++--
+++++--+-+++--+--
--+++++-+--+---++
++++---+++-++--+-
++-+-+--++-+--+++
+++-++--++++-----
-+---++-++-++----
--+-++-+--++++++-
-+--+++-+-+--+-++
+-+++-+-+-+-+---+
+-++-+++-+-+--+--
-++--+-++-++-+-+-
++--+-+-++-+--++-
+-+--++-++-++----
-------+--++++---
+-+++++++-+--+++-
-++++-+--+--++++-
--++---+++--+-++-
---+-+-+--+-++++-
++-++-++------+-+
-+-+-+-+----++--+
----+----+--+-+++
-+++-+++----+++-+
+---+-+-+-+-+-+++
+++-++----+---+-+
--+++--++--+-+--+
+-++++-+--++-+++-
--++++-+--+++-+++
---++-+-+++++-++-
+-+-++-+++++++---
+---+---+-+---+--
-----+++-+-+-----
+---+-+++-+-+++-+
-+----+--++-++--+
++-+---++---+++++

Generation = 897, Population = 344.
++++++-++-+--++--
+---+++++-----+-+
-++++--+-+----+-+
-+--+-++++--+----
++-++-+---++-+-+-
+-+++-+-+-+-+--++
--++-+++-+++---++
++--+-++++-+--+--
+++++-+--++-+--++
----++-+++----++-
-+-----+-----+++-
-----+--+++-+----
--+------+--+-++-
++-++++-+-++++-+-
+-++-+-+++-++-+--
--+-+--+++--++--+
-++-++-+-+-+-----
-++------+--++-+-
---++----+++++-+-
++---+-+----++---
++++-++--+---++-+
-++-+-++-+-+-+-+-
----++--++--++-+-
+++++----+--+++++
-+++-+++-+----++-
-+--+-+-++-+--+--
+-+--++---++-+++-
-+-+--+----+---++
----++-+-+--+-+++
-----++-+-++--+-+
-+--++++---++--++
---+++----+++---+
+--+++++++--++-++
++---++-+++-+-+++
+-+++++--+--+--+-
++++-+-+-+++++++-
--++++-++-----+--
+++--+++--++--+--
++++-++-+-+--++--
+-+++--++++-++++-

Generation = 966, Population = 352.
--++++-+-+--+---+
++--+--+---+++-+-
+-+++--+----++++-
++++-+++--+++---+
+-+-+-++-++++-++-
+-++++----+----++
---++-+-+---++---
+++-++++++-++-+++
---++++++-+++-+++
++-++---+-------+
+-+-++-+++-+++-+-
++---++-+--+--+++
---+++++-+-+-----
-+-+-++-+++--++-+
--+--+--+-+-+++-+
-+--+-+++---++---
--++++-++--++---+
+--+--+---+-++---
--+--+-+---++++--
-++++----+-+-+-++
+-+++-++++++-+--+
++----+++-----++-
+++--+++---+-+--+
-+----++++-++-+-+
--------+-++++-++
++++++----+-++---
+--+-----++---+-+
----+-++-+--+++--
--++++--+-+----++
+-++++-++--+-+---
-+--++-+-++-+-++-
+--+---+--++--++-
---+--+++-+++-+++
+++++--+-+--+-+--
+-+++-----+-+--+-
+-++++-+-+---+-++
+-+-+--+++-+++-++
+-+--+-+--++-+---
-++--++-+++++++-+
+++---++++-++-++-

Generation = 1035, Population = 325.
---+-++-+--+-+++-
+-+++-+---+--+++-
+--+-+-+-+-++----
++++-+--+++++--++
+-+-++-+--+--+-+-
--+++-++-----++++
+++---+++--+-+--+
--+-+++++-+-+-+--
-+++--+-++-------
---++-++-+++-+---
-+--++-++----+---
-++-+-----++--+--
---+--+++++---+++
++--+-+--++--+++-
-+--+----++-+++++
-+-+----++---++--
---+--+--+-++----
+++++--+--+-+-+++
++++-+++--+--++-+
-+---+--+-+--+---
--+--------+---++
-+-+-+-++-+++----
-+-++++-+-++-+-++
+---++-----+--+--
+--+--+-++-+-+-++
++++-++++---++---
+++++---+++-+-++-
+---++-++++++-+--
++-+-++++-+---+-+
-+++-+--++-+-++++
+++-+++----+----+
---+++--+++----++
--+--+--+----+---
------+----+-+--+
++---+++-+---++--
------+++----++--
+-+++-+-+-+++++--
--+-+-+++-++-++-+
--++++---+-+++-+-
++--+--++----+-+-

*** Life<FredkinCell> 16x48 ***

Generation = 0, Population = 138.
------0----------0--0----------0--------0-----0-
00------------0-0000----00----------0---0-00-00-
-----------------------------0-00---------------
--0-0---0---0---0----0-------0-----0------------
---------0----0----00---0------0-0---------0----
------00-0------------0---------------00--0----0
--0-0----0---------0-----------0-----0-0--0----0
-----000-------0-----------0------00000---------
------0---0------0-00-------------0----0--------
-0---0-0-0---00-----0000-----0------0--0-----0--
0----0---------0---------00-00---0-----0-0------
-------0-0--0----------------------000--0--0----
--0---------0----0------0-------00-0-----0-----0
-0-------------0-0--------------0-----------0---
-------------0--00----------0----0--0-----0---00
---0----000--------0--------0-------0------0---0

Generation = 18, Population = 394.
-5-15---6-532-5-5-643---5---6---6-25--2--18--2-5
-28-22652445--4-842474---4-2-71---34--8--7--6--6
41223-----5-3-552---------43-4--154-8-4-4-7--651
-3---426564--3-3--0-5-6264-74-25-4348303533---31
-1-4854-------22-358-454-6-5------242538---1--54
4-454-3---2-5--44815----6+-4---4--6-44-2---13638
4-9-323-54--8-221-4---0-525-6----639-4-3--4---98
2--5--88--22-64--5-5-8--124--52-376--57-32842-54
-5--3385---463-2----637-3------544-54---2--11---
23---35-34-15-5-43---376---4-9-4--2----78-863--2
4-13----8--3--7-2----3557--3+--3625585--1------3
-5-2558----453357-28--64---43-----6-2--974-----4
--82---2--634+-26+-1-1--674--64----8----3-3-4833
31-13---50--7-42----63-5340-4-21-5-732-32293242-
31--3----21-5---541-4----1--6--44-----64--244---
9-453--5-7343--5-3---31---35-1-6--6-5--74744-4-3

Generation = 36, Population = 383.
7-----+--+6-75+---8--8+--8--+--5--69---876+---+8
57+-6-+--48-8--8+6-7+-+-8967+-63-+--7--8+-7-8---
-6--73-65+57-4---+----8++58689--79--+-797+++-+--
-5+4---+--757-+-----+4+8--++-+38679++-4-658---+6
18+-+++8-+5+9+---59+6--+8+97-89+9----+7--95-879-
--+-8---+4----58-+-7-9--8++-9-67--++--5-+++74+-+
7-+85----+8-+79----4-74-+497++--6+5+9-+7-----++-
+5--94----6--+++-------6---+5-+36---+--+7--++---
87----+98-+--6+-288-+-+----6--4-+78++8--4-9-----
---7--7++-+79-+--8-9-97+-96-8+5--6---+---+++7---
+-564--4---6+--5-85-64-++9-6+4+-------584667-+--
3---8+------+7--+---+--6+---+-45+--+-+-+---378--
8-+-87-----+6-86-----7----+---++-7----3--797----
-----7-+-----66----9+58--6-----6-6+---5-----6+7+
5------3---9----8----9-86-+9++7+7-+-+79578-----+
+6-----77+8+99-939-+-96---7+74---3-++-6----++767

Generation = 54, Population = 372.
-+---++8++-+--+---+--+--+++-+--+-+-------+-----+
+++79--+--++--++--+-+-------++97-------+----+-++
+--+----+++-+---9+5-+--+-+--+-----+----+++++-+--
+---+8--+--9-9+++--++-----+-++-+6-+++-8-7+---+--
5+++---+++--------------+-+++++++-+-8+-+9-9+9++-
----++98-8--+-++-++-++-++-------+6---+-6+--8-+++
+++-+-9-+-+8+9+-9-8-----+-++++-++-++++-+-----+--
---++-++-+-6-++++---7+-+--++----+---+--++7++--+-
++59-+---++-+-++--+-+9+----++-7+-+-++--6++++-+8-
7----7--+--++++-8+-+9--+-+-----++-+-+--+-+-+++--
-9+----++-9++-+5++87-5-+-++-+--+--++++-+--+++++-
--8---------++-++-+-+-++-+++-+-+-7-+-++--+---++-
----+++--++--++-+-7++-7----++-++---+----++----+-
+777--9+---+++-7-++--6---++9--+9+--+979++--+-+++
-87-+9--+--+-+-+--+-+-++--+-+--++-+++----+---+--
---+9-+-8--++-----9--+7++7++++-++6------+--++-++

Generation = 72, Population = 395.
+-8+--++---++++++-++-+-+-+-+---+-+--+-8--++++-++
+++-++-+8-+-------+++--+-++-----+-+++-+-+---++++
+---+-------+-+-++5+-+++-----+--------+++----++-
++++-+++-++-++++---++----+-++++-9-+-+----+-+-+--
6+-+---++----+-++9+--+-----+-+-+++--+---+-+--+--
+7++-++-+++--+----++--+----++----++-+-+-+-+++-++
-++++------+--+-+++-------+--++-+---+-++---++-+-
++7+++++---++--+---+9+++-+++++-+-++--+-++++-+---
-+--+++++-++++--9+++-+---++-+++------+---+++++++
-+++++---+-+----+-----+++-+--+--+++-++--+++--++-
++--9-+--++-+-+-++-++--+-+-+-++--+++--+---+--+++
-++-+++++++++----++++++-+-+++-------+++---+--+++
+-+----+++-+++++++---+-+-++-++++---++-+-+-++++++
--+8++-++++-+-+--+++-+---++---+---+-+---+-++-+--
-----+-7+-++-----+-+-+--++--+++--++-++++-+5++--+
+----++-++-+--++-+-++-+----+-++-++-++-+--+++-+++

Generation = 90, Population = 374.
+-+--++++-----+-+++-+-+--+---+++-++++++--++--++-
--+----+------+--++-+++-++-++--+----+-++--++---+
+++++9----+++-+++----++-+---+++++---++++-----+-+
++-+---+++++-+--++-++-+-+++--+--+++-+---+--+--++
+----+++-+++-----+-+---+--+++--+-+-+-++++-+--+-+
+-+-++----+++-+--+--+++-+--+-++++-+-------++--++
---++++-++-+--+----+-+-+++-+++-+-+-+++--++----+-
+++-++-+---+---+-+---+-++-+++----+-+----++++-++-
-++--+++--++--++----+-+++-------+-----+++-++--+-
--++--+-----+-+-++-+-+-++---+-++-+-----++-+--+--
---+-+-+-+--+--++++-+--+---++++--++-++-+++++-+--
-+--++--+-+++-+--+++-+-+--++--+-+----+-+-++++--+
---+++-++-+-++--+--+++++--+++-++--+--9-+--+++-+-
++-+-++-+---+-+-+-++--+-++---+--+----+-+---++-+-
+-+--+--+-+-----++--------+--+++--+-++-+-+-+--++
-++-++-+--+-++-+++-+++++++---++++--+++--+-+++-+-

Generation = 108, Population = 365.
++--++-+--+-++++---+-+--+--++++------+++---+--+-
-+-++-++-----++--+++--+++--+++-+-+++-++-----++-+
--++-+++--+++----+---+--+-++-----+++--+-++++-++-
+-+--+--++------+-+-+++--++---+--+--+-+-+++-+-+-
-+++-+++++-+-++++-+++++-++-+---+--+++-+--+-+----
---+-+++--+-+-+-----+-+-+-+-+-+--+-+-+++-+-+---+
++-+-++-+-+++-----++-++---++-+---++--++++---+-++
--++---++-++--+---+-+------+-+-+-+--+++-+-+----+
+-++----+++--+++----+--+---+--++++-++-++-++-----
+++--+--+-+++-+-+---++---+------+-----+--+++--++
--+--++--++--++-+++-+-+++---++-+--++------+++--+
+-++--+----++-+++++++++-+------++--+++-+-------+
-+-++-+++++++-++-+-++++---+-+-++---+++--+++-+-++
---++++-+--++-++-++--+-++-+-------+---++--++++-+
-++-++----+--++--+----+-+-----+++++-++--+-++-++-
+---++---------+-++---+-----+-++++-+-----++-+++-

Generation = 126, Population = 388.
--+++----++--++--+-+---+----++--+--++--+-++--+--
+---+++--+--+------+-+-+--+------++-+++---+-++--
+-++++-+--++-++--+----++-+-+++--+++--++-+---++++
++---++-+++---++++-+---+-+++-+--+-+-+--+-+++-+--
+----++++-++---+++-+-+---+---+-+----+++++-+-+-+-
----+---+-++-++++-+-+-------+-+--+--+-++---+-+++
-++++-+-++-+--++--++-++-++-+++--+--++-+-+-+--+++
-++--+--++-++-++-++-++-+-----++++--+--+--+-++-+-
--++---+-+---+-+----+-+-+-++++-++-+++-+---+++++-
++-+++-++---+---++-+-----+-+--+--+++--++++++++--
+-+++--+-----++---++-+--+--+-+--+--+-+--++-+----
-+++----+-+++-+-+++-+--++--+---+++-+----++++-+--
++-++-++-+--++--+--+-+--+--+++-+-+-+--+-+-+-++-+
-++-++--+++-----+--+++-+-+-+--+-++-+---+--+++--+
-++++++-+-+-++-+++--+-+++-+--++-+++++-+-+--++++-
+++++-+----++++-+-+++-+++--+++++---++++++++-+-++

Generation = 144, Population = 378.
+++-+-+-++-+++-++--++++----+++-++++--++--+--++-+
-+++-++-++-+-+----++-----+-++--++-++----+-+--+--
+-+++++-+-+++--++--+---++--+++---++-+-+++--++--+
-++--+++-++++++-++-+-+++-+--++--+--+----+--+--++
----+-+++-+---++--++----+--+--+++--+-+---+++--+-
+++-+-+--+-+-++++-+--++++--+-+-+-+---+---------+
------++-++++--+---+---++++-+-+-++-+++-----+-+-+
++-+----+-++-+++--+-++--+-++++-+++---++++++--+++
--++---+--+-++-+--+-----+-++++-----++-+++-+++--+
--+--+-+--++--+---+--+-+++-++++-+-+---+++-+-++--
+++-+++-+--++++++-+--+++----++++-+--+-+---+----+
+--+-+--++--++-----------++++----+++-+---+++-+++
+-++----+--+++-+--+--+-+-+++--+-+-+++--+-+-+++-+
+---------------+--+---++-++--+-+-++-++----+-++-
-+-+--+-+----+--+++---+-+++-+++-+++--++-+-+-++-+
+-+++-+--------+--++-++---+++-++--++++--+-+-+++-

Generation = 162, Population = 397.
+-++-+-+---++-+-+-+++++-+-+--+-++-+-++-+-++-+--+
-+-++-++-+++++--+++++--++-+++++++-+++-+---+-++-+
-++-+---+-+--+-+-+++++-++---+++++++-++++++---+--
-++-+---+++---++-++-+-++---+++-++-----+-++++-+++
+--+-+++--+-++++-++++-+++-+++-++--++++----+++-++
+----++-++---+-+--++-+-+--+-+---+----+++++---+--
+++-++-+-+-+-++--+++--++--+--+-+++-++--++-+----+
-+--+---++-------++++--+-----++-+-+-+++--+-++--+
-+-+++++++-++++++-++-+--+++---+-+-++-+--+-+----+
-+-+-----++-+-----+++-+++++--++-++---+--+-+--+--
+++++-+---+---+--+---+-+-++---+--+++-----++++++-
---+----+-+---+--++++--+--+--+++---++++--++---++
+--++----+++--++--++-+++-++---+--++--++--++-----
----+-++--+++-++++-+-++-++-++-+-+++-+----+-+++-+
+---++++----+++++++-+---+----+-+-+-+++--+--+----
++-+---+----++--++-+---++--+--+--++--++-+-++-+++

Generation = 180, Population = 377.
------++++-+-----+-+-++++--+-+++++++--------++-+
+--+---+++-+-+--+++--+------+-++---+-+----++----
+++++-+++-----+-+--+++-+++-++-+--++--+-+-++--+-+
--+-+------+-++++-+---++-----+--------++++--+--+
-+-++++++----+--++--+++++++--+--+-+-++-++-++----
-+-++--+-++-+-+++++++++--++---++-+++--+++-+++---
----+++++--+---+-+-+---+--+-+++++-++---+-+-+++++
-++-++-+---++++++-+---++++-++--+++-+--+--+------
++--+++-----+-----+++++--+++++-+-++----+++---+-+
+-+-+-++--+++--+-++----+--++++-+++----+--++++-++
++-+-++---+++-+-+-++++++--+--+--+-+--+--++-++---
++++-++----+--+++-+++++-++--+-++++--+---+---+-++
--+--+-+--+-----++--++--+++----+-+-+-++----++--+
+--+--+--+---+-++----+-++--+--+++++---+-++--+-++
+-++--+-+---++--+-+++++-++-+++----++-++-++-+-++-
+-+---+-------+----+-+---+-+---+++-+++-+-+++-+--

Generation = 198, Population = 379.
----++-++--++----+---++-+--+++++--++++---+--+--+
+-+++-+-++-+-+-+++---+-+---+-+---------+-+--++--
----+---++-------+---+--+-+-++-----+------++----
++-+-+-+---+-+-+--+--+++--+++--++--+-+-+-++-++-+
--++----++-+++-+-+++-+--++++-+-++++--++---++----
+-+++--++------+++---+--+++---+++++--+-+--+-+++-
++-+++-+-+----++++++----++-+-+--++-++-++-+-+-++-
+--+-+-+++++-++++++-+----+-+++-+-+++--+---++++--
++---++-++-+---+-++----++++--+++-+-+-+---+++-+--
-++---++-+--+++---------+--++---+-------+--+++-+
++++-+--++--+-+++-+-+-+---++-+----+--+-+++-+-++-
-++++++--+-++++-++-+-+---++++-----+--+-+-++-++--
+++-++-+--+--+--+++-+++--++---+--+----+--+-++++-
+-+--+++-+-++++-+-+-+-++-++--+-+--+-----++-++---
+++++---+++++-++----+-+-++-++++-++++-++++---+--+
-++-+---+-++------+--+++++-+-+++++++-+-+++--+-+-

Generation = 216, Population = 390.
-+--++-+-----++---+--+-++-++++++---+---+-+-+-+-+
++--+--+-++++++++++-+++-------+++--++++-+--+----
++-++++-+--+++-++-+--++++--+-+------++-+-++--+--
+--+----+++-+++-+---++-+--+-+---+++-+-++---+-+--
-++++-+---+----+++-+++++++--+---++-+--++----++++
+-++--++-+--++-+-+++--++-+---+-+++---++-++-+-+++
-++++---+-++++--+--+-+-+-+---++-+--+---+++++-+-+
+-+--+-+---++++-+++++---++-++--+------+----+----
----+++++-+-++---+-+-++--+---+---+--+++++-+-++++
---++-+--+++-+-+--+++--++---+-+-+++--+-+-+-++---
++--++------+++-++-+++-+----+----++++++---++--++
++-++-++-+--+-++-++--+++-+-++++---+-+-+++-++--++
+---+-++++--+++--+----++--+++--++--+----+---++-+
------+-++-++---+-+-++++-+------+-++-++++---++--
++++-+-++--++++++-+-+--+-+++-++-++---++++--+-+++
----+-++--++--++++--+-+--++--++-+-----++-++-+--+

Generation = 234, Population = 380.
+++++-++--++-+-+--+--+-+-+--++--+++--+--++-+---+
++-+-+++--+---+-++++-+---+++---+----+-+++-----+-
+----+++++++----+++-+-+-+---++--++--+--+++-+--+-
+---+--+--+---+++-+++-+-+++-+++-------+-+++-+-+-
-++----+---+-++-+---+-+-----+--++++--++-++-----+
+++--++---+-++-+--++--+--+-+---++---++--+-++-+++
-++---+--+-+-+++--+--+--+---+-------+-++-+--+-++
++-+--+-++-+-+++++-+++++---+++-----+------+-+---
--+-+-++-+-+-+--+-++-++--+++---++-++++-+++++-+++
+----++-++--++--+++--+++--+---+++---+-+++-+++--+
+-+++-+-+-+-----++++++--++++++-+--+-+++--+++-+++
+---+++--+---++--+-++-++--++++++++--+---+++-++--
++++-++-++-+-+-----+++----+-+---++-++++--+-+-++-
++--+-+-+-+----+-+---+--+-+-++--++--+-+++-+--+-+
+--+-+--+----+-+-+--+++++--++-----++--++-++---++
+--+-++-+-+---++-+++----++-+-+--+++--+-----++--+

Generation = 252, Population = 371.
-++--+--+-+-+---++-++-------------+-+-++++-+--++
+++++--+++-+-+-+-+--++-+----++++-+-------+-++-++
-----++-+-++++-++----++--+-+--+--++-+--+-++++-++
+-++--+-++-+-+--+---+-+---+---+----+------+--+-+
+-+-+++-++++-++-+++++-++++--+-+-+--+++--+--++-++
-+++-++--++-+----+-----+--+---++-+----++---++--+
--+---+----+-++++++--+-+++++++++------+-+--+----
+----++---+-++-++-+---++----++++---++-++-+--++++
+--+-+-+--+-+---+---+--++-+++--++++++--++-+--+--
++-+-+---++-+-++-+--++----+++-++-+-++----++--+++
-++-+++++--+--++--+-+-+++--+---+-+++---++-++--++
++-++-+--++-+-++-++--+---+++---+-++---+--++-+++-
+--+++++-+--++---++------++-++-++-+++++---+-+--+
+--++--+++-++---+-+--+-+-+-+-+---+----+-++-+----
-+++-+---++-+++---++--+-+--+-++-+------++---++--
+-----+-++++-+--++++--++++--+++---+++---+-+-++--

Generation = 270, Population = 393.
--+-+---+--+--++--+-+------+++++-+-+-+---+-++-++
+--++-++--+++-+++-+--+---+------+----+++++--++--
----+---++++---+++++++++++---+---+--+-++++++-+-+
+-+++--+----++-++-+--+-++---+--++-++---+-+++++++
--+++-+-+++++++-+----++++-++--+++---+-+-++++-+++
+--+---++-----+++-+---+---+------+++---+--+-++--
-+--+++-+++-+-+--+-+--++-+--++-+-+---+++++++++--
+-++--+++--++----++--++-++-+-+--+--+--++-+-+-+--
+-+----+++++-+-++------++-+----++-+---++----++-+
++-+---+-+-++-+++-+---+--+-++-++---+---+-+++++-+
-++--+-+-+-+-+++-+-+++---++--+-++----++--+-+--++
+++++-+++-++++---++---+-++-+-+--+-+--+-+-+--+---
+--+-+---++--+++++--++++-++-++-++-++--+-+-----+-
+---+-++--+--+++--++--++++--++-+---++-++-++++-+-
++++---++--+++-+---++---++-+-----++--++--+++-+--
++--+-+-+-++++++-+--+-+++++++--+---+-++++-+++-++

Generation = 288, Population = 390.
++++--++++++-++++++++--+++---+++++-++-+-+-----+-
++-+--+-+--++-++-+-+--++-+-+-+-+-+--++-+-++--+--
-+++--+-+++-++--+-++----++-+--+--+--+-+++++-++++
--+-+-+----+-+----++-+++---+-+--++++-++++++-+--+
--++++++++++-+++-----+--+-+-++---+++-+++--+---++
+-+-+++------+---+++-+-++-+-----+-+--+++--+++---
-+-+--+++++---+--+-+-+-+-++-+---++---+------+---
+++-++-+-+-+-+++++--++--+++-++-+--+-+--+--++-++-
----+++-+---+---+--+-+++-+++++-+-++--++---+++---
++-++++--++--+----+-++++-++---+-+-+---------+---
-+--+-++--++++++---+++--+--+--++-++++++++--+-+--
--+--++-+++--++++++--++--++--+++++++----++-+-+-+
-++++++----+++-----++-+---+--+--++-+-+--+----+--
++--++--++++----------+---+-++--+-+-+-++++-++---
----++-+-++-+-+--+--+++--+-+-++-+++-+-+++++-++++
-+-+---+--++-+-+---+--+++--+--++--+-+-++-++--++-

Generation = 306, Population = 393.
--+---------+-+--+--++++---+-++-++-------++----+
-++---+-+-++----+-+---++--+--+-+---+-+-+----+-+-
++-++-+-+++-+-+++----+++++-++-++-+-+--++---++-+-
--+--+------+--+-++--++-++--++--++++++-++++++++-
--++------++--+++--++-++-++---+--+++-+--++-++-+-
--+---++-+--+++--++-+++-+-++--+-+-++--+-+---+--+
++-+++---++++++--+-+--++++-+-++-++++-+--++-+-+-+
-+--++-+-++---+-+--+---+-+-++-+-++-+----+++---+-
----+++++---+-+---+++--+-+-+-++--+-+++--+-++-+-+
----++-+--+----+-+-++++---+--++--+-+++++-+--+-++
-+--+--+++++-+-++-+++---+-+--++-----+++-++--++++
++-+++-+++-+--++-+++--++-+++--+---+-+-----+-++--
-+++++-+++++--++-+++-++-++-++++--+--+-++++++++-+
---++++-+----++-++++----++++++----++-++-++-+--++
+-++-++++++++++-++--+-++-+------+---++------+--+
+-+++-+-+-+-+++-+----+----++-+++++++-+-+++---+--

Generation = 324, Population = 377.
++--+++---+++---+-+++--+--+---------++----+-+-++
++++-+--+-++-+-+---+-+++-++-------++-+---++-++-+
-+-++-+-++---+---+++++-+---+++-----++--++++---++
++++-----++++---+-------+--++--+-+-+-+++-+-++++-
++-++-+-+--+--+-+--+-+-+++-+-++++---+-+++--+++-+
+-+------+++++--++-+-+-++++-++--+++-+-++----+-++
-++---++--++-+++++++++-----+-+-++-++---++---++++
-----+---+--+-------+++--+-++++-+++++++-++---++-
++-+-+-+-+--+----+--+++--+---+-++++++-+--++-++-+
-+-+-+--++--+++-+-++--+----+-+--++-++-+-++++-+-+
-++--+++++++-+-+++--+++-++-+--+--+-+++-+-+-+++-+
-++++------------+--+--+-+-++-+-+++++--+--++----
++--+---+-----+--+-+++--++---+-++-+-+--+-+-+--+-
--+-----+----+--++-+++---+-+-----+--++++-+++--+-
+---+--+----+-++---++-+-+--+---+++--+-+--+++--+-
-+--+-++-+++----++--+-++++-++++----++++-++---++-

Generation = 342, Population = 394.
-+-+--+++++-+---++--+--+++-++--++----+++++------
-+++-++-+--++-+-++-++-+-+-+----++++++-++++-+-++-
-+-+-++-++-+-+++-+--++++----+-++----++--++---++-
+---+-+-+++-+++--++---++-+-+-+--+-+-++++++-+--++
+++--+++-+-++-+++++-+-+++++++-+-+-+--+-++--+++++
--+-+-++-+++--+++--++---------------+++-+++--+--
+---++----+---+-------+--+-++-+---+--+--++--++-+
+------++--++-+++++-++++---+---+-----++++---+-+-
-+++++-+-+++-++--+-+--++++--++-++-+--+++++++++--
---++++---++-++-++-+---+++---+---+-+-+-+-+-+++++
--+-+-++---++-+-+---++-+---++++-+-+++--+-++-+-++
----+--+--++--+--+--+--++-------++-++--++-+++++-
-++-+-+-+---+++++--+--+------++-++-+-+--++-+-+--
++++-+++-+-+++++----+---+-+-+++-+-+++-++--+----+
+++-+----+-++----+++-+-+++-++++-----------+-++-+
--+++-++++-+-+---++----+--++-+++++-+++-++-+-+-++

Generation = 360, Population = 384.
--+-+++-++--+++-++++--+++--++--+++++-----+++++++
-+--+--+-+++++-+-+--+++--+++------+----+-+-+----
-++++-++-+-+-+----+--+---++++++-++++---++-+----+
-++--+--++-+---+---+-----+--++++++---+++-+-+-+--
+-+++++---++---++++-+-++++++---+--+++-++++--++-+
+++++++---++++-------+--+++-++++--+-++-++-++-++-
+-+--++------------+--+++-++++++--++---++-++--++
----++++-++--+-+++--++--+---+---++-+--++--+++-++
-++-+-++++++-+---+----++-+-+++-+-++-++-++-+--++-
+--+-+-+-----+---++-++-++++-----++++++-+++--++--
++++-+------++-++-+----------++---+--+------++--
-++++-+--++---++--+-++---++--++-++-+-+++-+--++--
+-+--+++++-+---++++++--+-+++-+--++++--++-+------
--++-+-+-++++-+-++++++---+--+---+--++-+-+++---+-
++----++--+-+----++++-+++--+++-+-+-+-+--+--+++--
-+-+---+-+-------+++-+-+---++--++--+--+------++-
