*** Life<FredkinCell> 90x30 ***

Generation = 0, Population = 50.
------------------------------
------------------------------
------------------------------
------------0-------------0---
------------------------0-----
-----0------------------------
-------------------------0----
------------------------------
------------------------------
-------0-------------0--------
------------------------------
------------------------------
-------------0----------------
------------------------------
------------------------------
------------------------------
------------------------------
------------------------------
------------------------0-----
------------------------------
------------------------------
------------------------------
----0-------------------------
------------------------------
----------------------0-------
------------------------------
------------------------------
--------------0---------------
------0------0----------------
------------------------------
------------------------------
------------------------------
-----------------0--------0---
-------0----------0--0--------
------------------------------
------------------------------
-------------------------00---
-0----------------------------
------------------------------
------------------------------
------------------------------
--0---------------------------
------------------------------
----------0-------------------
--0-------0--------0----------
------------------------------
------------------------------
--------0------0--------------
-----------------------------0
------------------------------
------------------------------
------------------------------
------------------------------
------------0------0----------
------------------------------
----0-------------------------
-0------------------------0---
------------------------------
------------------------------
---------------0---0--0-------
--------------0---------------
--------------------0---------
------------------------------
------------------------------
---------0--------------------
------------------------------
--------------------00--------
------------------------------
------------------------------
------------------------------
------------------------------
------------------------------
------------------------------
------------------------------
----------------0-------------
------------------------------
---------------------0--------
------------------------------
------------------------------
------------------------------
------------------------------
----------0-------------------
---------0--------------------
------------------------------
------------------------------
--------------0---------------
0-----------------------------
------------------------------
------------------0-----------
------------------------------

Generation = 37, Population = 1186.
-4---1-1---2--3--40-1---5522--
3-03-30-13--06-206437--251----
--3----2-2--5----4--8----9-4--
5--27---65-----3-----3-1-----1
-36---3343833-4-3-98-----9--89
---5---7-9---7-----3-56-6-3--4
495-2-34-7--6---94---3-4-1---5
3-2-11-10-42---2-14-----44----
6035436---7--5--22464---3-7---
-5313--23-----1337-51----5--3-
2542-41-1--4-510-7-2-3-----5--
2--01----3-2----1--22560----52
-552-455383--72-1-38---55--321
03-3------63--12---3-4-30---04
--223----311--1----2-7-2------
--03241--0--3--1-1320---23-0--
-1-52--2-54---0-----22-35+--4-
2-----0--2-2-3-6--42--5--332--
---04-----815--15-31-2-4---4--
3131-330--5---3-32------54---1
1-302----0-0----51-----19-+27-
-11-5-30215-3023-23-2---02--00
1----2-0---0-----4----43--45-1
--5--361-22340-14-2---50-2-031
--1-54332-------4-4--5-2-44-3-
45--376----44454-0866-4---+-13
-4--3--14272---35--5--2---5--3
-3527154+0--9398+25-4735--82--
239-76-3-5+----5--3-9------5-6
-14---4-1----4-5-7-72--5----3-
-----4-0-32-3-32----3---43----
--453-4834------342---634-----
-2335---+7633-3--3--3846-7---3
---6-9356-5--------+669---6-4-
---2--2----1-3031-442-82-----3
-24-3-4-56-3-5-+6---19-42---1-
4-+---5--5--8-5-6--+-77--97-9-
54--9-1669-5----3-------18--3-
-4--------4----5-01733---8-4-4
--+073---3------34+-----276124
-054--7-8--43-6---7--+-874483-
---36+5--576-6--9---------3535
---3-3--------4623-2+23-382322
-4---0-9-2----88-1-594-5-1--5-
3-+-7--9----9-7+-3--52-----865
-6---65430-5-253----0-3-2---43
-------513-4---24--252-332--0-
-7---3--4--554-8-+38---94-542-
2-3-8---2-----6---50-75-523--3
83--41-245-75--5--56-6----2---
-3-263---3-433026-75745-2-22-6
346--4------56--2-588-7-----17
348----1----6-3--959-8-54-----
85--6----8-74--7468---443--7-4
------5---304-----7----0-4--2-
0-4-43--5------9---2--+-743---
------56-44-743-763-53-4-5-+3-
----4--4---82---7--9--35-044-1
--518--16-2-13-456-8----2-5---
-5--48---8-6+-86-+---9-8--3--4
--50--3-769--3---35---1-45-5--
--86--5--1+55-97-3---90---13-3
-0--363--6--36-4-----6--------
--2-3442-47--64---58-847--1---
-0-3-433-34---24-3-23+338--5--
---5---2--6--1---4----4-5-----
--2-8-645---7-77-+----6--4----
1--14131---36-0--2-9-71---1--5
-21--224--------5-4---45-8-45-
21624--3--3-2-7-6---13----2--2
-12--34-7--------12--7--------
--6-----11--4-3-43-2------1---
2--2-----341----2---5----0-1--
22---0--51--1---12053-----2---
13-----37----24------6--------
2--0----51532-----1-23-5-----1
-2------4-3--63-8-4-----2---6-
40---0-----251-231-32--1-----1
--2-3-----6-4----8---5--------
--40-2-1-0---12-0-6------0-1--
-3-06-3-203-------7-4-2-----1-
--6----0--10-0-35-8671-03--00-
----2---2---5-6-76-86--6-6-3-0
-0-0---0-00-31-2---5-0-20-7-00
3-6---6--12---9-5--66-23-3-60-
-0---0-0--4-4-41-175-132--5-20
3---------3-2--1--3651--43-2-1
-0---0304---4-71-0-3-03-306-1-
4----25--23-5151--4-355-2365--
---0--0-0061--5---4--2--1040--

*** Life<FredkinCell> 98x23 ***

Generation = 0, Population = 9.
-----------------------
-----------------------
--0--------------------
-----------------------
-----------------------
-----------------------
-----------------------
-----------------------
-----------------------
-----------------------
-----------------------
-----------------------
-----------------------
-----------------------
-----------------------
-----------------------
-----------------------
-----------------------
-----------------------
-----------------------
-----------------------
-----------------------
-----------------------
-----------------------
-----------------------
-----------------------
-----------------------
-----------------------
-----------------------
-----------------------
0----------------------
--------------0-------0
-----------------------
-----------------------
-----------------------
-----------------------
-----------------------
-----------------------
-----------------------
----------------0------
---------------------0-
-----------------------
-----------------------
-----------------------
-----------------------
-----------------------
-----------------------
-----------------------
-----------------------
-----------------------
-----------------------
-----------------------
-----------------------
-----------------------
-----------------------
-----------------------
-----------------------
-----------------------
-----0-----------------
-----------------------
-----------------------
---------0-------------
-----------------------
-----------------------
-----------------------
-----------------------
-----------------------
-----------------------
-----------0-----------
-----------------------
-----------------------
-----------------------
-----------------------
-----------------------
-----------------------
-----------------------
-----------------------
-----------------------
-----------------------
-----------------------
-----------------------
-----------------------
-----------------------
-----------------------
-----------------------
-----------------------
-----------------------
-----------------------
-----------------------
-----------------------
-----------------------
-----------------------
-----------------------
-----------------------
-----------------------
-----------------------
-----------------------
-----------------------

Generation = 14, Population = 288.
----------0-0-0--------
-----------------------
--------0---0---0------
-----------------------
------0---0---0--------
-----------------------
----0---0---0----------
-----------------------
--0---0---0------------
-----------------------
0---0---0--------------
-----------------------
0-0---0----------------
-----------------------
0---0------------------
-----------------------
0-0--------------------
--------------0-------0
0-0--------------------
------------0---0---0-0
0-0-0------------------
----------0---0-----0-0
0-0-0-0----------------
--------0---0-----0---0
0-0-0-0-0--------------
------1---0---------0--
0-0-0-2-0-0----------0-
----0---1--------------
0-0-0-2-0-0-0------0---
--1---1-------------0--
0-2-2-3-2-0-1-0--0-----
0---2-------------0---0
0-1-0-2-1-0-0--0-------
--0---2-1-----------0-0
0-0-0-3-2-0--0---------
----0-2-2-0---------0-0
0-0-0-1-1--0-----------
----1-0-0-0-0-----0---0
0-0-2-0--0-------------
--1---0-0-0-0-0-0---0--
0-0-1--0---------------
----0---0-0-0-0-0-0----
0-0------0-------------
------0---0-0-0-0-0----
0----0-----0-----------
--------0---0-0-0---0--
---0---0-----0---------
---------00---0---0---0
-0---0---1-----0-------
-------0---00---0---0--
---0---0---0-----0-----
-----0---1---00---0----
-----1---0---1-----0---
---0---0---0---00------
-------0-------0-----0-
-1---1---1---1---0-----
-----------------1-----
---0---1---2---0---0---
-------1-----------0---
-----2---3---0---1---0-
-----3-----------------
-------2---1---1---0---
---1---------------0---
-----3---1---2---0---0-
-1---------------1---0-
---1---1---3---0---1---
---------------0---0---
-1---0---2---0---0-----
-0-----------1---0-----
---0---1---0---1-------
-----------0---0---0---
-----1---0---0---------
-0-------1---0---0---0-
-------0---1-----------
---0---0---0---0---0---
---------0-------------
-----0---0---0---0-----
-----------------------
-------0---0---0-------
-----------------------
---------0---0---------
-----------------------
-----------0-----------
-----------------------
-----------------------
-----------------------
-----------------------
-----------------------
-----------------------
-----------------------
-----------------------
-----------------------
-----------------------
-----------------------
-----------------------
-----------------------
-----------------------
-----------------------

*** Life<FredkinCell> 43x16 ***

Generation = 0, Population = 14.
----------------
----------------
----------------
------------0---
----------------
----0-----------
-0--------------
----------------
----------------
----------------
----------------
-0--------------
----------------
----------------
----------------
---------0------
----------------
----------------
----------------
----------------
----------------
-----0----------
-----------0----
----------------
----------------
----------------
----------------
----------------
--------0-------
----------------
----------------
----0-----0-----
----------------
--0------0------
--------0-------
----------------
----------------
--------------0-
----------------
----------------
----------------
----------------
----------------

Generation = 8, Population = 50.
-0--------------
----0-----------
----------------
-1--0-----------
----------------
--2---------0---
-----0---0------
---------0------
----------------
----------------
----------------
-----1---0--1---
----------------
----00----------
-0---------1----
-0-------------0
----------------
----------------
----------------
-0--------------
--------1-------
-0-----------1--
---1---------0--
----1----20-----
----------------
--1------0------
--------0-------
----------------
0---------------
-----1--------2-
-----------1----
------------2-2-
----------------
-1--0-----3----3
1---------------
----------------
--------0-------
------0---2-----
----------------
----0-----0-----
----------------
--0------0----0-
--------0-------

*** Life<FredkinCell> 18x41 ***

Generation = 0, Population = 63.
---------------00----0-------------------
-------0----0----0------------------0----
------------------------0-------------0-0
-------------0-------0------------0------
------0-------------0--------------------
--------0-----0------0-----------------0-
----------0--0---------------------------
--0------0-------0-----------------------
0---------------------00------------0----
-0--0---0---00-------------0------------0
----0------0----------0-----------0------
-0-------------0------------------------0
-----0----0----------0-----0-------------
-------------------------------0--0---0--
--------0----------0--------------0------
---0-------------------0------0-----0----
---0--------0--0--------------0----------
0--------0-------0-----------------------

Generation = 19, Population = 347.
-2---5--42-23--561222-6--4-21-3-4------12
43-2103---1586642--8145----37------2---2-
-2-2--3--44--5-530-1-5--23--1-33-0-0--80-
-6---6-32----0-74-25-3-4--2--113---43---4
5062--337-95-35----3--1----332100---609--
-2--------3--9--3--1-0----2--4--44---44--
---1-5-5--13--3-5-5234-2-12-3-2210--6--1-
7--24---22-----24-5--7333--3210-33-3----3
--2--58-13-456+-6----755--23141-2--0--6-5
--5-4-4-66----4--5---8----2055423---2-3-3
--43----4-5----01-464--532-5-3-----152---
----2-335632-6-1-62435023633--3---4-003--
2---7-40--0--1-5----4-5-41-3--43--4--5-2-
6--3----245541-65----0-2-0-412-------56-6
---3--254--4320432461------------2--4-2--
4----1-5-3---2-43-072--3----31-6---420--1
-4--2525--6-73-----8-9424---46-2---3-1-0-
--55---162-2----14251300--2-4---4-6-5-60-

Generation = 38, Population = 400.
+--37-3-+---+6-+-----9-6--+3--9--------7-
+99442+-993+--9---+-68---7-6-6-5--7--8-8-
4-7659----74--3+861-+-+8-----8----5--++-+
-+5-7+575+--+3--8--+8+---74--5-95-5-7-53-
-7-7-+-8-8+9-7-6-+---+-6-7----3-2-71--+8-
-8-9+-++-89+6+-6-++-779--4---95-----78---
-79746-6768++--+---7-88----7777-52----7-8
+++-+-+9-97-59548+-12+7--32--83--68+97-5-
-66-8+8--+-+8+-++48------857-+-54----4-4+
+--6---9+9-8--7-+75-6+---6-6+-+--5387+--+
-9+9-+86+378-58--7---5-+-8+7--+55-+4-6-7-
+4---4---++8---7--6+-+57---96-8----44-+64
--97+7-3-92+7-5+9+---7--66-4-+5-6---197--
-5+79--+----+75++--+979-5387-99--9+-66+59
-48+6--+657+645---7+2-+79-----+++3+-+16-+
--9--+--87-----4--7-8---37647-----+-+39--
-619--3895+9-4-754++-++58-4---++-47---+--
5+9+8---+79--54+--2+2998--59------+--3+5-

Generation = 57, Population = 392.
-7-5++----+----+--9++++--+-++-++-9+-+5---
++-66-+---+-++++--+--+++7+--++-+-++-++-+-
7-+--+++++--+--++--++++--+++--96++-3-+-6+
--8+---+5-6--6++-+-+-++--+++--++--++---7+
-++------+++---+-+8+++---7--8-5-6-9-+9++-
+-+++----++++--+-++-----++-4-+++-+----9--
-+-+9+99+8--+++++98--++6--+-+---87-6--+--
+-+7---+++-+--8-+--87+-++-6+--+-6+---+-+-
++---++--+--+--+---+--+--+++--++-4---4-6-
++---+-+-+----8++77+++-+-+-++++----+-+-++
-+--+---+5-9-++--++-+---+++-+-+-79---++--
-+---6--++---------+8--+--+--8+8-++-+8-+9
----+++---8-+7-+--+9---++9++-+9++++-6--9+
+++++-+-9++--+++-------+-7-+5-+6+-+------
-7+----+--7+++8+-+-+77+--+9--7+++9+-+---+
----6++-+-6-+++---+-++++++86--+-+-+++5+78
-+-+-+-+++--++---6--3---+--+-++++++++---6
+++++--+++-++77----+7++-86-+++8--9+-95-++

*** Life<FredkinCell> 15x51 ***

Generation = 0, Population = 16.
---------0----------------------0------------------
-------------------------------------0-------------
-----------------------------------------------0---
----------0----------------------------------------
---------------------------------------------------
---------------------------------------------------
---------------------------------------------------
---------------------------------------------------
----------------------0----------------------------
--------------------------0--------0--0------------
----------0--0-------------------------0-----------
--0-------------------------------0---------0------
---------------------------------------------------
---------------------------------------------------
----------------------0----------------------------

Generation = 10, Population = 191.
-0-0------0--0-0-0-00-----1-----------1-0-0----0---
----------1-------0-----1--11--0-01-11--1--21--1---
-0------0--11--0-0----0-0---------------0----1-0-0-
--------0---0---0---0-----0--0--0--1000---0--10----
---------13--0--------0---------0------------0-0-0-
----------2-------0---------------20---0----0------
-------0-3-2--0-----0-2-0-------2-0------------0---
------------------0--------0--2---2--------0--0----
--0--0-0-2-00---1-1-113-2---1-20--1----------------
--1-0-----------0---0----01-12----51---0-21--1--0-0
0--11--2-10--01-2--11-20-----00-11-----0-----------
0-2-2-1-----------1-----0-010-1-1--431--1-000---0-0
--1--0--0--11-20--1--01-------00-----0---0---------
--0-0-------------------1-1-1----01--3--0-0-0-----0
----------1-120-1---0-0-1---1-1-0------0-----------
