*** Life<FredkinCell> 20x5 ***

Generation = 0, Population = 45.
-00--
0---0
-00--
--000
00--0
--00-
--0-0
00---
-0-00
0---0
0--00
---0-
0-0--
--000
--00-
-0-0-
0---0
-0---
000--
0--00

Generation = 1, Population = 52.
-1100
-0-0-
-1---
00---
11001
0--10
0-10-
1--0-
01-1-
1--0-
100--
---1-
--100
00111
---1-
--01-
-0---
01--0
-11-0
1--11

*** Life<FredkinCell> 11x19 ***

Generation = 0, Population = 47.
-----0---------0---
0-----0--0--0------
0-00-0-0----0---0--
-0---0----------000
---------------0---
-0---0-0-0--------0
-----0-----0-----0-
-0-----0---0----0--
0-000-----00---00--
0------0-0--------0
----------00-0-0---

Generation = 1, Population = 91.
0---0----0--0-0-0--
1000-0--0-0010-00--
1011-10-00-010-01-0
---00100----0-----1
-------0-0----0--0-
0-0-01----00---0---
----010--0010------
---0000-0---0---1--
101-10----1-0-01-00
10000-0---0--0--00-
0------0--11----0-0

Generation = 2, Population = 95.
1-0---------10-010-
211-01-01-11--0-100
-12202-0-10-------1
00---21-----1-000-2
0-00---1---000--0--
-------0-0------00-
0-0-1--0-112-0-00--
00-1---------00---0
-1--2-0-002-1012--1
211--0---0--------0
1-000---00-200-010-

Generation = 3, Population = 113.
201000-00-0-21012--
-220----20-2---0-1-
123-130102--1--0---
--0---20-00-201---3
101100-2000111----0
---00-0--1--0---110
10-0-101---3-101--0
--0-0-000--0-1-0101
1----0--113-212300-
-2--0---0--0--0-0-1
20--1--01--3-1-1-1-

Generation = 4, Population = 111.
3121-1-1-0-03--23--
23--0-003-1-10--1-0
23422-1213--2--1101
-0---2-1-1-0312--04
2-2211----1-----0--
---1--10-2-0100-2-1
2101-2---1140---00-
---1---1---10--121-
--1-2---2-4-3234--1
23101------1-01-1--
3-002001-014--0-1--

*** Life<FredkinCell> 13x9 ***

Generation = 0, Population = 8.
---------
--0------
------0-0
---------
---------
---------
---------
---00----
0--------
0--------
---------
---------
---0-----

Generation = 5, Population = 59.
0-0--01--
--1010-0-
00203-1--
0--2-00-0
10000----
2--1--0-0
--0--0-01
-0111--2-
20---0-00
-01-30---
---30----
1-0-10-0-
-0-00-0-0

Generation = 10, Population = 49.
----1----
2-------2
--306---2
0-1-2---1
-000-10--
3-131-11-
-0-2-0---
-1----1--
5--22---3
----3--1-
5-263--12
21---2--1
00-5--101

*** Life<FredkinCell> 12x11 ***

Generation = 0, Population = 13.
-----------
-------0---
-0-----0---
--0-----0--
-------0---
----0------
-----------
-----------
--------0--
---0-0-----
--0-------0
--0--------

Generation = 8, Population = 35.
--------0--
---132-3---
--0--4---10
0---1-2-3-0
-0---------
-------2--1
--1-------0
---1-1-----
0-----3-0--
-3-1---4-0-
-15----2--0
--4-----1-0

Generation = 16, Population = 36.
--4-----0-2
--3----7---
-----5-6-4-
3-2---3---4
--3-------2
---5-1--3-5
-4-----52--
-------4---
1-----4----
-7-36----4-
--7----6--4
--7-5--23-4

*** Life<FredkinCell> 4x4 ***

Generation = 0, Population = 4.
--0-
----
---0
--00

Generation = 16, Population = 11.
0-01
--++
-002
++2-

*** Life<FredkinCell> 18x12 ***

Generation = 0, Population = 39.
--0--0--0--0
0---0------0
---00--0----
--0-0----0--
-----0------
-0------0---
-00---------
---00-------
0---0-------
0-------0--0
-------0-0-0
---0--------
-0----------
---------0--
-------0----
---0--0---0-
----0-----0-
----00------

Generation = 3, Population = 123.
2-10-1--1-2-
102--0-0---3
-10-10-0-2-2
02-010-----0
0-2--0-0000-
--1-0--00210
0-1--10--000
201-0----001
3-101-11-10-
--1-20100---
2--0--0---0-
--00-10-1--2
000-0000-20-
-0-00-1200--
010011-00---
01--0000-2--
--101-211-1-
-01-1301-0-0

*** Life<FredkinCell> 3x18 ***

Generation = 0, Population = 16.
--0---0----00-0-0-
--0--0------0----0
---0--00----0--00-

Generation = 1, Population = 25.
-010---0--01------
-01-0-00-----0000-
----0-110--010011-

Generation = 2, Population = 34.
0-21---1001200000-
0--01--1--0---11-0
-0001--21001-112-0

Generation = 3, Population = 30.
1-3---0---2---111-
1-11-00-00-0002201
-1-1-01---12-22--1

Generation = 4, Population = 22.
2-4---110---0--2--
20----1-11---1-31-
--02---21-2-1----2

Generation = 5, Population = 23.
30-1-0-----2--13--
-111-02-22--0---2-
0-131--3-0-----2--

Generation = 6, Population = 30.
4-42-1--002--024--
2-221-313-0--123-1
-1-42---112-1-2---

Generation = 7, Population = 19.
5---0------20-3-10
31---04-4--0------
--1--01------23--2

Generation = 8, Population = 25.
6--2--1-0-2-1---21
-2-------201-1--2-
0--42--31--213421-

Generation = 9, Population = 26.
--4-01---032---4-2
3-2-1-41431--2----
--1530142----4---2

Generation = 10, Population = 28.
605--2-1--43103---
---2---254--0323--
01--4-25--2-154-1-

*** Life<FredkinCell> 11x18 ***

Generation = 0, Population = 123.
0-0000-0000-00-000
00-00000--0--0--00
00--0--0-0---00--0
0-0000-0-0--0000--
0-0-000-000-000-00
00----0-0-0000-0--
-0000000000000---0
0000000--0-0---0--
-00-0--000000000-0
-0--000-0---000000
-0--0--0-0--0000-0

Generation = 1, Population = 102.
10111-0-----1--11-
1-0--1-1-010-----1
1--0-0---1---1---1
-0----010--0---1--
-010-1-0-1-01---11
--00-0-0--11-10---
011111--111-1-0-0-
1--1-1-00---0--10-
-1-0-00111-1111101
0--01-1-100-1----1
01001---0-00-11-01

Generation = 2, Population = 108.
--2-20---00--0022-
-010-20----1-0-0-2
2----1---2--0-0002
-1---0121001-00---
0-2--20-0-012-0-22
00110--1-0---2-0-0
--2--200---0201010
20--0-0-100---0-1-
0---0-12--02---21-
10-1-02021--20-00-
---1-00010-1022-1-

*** Life<FredkinCell> 9x20 ***

Generation = 0, Population = 26.
-00---------------0-
--------0-----------
------------0------0
--0-------0----0--0-
--------------------
0--------0---0------
0---------0--0------
--0--0-00-0-0-------
-----0-0--------0--0

Generation = 2, Population = 64.
12210-------0---0-01
--1---0--------0--1-
-01-------1---0--000
----0----1--1---11--
1---------1-01-----0
2-0--0--1---1-----0-
2-1--1-11--10--00--0
---112002---000-----
0--0-----01--00-011-

Generation = 4, Population = 80.
32---11-----0-0---03
1---1---00--10------
121-----0-1--1-0002-
1-1--1-01-113-----00
-11--1-0--------1-00
--2-12--31---1---1--
--3-0111-1--2-0-21--
00-114-2-0-0--000-1-
01-2-----23100-0-1--

*** Life<FredkinCell> 11x11 ***

Generation = 0, Population = 62.
-000000-00-
---0-000000
-0-00-0--00
000--000---
0----0----0
0-0-0-00---
0-0-0-0-000
0-00--00--0
0------000-
---0-----0-
000--00-000

Generation = 2, Population = 58.
12---------
0-0000-0-0-
0----0-100-
0--00--2--0
-0-----0--0
-0-0--0-010
-----0--200
00-20-00--2
211-0-00-00
0100-11---0
-0---2-0--2

Generation = 4, Population = 68.
1402-2-101-
01----02-21
--10-203-0-
--2-20-2-0-
0--0-1-200-
---020-2---
1-001---22-
-014010-0-2
-1-0-12-0-2
0-22111----
1-1-1-202-4

Generation = 6, Population = 54.
1-0-0---010
0--0------3
1-12----00-
-24-------2
-20201-4001
--1-----1-1
1---311--4-
-0---30----
-3-013---14
--2-3--0--0
31313--0-1-

Generation = 8, Population = 54.
---4---22-0
0----0--1--
3-122-1---1
--6-4-----4
12-2-30--0-
1-3-30--3-3
1-115-11---
-----------
---2---12-4
224-3---112
5151343--14

*** Life<FredkinCell> 20x15 ***

Generation = 0, Population = 11.
--0------------
---------------
-----0--------0
------------0--
---------------
---------------
---------------
---------------
---------------
---------------
---------------
---------------
---------------
---------------
--0----------0-
--------------0
------------0--
---------------
---0-----0-----
--0------------

Generation = 1, Population = 32.
-0-0-----------
--0--0--------0
----0-0-----00-
-----0-----0-00
------------0--
---------------
---------------
---------------
---------------
---------------
---------------
---------------
---------------
--0----------0-
-0-0--------0--
--0---------0--
-----------0-00
---0-----0--0--
----0---0-0----
-0-------0-----

*** Life<FredkinCell> 1x19 ***

Generation = 0, Population = 2.
---------------0-0-

Generation = 1, Population = 2.
--------------0---0

Generation = 2, Population = 3.
-------------0-0-0-

Generation = 3, Population = 2.
------------0-----0

Generation = 4, Population = 3.
-----------0-0---0-

Generation = 5, Population = 4.
----------0---0-0-0

Generation = 6, Population = 3.
---------0-0-0-----

Generation = 7, Population = 2.
--------0-----0----

Generation = 8, Population = 4.
-------0-0---0-0---

Generation = 9, Population = 4.
------0---0-0---0--

Generation = 10, Population = 6.
-----0-0-0---0-0-0-

Generation = 11, Population = 4.
----0-----0-0-----0

Generation = 12, Population = 5.
---0-0---0---0---0-

Generation = 13, Population = 8.
--0---0-0-0-0-0-0-0

Generation = 14, Population = 3.
-0-0-0-------------

Generation = 15, Population = 2.
0-----0------------

*** Life<FredkinCell> 3x4 ***

Generation = 0, Population = 1.
----
----
0---

Generation = 10, Population = 3.
0-0-
----
0---

*** Life<FredkinCell> 6x3 ***

Generation = 0, Population = 4.
---
-0-
--0
--0
--0
---

Generation = 5, Population = 8.
-0-
0-1
-0-
--1
--2
02-

Generation = 10, Population = 8.
0--
02-
---
24-
2-7
--1

Generation = 15, Population = 11.
205
2--
2--
263
-09
--2

Generation = 20, Population = 4.
---
---
--7
--4
---
-95

Generation = 25, Population = 8.
--+
39-
---
2+7
-0-
-+-

Generation = 30, Population = 8.
--+
--8
4--
4+8
4--
--9

Generation = 35, Population = 9.
---
--9
-0+
5+-
60+
-+-

Generation = 40, Population = 6.
--+
-++
--+
-+-
---
-+-

Generation = 45, Population = 9.
-0+
-+-
--+
6-+
--+
-++

Generation = 50, Population = 10.
--+
--+
7-+
6+-
--+
6++

*** Life<FredkinCell> 20x12 ***

Generation = 0, Population = 30.
-------0----
0----------0
-0-0--------
-----00-----
0-------0---
---0-----0--
------0-----
0--0---0---0
-----------0
------------
-----0------
------------
------0---0-
--0-----0---
------0-----
0-----------
--0---------
-------0----
--0-------0-
0-------0---

Generation = 2, Population = 87.
-0-0-0-0-0--
0-0--00--0-0
00-0-1-00---
1---1--110-0
0101------0-
10-0--1-----
1---0------1
0110-----0-2
-----00--0-2
0--0---0---1
---0--10--00
--0-----0---
----010-----
----0-0---1-
--1-0-0-1-0-
0------00---
1-0-0-0---0-
-----0--10--
1-0-0---1---
--1---010-1-

Generation = 4, Population = 77.
00------0--1
2-011--1---0
-2---31-----
1111---1-210
--0----1---0
3----1-1----
-111-1----1-
--12011--2-2
0-----20120-
--12----11--
-0-------1--
---0---0---1
------0----0
0---0-01----
-----0------
2-0-0---0---
3---------0-
0-00-------0
1-2---1-----
1-3----1----
