*** Life<Cell> 19x9 ***

Generation = 0, Population = 86.
-00000--0
-00-0-0--
0000-0-0-
-0-000000
0000-00-0
----0-0--
00-------
00-0-0000
-000-0000
----0--00
----00--0
-00--000-
-0---0000
0000---0-
-00-0-0-0
00--00-00
--0-0--0-
---------
-0----00-

Generation = 128, Population = 9.
-........
.........
.........
........-
.........
..***....
.........
......*..
......*..
......*..
.........
..***....
.........
.........
.........
.........
.........
........-
.........

Generation = 256, Population = 9.
-........
.........
.........
........-
.........
..***....
.........
......*..
......*..
......*..
.........
..***....
.........
.........
.........
.........
.........
........-
.........

Generation = 384, Population = 9.
-........
.........
.........
........-
.........
..***....
.........
......*..
......*..
......*..
.........
..***....
.........
.........
.........
.........
.........
........-
.........

Generation = 512, Population = 9.
-........
.........
.........
........-
.........
..***....
.........
......*..
......*..
......*..
.........
..***....
.........
.........
.........
.........
.........
........-
.........

Generation = 640, Population = 9.
-........
.........
.........
........-
.........
..***....
.........
......*..
......*..
......*..
.........
..***....
.........
.........
.........
.........
.........
........-
.........

Generation = 768, Population = 9.
-........
.........
.........
........-
.........
..***....
.........
......*..
......*..
......*..
.........
..***....
.........
.........
.........
.........
.........
........-
.........

Generation = 896, Population = 9.
-........
.........
.........
........-
.........
..***....
.........
......*..
......*..
......*..
.........
..***....
.........
.........
.........
.........
.........
........-
.........

Generation = 1024, Population = 9.
-........
.........
.........
........-
.........
..***....
.........
......*..
......*..
......*..
.........
..***....
.........
.........
.........
.........
.........
........-
.........

Generation = 1152, Population = 9.
-........
.........
.........
........-
.........
..***....
.........
......*..
......*..
......*..
.........
..***....
.........
.........
.........
.........
.........
........-
.........

Generation = 1280, Population = 9.
-........
.........
.........
........-
.........
..***....
.........
......*..
......*..
......*..
.........
..***....
.........
.........
.........
.........
.........
........-
.........

*** Life<Cell> 3x17 ***

Generation = 0, Population = 29.
0--0--000000-0-0-
--0-00-00--000000
-0000-0--00----0-

Generation = 35, Population = 5.
...........-..-..
....**........1.-
....**.....-.....

Generation = 70, Population = 5.
...........-..0..
....**........-.-
....**.....-.....

Generation = 105, Population = 5.
...........-..-..
....**........1.-
....**.....-.....

Generation = 140, Population = 5.
...........-..0..
....**........-.-
....**.....-.....

Generation = 175, Population = 5.
...........-..-..
....**........1.-
....**.....-.....

Generation = 210, Population = 5.
...........-..0..
....**........-.-
....**.....-.....

Generation = 245, Population = 5.
...........-..-..
....**........1.-
....**.....-.....

*** Life<Cell> 25x18 ***

Generation = 0, Population = 103.
---0---0------0-0-
---0--0------0-0--
---0--0--0-0---0--
---0-----0-------0
-0----0-----0---00
0-------0-0-----00
-----------0------
----00------------
0----------------0
---00------00-0---
00---0---0-0---0--
0-0-----------0--0
-------0-0---0----
--000---00-0---0--
-0---0---00---00--
-0----------------
----0-----00--00--
--0-0-0----------0
-0--0------0--0-0-
0-------0---0-----
0-0-------0---00-0
0-----0---0--0----
------0-------0-0-
000-----0----0000-
----0------------0

Generation = 22, Population = 110.
-.-..0*....1*...-.
...*...**..*****-.
.*-......*.....*.-
.*........**.*-.*.
*....-*......*.*-.
*.....*......*...*
...*...*.*.1.**...
*****..*........**
...**...**.......*
.......1**.....**.
..........*.**....
..***....**.*..**.
**....-...*.**....
..**...-.*..*.....
..*1.....-........
-..*...*..-...**..
............*..*..
**...-1.....*.*...
..*..*.......**..-
*.*..*............
1.*...............
............*...**
........*.***...**
...*....*..*..*.-.
......-0--**-.....

Generation = 44, Population = 57.
-.-........-......
..................
..**...........*.-
..**...........*..
...............*..
..................
..................
..................
....***...........
...*.**...........
..**.**.**........
..**..............
..**..*...**......
....*.**...**.....
....***.**........
............**....
............**....
............*.....
............*....-
............*.....
....**......*.....
....**......**....
.........**..*....
.........*...*....
......-.-.*.*.....

Generation = 66, Population = 30.
-.-........-......
..................
...............*.-
...............*..
...............*..
.******...........
*..**..*..........
.******...........
..................
..................
..................
..................
..................
..................
..................
..................
..................
..................
.................-
...............**.
....**........*..*
....**.........*.*
................*.
..................
......-.-.........

Generation = 88, Population = 26.
-.-........-......
..................
...............*.-
......***......*..
...............*..
....*.....*.......
....*.....*.......
....*.....*.......
..................
......***.........
..................
..................
..................
..................
..................
..................
..................
..................
.................-
...............**.
....**........*..*
....**.........*.*
................*.
..................
......-.-.........

Generation = 110, Population = 26.
-.-........-......
..................
...............*.-
......***......*..
...............*..
....*.....*.......
....*.....*.......
....*.....*.......
..................
......***.........
..................
..................
..................
..................
..................
..................
..................
..................
.................-
...............**.
....**........*..*
....**.........*.*
................*.
..................
......-.-.........

Generation = 132, Population = 26.
-.-........-......
..................
...............*.-
......***......*..
...............*..
....*.....*.......
....*.....*.......
....*.....*.......
..................
......***.........
..................
..................
..................
..................
..................
..................
..................
..................
.................-
...............**.
....**........*..*
....**.........*.*
................*.
..................
......-.-.........

Generation = 154, Population = 26.
-.-........-......
..................
...............*.-
......***......*..
...............*..
....*.....*.......
....*.....*.......
....*.....*.......
..................
......***.........
..................
..................
..................
..................
..................
..................
..................
..................
.................-
...............**.
....**........*..*
....**.........*.*
................*.
..................
......-.-.........

Generation = 176, Population = 26.
-.-........-......
..................
...............*.-
......***......*..
...............*..
....*.....*.......
....*.....*.......
....*.....*.......
..................
......***.........
..................
..................
..................
..................
..................
..................
..................
..................
.................-
...............**.
....**........*..*
....**.........*.*
................*.
..................
......-.-.........

Generation = 198, Population = 26.
-.-........-......
..................
...............*.-
......***......*..
...............*..
....*.....*.......
....*.....*.......
....*.....*.......
..................
......***.........
..................
..................
..................
..................
..................
..................
..................
..................
.................-
...............**.
....**........*..*
....**.........*.*
................*.
..................
......-.-.........

Generation = 220, Population = 26.
-.-........-......
..................
...............*.-
......***......*..
...............*..
....*.....*.......
....*.....*.......
....*.....*.......
..................
......***.........
..................
..................
..................
..................
..................
..................
..................
..................
.................-
...............**.
....**........*..*
....**.........*.*
................*.
..................
......-.-.........

Generation = 242, Population = 26.
-.-........-......
..................
...............*.-
......***......*..
...............*..
....*.....*.......
....*.....*.......
....*.....*.......
..................
......***.........
..................
..................
..................
..................
..................
..................
..................
..................
.................-
...............**.
....**........*..*
....**.........*.*
................*.
..................
......-.-.........

Generation = 264, Population = 26.
-.-........-......
..................
...............*.-
......***......*..
...............*..
....*.....*.......
....*.....*.......
....*.....*.......
..................
......***.........
..................
..................
..................
..................
..................
..................
..................
..................
.................-
...............**.
....**........*..*
....**.........*.*
................*.
..................
......-.-.........

Generation = 286, Population = 26.
-.-........-......
..................
...............*.-
......***......*..
...............*..
....*.....*.......
....*.....*.......
....*.....*.......
..................
......***.........
..................
..................
..................
..................
..................
..................
..................
..................
.................-
...............**.
....**........*..*
....**.........*.*
................*.
..................
......-.-.........

Generation = 308, Population = 26.
-.-........-......
..................
...............*.-
......***......*..
...............*..
....*.....*.......
....*.....*.......
....*.....*.......
..................
......***.........
..................
..................
..................
..................
..................
..................
..................
..................
.................-
...............**.
....**........*..*
....**.........*.*
................*.
..................
......-.-.........

Generation = 330, Population = 26.
-.-........-......
..................
...............*.-
......***......*..
...............*..
....*.....*.......
....*.....*.......
....*.....*.......
..................
......***.........
..................
..................
..................
..................
..................
..................
..................
..................
.................-
...............**.
....**........*..*
....**.........*.*
................*.
..................
......-.-.........

Generation = 352, Population = 26.
-.-........-......
..................
...............*.-
......***......*..
...............*..
....*.....*.......
....*.....*.......
....*.....*.......
..................
......***.........
..................
..................
..................
..................
..................
..................
..................
..................
.................-
...............**.
....**........*..*
....**.........*.*
................*.
..................
......-.-.........

Generation = 374, Population = 26.
-.-........-......
..................
...............*.-
......***......*..
...............*..
....*.....*.......
....*.....*.......
....*.....*.......
..................
......***.........
..................
..................
..................
..................
..................
..................
..................
..................
.................-
...............**.
....**........*..*
....**.........*.*
................*.
..................
......-.-.........

Generation = 396, Population = 26.
-.-........-......
..................
...............*.-
......***......*..
...............*..
....*.....*.......
....*.....*.......
....*.....*.......
..................
......***.........
..................
..................
..................
..................
..................
..................
..................
..................
.................-
...............**.
....**........*..*
....**.........*.*
................*.
..................
......-.-.........

Generation = 418, Population = 26.
-.-........-......
..................
...............*.-
......***......*..
...............*..
....*.....*.......
....*.....*.......
....*.....*.......
..................
......***.........
..................
..................
..................
..................
..................
..................
..................
..................
.................-
...............**.
....**........*..*
....**.........*.*
................*.
..................
......-.-.........

Generation = 440, Population = 26.
-.-........-......
..................
...............*.-
......***......*..
...............*..
....*.....*.......
....*.....*.......
....*.....*.......
..................
......***.........
..................
..................
..................
..................
..................
..................
..................
..................
.................-
...............**.
....**........*..*
....**.........*.*
................*.
..................
......-.-.........

Generation = 462, Population = 26.
-.-........-......
..................
...............*.-
......***......*..
...............*..
....*.....*.......
....*.....*.......
....*.....*.......
..................
......***.........
..................
..................
..................
..................
..................
..................
..................
..................
.................-
...............**.
....**........*..*
....**.........*.*
................*.
..................
......-.-.........

Generation = 484, Population = 26.
-.-........-......
..................
...............*.-
......***......*..
...............*..
....*.....*.......
....*.....*.......
....*.....*.......
..................
......***.........
..................
..................
..................
..................
..................
..................
..................
..................
.................-
...............**.
....**........*..*
....**.........*.*
................*.
..................
......-.-.........

Generation = 506, Population = 26.
-.-........-......
..................
...............*.-
......***......*..
...............*..
....*.....*.......
....*.....*.......
....*.....*.......
..................
......***.........
..................
..................
..................
..................
..................
..................
..................
..................
.................-
...............**.
....**........*..*
....**.........*.*
................*.
..................
......-.-.........

Generation = 528, Population = 26.
-.-........-......
..................
...............*.-
......***......*..
...............*..
....*.....*.......
....*.....*.......
....*.....*.......
..................
......***.........
..................
..................
..................
..................
..................
..................
..................
..................
.................-
...............**.
....**........*..*
....**.........*.*
................*.
..................
......-.-.........

Generation = 550, Population = 26.
-.-........-......
..................
...............*.-
......***......*..
...............*..
....*.....*.......
....*.....*.......
....*.....*.......
..................
......***.........
..................
..................
..................
..................
..................
..................
..................
..................
.................-
...............**.
....**........*..*
....**.........*.*
................*.
..................
......-.-.........

Generation = 572, Population = 26.
-.-........-......
..................
...............*.-
......***......*..
...............*..
....*.....*.......
....*.....*.......
....*.....*.......
..................
......***.........
..................
..................
..................
..................
..................
..................
..................
..................
.................-
...............**.
....**........*..*
....**.........*.*
................*.
..................
......-.-.........

Generation = 594, Population = 26.
-.-........-......
..................
...............*.-
......***......*..
...............*..
....*.....*.......
....*.....*.......
....*.....*.......
..................
......***.........
..................
..................
..................
..................
..................
..................
..................
..................
.................-
...............**.
....**........*..*
....**.........*.*
................*.
..................
......-.-.........

Generation = 616, Population = 26.
-.-........-......
..................
...............*.-
......***......*..
...............*..
....*.....*.......
....*.....*.......
....*.....*.......
..................
......***.........
..................
..................
..................
..................
..................
..................
..................
..................
.................-
...............**.
....**........*..*
....**.........*.*
................*.
..................
......-.-.........

Generation = 638, Population = 26.
-.-........-......
..................
...............*.-
......***......*..
...............*..
....*.....*.......
....*.....*.......
....*.....*.......
..................
......***.........
..................
..................
..................
..................
..................
..................
..................
..................
.................-
...............**.
....**........*..*
....**.........*.*
................*.
..................
......-.-.........

Generation = 660, Population = 26.
-.-........-......
..................
...............*.-
......***......*..
...............*..
....*.....*.......
....*.....*.......
....*.....*.......
..................
......***.........
..................
..................
..................
..................
..................
..................
..................
..................
.................-
...............**.
....**........*..*
....**.........*.*
................*.
..................
......-.-.........

Generation = 682, Population = 26.
-.-........-......
..................
...............*.-
......***......*..
...............*..
....*.....*.......
....*.....*.......
....*.....*.......
..................
......***.........
..................
..................
..................
..................
..................
..................
..................
..................
.................-
...............**.
....**........*..*
....**.........*.*
................*.
..................
......-.-.........

Generation = 704, Population = 26.
-.-........-......
..................
...............*.-
......***......*..
...............*..
....*.....*.......
....*.....*.......
....*.....*.......
..................
......***.........
..................
..................
..................
..................
..................
..................
..................
..................
.................-
...............**.
....**........*..*
....**.........*.*
................*.
..................
......-.-.........

Generation = 726, Population = 26.
-.-........-......
..................
...............*.-
......***......*..
...............*..
....*.....*.......
....*.....*.......
....*.....*.......
..................
......***.........
..................
..................
..................
..................
..................
..................
..................
..................
.................-
...............**.
....**........*..*
....**.........*.*
................*.
..................
......-.-.........

*** Life<Cell> 1x14 ***

Generation = 0, Population = 7.
0-00--0--0-0-0

Generation = 134, Population = 0.
....---.-...--

Generation = 268, Population = 0.
....---.-...--

Generation = 402, Population = 0.
....---.-...--

Generation = 536, Population = 0.
....---.-...--

Generation = 670, Population = 0.
....---.-...--

Generation = 804, Population = 0.
....---.-...--

Generation = 938, Population = 0.
....---.-...--

Generation = 1072, Population = 0.
....---.-...--

Generation = 1206, Population = 0.
....---.-...--

Generation = 1340, Population = 0.
....---.-...--

*** Life<Cell> 10x25 ***

Generation = 0, Population = 52.
-0--0--0-0-0--0-----00---
0----------0---------00--
----0----------00----00--
0-----000---0-----0--0---
------------0----0-0-----
-0----0---0-0---0--------
--0-------0-------0------
------0---------0-----00-
-00---0---------000-0-0-0
----0---0----------0-0---

*** Life<Cell> 20x5 ***

Generation = 0, Population = 56.
0-0--
-00-0
-00-0
00--0
00-0-
00-00
----0
00000
0000-
---0-
0----
-00--
00-0-
000--
0--00
00-00
0000-
0000-
0-0--
---0-

Generation = 10, Population = 35.
-...-
.-...
....1
*..1.
**1..
1-.11
01***
..1.-
.***-
---.*
*1-*1
*....
*..-*
.**0*
...-.
..-..
*-*1*
..-..
*.-..
....-

Generation = 20, Population = 31.
-...-
.-...
..*.-
.***.
**..*
**.**
**.**
*...*
....*
.....
**1**
....*
..**.
.*.*.
.*...
..*..
.-.1.
..-..
..-..
....-

Generation = 30, Population = 10.
-...-
.-...
....-
.....
.....
.....
.....
.....
.***.
*...*
.....
.....
.....
.....
*...*
.***.
.-.-.
..-..
..-..
....-

Generation = 40, Population = 23.
-...-
.-...
....-
.....
..*..
..*..
.***.
.....
**.**
.....
.....
..*..
.*.*.
.*.*.
.....
.....
.....
**.**
**.**
..*.-

Generation = 50, Population = 25.
-...-
.-...
....-
.***.
.....
*...*
*...*
*...*
.....
.***.
.....
.....
.....
.....
.....
.**..
*.*..
*.**.
.**.*
..***

Generation = 60, Population = 16.
-...-
.***.
....-
.*.*.
.***.
.....
.....
.....
.***.
.*.*.
.***.
.....
.....
.....
.....
.....
.....
.....
.....
.....

Generation = 70, Population = 18.
-...-
..*..
..*.1
.*.*.
..*..
..*..
.....
.....
.....
**.**
*...*
*...*
.*.*.
..*..
.....
.....
.....
.....
.....
.....

Generation = 80, Population = 17.
-...-
.....
....-
.***.
*...*
.....
*...*
.***.
.....
.....
.....
.....
..*..
.***.
.***.
.....
.....
.....
.....
.....

Generation = 90, Population = 34.
-...-
.....
.**.-
.*.*.
.*.*.
..**.
.*.*.
...**
**.**
**.**
.*.*.
*...*
.....
*****
*...*
.***.
.....
.....
.....
.....

Generation = 100, Population = 24.
....-
**...
*....
*.*..
...*.
.**.*
....*
..**.
.....
.....
...**
...**
.....
.....
.....
..*..
.*.*.
*...*
.*.*.
..*..

Generation = 110, Population = 16.
....-
.....
.....
.....
.....
.....
.....
.....
.....
.....
.....
..**.
.....
....*
....*
*...*
*.*.*
*...*
*...*
.***.

Generation = 120, Population = 15.
....-
.....
.....
.....
.....
.....
.....
.....
.....
.....
.....
.....
.....
..**.
.*..*
*...*
*...*
*...*
*...*
.***.

Generation = 130, Population = 18.
....-
.....
.....
.....
.....
.....
.....
.....
.....
.....
..*..
.***.
*.*.*
**.**
*.*.*
.***.
..*..
.....
.....
.....

Generation = 140, Population = 12.
....-
.....
.....
.....
.....
.....
.....
.....
..*..
..*..
.*.*.
..*..
..*..
.....
..*..
..*..
.*.*.
..*..
..*..
.....

Generation = 150, Population = 28.
....-
.....
.....
.....
.....
.....
.....
.***.
.***.
*...*
*...*
*...*
.***.
.....
.***.
*...*
*...*
*...*
**.**
.....

*** Life<Cell> 3x6 ***

Generation = 0, Population = 10.
---0--
00000-
-0000-

*** Life<Cell> 12x11 ***

Generation = 0, Population = 86.
000000--000
0-0-00000--
--000-0-000
00---000-00
-0-000-0-0-
-000-00---0
000-0-0-0-0
00--00--0-0
0--00000000
-000--0-000
----000--00
000-0000000

Generation = 25, Population = 46.
.-.****.*..
*.....***..
****..**-.-
*-.*.*.....
**.**......
**....*.*..
.*.........
*-....*.**-
*.**..*...*
.**....**.*
.......**.*
.........**

Generation = 50, Population = 13.
...........
...........
.**.....-.-
.**........
...........
...........
...........
.......*..-
......*..*.
......*..*.
.......*..*
........**.

Generation = 75, Population = 4.
...........
...........
.**.....-.-
.**........
...........
...........
...........
..........-
...........
...........
...........
...........

Generation = 100, Population = 4.
...........
...........
.**.....-.-
.**........
...........
...........
...........
..........-
...........
...........
...........
...........

Generation = 125, Population = 4.
...........
...........
.**.....-.-
.**........
...........
...........
...........
..........-
...........
...........
...........
...........

Generation = 150, Population = 4.
...........
...........
.**.....-.-
.**........
...........
...........
...........
..........-
...........
...........
...........
...........

Generation = 175, Population = 4.
...........
...........
.**.....-.-
.**........
...........
...........
...........
..........-
...........
...........
...........
...........

Generation = 200, Population = 4.
...........
...........
.**.....-.-
.**........
...........
...........
...........
..........-
...........
...........
...........
...........

Generation = 225, Population = 4.
...........
...........
.**.....-.-
.**........
...........
...........
...........
..........-
...........
...........
...........
...........

Generation = 250, Population = 4.
...........
...........
.**.....-.-
.**........
...........
...........
...........
..........-
...........
...........
...........
...........

Generation = 275, Population = 4.
...........
...........
.**.....-.-
.**........
...........
...........
...........
..........-
...........
...........
...........
...........

Generation = 300, Population = 4.
...........
...........
.**.....-.-
.**........
...........
...........
...........
..........-
...........
...........
...........
...........

Generation = 325, Population = 4.
...........
...........
.**.....-.-
.**........
...........
...........
...........
..........-
...........
...........
...........
...........

Generation = 350, Population = 4.
...........
...........
.**.....-.-
.**........
...........
...........
...........
..........-
...........
...........
...........
...........

Generation = 375, Population = 4.
...........
...........
.**.....-.-
.**........
...........
...........
...........
..........-
...........
...........
...........
...........

Generation = 400, Population = 4.
...........
...........
.**.....-.-
.**........
...........
...........
...........
..........-
...........
...........
...........
...........

Generation = 425, Population = 4.
...........
...........
.**.....-.-
.**........
...........
...........
...........
..........-
...........
...........
...........
...........

Generation = 450, Population = 4.
...........
...........
.**.....-.-
.**........
...........
...........
...........
..........-
...........
...........
...........
...........

Generation = 475, Population = 4.
...........
...........
.**.....-.-
.**........
...........
...........
...........
..........-
...........
...........
...........
...........

Generation = 500, Population = 4.
...........
...........
.**.....-.-
.**........
...........
...........
...........
..........-
...........
...........
...........
...........

Generation = 525, Population = 4.
...........
...........
.**.....-.-
.**........
...........
...........
...........
..........-
...........
...........
...........
...........

Generation = 550, Population = 4.
...........
...........
.**.....-.-
.**........
...........
...........
...........
..........-
...........
...........
...........
...........

Generation = 575, Population = 4.
...........
...........
.**.....-.-
.**........
...........
...........
...........
..........-
...........
...........
...........
...........

Generation = 600, Population = 4.
...........
...........
.**.....-.-
.**........
...........
...........
...........
..........-
...........
...........
...........
...........

Generation = 625, Population = 4.
...........
...........
.**.....-.-
.**........
...........
...........
...........
..........-
...........
...........
...........
...........

Generation = 650, Population = 4.
...........
...........
.**.....-.-
.**........
...........
...........
...........
..........-
...........
...........
...........
...........

Generation = 675, Population = 4.
...........
...........
.**.....-.-
.**........
...........
...........
...........
..........-
...........
...........
...........
...........

Generation = 700, Population = 4.
...........
...........
.**.....-.-
.**........
...........
...........
...........
..........-
...........
...........
...........
...........

Generation = 725, Population = 4.
...........
...........
.**.....-.-
.**........
...........
...........
...........
..........-
...........
...........
...........
...........

Generation = 750, Population = 4.
...........
...........
.**.....-.-
.**........
...........
...........
...........
..........-
...........
...........
...........
...........

*** Life<Cell> 1x10 ***

Generation = 0, Population = 6.
-0-00-0-00

Generation = 142, Population = 0.
..-...-...

Generation = 284, Population = 0.
..-...-...

Generation = 426, Population = 0.
..-...-...

Generation = 568, Population = 0.
..-...-...

Generation = 710, Population = 0.
..-...-...

Generation = 852, Population = 0.
..-...-...
