*** Life<Cell> 9x9 ***

Generation = 0, Population = 3.
---------
---------
---------
---------
---000---
---------
---------
---------
---------

Generation = 1, Population = 10.
---------
---------
---------
---000---
--01-10--
---000---
---------
---------
---------

Generation = 2, Population = 12.
---------
---------
---000---
---------
-01*-*10-
---------
---000---
---------
---------

Generation = 3, Population = 28.
---------
---000---
--01-10--
-00-0-00-
01-.-.-10
-00-0-00-
--01-10--
---000---
---------

*** Life<Cell> 14x6 ***

Generation = 0, Population = 18.
------
------
0-----
000---
---0--
-----0
----0-
-0----
--0--0
-----0
--0-0-
----00
------
-0--00

Generation = 1, Population = 30.
------
0-----
1-0---
--1---
00--00
---0--
-0-0--
0---00
---001
-----1
-0--10
--00-1
-0----
0-0011

Generation = 2, Population = 43.
0-----
100---
*-10--
--*000
11--11
0-01-0
---1-0
---0--
0-011*
-0-00-
0---*1
-0110*
--0-0-
-01--*

Generation = 3, Population = 40.
1-0---
*-----
*0*--0
--.11-
-*00-*
101-0-
0----1
0-----
-01-**
0-0-11
-000.-
-1*--.
-0-010
01-0-.

Generation = 4, Population = 34.
*--0--
*----0
*-*---
0-.-*0
-.1--*
-1-1-0
--0---
1-0-0-
01--**
---0--
---1*1
0*.10.
--0--1
1--1-.

Generation = 5, Population = 47.
.00-00
*0000-
*-.00-
10.1*-
1*---*
1----1
0-1-01
*01-1-
-*--**
00011-
000*.*
1*.--.
---0--
-1--1.

*** Life<Cell> 6x10 ***

Generation = 0, Population = 19.
0-----0---
0-00-----0
--00-000--
--00----0-
-----000--
-----0--0-

Generation = 1, Population = 31.
1000-0-0-0
1---00-00-
0011-1-1-0
-0--0--0-0
--000--10-
----01---0

Generation = 2, Population = 33.
---101-10-
-0-011-110
-1-*-*--01
-1001-0-01
--1-1-0-10
--0--*00--

Generation = 3, Population = 30.
-00-1-----
11-1**----
0-1.-.--1*
0-11-01-1*
---0*0-1--
-010-*11-0

*** Life<Cell> 13x8 ***

Generation = 0, Population = 9.
--------
--------
--------
--------
---0----
-----0--
--------
----0---
--------
---0--0-
-0------
0-------
---00---

Generation = 1, Population = 29.
--------
--------
--------
---0----
--0-00--
---00-0-
----00--
---0-0--
---00-0-
-00-00-0
--00--0-
---00---
0-0110--

Generation = 2, Population = 25.
--------
--------
---0----
-----0--
-0---1--
---11--0
---0----
--01-1--
-0------
01---1--
----0---
0-01--0-
--1**10-

Generation = 3, Population = 38.
--------
---0----
--0-00--
-0-0010-
0-00-*00
-00-*-0-
-----0-0
--1---0-
-1-0----
1-0---0-
-00---0-
----0-10
00-.*--0

Generation = 4, Population = 28.
---0----
-----0--
--------
----1---
-----.-1
-1-1*-10
-0------
--------
----0---
--1--110
-1-000--
0-011---
111..1-1

*** Life<Cell> 5x12 ***

Generation = 0, Population = 8.
----------0-
---0-------0
-0----0-0---
--------0---
--------0---

Generation = 2, Population = 17.
-0----0---0-
-1---0--10-0
---10-0-----
---0--1---00
-0--------0-

Generation = 4, Population = 17.
-*--------0-
-.-1----.*-0
-11-*1--*---
----0-.-0---
-0--0-1-1-*-

*** Life<Cell> 13x5 ***

Generation = 0, Population = 8.
-0---
0---0
-----
-----
----0
-00-0
-----
-----
----0
-----
-----
-----
-----

Generation = 1, Population = 20.
--0-0
---0-
0---0
----0
-0001
011-1
-00-0
----0
---0-
----0
-----
-----
-----

Generation = 2, Population = 20.
-0-0-
0---0
-0--1
000--
--1-*
1-*0-
-----
-00-1
--0-0
-----
----0
-----
-----

Generation = 3, Population = 24.
-----
-0--1
01-0*
11-0-
---0.
--*1-
00-00
01--*
--1-1
--0--
---0-
----0
-----

Generation = 4, Population = 21.
-0--0
-10-*
-*--*
-----
00--*
1-.*-
--0--
----*
0-*-*
-01-0
-----
-----
----0

*** Life<Cell> 12x9 ***

Generation = 0, Population = 30.
----0---0
-0----0-0
-----0---
-000----0
0---0----
-0-00000-
--0-0---0
---------
00--0--00
---------
--------0
0----0--0

Generation = 1, Population = 55.
-0-0-0001
0-0-0---1
--000----
-1-1-0-0-
-0001-000
--01---1-
---01-0--
000----0-
1100-0011
00--0--0-
0----0-01
-0--0-001

Generation = 2, Population = 56.
--0-01---
-01-1-0-*
0--1---00
0*----01-
0-1-*01-1
---*0-0*-
000-*--0-
-1-00001-
*-1101--*
1----0--0
10--0-01-
--00-011-

Generation = 3, Population = 53.
--1--*--1
-1-0*0-0*
10----0--
1.-10---0
10-0*-*--
-00.10-.-
111-.-0-0
0*---1---
*1**1*--*
--0001--1
-1-------
0-1101*-1

Generation = 4, Population = 47.
-----*0-*
-*11*-01*
--0------
-.0--0-1-
--1-.0.01
01-.-10*0
---0*0---
1.00-*---
**..*.01.
10-11-00*
--0---0--
-0*---.--

Generation = 5, Population = 54.
-010-*-0*
0**-*0--*
----000-0
-*-101-*-
1-*0*-.1-
1*-*-*-.-
-1--.1-00
*.1--.-1-
......--*
--0*--11*
111-001-1
01*1--.--

*** Life<Cell> 8x10 ***

Generation = 0, Population = 39.
00-0-0-0--
0000-----0
-0-0---0--
--0-0--0-0
-0-0-0--00
-00-0-0000
0-0---0--0
000---00-0

Generation = 1, Population = 35.
--01----00
---100--0-
-1-1--010-
-0----0101
01-----0-1
---0-0--11
1--000-0--
---0-0-1-1

Generation = 2, Population = 41.
-01--0-0-1
-0-*-1----
0*-*---*1-
--00-0--1-
1-00-0-1--
-0010100*-
-001-1-1--
0-0101-*--

Generation = 3, Population = 38.
0-*-01----
--0*-*0-00
1*0*0-0*-0
---1-101*1
-1110-0*0-
--------*1
---*--0---
-0-*---.0-

Generation = 4, Population = 38.
--*11---01
--1.-.-01-
**1.1-1.--
0-0--*--.-
1*-*10-.11
-00-0---**
-00.01-1-0
0--.0-0.-1

Generation = 5, Population = 31.
-0*-*1---*
0--.-*-1--
*.*.-0-*1-
--1-0.--.1
-.-.*-0.--
-1-1-1--..
---.1*0-0-
--0*11-.0*

Generation = 6, Population = 38.
-1.-*-000.
1--*-*-*-0
...*-1-**-
00*-1.01*-
-.1.*0-.-1
0----*0-..
-00.-.1-1-
-01**--*-*

Generation = 7, Population = 34.
--.-*1111.
--1*0*0.--
*..*1*1..-
1-*1*.1*.-
-.*.*-0.--
-----.-0..
---.1.*1--
0-**.1-*0.

*** Life<Cell> 7x11 ***

Generation = 0, Population = 27.
-00-00-0--0
--0--0-0---
-0-----0-00
--00-------
-0----0-0--
-00-0------
00---0-0-00

Generation = 1, Population = 46.
01--1--100-
-010-1--00-
0-00-001-11
-0110-00000
010000---0-
-11---00000
1--------11

Generation = 2, Population = 31.
1-----0*1-0
0-*-0*-0-1-
--110-1--*-
0------1---
1--1110-0-0
0---0-1----
--0---00---

Generation = 3, Population = 45.
*10-1-1**0-
1-*0-.-10*-
-0---0-10.1
101--00--00
-10**--0---
111-10--0-0
10-000-10--

Generation = 4, Population = 34.
*--0--*..-0
*-.1-*-*-.-
0111011--.*
*-----11-1-
1*-..1---0-
----*-101--
--011--*-11

Generation = 5, Population = 43.
.1011-*..0-
*-.-0.-*0.-
1--*-*-1-..
.01100-*-*-
-*0..-0--10
111-*0*1*00
-01--0-*0**

Generation = 6, Population = 33.
.*----.**-0
*-.11.-*1.-
*--.-*---..
*-**--1*-*-
-.1..110-*-
*-*-*1.*.-1
---1-10.1.*

*** Life<Cell> 12x5 ***

Generation = 0, Population = 26.
-----
-000-
0000-
-0--0
0-0--
---00
-----
0----
0-0-0
0-000
-0-00
0-0--

Generation = 4, Population = 32.
-1-1-
--10-
*-1*-
1*0--
----*
*1011
1-1-1
11--0
1-*..
1.*--
*-0-1
1--01

*** Life<Cell> 9x12 ***

Generation = 0, Population = 22.
--0------0--
------------
----0--0---0
----00--0---
--00-----0-0
-0--0---00--
0--0---0-0-0
------------
-----------0

Generation = 3, Population = 50.
---000----0-
0---*--0----
------*--00-
0-*-11----10
01-.-*--01-0
001----1.1*1
1-010001-.-0
0100-0-01-00
--0---0--00-

*** Life<Cell> 14x6 ***

Generation = 0, Population = 32.
0-----
--0---
-----0
--0---
0--0--
----00
-00-0-
0--000
00--00
----00
0--0--
-0-00-
0-0---
-0-000

Generation = 1, Population = 41.
-00---
00-0-0
----0-
00---0
-0---0
000--1
-110-0
10-1--
-10-11
-0----
--0100
0-0-10
---0-0
--01-1

Generation = 2, Population = 40.
--1--0
1-0-0-
-----0
1-0--1
0---0-
1---0-
0**--1
*1-*--
-*10**
0100--
0---1-
--1--1
0-010-
-01--*

Generation = 3, Population = 35.
00*0--
--1--0
-----1
*--0-*
-0001-
--001-
1.*---
.*-.--
0.*-..
-*1-00
1-----
-0*-1-
-01-10
-1---.

Generation = 4, Population = 41.
1-*100
1-*-01
0-000-
.--10*
-11---
1-11-1
-.*-0-
*.0.--
-.*0..
0.--11
-0---0
--*-*-
01---1
0*--0.
