*** Life<Cell> 9x12 ***

Generation = 0, Population = 29.
-00---0--00-
-----00--0--
0-0--0----0-
--0------0--
-00-----00--
--0----0----
0--0--0-0-0-
0---00---0--
------------

Generation = 12, Population = 44.
-...*****...
*1..--....*.
-...*11-.-*.
..**.*..1**.
..*.-*-**1.-
0**1*.-****.
..10--1****.
.......**---
..-..-.01*-.

Generation = 24, Population = 28.
-.....**....
......*...*.
-..**.*..-**
...........*
*........**.
*....*....*.
*..-*-...**.
....*.**.*.*
..-.*-....**

Generation = 36, Population = 6.
-...........
............
-...........
............
............
....**......
...*........
......*.....
..-.**......

Generation = 48, Population = 6.
-...........
............
-...........
............
............
....**......
...*........
......*.....
..-.**......

Generation = 60, Population = 6.
-...........
............
-...........
............
............
....**......
...*........
......*.....
..-.**......

*** Life<Cell> 11x12 ***

Generation = 0, Population = 22.
-000---0--0-
---0--00----
-----0-0----
00-0--------
0---0000--0-
------------
----------0-
------0-----
------------
---0--------
------------

Generation = 8, Population = 59.
..01.***1*-.
-00..0.*-.**
.*-*.-..*.1-
..*-.*.---1-
...1.-.*...*
.--**0*.-*10
*1*.-*.1-.-1
**1.---11---
*011.*10-*--
--*--**.10-1
*---*--*--1-

Generation = 16, Population = 47.
.*1*...*..-.
*1-*....**..
...****.*.--
...*.*****.-
..........*.
*.-..*.....-
..*...*.-*.*
.*..******-.
..*******..1
.1.......-..
...**-*..-.0

Generation = 24, Population = 51.
........**..
.***....*.*.
.*.*.....**1
.***.......-
..**.....*..
..**.****..*
.***..*....*
.*.*..**.*.*
.**...**.*.*
.**....***.*
.....-..*1*-

Generation = 32, Population = 39.
........*...
....*...***.
....*.**....
........**.*
..*.*..*....
.*****.*....
*....***.*..
*.....*.....
*....*.....*
*...*....*.*
.***.-...**-

Generation = 40, Population = 18.
.........*..
.........*..
.......***..
.....***....
...**.***...
*......**...
**..........
............
............
............
...........-

Generation = 48, Population = 11.
..........*.
............
..........*.
....**....*.
....**......
**..........
**..........
............
............
............
...........-

Generation = 56, Population = 8.
............
............
............
....**......
....**......
**..........
**..........
............
............
............
...........-

Generation = 64, Population = 8.
............
............
............
....**......
....**......
**..........
**..........
............
............
............
...........-

Generation = 72, Population = 8.
............
............
............
....**......
....**......
**..........
**..........
............
............
............
...........-

*** Life<Cell> 5x25 ***

Generation = 0, Population = 45.
--0--00-00-0-0---0---0---
--0-00-00---00-0-0---0---
0--00----000--0000000--0-
---00000----0-0-00-0--00-
-------------------------

Generation = 11, Population = 54.
1**...**1..*-1..--..**.0.
*1.011.*-.*......--1*..0.
..*...0...*.-*0...-...-..
.*.*.*...**01.*...-*1*..1
.****.****.-****...***0..

Generation = 22, Population = 19.
-......**....-..*-.......
.-.......*......**....**.
.....*....*...-...-..*..*
.....****..-..........**1
.........................

Generation = 33, Population = 6.
-............-..*-.......
.-..............**.......
..............-...-...*..
...........-..........*..
......................*..

Generation = 44, Population = 6.
-............-..*-.......
.-..............**.......
..............-...-......
...........-.........***.
.........................

Generation = 55, Population = 6.
-............-..*-.......
.-..............**.......
..............-...-...*..
...........-..........*..
......................*..

Generation = 66, Population = 6.
-............-..*-.......
.-..............**.......
..............-...-......
...........-.........***.
.........................

Generation = 77, Population = 6.
-............-..*-.......
.-..............**.......
..............-...-...*..
...........-..........*..
......................*..

*** Life<Cell> 7x23 ***

Generation = 0, Population = 23.
--0---0----0-----0-----
---0--------------00-0-
-00---------0---0--0---
-----------------------
-------0----0-0--0-0-0-
0-0-----0-----------0--
-----------------------

Generation = 8, Population = 63.
**-1*--1*-*1****.0--00-
*.-..1**11-----1***----
*.*-**.1*11..--.0.*.-*1
1**-1-.*1-1---0---..1--
--..--.-.--1---.-0*.1.-
----...0*-1-----*.-*1.1
...---*-----**--1.-01.-

Generation = 16, Population = 48.
.....-**.*.......**0.-0
**.*.*.**-.-*-.****....
**.*.*.*.*..*1-.*.*....
-..*.-...-...-.***....1
...*.1*.....1--...*...-
-..*...-..--..01..0...-
..*.-..-1**-...1....1..

Generation = 24, Population = 57.
....**...*.........**-0
.*.****.*-***1..*.**...
.****.**...**..*....*..
..**.-**....*..*...***-
..***..****.1.-....***-
..........*-.**....*..-
....-..-..***.......1..

Generation = 32, Population = 37.
.....**..............1-
...*...*...***...***...
.......*..*..**.*..*...
..*..-**..**..**..**...
..**.......**.........-
...........**..***.....
....-..-..**...........

Generation = 40, Population = 21.
.......*...............
......**...............
.......................
..***.**..........*....
..**...*....**....*.*.-
.......*....**....**...
....-..-...............

Generation = 48, Population = 7.
.......................
.......................
.......................
.......................
............**........-
............**..*......
....-..-........**.....

Generation = 56, Population = 8.
.......................
.......................
.......................
.......................
............**........-
............**..**.....
....-..-........**.....

Generation = 64, Population = 8.
.......................
.......................
.......................
.......................
............**........-
............**..**.....
....-..-........**.....

Generation = 72, Population = 8.
.......................
.......................
.......................
.......................
............**........-
............**..**.....
....-..-........**.....

*** Life<Cell> 2x21 ***

Generation = 0, Population = 2.
-------0-0-----------
---------------------

Generation = 2, Population = 2.
-----0-----0---------
---------------------

Generation = 4, Population = 6.
---0-0-0-0-0-0-------
---------------------

Generation = 6, Population = 6.
-0---0-0-0-0---0-----
---------------------

Generation = 8, Population = 5.
-0-----0-0-----0-0---
---------------------

Generation = 10, Population = 6.
-0-0-0-----0-0-----0-
---------------------

Generation = 12, Population = 6.
---0---0-0-----0-0-0-
---------------------

Generation = 14, Population = 5.
-0-0-------0-0---0---
---------------------

*** Life<Cell> 18x15 ***

Generation = 0, Population = 12.
0--------------
--0---0--------
----0----------
--0------------
---------------
---------------
---------------
---------------
---0-----------
---0-----------
---------------
---------------
---------------
-0-----0-------
---0-------0---
---------------
----------0----
---------------

Generation = 10, Population = 120.
..*10101*11-0--
.0*01-1-*-1---0
---00...--*1--1
.-1*.*...0.-1-0
****.0-.1--00--
***0---1*00----
--.---.10010-0-
*.1.--.-0--0---
1*--0.--01-010-
*...-1--00-.-0-
10*.---0-1*1---
-*-1*1---01*---
-.10-*-000*----
01*.**-----.---
1.*11*0-0-.--0-
-*00--10--1----
0---1-0-00*.-10
--0010---------

Generation = 20, Population = 101.
.*****..*-*.-..
.*.-**.*.....-*
.-**-.****...*.
.**.*....1.-...
.*.**.....-*-.-
.****.-...-.-..
.**.-......*-*-
..**1..*1.1-1.*
.*....--..**-1.
....1....*1*110
-....*0.1*..0-.
-.**.**-*.*..-1
..**1.-**..-..*
.-...*-*-...-0*
*.*....**...*.*
*...10.*0-.*-**
.*1*...1...**.*
.1.-...0-..-.1*

Generation = 30, Population = 74.
........*.*.-..
..........**.-.
.*.***.*..*....
*.*....*..*....
*....*......**.
.*.**....**....
..*.**.**.*.-*-
......***..1...
......0........
.*.*..*.*.....-
.**..**.*....-.
-*.....*.....*.
...**........**
.*.....*.....**
**.*...****....
....*...-..**..
..1..........*.
...*..*****-*..

Generation = 40, Population = 56.
...............
......*......-.
.*...*.*.......
***.**.........
*.*..*..**.....
**.......**....
*.*..*..**.*1.-
.**..**.**.*...
..*..*1.***...*
.............**
..............*
-............**
.............**
...............
..*****..*.....
..*.....*......
..-.....*......
...*.......-...

*** Life<Cell> 2x21 ***

Generation = 0, Population = 11.
-0--000000-00--0--0--
---------------------

Generation = 19, Population = 2.
.....................
-..-...-.......0.1.-.

Generation = 38, Population = 0.
.....................
-..-...-.......-.-.-.

*** Life<Cell> 12x14 ***

Generation = 0, Population = 39.
---00--00-----
-----00-------
-----00---00--
0------0-0-0--
----000----0--
0--0--------0-
0-00--0-------
-0---------00-
-----0---0-0--
-0-0----------
-0---0--0000--
--------------

Generation = 1, Population = 69.
--011--110----
---0----0-00--
0---0-----1-0-
-0--0-0---0-0-
----1-1--001--
10-1-0-------0
101-00-0---0--
---0-00--00-10
---00-0-0--1--
01--0---0-0---
01000-001--10-
-0---0--0000--

Generation = 2, Population = 81.
-01**00**1-0--
0--10---10-1--
----100-00-010
--00--10---010
0---*0*0011*-0
--0--1-0-00-0-
-1*-110-00----
00-1-----11-*1
000--01-1-0--0
---0-0-----00-
-----01-*-0-10
-1-0----------

Generation = 3, Population = 79.
-1-..--*.--10-
----10--*1---0
0-00---0---1*-
001100*-0--1*1
-0--*1.--**.-1
1-110--1-1-0--
--.0**10110--0
-1------0---*-
-1100-*--01-01
01----0---01-0
-1--0-*-.--1-1
0---000-0-0-00

Generation = 4, Population = 89.
0-1..00.*10*1-
000-*100**0-0-
10--1---001-.0
-1**11*0----.-
0100.-.0-*..-*
-0**11-*0---0-
11.-.*-1**1---
0*---0--11-0*1
-*--1-.0-1-1--
1*-0-0-0----0-
0*0010*0.-0*1-
---0-------01-

Generation = 5, Population = 79.
11***--..*1.-0
11--**1-..111-
-10--0-0-1-1.-
0*..*-*---0-.-
1--1.-.-0...-.
11..---.-100--
-*.0.*--..*--0
-.0--100-*1-**
0.1--0.11*-*01
-.01-10-000110
-.---1.-.01.*1
01-1-000-----0

Generation = 6, Population = 72.
-****-0..*-.--
-*0-..*-*.-**-
1*1011-----**-
-..**1*-0---.-
-10-.-.0-..*-.
--..-1-.-*1100
-*.-**-1*..--1
0.1-0*--1.-0..
-.--1-.-*.-.-*
1*-*-*10--1*-1
0*0-1-.0.--..*
1*-----1000--1

Generation = 7, Population = 76.
1*.*.-1*..1.1-
-.11..*-..1**0
*.*1*-0---1**0
0....**0-0--*-
1*1-.-.--*.*-.
--*.-*0*-*-*--
-*.0..-**..--*
-*--1.0--*1-*.
-.1-*0.-**1*0.
-.0*-*---0*.--
1.10--.-.0-*.*
-.--0-0---101*

Generation = 8, Population = 70.
**.*.0-*..*.*-
-.-*..*-.**..-
..***1-----..-
-...***1-1-1.-
-.-1.-.-0*.*-.
11.*1.-*0*-.00
1*.-*.1....0-.
0*--*.--1.-0**
-**0.-*1*.-.-.
1.1.0*1--1..11
-*---1.-.1-..*
1.0----1--*1-*

Generation = 9, Population = 73.
..*.*-1..***.0
1*-...*-.***.-
..*..-00--1..-
-.*...**0*-*.-
1.1*.1.0-..*-.
--.*-*-*1*1*11
*..-*.-..**10.
-.--*.--*.1-*.
0..1.-*-**-*-.
-.*.1.---*..*-
1.1--*.0**-*.*
-*-1-00-0-**-.

Generation = 10, Population = 75.
.*...-*..*.**-
**1*..*-*...*0
..*..11--1*..-
0.*..*..-*0*.-
-*-*.*.-0...-.
--**1*-*-.*.**
...-**-*...*1.
-.--**00*.*-*.
-..-*0.-*.1*0.
-.*.-*100..**-
-.*--*.1..1*..
-*0---1110**1.

Generation = 11, Population = 58.
**...0.*...**-
*.**..*-*...*1
*...*--0--..*0
-.**.*..-.1*.-
-*-..*.--...0.
--*.*.-*-...**
...-..1..**.*.
-.-1..-1*.*-.*
-..1.1.1..-.1*
-..*-.-1-....1
-.*01*.-..-...
1*-1--**--..*.

Generation = 12, Population = 66.
***..-**...**-
*.*****-*....-
....*-----...-
0***.**.-.**.1
1*1..**0-...1*
--...*-.1...**
...0..-..**.*.
-.1**.--*.*0.*
-.*-.-.-..1.**
-...-*1*0...**
1*.--*.-..-...
**0*--*.1-....

Generation = 13, Population = 60.
*.*.*-**.....0
*.*.*.*0.....-
*....1--0-...0
-..*...*-..*.*
-.-*...1-...-.
11*.**-*-*....
..*1..-.*.*...
-.-.*.-1...1.*
-.*-*1*1*.*...
1*..1*-*1..***
-..01*.1*.-...
*.-.0-..-0....

*** Life<Cell> 2x10 ***

Generation = 0, Population = 7.
0000000---
----------

Generation = 21, Population = 1.
..........
1-..-.....

Generation = 42, Population = 1.
..........
-1..-.....

Generation = 63, Population = 1.
..........
1-..-.....

*** Life<Cell> 11x7 ***

Generation = 0, Population = 18.
0----0-
-0-----
00-----
0-0----
----0--
-00----
0---0--
0----0-
--0-0--
-0-0---
-------

Generation = 2, Population = 33.
0000-0-
1-10---
--0000-
----1--
-10-0-0
0-*100-
*-1---0
*------
--0---0
10-0---
--0-0--

Generation = 4, Population = 33.
0-*--0-
**.--0-
-10----
--0-101
-*--010
--.--*1
*-*-1-0
.---00-
0---0--
**00-0-
1-0----

Generation = 6, Population = 34.
-1.11*-
***11*1
01-*--1
-1*0--1
1.----*
-*.-*.*
.0*-.0*
.0-----
*---*--
*.*----
*------

Generation = 8, Population = 24.
1..1..-
...1..-
-.0.-1-
--*----
1.-11**
-..*...
.-.-.-.
.-00*--
*01-.1-
*..-1--
.1*-0--

Generation = 10, Population = 39.
-.***.-
.....*1
0.*.*-*
*-*0*1*
-.01-**
-..*.*.
.1.0*-.
.-00.10
.0-0*1-
**.**-0
...--10

Generation = 12, Population = 38.
-.****1
.**.**1
-.**.1.
*1.*...
*.-**.*
1.**..*
.1.*.-.
*-**.--
.-***1-
*..*.-*
..*1-.-

Generation = 14, Population = 33.
1**...-
***...1
*....**
**.....
*.-.***
**...*.
*-..*1.
**..**1
*-*...0
.**..0.
...--.-

Generation = 16, Population = 29.
-....**
.***...
..***.*
.*.**..
..-.**.
**..*.*
.**.*..
*.....1
*1..**-
.**..-.
...--.-

Generation = 18, Population = 12.
-......
.......
.......
.......
*.-....
*......
*......
....*.-
*1...*1
*.*..1.
.*.--.-

Generation = 20, Population = 11.
-......
.......
.......
.......
..-....
.......
.......
**..*.-
..*.*..
*.*.*.*
.*.--.0

*** Life<Cell> 7x18 ***

Generation = 0, Population = 1.
------------------
------------------
------------------
------------------
------0-----------
------------------
------------------

Generation = 1, Population = 4.
------------------
------------------
------------------
------0-----------
-----0-0----------
------0-----------
------------------

Generation = 2, Population = 4.
------------------
------------------
------0-----------
------------------
----0---0---------
------------------
------0-----------

Generation = 3, Population = 15.
------------------
------0-----------
-----0-0----------
----0-0-0---------
---0-0-0-0--------
----0-0-0---------
-----0-0----------

Generation = 4, Population = 4.
------0-----------
------------------
------------------
------------------
--0-------0-------
------------------
------0-----------

Generation = 5, Population = 14.
-----0-0----------
------0-----------
------------------
--0-------0-------
-0-0-----0-0------
--0---0---0-------
-----0-0----------

Generation = 6, Population = 16.
----0-0-0---------
------------------
--0---0---0-------
------------------
0---0-0-0---0-----
------------------
--0-0-0-0-0-------

Generation = 7, Population = 29.
---0-----0--------
--0-0---0-0-------
-0-0-0-0-0-0------
0-0-0---0-0-0-----
-0-0-----0-0-0----
0-0-------0-0-----
-0---------0------

Generation = 8, Population = 2.
------------------
------------------
------------------
------------------
0-------------0---
------------------
------------------

Generation = 9, Population = 7.
------------------
------------------
------------------
0-------------0---
-0-----------0-0--
0-------------0---
------------------

Generation = 10, Population = 8.
------------------
------------------
0-------------0---
------------------
0-0---------0---0-
------------------
0-------------0---

Generation = 11, Population = 21.
------------------
0-------------0---
-0-----------0-0--
--0---------0-0-0-
---0-------0-0-0-0
--0---------0-0-0-
-0-----------0-0--

Generation = 12, Population = 7.
0-------------0---
------------------
------------------
------------------
--0-0-----0-------
------------------
0-------------0---

Generation = 13, Population = 20.
-0-----------0-0--
0-------------0---
------------------
--0-0-----0-------
-0---0---0-0------
0-0-0-----0---0---
-0-----------0-0--

Generation = 14, Population = 20.
--0---------0-0-0-
------------------
0-0-0-----0---0---
------------------
--0-0-0-0---0-0---
------------------
----0-----0-0-0-0-

Generation = 15, Population = 32.
-0-0-------0-----0
0---0-----0-0---0-
-----0---0-0-0-0--
0-----0-0-0-0-----
-0-------0-0---0--
--0---0-0-0-----0-
---0-0---0-------0

Generation = 16, Population = 2.
------------------
------------------
------------------
------------------
--------0-----0---
------------------
------------------

Generation = 17, Population = 8.
------------------
------------------
------------------
--------0-----0---
-------0-0---0-0--
--------0-----0---
------------------

Generation = 18, Population = 8.
------------------
------------------
--------0-----0---
------------------
------0---0-0---0-
------------------
--------0-----0---

Generation = 19, Population = 28.
------------------
--------0-----0---
-------0-0---0-0--
------0-0-0-0-0-0-
-----0-0-0---0-0-0
------0-0-0-0-0-0-
-------0-0---0-0--

Generation = 20, Population = 7.
--------0-----0---
------------------
------------------
------------------
----0-----0-0-----
------------------
--------0-----0---
