*** Life<Cell> 11x37 ***

Generation = 0, Population = 29.
-------------------------------------
-------------------------------------
---00-------0----0------0------------
--00---0--0--------------------------
------------------------00-0---------
------0--0-------------0-------------
-------------------------------------
------0----0--------0---0------------
------------0---------0--------------
---0-------0--------------0-----0----
---0---00----------------------0-----

Generation = 10, Population = 182.
0-.*.***-1-0-*1-1----0*--*--.-001----
.0-.--.0-..*.0----01...*1--0--0---0--
1-.1*.*-1-.*.*1*.*0*-.1.-*-.111*0-00-
*1.-*.*-..-1.-.-.1**---*-.--.-00-----
*1-.-*11--.-.-.-.--0*1...*1*.*01*-00-
--****.1.*..-*..*111-..-**0-0*01000--
1--00--.--1*-1-.-1**.1--1***--0100-0-
..*---****.001.*--0.10..1*.1.1-10-0--
10*.**..-0-1--.1.-.*..-.--.**---1--0-
0.*.*.0.-.0*11---0-*111.-.*-*0--0----
-.1*.0.*...*1---.*00..*.00.-100--0-0-

Generation = 20, Population = 178.
...***..****1**1***....**.*..**-**-10
...**********1..-.-***.*.***.**0**.1.
.-....****...*1**.0.*****.1.*.**..-..
...0*..***.**.*0*....1****.-**.--.-.*
...*.*......*1.1.**...**..**..0....**
-*.*.*......*.**.**.1*..*.....1.-..*0
**-**....**.*-*.-....**1**.**-1..*..-
.**0*....*..*........0.*1**-..*-.*-1*
-.......1.**.*.*.1**....*-**.**.*-.*.
.**.....*..*.**...*....**..-.*-..-..1
1.*..-..***........1.....-..-*11.-.--

Generation = 30, Population = 100.
..............***..............-.*.*.
..............*.**......*****..*.*...
.-................*.....**.......*-..
...0....**..*..*...*.-..*****........
...***..**......***....***.***.......
-*......*......*......**.*..........0
*.**...........*-......*.*****.**...-
..**.....*.*...*....***.*...*..**....
*....***..*..*.*....**...***.....-...
**....*.......**....**...*...........
**.................-.....***........-

Generation = 40, Population = 65.
.....................................
..*..................................
*.*...............**.................
*.*.....**........**.-...............
**.....***......***..................
-.....**.......***......*...........0
.......*......*..**...****..........-
......*..*...*.*.....***.............
**..........**...**..**.**.......-...
*.....*.*....*...*.....***...........
.......*.......*.*.-...***..........-

Generation = 50, Population = 63.
....**...............................
....**...*...........................
....**...*...........................
**................*..-...............
**................*......*...........
....*.............*.....***.........0
.....**................*****........-
...*..*........**.....**...**........
..***.*...***..**......*****.....-...
.....***..**...*.*......***..........
......**...........-.....*..........-

Generation = 60, Population = 84.
.....................................
.....................................
.....**..............**.***..........
.**.**.*.............******..........
.***.*.**....*...****..*.............
.*..*..**...***.*.....*.....**......0
......**...**.**.**....**..****.....-
......**....***..**....******.*......
..*.**.......*.....***..***......-...
..***................................
...*...............-................-

Generation = 70, Population = 61.
.....................................
......**.............................
.............*...........**..........
.**........***..........**.*.........
.**.......**..*.........**..*........
.............*......*.**..***.*.....0
..........******...*....*.*...**....-
...*.......*...*...*....**...........
.*.*..........*.*...*..*.........-...
.*.*..........**....***..............
...............*....................-

Generation = 80, Population = 48.
.....................................
.....................................
.....................................
.**........**........................
.**.........*...............*........
...........**.*....**.......**......0
.........***....*****......*..**....-
.........*.**...**.*.*......*........
..........***.*..*..........**.*.-...
...............*.**...........*......
................*...................-

*** Life<Cell> 37x5 ***

Generation = 0, Population = 53.
-----
---0-
-0-0-
---00
-----
----0
-----
---00
-00--
-00-0
-0--0
--0-0
-000-
--0-0
---0-
--0-0
---0-
-----
-----
--00-
-0-0-
--0--
-0-0-
-----
----0
--0--
-----
-00--
--00-
-00-0
--0--
--0--
---0-
-000-
----0
-00--
-00--

Generation = 7, Population = 72.
0.0.0
1--..
01-10
-..1.
-.0.-
*-.*0
11**0
.0--*
.--01
..1**
-*.1-
--*0.
*--1.
--..*
*-**.
11-.0
1--.-
--0-.
-.*--
*-.0-
-10-*
--***
-.--.
0*-*-
--..-
*.**-
**1.-
..1*-
...1-
.....
1.-0*
.11-.
-..-.
.-.--
..-01
--*1.
**-.-

Generation = 14, Population = 66.
.**.-
-.0*.
.****
*.***
..-**
.-..*
.....
.**1.
.**0.
.....
-..--
.-.-.
*1*..
*-*..
*....
.**.-
*1-*-
..**.
-..1*
.-..*
-*-**
*....
-..*.
**-*.
01..-
.....
....-
...**
..**-
.....
*..**
***-.
0.*-.
.***-
..--.
**.*.
..*.-

Generation = 21, Population = 53.
**.*-
**.**
.....
.....
..1..
*-...
*..*.
...*.
.*.-.
.***.
-..--
****.
...*.
.-.*.
...**
*****
.....
.....
1.***
.....
.....
....*
*.*..
..0..
**..-
.....
.....
.....
.....
...**
....*
...-*
..*.*
.**.*
*.-*.
*.*..
.*..-

*** Life<Cell> 51x46 ***

Generation = 0, Population = 121.
----------------------------------------------
----------00------------00----0---------0-----
------------0------------0-00-----------0-----
-------------------------0----------------0---
-------------------------------------0--------
-------------------------------0--------------
----0---0-------------------------------------
----------------------------------------------
-----0----------------0--------------------0--
-----0-0--------------------------------------
--------0-----0-----------0--0-----------0----
--0--------------------0----------------------
--------0-------0-----0---------------------0-
--------0---------------------0---------------
-0--------------------0----0------------------
--------0-------------------------------------
-----------------------0--0-------------------
------------------------------------0-0-------
---------------------------0------------------
---0---0-----------------------------------0--
----0-------------------0---------------------
----0-----0-0-------0-------------------------
--------------------0-------------------------
-0-------------------------------0-------0----
---------------------------------------------0
------0-------------------------------------0-
---------------------------------00-----------
-0---------0------------------0---------------
-------0----------0-----------------0--0------
-----------------------------0-------0--------
----------0---0----------0--------------------
-----------------0--------------------0---0---
---0---0----------------------0---------------
----0-----0-------------0----0------------0---
----------------------------------------0-----
----------------------00----------------------
----------------------------------0----00-----
--------------------------------0--------00---
-0-0-----0-------------------------00---------
------------------------0---------------------
-------------------------------0-------0------
---------0-------------------------------0----
----------------------------------------------
----------0----0-------0----------------------
-------0--------------------------------------
--------------------------0-------------------
---------------------------------0------------
-------0-----------------0-----------0--------
----------------0------------------0-0--------
---------------------------0------0-----------
---------------00--------------------0--------

Generation = 101, Population = 255.
......-....................**.................
....................-......**.................
....*.........................................
....*..............................*..........
....*..............................*..........
...................................*..........
..............................................
..............................................
..............................................
..............................................
..............................................
..............................................
..............................................
.....**.......................................
.....**...........*.........**...............-
.....*............*.........***...............
.....**...........*.......*....*..............
......**...................****...............
......******..**........******................
..-....*...*............**....................
.......***..*.**..............................
......**.*.*..**..............................
.....***...*.*.............**.................
......**.**..........*....**..........**......
......*..**..........**.....................*.
.......***............*.*............***....*.
........*.............*.*.............**....*.
.......................*..**..*.*.......*****.
-..................*.*...**.*...*.......*****.
....................**....*...............**..
.....................**...**.**...............
...........................*.*................
.............................*.*..............
................*...........*...*.............
...............***......*.**....*.............
..............*.*.*....*.......*..............
.............**...**..**......................
.............**...**..**.**...*...............
.............**...**..**.**.*......*...*......
.................**....**.**.....**.*.*.*.....
.................*......***.........*....*....
................***..............*...**.**.*..
.................***.......................*..
..................***.....*.***...*....*...*..
....................*....****.*.....*****.....
................*****........**......**.**....
................***......*....................
................*.........**....*.............
**..........-................***..............
**..............-.............*...............
..............................................

*** Life<Cell> 25x35 ***

Generation = 0, Population = 136.
-----------------------------------
--------------0--0--------------0--
------------0---------0---------0-0
--0--------0----------0-----0---00-
--------------0---------0----00----
--0-------0--0-----0---0-----0----0
-0--------0--000----------0---0--0-
--0------0----0--00--------0--0----
---0-----0--0------------------0---
------0------0--0-0--------0-----00
--0-0-----0---------------0-0-00---
---0-------------------------0---00
---0----0-0------0----------0------
--------0----00-------0--------0-0-
-----00----00----------0---0-------
--0----------0----00-00--00--------
--0-------------0-0----------------
---0------0-----0-------0-----0----
----0----00-----000---------------0
---0-0-------0------0------0----0--
------0-0---0---0---------0------0-
-----------------0----0-0------00--
---0------0----0----00--0-0--0---0-
-0--0-0------------0-------0-----0-
-------------0-------0---------0---

Generation = 21, Population = 257.
**......0..-........1**....*****.-.
*-.0*.-....-.....*.....*...*....*..
..-10.*..........*.....**....***..-
.-**-**.**..***..1......*....*.....
.*1*...*.**-**.*.*...-...***.*.....
**.*.-**......***..-*..*.**.*-.-...
........**...***..**...*..1.*......
*...*...*..**.*.....****.***...-**.
.....**..1**-..***.....*..-....*...
**.....****........*....*****.*1..*
0.*.-....*.*......-.11..*.**.*.....
.*...*-..-....*.-....*.*....*......
-*...-*...*..*..--....****..**...*-
.....*.....*........*.*..-....****.
.-.**..............***..*.....1..-.
.......................**...*......
...*....-.....**.*.....**..*.*.*.*.
1*****.-...**.**..*....*.-.*...*.**
*..*......**1-**..*...**.-.....*.*-
*....*.....10............**.***....
*....*.*....*..........0.....*.....
*......*...*.1...-.....**..........
*.*-..*...*..*..**.....*....*......
...*....*.**...**1.***..**..*......
..-.******..0.***....1-.*.1**....-.

*** Life<Cell> 66x55 ***

Generation = 0, Population = 88.
-------------------------------------------------------
-------------------------------------------------------
---0-------------------------------------0-------------
-------------------------------------------------------
-------------------------------------------------------
-------0--------0-----0-0------------------------------
-----------0-------------------------------------------
-0---------------------------------------0-------------
--0------------0-----0---------------------------------
-------------------------------------------------------
-----------------------0----------------------0--------
----------------------------0--------------------------
----------------------------------0-----0--------------
-------------------------------------------------------
------------------------------0------------------------
------------------------0------------------------------
-------------------------------------------------------
-------------------------------------------------------
-----0--------------------------0-----0------0---------
-------------------------------------------------------
-0---------------------------------0-------------------
-------------------------------0-----------------------
--------------------------0-----------0----------------
-------------------------------------------------------
-----0----0-------------00---0---------------0---0-----
----------------------0----------------------0---------
-0-----------------0------------------0-----0----------
-------------------------------------------------------
------------0------------------------------------------
-------------------------------------------------------
-0--------------0----0-----------------------------0---
--------0---------------------0--------0---------------
------0---000-----0----------------------0--------0----
------------------------0----0-------------------------
--------------------------------------0----------------
--------0------0---------0-----------------------------
-------------------------------------------------------
-----------------------------0-------------------------
---------0---------------------------------------------
---------------------------------0---------------------
-------------------------------------------------------
-------------------------------------------------------
-------------------------------------------------------
---0--------0-----------0---------------------0--------
----------------0--------------------------------------
-------------0----------------------------0------------
----------------------------------------------------0--
-------------------------------------------------------
-------------------------------------------------------
-------------------------------------------------------
-------------------------------------------------------
-------------------------------------------------------
--------------------0----------------------------------
-------------------------------------------------------
-----------0------0---------0-------------0------------
-------------------------------------------------------
-------------------------------------------------------
--------------------------0----------------------------
-------------------------------------------------------
--------------------------------0----------------------
-----------------------------0-------------------------
-------------------------------------------0-----------
-------------------------------------0-----------------
-----------------------------------0-------------------
-------------------0---------------0-------------------
--0------------------------------------------0---------

Generation = 31, Population = 1055.
1.*****.........-.--*.*.0..-**.*...***..0**.*.*....**..
........*.*......-..-...**0***.**..*-*....*.*.-....-.*.
.*******.*.**....***..-.1*...***1.......*.*.**....**.*1
.*1.****.*.**....****...**.*..*.........***..........1.
..**....**.**.....*..0**...-..**...-....1.****.*.*....*
..*......**........**.*.*..**..*........*.*.....1..*..-
..*.......-.*.......-....*.**.****.....**.*.......-.**.
..1.............**...-...-.*.*.*......**....-...-..**1.
.*....**......**-0*...*...*-.*.*.....*-..**.......*.-..
..***...*.....*...*.........**.-....1*.....*.*0**..*.01
..1.....*.........*.*...*.-.........**-*...**....*.*.*.
*1-.**-...-..1**.-*.0....*.....*....-...*....*.*-..-**.
**.*..*.*..........*..........*.*.1*.*..*.**...0*..*.*.
.*-..0...*....--...*.....*...*...*****...*....*.*....*.
-.....*.*..............**.....*.1*...*.-...*.*..*.....*
...**.-......-..***..*.*1....-........................*
-..**.*.**.**...*.*...*.........*..**..**........**.-*.
-*......*-*...*.11.*-..*.....-...**..1****0......**.*1.
*...*.***.....*.0***-.*.*......-......**.**..**...-*.0.
....**.-.**-.-*...-............***-.*.*..**....*-...*.*
.**-*...-*....*..*.*.-**.*...*...*..***-.....*.-**..*.*
..***....*.***0.-*...-..**.**.*.....*.**.****........**
....*....**.*...*..**........*.......**.1*.**..........
...**...*...*...**.**..**...**-.............*....*.....
.*.**.**.**..*...*****.*.*.***....*.*...........*....**
*..-****..*.**....0..*****..*...*.-.*1......*..*.....**
1**..**....*.-*......*...*.1**..**..........***......**
....-**..*..*.**...*............-......-.......-.......
....**......**......**...............-.............***.
.*.*....**..........**....**.....-................*....
.......-**...*..**....**..*..........**.....**.....*.*.
...***.*...*.*...*.*....*.*........**..*...*..*.....*..
.....**...................***.*.*.*...**......*........
..*....-....*.*......*..*....*.**.*...*...-..*.........
**..**....*...........**.*...*.**...*1.....*....-......
-*....*..*...*...*.....**.......*....*....**........1**
....**....*.*...*.-...*....-...*.....*....***...**...-*
**..*.*....***.*1.*........*..........**....*.****.....
*.**..*......**.**.....*.**.....*...*........*.**......
1.*...*......*...............*....**.0......-..*...-...
.......*........-*.*.-......**.***...*....1*..*........
...*****...-..*...***...**.-.*...*.*.*.....*.......-...
.............**..-.**...**...-*...**.**....-..-........
*.......*.....*.***...*.**.1-...***...........**...-..-
.......**.....*...-..****....................*..-....--
.-1..*...-.-..*..*.**.......-.............***..1.......
....*...*.....*..*..*****....1-...........***.**.....-.
..1..*.**...*.....*-.****...-.*...**......**..***....0.
......-.*...*...**.-...-.-...-.1*.-......****..-*......
..*.........**..**.........-..*...**...****.**.**.....-
.*.*..-..**..*1**........**....***..***....0*..*....0.-
.*..*-.-..*.****......****.......*.......**..*...-...*.
1*-.**...*-**..***.....*...1....*........**.-*.*0-...*-
........*..**...*......**..-*.*.*...*******..*.....--.0
.*0......1.*......*....*....*..****...*..*..**.**...*.-
*...*..-....**.0*.*.-.*****.....*.....*..*.*.*....-..*1
**..*....*..**.....*....***..*......**.*..1**.*-......1
-1.**-*-.-..-.***.**.-...1.***..*.-.*.......0*.....*-.1
.**0.*-*.......*...*.............*.*.*****.*.*.-..*...*
-***.-.*.....*.-..**....**.**...*......*1*..........*1-
*....*-.-*..............**.**..*.....**...*****.***1.-*
*..**--.1..*.*-...*-*...*..*-........*1....*........-..
.-..*.0.*0.*.*.....*-.*...-.*.*....*.*1...******1*..***
-*1***0.-.*...**.**0.*1.....*.****.*.*...*.*.0..*.1*...
.*-*.-..-.*-*....*.....-...........***...**0-.*-.*...--
.0*-..-*--.-.-...............**.**...-.-.*1*..*..1....-

Generation = 62, Population = 545.
-........**....*1.....**........*.......-..***.........
..............***.*...**..-...**.*........*.**.*...-...
........*..**.**..*.....*.....**.**......**..*..**.....
.........*.*.**..**...*.......*..*........**...**......
............*.....*..*.......**.**..*..................
............*.*...**.*.**....**.....**........*........
..........*...**..**.*.***.........*..*.....***...-....
........***..**.*****...***.........**....**...........
......**......*.*......*...*...*....*.....*..**........
.........*..*****......**....**.*..........**..*.......
......*.....***..*.....*..-..................**........
.................*.....*.......**...................*..
.......*.......*.**.....**..***....................*.*.
.......**..*...***.......*..........................***
....***....*..*...........**.........................**
.**.**.....*.*...........***......***..........**.....*
***...*...***................**...***.**.......*.......
***.......................****.**..*..***...........*..
.**.....*.*................*.****......**............**
..**....*.*................**..***.**..................
...*...*.....**..........*.***...*****.................
.......***.....*.........***.*......***................
......**...**.*...***.*.*.**..*..**....................
.....***....*........*....**..**.*.....................
..**..**.***.........*..***...***......................
..***.*...............*.****..*........................
*...*.***............**....***.*.......................
*.****.**............*....*....................-.......
.****..**.................***..........................
....*..*...........................**..................
.....**...........**..............*..*.................
..................*.**.............**..................
............**......**.................................
**..........**..**..*....................**.**.........
**.........***..***.........**...........******........
.............*..**.........***..........*....*.*.......
.........**...**.........................***..**.....-.
........**....**...............*.*.......***...........
.........*......................*..*...................
..........*.*..............***..*.*.*..............-...
..........*..*............***..***..**.................
...........**.............*.*......**..............-...
.........................***...........................
..**......................**.......................-..-
.*..*.........................*.......................0
..*.*...............***........*.....**................
...*.......................*.........**................
.........................*....**.......................
........................*.....*.*.-....................
......**................**.*.**.*......................
.....*..**....***.............**..............**....**.
......****....***.............*...............**....**.
.......*.*.............................................
...........*......*..*.....-...........................
..........*.**..**...**................................
...........***.......**................................
**............*...*..*.................................
**...-.........***...**..........*.....................
...............*..................*....................
-................................*.....................
.......................................................
.......................................................
................................**....**...............
-.......-......................*..*...**...............
.......................-........**.........-.........-.
........-..............................-..............-

Generation = 93, Population = 262.
-............................*..........-......**......
..........................-**..................*.*.-...
........*..........*.*......*..*...........**..*.......
........*............*......***........................
........*........*............*........................
................*......................................
....***...***....*.**.*...........................-....
..................*...**.......***............**.......
..........*.*........*.*.....................***.......
..........*.*...**.*.**..................*.**.*........
..........*..*..*....**..................*.*...........
...........**...*....*.................................
................*...*...................**.*.*.........
.........*.*...*...**...................**..*..........
.........*.*....*.*.......................**.........*.
..........*......*..................................*.*
....................................................*.*
.....................................................*.
......................................*................
..**................................*..*...............
..**..........*.....................*....*.............
...........**..*.........................*.............
..........**..............................*............
..........**..*........................*.*.............
............*.*.........................*..............
..............*........................................
..............*.......*................................
......................*........................-.......
......................*................................
...................................**..................
...............*..................*..*.......*.........
..............*.*..................**.......***........
................**.........................**..*.......
..............................................**.......
..........................................**...........
.......................................................
.....................................................-.
..........**.........**.**.............................
..........**.........*..**.............................
....................*.....*...................***..-...
....................**.**.**......**...........**......
.....................*.....*.....*.*......**.......-...
......................**..*......***...................
......................**.**.......**...............-..0
.**................................*..................-
.**....................................................
.......................................................
........****...........**..............................
..*....*....*..........*.*........-....................
..***.***...*..........*...............................
..*.**.......*................................**....**.
...........****..............**...............**....**.
.....*.*.*...*...............**........................
......*...***..............-...........................
.......................................................
.......................................................
**.....................................................
**...-.................................................
.......................................................
-......................................................
.......................................................
.......................................................
................................**....**...............
-.......-......................*..*...**...............
.......................-........**.........-.........-.
........-..............................-..............-

*** Life<Cell> 24x39 ***

Generation = 0, Population = 65.
---------------------------------------
-----------------0---------0-----------
---------------------0-------0---------
-----------------------------0---------
--------0--------------------0---------
-------0---0-0---0-----0-------------0-
----------0-------00------------0------
------------------0----------0--------0
--------0------0--0-------------0------
--------------------0------------------
---0------------------------------0----
----0----00---0--------------00--------
---------------0-------0---------------
----00---0-------------0---------------
------00-------------------0------0----
-----------0-----0-------0-------------
----0------------------0------0--------
--------------0--------------------0---
-------------------0----0-----------000
---0---------0-------------------------
---------------------------------------
---------------0--0--------------------
-0-----------------------------------00
--------------0------------0-----------

Generation = 97, Population = 78.
-....................................*.
....................................*.*
.....................................**
.......................**..............
.......................**..............
.......................................
..............***......................
................*......................
.............*.**......................
.............**........*...........*...
......*...............*............*...
.....*.*.......****...**...........*...
....**........**...*...*...............
.....*......**......*.........**.......
.....****...*.....*.*.........**.......
.....*....*..*...*.*...................
...........**..*.......................
.....*....***.*........................
....**.*.**..........**................
.......*...............................
........*..............................
......***..............................
................-......................
.........--......-.....................
