*** Life<Cell> 40x3 ***

Generation = 0, Population = 55.
00-
-0-
-0-
000
-00
0--
0-0
0--
0--
-0-
0--
0-0
000
00-
-0-
0-0
---
--0
-00
00-
00-
00-
000
0-0
---
0--
0--
-0-
---
-00
---
0--
00-
--0
-0-
-00
---
--0
-0-
0--

Generation = 9, Population = 47.
.-.
*1.
*0.
.-0
.0*
.1-
11.
.*1
*--
0-1
.-.
-..
**-
--.
**1
0*.
--*
.-*
-**
-*0
..*
*.-
*.-
-.-
.*.
-.1
.-*
.-*
.*.
...
1*0
*1-
..-
-*-
-.-
.-.
.*1
.**
1.-
--.

*** Life<Cell> 25x35 ***

Generation = 0, Population = 125.
---0----------------00-------------
0-00---0------------------------0--
---------------0------0----------0-
---------------------0---0-0---00--
------0-------------------00-------
------0-----------0----------0--00-
--0---0---0------------0-----00----
------0-------------------0--0-----
-0---0-------0--0------0-----0-----
----0------------------------------
---0--00-----0----0----0--------0--
---00--0-----0---0-0-0-------------
--------0-----00----0--0----0------
----0------00-------0-00--------0--
-0--------------0---------0--------
--0----0---------0------------0----
-----------0-----0--0--0---0-----0-
-------0---0-0--0-----0----000---0-
-----------0-----00--------000-----
-----------0-----------0----0------
---------------00-0--0--------0----
0------0-------0-00---0---0---0----
-------------------0--000-0-0----00
------0-------------00----0-0------
---------------------------0-------

Generation = 4, Population = 332.
---*1-10-------011-1**--1101-----0-
-0.-1------0------1-01------11-.-10
---.--*---00------011*-1--*.--1.-0-
------.----------0---1-1-*1.1--1--0
-1*1--.1--0--0--0---10*------000---
1--1*-00--1---0-------0--*--1*-..-1
*.10-.*1--0--*11--10--00-0111.*..-1
--110-.0--1--0---1-1--0----1.-1*0*-
-----01-1---0-1.-1-1---0-01--.1--0-
0---0-1-1--010----0-0-10---------0-
-1-1-*11-*-01..-00-1--00--01***---0
1-.0--0-1*-0.--0-*--.0---00--10-.--
-*-.00----*-.1---.0-*-0*1----1--.1-
0--.*------1-1-00-01.-*11-1--0---00
-0-*-110---101-*-*--0-10---.110-1--
0---1-00---------*-0*--1--0-1----.1
-------01--.-11*-.1*0*--1--.-110-*-
0--11----0-------*------0*1.*-10---
-0-----1---*-*00-.*.-*-*-*-11--00*1
--0---0---0*1--***-00*--0-0-.*1-0--
-----------10-*-.--0*-01-1--.----**
--011-.1---*--1.1.1*-01--0.--11--00
-----------1---.-1-00-*11---.1---1.
--0---1.--00----1*--1*11-1*-.-0-1--
---------------10-1*-1*-*-0-*-10-**

Generation = 8, Population = 360.
1.-.*1.*--0*0-.11...*.1..--.-.*0-1-
10.-.1--0-1*---0*-*--*1-11--*.-*..1
-1-.--.01-.--00-----..-*11*.*0..*.0
-*11-**1110.-0----.*.*1**.-.*....-*
1..1*0.*.--0.-0---0..*.*0*--*----*0
.0-..--.1.1-1---.01..0*--*1*-.*..*.
.*1.-*.**1**-**..*.*...-1*-.-...*0.
---..-.---*-0--.1.-.-.-1---..-..-.-
**.-..*..-**-0*.**..-*1.**..-.*--*0
--0*1*1.*-.-*.--1---00*--1-.1.-11.0
1--..*1*-.1.1*.-*-110----*1-.*.-1--
-.*-*01*......1-1*1-*0*0-*0--*-1.01
-.-.0100.*.*.*-1-.*1.--.*--0-1--..0
-1-..***0*1*.1--.--*.-.-11--1000-0-
---.-..1000*0-1.-*--1-1*.--.-..-*1-
----.----10.---*1*--*-0.---..*1.-*1
-1010---.*-.0.-.*.**-..0.-*.-..0-*-
--.*.-*-1-*0-*-1-*-11-*--....-**-1-
----0---**0.-.0--..*-.-.-.-**-1--*.
----010001*..1....-0*.---.0-...0*--
-----0**0*-**0.1*0-1*--.-..*..*--.*
*..-.*.1-11*-...1****.*.-*.001*0---
-1----1*1--*.*1.1.*--*...0-*..-*1**
0-*--0-*1-10.---1*0.1*-*...-*0-0*10
-----00--1-*-0*.0...1..*..-1.-1--*.

Generation = 12, Population = 359.
..0**-*.-*0.*-.--...*.*..--*1..-0-0
*0***.*---1.*.1-.-*--.-1*--.*.1....
1*0*00.-.1.**-.1--.*.*-.-***..*...-
*.1.-*...-...-*--0...*******.*.*.1*
*..1*-.....-.-00**...**.*..0.-.*.*-
**0..-1....01---.*-..-*-1*1.1*....*
....-.*.*1*.-*.*.*.....-*.-.-..**-*
---.***1-*.-0**.*.-*-.-*---..-*.1.1
....*..*.**.*....*.*-.*....*-..*-.*
--**-....0*0..*--*1*0-*1-1-*-*-.-.-
-1-*.*..0*-.1*.*.*--.11.1*...**-.--
-.*-.--....*.**1-**-.-**0*-1*.-*.*1
-.-*-*--.**..*.*1..1.-0.**-0-.--..-
1-.....*...***-..--..0.1-..1.*-*1-1
-.1*0..-.1***1*.-..0**-..-*.***0.*0
-*-1.*1-1.-.*.*...0-.*.*--1...**-..
-.-*-*.*.*-*-.*.*...*..-*-..**.*1*1
-..*...-.-..-..-.*1..1*1-....0..-.-
0*-*-**...1*1*-*-..*1*-.-...**....*
-00--.-.11.***.*.*--..001.-*...-.--
-1---*.*-*1*.0..**1**..***...*.--*.
.*.*.**1-1*.-*...***..*.1..1--.----
---*01.*11-..*..-**01.....****1*.**
--***-*.**.-..-1.*-.1.1**....1.*.*1
----.--1--1*0-*.1.**********.-*-0..

*** Life<Cell> 2x8 ***

Generation = 0, Population = 16.
00000000
00000000

Generation = 8, Population = 0.
........
........

Generation = 16, Population = 0.
........
........

*** Life<Cell> 5x36 ***

Generation = 0, Population = 72.
0-0----0-00---0--0--0000--0----000--
-0--0--0-----000-00---0-0-000----0-0
000---0-0--00---0-00--0------0-00-0-
---0--0--000-0----000----00-00--00--
-0-00---0-----0--0-00---0----0----00

Generation = 1, Population = 99.
-0-00-01-110--1-01-01-11-01-0-01--00
0100-0-1-000-1110---0--0----1---010-
111-0010----100--01--01000-001-1----
0--1-01001--0---0----00--11-110--100
0---1000--00---00-0--0-0--0--10-0-11

Generation = 2, Population = 75.
-10-101---*-0-*0-*-1--*--1*-1-1*---1
--1--1----1-0----00-1-0---0---001---
**--1-*1--0--1--01*0--*1--01--0----0
-----1---*--1-0-1---01-0---0-----*1-
10--*11---11--01---0010-0-10-----0--

Generation = 3, Population = 97.
0*--*1*1-1.-1-.1-*0--0.10**----.--0-
01*00*01-0--1-11-1----------1011*1--
.*-0--**0-101--0-*.10-.-00--011-00--
----0*100*0--010*-00---1--1-1-0-0**-
*100***0--**-0-*--011*10--*-0---01--

Generation = 4, Population = 86.
-.--.*.--*.0*0**-*111-.*-*.0101*0--1
--.11.-*01----**---010-0--00-1*-.---
**1110..------0-0*.-10.-11-11**111--
0-01-.--1.10----.0-101-*--*--11-1.*0
.---...---**-10*-0-*-*--00.-1100----

Generation = 5, Population = 92.
-.-0*..1-**1*-.*-.-*--*.-..--1**100-
01.--.0.--101-..-------1-011-*.1.1-0
*.*-*1.*-010-1101*.1*1.1**---..-**-0
10---.-0-*--10-0.---1*-*01*-1**-*.*1
.-00...-00**-*-.-1-*1*1-11.0**11--11

Generation = 6, Population = 83.
0.01...--*.**0..0.1.10..-.*01-.*-11-
-**1-.-*-1*---..01--10-*0--*-*.*.-01
..*-.*.*--*----1-..*.-.*..011..-..0-
-1010.111.10*111.--1*.0.--.0-..0*..*
.-11...-11**0*0.0--**.*0--.1..**-1--

Generation = 7, Population = 81.
-.--...10*.**1..1.-*--*.0.*1*-*.-*--
-..-1.0.--.-11.*-*-----*101.-**.*-1*
...1.*..--.-11-*-.**.1.**.1-*.*-**10
1*-*1***-.*1.**-*-0*..1.--.--.*-***.
.---*..---..1.-.-10**.*11-.*..**0-11

*** Life<Cell> 23x19 ***

Generation = 0, Population = 127.
-0--0-0-0---0-0-0--
--0-----00-000000--
----0------0---0---
0-0-00---00000-----
--0-0---0--0--0----
---0----00000------
00-0-0-0--0-0-0-00-
--------0----00----
--0--0-----0-----0-
-0-0-00-00---------
------0------0-----
0---0---0-0------0-
0---00-0--------0--
0-0-0---------0---0
--0---0--------0---
-0---------0-0--00-
--0-00-00-0-0--0-0-
-0-0-------0-00--00
0-0--------0----0--
0-0----0----0-0--0-
------0---------0--
00---0-----0-0-----
-00---00---0--0---0

Generation = 11, Population = 191.
****..**.--*1.***--
*1..1...-*...-***.1
---*.1-.1-*1*0-.*-*
-1.-..1...0...--.**
*....1**.*-*-....*.
*..***1.-*.1-*-.*--
*.*--.-.1..*.-**...
-.*..0.....10*1**..
1*1.**-...***1***--
..*.-...**0*0.0-11-
.**..*...1.1*-**..*
.**.**.01.-*....*-*
--.1*.1.*.**01*1*..
*....***.*0**.--..*
--.-0---..**0..1.1*
...-**--..*-0-.1.0.
.1.*.**.*.11*..--*-
-..-1.-.*1..-*.1.*.
1..*.-1.--***.*.**.
*....0..*1...**11..
...-.**0*.0--..1.1-
*-1*..-.--.*****--*
.0.*1....0...*1*.1.

*** Life<Cell> 28x6 ***

Generation = 0, Population = 73.
--0-00
-0---0
-0--0-
-0---0
0-----
-----0
----00
-00-0-
-0--00
000---
-00---
---00-
00--00
-0-0--
00--0-
0--0-0
-0-00-
0-00-0
0----0
0000-0
-0-0-0
00--0-
-0-0-0
0-00--
-00--0
---000
-00---
-----0

Generation = 11, Population = 53.
.-1*.-
-.0-..
.-*.-.
..*.--
..**.*
-.*..*
.***.*
1-.--*
*.*1.*
.1.-.-
-*..*.
.*....
.-**-.
.*-...
11--1.
.1....
.....-
.1....
-*...0
**-.*.
..0**.
***-0.
....-.
....--
..1.-1
1..--*
1....*
.-***.

*** Life<Cell> 48x47 ***

Generation = 0, Population = 11.
-----------------------------------------------
-----------------------------------------------
-----------------------------------------------
-----------------------------------------------
-----------------------------------------------
--------------------------------------------0--
-----------------------------------------------
-----------------------------------------------
-----------------------------------------------
----------0------------------------------------
--0--------------------------------------------
-----------------------------------------------
-----------------------------------------------
-----------------------------------------------
-----------------------------------0---------0-
---------------------0-------------------------
-----------------------------------------------
-----------------------------------------------
-----------------------------------------------
---------------------------------0--------0----
----0------------------------------------------
-----------------------------------------------
-----------------------------------------------
-----------------------------------------------
-----------------------------------------------
-----------------------------------------------
-----------------------------------------------
-----------------------------------------------
-----------------------------------------------
-----------------------------------------------
-----------------------------------------------
-----------------------------------------------
-----------------------------------------------
-----------------------------------------------
-----------------------------------------------
-----------------------------------------------
-----------------------------------------------
-------------------------0---------------------
-----------------------------------------------
-----------------------------------------------
-----------------------------------------------
---------------------------0-------------------
-----------------------------------------------
-----------------------------------------------
-----------------------------------------------
-----------------------------------------------
-----------------------------------------------
-----------------------------------------------

Generation = 2, Population = 43.
-----------------------------------------------
-----------------------------------------------
-----------------------------------------------
--------------------------------------------0--
-----------------------------------------------
------------------------------------------0---0
-----------------------------------------------
----------0---------------------------------0--
--0--------------------------------------------
--------0---0----------------------------------
0---0------------------------------------------
----------0------------------------------------
--0--------------------------------0---------0-
---------------------0-------------------------
---------------------------------0---0-----0---
-------------------0---0-----------------------
-----------------------------------0---------0-
---------------------0-----------0--------0----
----0------------------------------------------
-------------------------------0---0----0---0--
--0---0----------------------------------------
---------------------------------0--------0----
----0------------------------------------------
-----------------------------------------------
-----------------------------------------------
-----------------------------------------------
-----------------------------------------------
-----------------------------------------------
-----------------------------------------------
-----------------------------------------------
-----------------------------------------------
-----------------------------------------------
-----------------------------------------------
-----------------------------------------------
-----------------------------------------------
-------------------------0---------------------
-----------------------------------------------
-----------------------0---0-------------------
-----------------------------------------------
-------------------------0-0-------------------
-----------------------------------------------
-------------------------0---0-----------------
-----------------------------------------------
---------------------------0-------------------
-----------------------------------------------
-----------------------------------------------
-----------------------------------------------
-----------------------------------------------

Generation = 4, Population = 44.
-----------------------------------------------
--------------------------------------------0--
-----------------------------------------------
-----------------------------------------------
-----------------------------------------------
----------0-----------------------------0-----0
--0--------------------------------------------
-----------------------------------------------
-----------------------------------------------
------0-------0-----------------------------0--
0-----0----------------------------0---------0-
---------------------0-------------------------
-----------------------------------------------
----------0------------------------------------
--0----------------------------0-------0-0---0-
-----------------0-------0-------1--------0----
----0------------------------------------------
-----------------------------------------------
-----------------------------------1---------0-
---------------------0-------0-------00-------0
0-------0--------------------------------------
-----------------------------------------------
-----------------------------------------------
---------------------------------0--------0----
----0------------------------------------------
-----------------------------------------------
-----------------------------------------------
-----------------------------------------------
-----------------------------------------------
-----------------------------------------------
-----------------------------------------------
-----------------------------------------------
-----------------------------------------------
-------------------------0---------------------
-----------------------------------------------
-----------------------------------------------
-----------------------------------------------
---------------------0-----0-0-----------------
-----------------------------------------------
-----------------------------------------------
-----------------------------------------------
-----------------------0-0-----0---------------
-----------------------------------------------
-----------------------------------------------
-----------------------------------------------
---------------------------0-------------------
-----------------------------------------------
-----------------------------------------------

*** Life<Cell> 46x25 ***

Generation = 0, Population = 28.
-----------------------0-
----------------0--------
------------0------------
-------0-----------------
-------------------------
-------------------------
-------------------------
-------------------------
-------------------------
----------0----------0---
-----------------0-------
-------------------------
-----------0-------------
-------------------------
-------------------------
-------------------------
-------------------------
-------------------------
-------------0-----------
-------------------------
---0---------0-----------
-------------------------
-------------------------
0------------------------
-------------------------
--0----------------------
-------------------------
---0---------------------
--------------0-------0--
-------------------0-----
--------0----------------
-------------------------
-------------------------
0----------0-------------
-------------------------
-------------------------
----0-------------------0
------0------------------
-0-----------------------
-----0-------------------
-------0-----------------
-------------------------
-------------------------
-------------------------
---------------0---------
--------0----------------

Generation = 4, Population = 108.
------------0------0---0-
------------1---0---0----
--------0-------1------0-
---0-------0-------------
-----------------------0-
----------0-----0----0---
------------0----0-------
-------0-----------------
-----------0-------------
------0-------0--1-------
-------------0-------1---
-------------------------
-------0-------0---------
----------0----------0---
-------------0---0-------
-------------------------
---0-------0-0-----------
-------------------------
---------0-------0-------
0------------------------
-------0-0-------0-------
--0----------------------
-------------0-----------
--010--------------------
---1---------00-------0--
0--.--0------------0-----
--------0----------------
1-.----0-----------------
----------0-------------0
0-1--------0---0-------0-
----0-------0------------
---0---------------------
----0---------0-------0-0
--0-1-00-------0---0-----
-0------0----------------
-----1-------------------
0-----.11-----------0-0--
0-1--*----00-------------
-0---0-------------------
-1----*--1---------------
---11.-----0---0--------0
------1-0----------------
-0-----------------------
-----0--0----------------
-------0---0---0---0-----
----0-------0------------

Generation = 8, Population = 136.
------------*--0*--0-----
--------1-*..--------0--0
----0-------.---.1--1----
-------0----.--0---------
-----------00---.----.---
----------------1--------
-----------------------*-
------.------------------
------------.----.-----0-
--0----------1-..-1.-1---
---------0--10-----.-----
-------0-------------.---
-------------0-----1-.---
-------------------------
-------------------------
0------------------------
-------------------------
--0-------0----------0---
-----0-----------0---0---
---1---------------------
---1-0--------0------00--
-------------------1-----
---.0---0----------------
-.*..11-1----0-----------
-*1.-*------1.1.---------
-00.-00.--01-0-----------
-0-0-0*------*-----------
--*-0------0-------------
----*-1------00-----0-0-0
----.-0----0-----------0-
00*-------------0--------
*---.0-------------------
----.-11-----------------
--0-.1.**----------0-----
----11.-0----------------
--00...-1----------------
.*.-0-....1-1-010-0---0--
*..1-*-.10--.-1----0-----
-1--..-*-1---------------
.*1.**..0-1--0-----------
-1-...---.---------------
1*---*-----1-------------
-------------------------
------1------------------
----1.-----------------00
0----.*---------0--------

*** Life<Cell> 12x39 ***

Generation = 0, Population = 105.
-0----0--------------00--0-----0--0----
----00--------0-0---0---------------0--
--000--0-00----------------0----00-----
-------0-0---------0---00-0-----0-0----
--0-------0-----000------00--00----0-0-
--------0-------00--000---0-00-000-----
---0--------------0--000---0--00--00--0
-----0------0-00--------000--0---00----
0----0------0--------------00-0---0----
-----------------0------0-0----0------0
--0---0---0--00-----------00----0--0---
00--0------0---0-0--0-----0---0--0-----

Generation = 11, Population = 170.
-.10**01..*-*-1-.-..-****-....--**--...
..-...1*1**-.*.-*0..--.0*1*..-.**.1*.0.
-..1*1*..*..-*1.*-**.*11*......---1.---
0---..1......*.*.*0**...***1-*..-.*-..*
**..0.*...-..-..*..-.**....-*1**.-.-1..
*-.01.**.1..-..--......01-..**.*-...-*-
*0*1*.*--1*-*.**-1**.*...*.-*...-....**
--..-.**.-.*......*-..*1*-*.--.-*..--**
***.--...-.-...-...-.-..-.**....*1.*11.
1****11-..*-......*.*-..-....1*1--*1*01
..1.0..0-.*-....-..1-....*.*0*0**1.*...
.....-1...-.-.....*-.-***-**-**-*1---.0

*** Life<Cell> 31x36 ***

Generation = 0, Population = 63.
------------------------------0----0
--------------------0-0------0------
--------------------0---0------0----
--------------------------------0---
----------0-------------------------
------0-------------0--------0------
-------------------------0------0---
-------------------------0-----0----
--------0---------------------------
-----0--------0---------------------
0-----------------------------------
-------------------00----------0----
--------0-----0-------0-------------
----0-------------------------------
------------------------------------
---------0------0---------------0---
------------------------------------
0-----------------------------------
------0---------------0-------------
--0----------------------00---------
-------------------0-------------0--
-----------------------------0-0----
-0----------0-----------------------
---------0-------------------0-----0
----------0-0----------0------0-----
----------------------------0-------
-0--------0------------------0----0-
0-----------------------0----------0
-----------------------------------0
-----------0---------0--------------
---------------------0-------------0

Generation = 12, Population = 474.
0-0-1--1*-1-11--*-**.-*0****-.***..-
001-...-*0.1.*10..*..*....---*-*1.1-
--010..-*0*0.-01*0*-*0.**.*.**1.-*--
*--00**-.10---.01..1-1-0...0...-----
------.-.-.---.--*1-...**-1*.*....0-
*--*.-*1*.*1*-..-1-...00*.-1-.*....-
.-.-11-..-.00-1*011-....*.--..-.....
1.*-.-1-010---.*.-0..**-*.-.1..-..10
.-01*0-00---*-.-.-1*.-*1*.0.*...*01-
-.1..-.*-.1..--.0-.**...-*.**.-*110-
1--*.**-*-----.-*-1.-1.1*.*.-010-11-
11-0*-10.-.*00*-1-.--..**1.-.---*-.*
0.-0*-*-**.-----11.-..--..-..---**0-
----0****..-.-1*.*....1.--**-00.*11-
.-.-011-.-*-.-.*---**01-1.-----1.-0-
1..--*--1*0..*--....**--**.0.0.*-.0*
*---0-----*-11*--*..*1-111--*-1---0.
0-*00-.0---*...-0-0*--.-0.*-.*01..-1
-.-**10---*----*11.....1.0-00-.00-0.
10-0*----0*--1*0**-..**.**-..**.*-..
-*100--11-1.1.1---.--..*--*-.*..-*-.
--0**1-1-1-*-.00.-*-1*.*1.**..1**.*.
0010.1*-..---0--00-..1*-..-1-0*-1..-
---.*-1--11-1---1-01-*--11.-.1*0*-.*
.-*1.-----0-----*0--.1.1---..111-*1*
-.-0***0--11-*-11---...*--0.--.*.10*
0..*11**--1---0*10-1..**-0.-.0.*---.
*-***---*0.----0*--.1.-**....**.*.*.
----0111--0--1-0--0-..*-1.-.-0.1*1**
*--*---1-0-*1-*1-**--*1*-*.*..**-.--
--0--10---11*--*-***0*1*-**-0**00-1.

*** Life<Cell> 30x26 ***

Generation = 0, Population = 146.
00--0--------0-0-----000--
----00----0--00-----0--0--
----------00--------------
---000-0------0--0-----0--
--00--00-0-----------0---0
--0------00----0-0--------
0----0-0----0-----00----00
0-0-------------0---------
-----0---0-------------00-
----0-----------0-----0---
----------0---------------
----00---0--0-0---0---00--
-----0----00---------0----
---000----0----0-000-0---0
----0--0-0-0------00-0----
--------0-0------0---0----
0-----------0----0--------
-0---0-0----------0-00----
-0-----0---0-0------------
-0--0--------------0------
-----0----0-00--0----00---
-------------0--------0---
0----------00----0---0----
-------0------------0-----
-0-------0-------0--0----0
0---0----0--00--0----0--0-
------0-0---------0-------
--0----------------------0
---0--0-0-0---0-----------
0-----00------------------

Generation = 3, Population = 412.
1.0**01000----00-1011110*-
001-1.*010---0*1-11--1-.0-
111*1-1*-0--*-010-0000-1--
--0-1.*.00001-10*101-*010*
0*-------*10-0-0---000-0--
0-*1-*-0*01**-*---------0-
.000---0----0---*-----10.1
---0-0000-1-00--1*--0--0--
*00-010-00---000---10111*0
10--111--*00-0-0-00----1*0
0-0-0--011-**000-000----10
-0---1*0-001101---1*00.-*0
-00------0-.1-0--0---*-*-0
-1*.*---01.-01--1.*010*1--
--10-0*1--1-----10--10--0-
01-1---11--0*000-*0---01--
1-10--0-0--0-*-1-11-01---0
0.---1-.-11--000-1--*.*10-
-0-1--0-0--10001110-0-1---
0.-*-1-*----010--1-0*-*-0-
1*01-000--1--1-*--1***0*-0
0-----0----*-1-----10-101-
-*100100----*-11*1--11-1--
--0-1--00--0-0001-----00-0
-0------*100*0010--*1-1-01
10-000*-0--01--*-0*110----
0-01*0-001--0--0-*-0000---
-0-0--1101-011-0--0-0--1--
--00--101--000-01--0-0-00-
-0-0-*-*11------0-0-----0-

*** Life<Cell> 37x10 ***

Generation = 0, Population = 9.
0---------
----------
----------
----------
----------
----------
----------
----------
----------
----------
----------
----------
------0---
----------
----------
---------0
---0------
----------
----------
----------
----------
----------
----------
----------
--0-------
-----0----
----------
----------
----------
----------
-------0--
----------
----------
----------
----------
----------
------0--0

Generation = 5, Population = 91.
-0---0----
0-0-0-----
-0--------
----------
-0--------
0---------
----------
------0---
-----0-0--
------0---
---------0
--00----0-
-01*0----0
--00------
-----0-0--
----0-010-
------*-0-
------00--
---------0
--00----0-
-01100---0
--000-0---
-----0----
0-----0---
-----0-0-0
--0---000-
-0----0-00
--0----0--
-0-0-0----
--000-0--0
--0-00--0-
---0--0---
-----0-00-
-------0--
-----01*--
--0--00--0
-0-00---.-

Generation = 10, Population = 111.
----0-----
----------
--------0-
----------
0---0---0-
---------0
--00--0---
-------0-0
-11--0----
---1-----0
--1*--0---
-001-0----
.*.*.---0-
--0--11---
0--0-0*.-0
-0-*1*1.0-
00-01...*.
-0---..*0-
--11--*1-0
-----11---
-.--.--10-
---.-----0
---0001--1
-0-----1-0
-11.-101--
---1---.-1
---00-.--1
-0--------
----111*1.
---.------
--.01.*11-
-----*11--
0---1-1-.1
---01*01-1
0000--...-
------0-*1
--11*-.*.-

*** Life<Cell> 4x31 ***

Generation = 0, Population = 10.
--------0----------------------
-------------------------------
-------0---------0-----00------
--------0-0---0-------------0-0

Generation = 3, Population = 52.
-----01---10--0-0-0---0110--0-0
-----00--010-0---0-0-0000000---
----0--0-1----0---0--1*11*-00--
-------000---0-0-0-0-00---10-0-

*** Life<Cell> 49x29 ***

Generation = 0, Population = 56.
-0---------------------------
-----------------------------
----------------0-----0------
-------------------------0---
-----------------------0-----
-----------------------------
0----------------------------
--------------0------------0-
-----0------------0----------
---------------------------0-
--------0--------------------
----0--0---------------------
-------------0-----0---------
---------0---0---------------
--------------------0--------
----------0--0---------------
----------0----------0-------
----------------0------------
----------0-----------0------
-----------------0-----------
----------0------------------
-----------------------------
-----------------------------
-------------------0---------
----------------------0------
---------------0-----0-------
-------------------------0---
-0-0------------------------0
-----------------------------
-0-------0---------0----0----
-----------------------------
-----------------------------
-------------0--------0------
-----------------------------
-----------------------------
0------------------0---------
0----------------------------
------------0----------------
-----------------------0-----
-----------------------------
0--------------------0-------
-------------------0---------
-----------------------------
------0-0---0----------------
-----------------------------
-----------------------------
---------0-------------------
----0------------------------
-----------------0-----------

Generation = 4, Population = 209.
-0---0----------0-----01-----
-----------------------------
10----------0-----0-0-----0--
--------------1------1-.---0-
-1---0------------00--.--.-0-
---------------------------0-
--0-1---0-------1-----1------
----0--1--0-------1----1-0-0-
-1-------1---01----1--00-----
---------0---0---------0---0-
0---0-------1-------1--------
0--1----1-11-.1------------0-
-----1---10--1-*-01-.*-0-----
-----1---1*-1.0-11---------0-
--------1-.--0--1--.-.*-0----
----0-01-.-..-0--------------
------0---.--11--1-*.-.--0---
---------1--1*---.--0--------
------0-------1---1-*.----0--
----------1-----.--0-1-------
------0---0---0------10------
---------------01----0-------
----------0-----------0--0---
-0-0-----------0-0-----0----0
----------0-------0-------1--
-0-------0-0-----0------01---
---------------------0-------
-0---0-0-----------0----0-0--
-------------0---------------
-0-----------1------1*-1----0
-------------------------0---
10-0---------------0--------0
1--------1-------00-------0--
-1-------0--0------0----1----
1----------------------1-----
*0*-0----------0-------1-----
*0*-0--------0-------11------
*-------0-------0--0---------
-------------------0-------0-
1-----0-0---0------*---------
0-0-0------------1-.-----0---
------------0--0-----.-0-----
---------0-------------0-----
--0-----0-0-0---0------------
0----------------0---0-------
-------------------0---------
-----0-------0---0-----------
0---0-0-----0----------------
---------0---0-------0-------

*** Life<Cell> 3x15 ***

Generation = 0, Population = 44.
000000000000000
000-00000000000
000000000000000

Generation = 4, Population = 11.
-.-0-------1*.1
---0---0---0---
-.-0-------1*.1

*** Life<Cell> 37x49 ***

Generation = 0, Population = 132.
------------------0----------0----------0--------
-----------------0----0---0------0---------------
-----0----------------0---0--0-----------0-------
-------------------------------------------------
----0---------------0----------------------------
-----------0----------------0------------------0-
-----------------------0---0---------------0-----
-------------------------------0-----0--------0--
0-0---------0----------------0-------------------
------------00------0------0---------------------
---------------------0-----------0---------------
-------------------------0--0---0----------------
--------------0------------------------0---------
-0------------0-0-----------------0--------------
----------------------------0--------------------
-------------------------0-00--------------------
0--0--0-----0----------0----00-------------------
--0--0-------------------------------------------
------0----------------0----------0--------------
-----------0---------0-----------------------0--0
-------------------0-0--------------------0------
--------------------------------0-------0-----0--
-------0-0----------------------------0------0---
---0-------0-0----0------------0-----------------
----------------------0----------------------0---
---------0-0--00------------------00---0-0-------
------------0-----0-----0-----------------------0
-----0-----------------------------------------0-
-----------------------------00----0-------0-----
------------------0-0----0------------0---0------
----------------------0----------0----0------0---
--0-----------------------------0------------0---
-0--0-----------0---------------0-----0----------
------0-0---------------0--------0-------0-------
----0--0----------0----------0--00------0--------
----------------------0--0----------0------------
0---------------------------0---------------0----

Generation = 5, Population = 780.
---0*10----0---0-000.---0-.--1--0100----1-10-0-0-
-0--00---00-----01*1---0--10*--00-0--10--0-0000-0
0-0-.---0-00-0---00---*1-1*.-.--0*0-0-0-.-0----0-
-00-----00--0---0-0---1000.--0--00--010-0--0---0-
-0-0-.---0-01----0-00-00*011---000---0-0-0-0--00-
--0--00----0-1--0----0101-*-00--*-0----0000-0-.*0
----0-00----10-0-00-0**1----0-----00--0--1-0--0*-
0-0--00-0---.-0-0--0100001-*-.--**--0---0-10---..
-0-0-0--1----0.-1--0-0-0-10----.-*-0--0-000----00
------00-*0.--.1--0-0-0-10--*-0.1--0-0-0---0--0-0
-0------00--.----10--00*-1--1*0-0-0--*0---0-0-00-
--00--0---0---1--00-0-01*--*-*-*10--1-0------0-0-
---*00-0-010-0---0*0-00--0-0*-000-0--00---0-0-0--
01-------010--*-1010-0--0-0-*--00000-0-0---0-----
-00--0-0--00-0----0-0--*--1-..0-1-*0--0------0--0
----0-000---0---0-----0---0*----0-1----0--0-0-00-
0.-0*1-*10---0.-*0--0.0--*---1---*----0--0-0-00-0
-000.--0-10--0*-10-0-1--00-0*000*0-0-----00----0-
10--0--*--1--00000-.00----0-1---1-0-----00----0--
0--10--*01--0--1--*--.0.-00-*---1-----0-1-00--*.-
-0-*0-*--1-0-----1-1-*--0-0-1100--10-0.-*---0*-00
00-00*0-0--*0-*-000---0000-01--.-0.*0-.--**0--001
-----*10--0*-1-----0---*10-00-----0----0*-1101---
---00*--01-*-1.---001-*-0---000-.-0.0------00--*-
-------10*--------*-1*------0*--0-0-00-0-1**0-001
----0--*-11*0.1.--------0---0--*1.1----110--01-1-
-000-00------0.-.0--*0---0-0-11-0--.00-00-01--.--
0--1---0-1----0---.-1-0--00-0-0*-011--0---1-0*010
01---00-0----0--*0----*001*0.1-*-**--1----0001010
-0---0-011----0**01-11-100--0-0-0---1--1--10-.--0
0--0.-0--0---0-010-0-0-0.0-001-011*---*--1-0--0--
------*-0---------0-10-0-*-0--0-11-000---.010-0.-
-----1*1-00010----00-00--0--0.10.0.-.0------*.-0-
---0-----0-0100--0-00----.-0**--.-000-10-01--*0--
--0----0-0---0-0-----00-0*--.-1-.----1-00-0-0-0--
--1-0--00--0--0-00*01**1--110-0-01-0---0-0--010-0
0*---00-0------0--10-000--0-1*10.10-00-00----0-0-

*** Life<Cell> 45x42 ***

Generation = 0, Population = 70.
------------------------------------------
0-----------------------------------0-----
-----------------------------------------0
----0-----------------0-------------------
------------------------------------------
--------------------0---------------------
------------0-----------------------------
-------------------0------------0--------0
---------------0-0------------------------
---------------0-------------------0------
-------------------0-----------0-0--------
---0------------------------0----------0--
------------------------------------------
------------------------------------------
------------------------------------------
---------------------0--------------------
------------------------0-----------------
-----------------------0--------0---------
-0---0------------------------------------
---0------0-------------------------------
------0-----------------------------------
------------------------------------------
--------------0-0------------------0------
------------------------------------------
-------------------0---00-----------0-----
----------------0--------------0----------
------------0-----------------------------
------------------------0-----------------
-0----------------------------------------
-----------------------------------0-0----
----00----------------0--------0------0---
0------------------------------0----------
-----------------------------0------------
------------------------------------------
-0-------------------0----0---------------
-------------------------0---------------0
----00------------------------------------
------0--------------------------0-----0--
----0----------------0--------------------
---------------------------------------0--
------------------------------------------
-----------------------------0------------
--0--------------------------0------------
----0--------------------------------0---0
------------------------------------------

Generation = 4, Population = 232.
-----------------------------------------0
0-0-0---------------0-----------0---0---0-
------------0------------------------0-0--
0-------0---------00------0-----0--------0
---------------0-0------------------------
0--------------10--.----0----------00-----
--------0-------0--1-----------0-0-------0
---00---------------.-10------------10----
-----------1-00.0--1-1--------------------
-----------0---1-.-11----------1-.-----0--
------------0--.-------0---0-0-----.-0----
-------0-----------1-1--0----------*------
---------------1-0------0-----------------
---------------0-------0--------0--0------
-0---0-------------1-----------0-0--------
----------0------0-------0--0----------0--
------1-------------0-------0-------------
-------------------0-------00-------0-----
-----0.--0----0-0------------------0------
-.---*00------1------0--------------------
--1-------1--------0---1------------1-----
----------------0------1-------00---------
-0---1----1-------*-1----------1----.--0--
---0------0-------------1-----------------
-0----0--------0---00--*-.-10---0--.----0-
------------1-------0---.--0---------0----
----00--0-----*-------0--------1---0--0---
0-------------------0-------0--*----------
-0---*-------------0---11----0------0-----
----------------0--------------.-*-----0-0
1--.--.-10--0-----0--1-----0------11------
--*-1-------------------10-1-------0-----0
-0--**-------------------0-------1--------
------0--------------------------0-0-0-0--
-0---------------0---0---0----11------0---
0---0----------------0-------1-0-----0----
1*-1.1--00-------------------0------------
--0-0-----0------------------------0-0---0
010-----1--------0---0---10--1------------
----0--------------------0---------0-0---0
----*1-----------------------.------------
------0------------------0-------------0--
0---.-1--------------0---0-------0--------
1-.-1---0--------------------.---0--------
--*--------------------------*------------

*** Life<Cell> 14x44 ***

Generation = 0, Population = 134.
----0--0---000-------0---00--------0---0----
--0----0---0----0--0---------0---0----------
0-----0--0--0-0-0-00--0-00---0---------00---
0------0-----0-------0---0-00--0-00------00-
---0------------0--0---0---------------00---
-------00--00----0----00-00-----------------
---0--0--0-----0-------0-0-0--------------0-
0---0---------00-----0------0---0--------0--
-----0-0-0--0----0---0---00-0------0-0------
--------------------------0-----0-0------0-0
-0------00--0----0----0---0---0---0--00--00-
------0---000---0--0----------0-------00-00-
-----0--0-----00----0----0--0--0----------00
--0------0----000-----------0-----000---0---

Generation = 6, Population = 282.
-0*1-1-.--.**-***1*--**-**.1-*.*0.-.1-1**1-0
--0--0-.-001-0-0.*.*-10001-1.-1*--1.0--01110
.-..-*--*11---*0*-..0-.-.---..---11-1-*.*--0
.-.--110-*1.-0-01-----1.....-0..****----****
1----*0*110-..----0.-0-.*1-.-*----010.**..11
0-01---.-0--..-.111.-...1--*11.**-*0-0-0**-*
*0*-1-*1---.--.-.1-001-.0*.0-*.-1-0---1..--0
1-*011-*.---*.-1.-1*0..--.-----.*-10-.0---0*
1-1-11*0--.10-.--01-**.-.*-1..-10.-*---1-1--
--0-10-*01---0--.1---.1-*0--0-10--*1-**01.1*
-01*1-.-..0-.--01*1.0-1--1*00-1--01--.-0-**.
--0-0-**0-.10..-1*--1.1.10.--110----*-.*0---
-01-.00.*-.*-*0*.-*0*--111-*.1-0-0*--.*0-...
0-000011--11-.-.***-*1-1-00..--1.1.011*-..-0

Generation = 12, Population = 241.
.1*...0.**..**.**..*-**1***.1...*.1*.*....--
*0...-.*.1**.*......1.*-..1.*..*1-*...-....*
*1..-.*-***.-..1.-..1-...-1-.*-1*..0*-...-.0
*-.--..-*.*..--1*.--*........***.*..--.**..*
*.1...*.*.-.*.1.-1*.*0....0.-.--..*....*..-.
1--.111...*1.*1...*....*-*-.1....-*-**10...*
**.*.*.**..**1**.***.*1*0...*..*111-1.*.*-10
--*-*.*...--.*-*....-**..*-*-.1*..*-..--1..*
*0*1..*.**..*1.-*...**.-**.-..-.1*1.0-..-.1*
.-*1.0-.-.-..*01...*-**-..-...--00*-0..-...*
0.1..*.*.*-1..*-...*.-..1..1*0**-.*-..-11*..
0-0-**.*0*.-...0-.*--*.*...10.*0*011*.*.1**1
-**-**......*.-....*.---..1...*-*0.*-.*-**..
0..--**.-1.**.-.....**0.0-...**.......*-..--

*** Life<Cell> 3x13 ***

Generation = 0, Population = 34.
00-00000000-0
000000-000000
0000-000000-0

Generation = 10, Population = 11.
.1.**.-...-.-
-*.***-*-..-.
**.1..-...-.-

*** Life<Cell> 32x12 ***

Generation = 0, Population = 68.
-----0---0--
------------
0---0-------
-----0--0--0
------------
---0--00----
----0-0-0-00
00--0-----0-
----0---0---
-00-0-0--00-
-0---0--0---
--------0-00
-----------0
0-----------
-----------0
-----0------
------------
-0----------
--0--00-----
--------00--
---------0--
--0---0-----
0-----0-----
-0---00-0-0-
0---0------0
00----------
-0-0-------0
------------
---0----0---
---0------0-
---------0--
-----0-----0

Generation = 10, Population = 173.
.***..01---.
1..-*.-..**-
.***1.*0*.*.
***0.1-0-..0
.--0-**.*0..
.1..-10..*.*
0*.-...*.1-.
.*.....0...-
1*.0-...*-1.
.**-*...**-*
-1*-1-*....1
..*---*1.*1.
01*1.*....--
-*10...-*1**
11*1-..*-0*0
.*.*101---.-
100--*.-.-.*
**1--.-*01*-
1.1.-.*..*-*
0*-.-***.-.*
.0*1**0.****
..*1-1*1...-
0.....-1*1-.
.1.0-*-*0..-
..0*-..*0-.-
-0--.-*..0-.
-*--****.1-1
-*-.--.*.*.-
*1..1*1.*..-
-1*.**1-.***
...*-.0-1.1.
-.0*-*...**-
