*** Life<Cell> 8x13 ***

Generation = 0, Population = 51.
-------------
-0000-00000--
--00---00--0-
-000-0-0-0000
--000000-0-00
---00-0--00--
-0-000--00-00
-000---0-00--

Generation = 9, Population = 41.
-***.-*.*-*..
*..1..--.-..-
**.*0.-.-...*
.*.-*1-*-0*.-
1*.......**0-
1*.-***.-..0-
-.1..1*1-.1.*
..***..-.1.*.

Generation = 18, Population = 19.
-***.....-...
*.....-*.-..-
*...0*..*....
........--...
*......*...--
*.*1....-..--
**..***...-..
.........-...

Generation = 27, Population = 9.
....**...-...
**..**...-..-
**...........
........1-...
...........--
........-..--
..........-..
.........-...

*** Life<Cell> 8x18 ***

Generation = 0, Population = 75.
------------------
---0---0-0-0000--0
----000-0000---000
---00--00000000-0-
-0-0000-0000-00000
-0000-00-00000000-
--000000-00--00---
-000--00-0--0---0-

Generation = 8, Population = 71.
-*1**0---.0.-**--*
-...-11*..*.01*-1*
1.*.**.*-**-*---.*
1*.-.0*..-.*1*-.**
.*-.-1-..***0*-.*.
.-*0*1....1.1.*.*1
-1.-*-*.-**0-*.--.
..**---*-*01*-**11

Generation = 16, Population = 47.
.*...-....-**.....
*.*..**....***....
..*.*.....***.1.*.
*..*......*......*
*.1.0-.*.*..-.-..*
.1......*........*
1....**.-.*-***-**
..***.-.-..***.**.

*** Life<Cell> 8x17 ***

Generation = 0, Population = 29.
-----------------
----00---00-00---
--0-0-000--0-00--
---0-------------
---0-0---000----0
-0------0--000---
--------0--------
----0----------0-

*** Life<Cell> 13x15 ***

Generation = 0, Population = 93.
---------------
--0---00--00-0-
-00-0---0--00-0
--00-000--0----
-00000--0-000-0
-0-----00-00-00
-00--00-0--00-0
--0--0-00---00-
-0-0-0000-00--0
-000---00-0000-
---0-00000-00--
-0-0--0-000-0--
-0--000000-000-

Generation = 9, Population = 65.
--1.*-----*.*-*
*0..--..*..-*-*
*...-*.--*.11.-
-1..-.*.-.....*
--*.--...**..-*
--10*.0..--.*-.
..*0.-1..*-1.-.
.-*0.-...1-*.**
1.**...0-.-*-**
-*-..*-...-..--
-1-0-....*-..11
-1**...-.**0111
-..*..**.---.1.

Generation = 18, Population = 56.
.-....****...-.
....--...**1*-.
.....**-*..**.-
*-*.-*.*1..*...
*..........*...
*...*......*...
....*1....-..0.
.**..***..-....
.**....0....1..
-*-.**-....*...
.1****...**.**.
.-***....*..-..
..........***..

Generation = 27, Population = 41.
.-.............
...........*.*.
....**.-.*.*...
.-......**....*
....**.*....***
.*..**.**.**.*.
.****..**.-**-.
..**..*.*.-....
..***.......-..
.***..-........
...............
............-..
...............

*** Life<Cell> 26x24 ***

Generation = 0, Population = 77.
------------------------
-----0------------0-00--
-0----------------------
-----0-------0----------
-0----------0------0----
---------0---------00---
---0---0---00-----------
-0----0-------0-0-------
-----000------0---------
-0-0----------000-00----
---0--------------0---0-
-------0------0---------
------00----------------
---------0--------0-0---
------------------0--00-
---0----------0---------
---00----0-------------0
--------0------0----0---
---0--------------------
-----------0-0-------0--
--00--------------------
-0-----------0------0-0-
-------0------00---0----
-00-----------00--------
---0-----00-------------
---------------0---0----

Generation = 10, Population = 259.
-*--0*.---1*-01----....0
-.0.11**0-*-*0***-.*...*
-1-.01..*0-*.*-*-0*0*--*
1.-.--.*-001.*1.*.*.--10
-.0-.---***-...-1.-*--..
-.*-0*..--*.**-***.1....
-.1011*--0...-...-.1*0-.
.01-.01*0*.1.1.--*-1111.
.0-.*...-0.1.--*.1...00-
..-.*1..---..-1-***...-.
*.***-11-*-1*--**1.-..0-
-.-..*.*0*0.1--.*.-*--**
*1...*....1.-*1-**-0*-1-
-*010.-0-0..-**-*-*..-.*
-10.----..1..*.-*-*.-...
---.*..111..-*-*01.--.*-
**.*-.*.0*.*----0-1.0**-
-*-.***---..-*-*-.-...--
-0*1*11*1-1-.-.*10--0--.
.11-00*..10--..-----1-*.
****..*00*----.*-0---10.
-*1..-1-1.1.0-.0*....**0
*.*01..*-*.*-1-*.....*-1
..**.1*-*---.*01..**.--1
-*----..-..*-.-*...1-.--
--**1..----.0*-1-***..**

Generation = 20, Population = 217.
-..--*..*1...1....-.....
1.*...*.0....-.**-*.....
-.**-....--.....-***.1**
...**......-....*..*.**1
**.*..-....**...1.1..1..
.*.1-**.1..**.....*-....
1....*.**1.**......*.-.*
.*.-.*.***.*...**.*..*.*
........1***..*.**..**1*
**....*....*..*-**....**
.....-.**.**..1*......*-
..*...**1.........**.**.
***.*..*....**.-..*..**-
***.1*.01..*.*.......-*.
..........**...-**..*...
-.-.....**.*.******0...*
.*.**...0*.**.**...*...-
-**...*.-...*.1..*1...-0
...**-...*.-.**.*..*-.*.
..*......**.1.*-*.-.*.*.
...*****.**1-1..--****.*
..***-.-..**.....*...**1
.....*.*..........****.1
.*..*...*..1..........-.
*.*---.*....-.*.*..**.1-
.*****....-.....0..**...

*** Life<Cell> 13x16 ***

Generation = 0, Population = 20.
----------------
-0-0---0----0--0
----0----0--0---
----------------
--------------0-
----------------
-----0----------
--------------0-
----------------
----0-------0---
-0---0-0-----0--
----------------
--00-----0------

Generation = 5, Population = 86.
---0-----.00*0--
0-----00---0-.1.
-0---0--0--.-*-0
0---------0---*0
-0-01--0-0-0-0*-
0--*--0*0-0-00*-
-0---1-10-001**0
--0000-0---00-*0
00110---0----0*0
-0-0-------0--00
00*-----0---0---
00----0--0-0-0--
-0***--0------0-

Generation = 10, Population = 84.
--011*00.*...***
-0-0-----.-.....
0---.--*1*.*..-*
-0--11--00---..*
0-*-.-*1-1..*0.*
-*-**-*.*-*01-.-
--1--*1*-1-1....
-01..---1---01*.
...-.*1.---0-**.
-**----.-00-1-.-
10*11-*-00---.-*
0.-*----00--1-.1
--..**1-.---111*

*** Life<Cell> 13x8 ***

Generation = 0, Population = 44.
--------
-0-000--
-00-00-0
-------0
-0-000-0
-0----00
-00--0--
--0--000
-0--000-
-00---0-
-00-00-0
-0--0-00
-00---0-

Generation = 4, Population = 47.
-100.---
-..11-11
***--0**
---1--11
1.-101.-
-0-**-.0
*-1.--.-
*0.--.-*
0-11*-.-
1.*--.-0
*--00*-1
1---*-0-
10--...0

Generation = 8, Population = 50.
-.0-*-11
..**.1**
.**---..
--1.-1.-
1*1.1..-
10-.*-*0
*-**-*.-
.1.-0.1.
-.--***0
-.*-*.*1
.*01**1.
.001.-0*
1.....*-

*** Life<Cell> 28x24 ***

Generation = 0, Population = 138.
------------------------
-----00----0-0-0-0------
-0---0-00---------------
-------000-0----00------
--00-----0--------0-0---
--0-------0-------0-----
--------00-----0--0-0---
--0----------0-0---0-0-0
-0-0---00----0--------00
----0-0--0-00---------00
----0---000-----00------
-0-0-----0-000--00------
----------0-----------00
-0-------------0--------
-----0------00--0-------
---0-0-----00-------0---
--------00-----0-----0-0
-0---0--0-----0--0--0---
-----0--00000---0-000-0-
----------0------0--00--
------0----000------0---
--------0------0--------
----------0---0----00---
------0----00------0----
--------------0-00------
---00-0-----00---0--0--0
-------------0----0----0
-0-------00-----0----0-0

Generation = 5, Population = 340.
0--*-*0***0------010----
0*--.-.-00-00--0--11--0-
-01--.10--0-1-0-011-1--0
00.1*-0*1-0*0----.---001
**-*.*1-0*-*00--.*--0-0-
*0*-*--0-1-.-.-*-*-.0--*
0*100010***1*01*.*-10--1
111---1--*-1..0.-0---1..
0.*01-0---1**---0.---1-.
----.10-*-1-..-1*1-11110
*10-*---111*11*.10-101-0
----1*0-*-1.1.-.-1-100.-
0*0*---*--0--.**-111-.1*
----*.*0--00--1----**--*
0-0--*-0*--1010-*0*-0-1-
-00*0-01*-**-1-*-01-.-0-
-0---1-1-.-----0-*10-.*0
01011..1-**--1-0.-*-11.0
0*0-*1--*1--*-1-*1*-*-1*
-0---.0-10---*1-*1-0.10-
---0-1---0---.-.*--0-*--
0-0---*0*--*1.1-0-0**0-1
--000*.-*-0-*.-1---0.**-
01*000-*1.-1*-00--0---01
0----0-0--*1110-.-*-*1-.
1--*.*0*.100**-11.--011*
0-001-00--0--*.10**0-.*-
0--*--.--..--*-01*-----1

Generation = 10, Population = 272.
--**-.1.*.1-0-1*0*.**1--
-.*1.**--1-1.-.---.*-0.1
.**--**--0**.1-*--**110.
0..-...*-*-*..**-..--*.-
..-*..1--.0*-*.*.**0.-*-
.0*-***.*--*-.1.-.-.*.-.
..*1--.1..***0***.*.-*0*
*.*-0-..-.0-..-**-*.-.*.
*..-.--.*1-...0.1.-*01-.
1*11.*-1..1-....*-*-.*11
*.-..**0**-*.***..**-.**
0*--1...*--...1.-1..*-.1
**-.1**.--111...0-*.1*..
-*--.*..--0001..---**0-.
-*--1*0**1-*-.1-*-..1-.0
*-***-*-.-*.....-.*-*---
*.-1-1-1-.--1*-*-*1..*.-
*-.*1.*.*....-.*....***0
-.-*.*1*..--*1*-.*.0.**.
-.--0*0--**--.--.-*1**00
*1--*---..*...-...-0-.01
*--.*-*-*00.-.-01-..**--
1-.1...1.-1-..-*0-.....-
--*1.*..-.-1*111**--...*
--*0.-.--0....1..1.-.*..
*1*..*..*.11..-.-.---*..
-0-*.-00-*1*-...-*.-...-
..-.-.*1*..1-**-..-.-0-.

*** Life<Cell> 27x14 ***

Generation = 0, Population = 65.
--------------
-----------0--
-------0--0---
-----------0--
------0-------
--0---00-00---
--------------
----0-----0---
-0----------0-
--00-0---0--0-
--------------
--0---00-0----
------00------
-----0--0----0
---0-----0---0
--000--0-00--0
-------0-00--0
---------0---0
---00-0---0--0
--------------
----0---------
--0--0----0--0
-------0-0----
-00-----------
---------00---
---0----0-0---
-------0--0---

Generation = 3, Population = 182.
------0-0----0
-----000-10-0-
--0-01-0*--0-0
-0-00---0--10-
0-001--110--00
---0-*0*0**-10
---000-000-010
--1---011-100-
000-0-0-0-*---
11.*-1*---0---
010--0-*00-0*-
-01-0*01--011-
0---1-00-0---*
-0--*0-1-0--01
-1--0-1*-.1-00
1**-.--.-1-0--
00--*1*.111---
-----0---.*--0
01*----*-1--*1
-----1--01*-00
0-**--010----*
1-1*1-0*1-0---
-0--1--1001---
--.---001-----
0---0--1-.1---
-0-00-1--010-0
--0-0101-01010

Generation = 6, Population = 164.
---001-*-0*00-
0---0----..-00
--0-0**0.*1*10
0----1--1-01-0
0-.-*-1----0.-
----0.0*-.**..
---0---*-1----
--.--*-*.*----
-.1.--00--.-*1
....*1.1--.---
-*01--*.-.--**
-----...0*1.*0
00--1-0*0-1*-*
-1--.1---100-*
-*-*11**0*1-10
-..-..**-*1--*
0-1-**..**----
110*-.-**..001
-1.*---*0.--..
1-1--*0*0..-11
*0*.1--*---11*
**-.*11..---1-
--01..-.--1--1
*..--*.-1-110-
------0*0*.*0*
--..**.0*-10-1
-0-*-1-.-1*.1-

Generation = 9, Population = 170.
0-0-1.1.-**0-0
-00-00-0-..---
-010-..1..*.*1
10---**1**-***
.1.*.-**.1.-.*
-0-0*.0.-....*
-1--1--.1.-*--
00.*0.-...1--0
-.-**-.-***0**
...*..*.*1.1*0
-.-.11.**.00**
--11-...1.-.*1
.0*--*1.-**.-.
0--0..--0*-0-.
**-.****-***.*
...1....0*---*
--.***....*-.-
-.-*1.-...*1-.
-...---.**0**.
*-*-**-.-*.-1-
**...--.-1-*-.
..1****..-1*.*
11-...-*--.***
.*.00**0*0*.--
0-0-**1*-....*
-0..***0.1*0-*
0--.-...-*..11

Generation = 12, Population = 153.
1-1*..****.100
--*0-.--**.1*1
01*1-*.-*..**-
*-1-*..-*.-...
*-...-*.*..-**
-11-.***0.*.**
-*--1-1*-.1.*-
.-..*.-*...-*1
-.-....*...1..
**.*.....1**.-
-*0.****...1*.
-11*-.*.*.-..1
***1....-.**0.
1.--*.-*..0.1.
.*-..**.1..**.
.*........1**.
-1*..**....1*0
-.1*1.-..**1-.
..****0...-.**
**.0..*.0*.-.*
*....--.*.**-*
*...*....-.***
.-*.*...1-***.
..*1...-.0..-1
-0--..-.-.....
0-.**..-.1.-1.
--0.-...*....1

Generation = 15, Population = 129.
-1***......1--
00.--.--..**.1
-***0.*1...*.*
.1.**..-..1*.*
***..1***..-.*
--.-.**.-..*.*
*.--*0-.1....*
.-*..*0***.-..
*.1.*.*..*..**
....*.....*..-
-.0*.....*.-*.
-.-.0........-
..****..1.*.-.
.**-..-**.-*-*
.*1....*-*****
....***..*..*.
.1.*.....*..*1
*...-.-**.*-**
..*...-.*..**.
*.*-..*.-..-*.
..*..-0.....1.
..*.*.*..-..*.
...**..*-.....
.*..**.-.-..11
-101*.-.-.*...
1-.....-.-.--.
--1**........-

Generation = 18, Population = 106.
*1*.**......-0
*.*-1.-1*.*...
1...-......*.*
.-**.***...*.*
*....1.....-.*
-..-.**.1..***
***-.--..**...
****.*1..*.***
...........*..
........***.*.
1.1.....**.**.
0.1..........-
.....******.1*
...0..-.*.-...
..1.....1..***
..........***.
.-...........-
....-**.......
...****...*..*
....**..0.*-..
.....--.....-.
*........0....
.*.**...1.....
.*....*-.-..**
-*0-..*.-.....
-1.....-.-.--.
*1*..........-

Generation = 21, Population = 83.
.-..........*1
...1..1.......
..*.**.....***
.-..*.....*..*
...**-.*.*.-.*
-..-*..*-*...*
.*.-*1-*.....*
..**..*..*****
.......*.....*
.**...*..*....
......**.*...*
.....**..*.*.1
.....**.**.*..
...-.***...*..
..-......*....
..........*.*.
.-.........**-
....-..*......
.....**.*.....
.....**.-.*-..
.....-0.*.*.-.
.*.......-....
.***....-.....
...**..-.-....
-.-1*...-.....
-1.....-.-.--.
.............-

Generation = 24, Population = 69.
.-..**........
...*..*.....*.
......*.....*.
.-.*.....*....
...**......1..
-.**.***-..**.
..*-...*.*....
...*.......*..
.........*.*..
........****..
........*.**..
........**....
......*..*....
...-.***.*.*..
..-..*****.**.
.........*...*
.-.........*.*
....-......***
.....***......
......**-..-..
.....**.....-.
.........-....
.**.....-.....
.*.*...-.-....
-*1-....-.....
--.....-.-.--.
.............-

Generation = 27, Population = 77.
.-..**........
..............
...*..........
.-...*....**..
...**.....***.
-.*.*...-**.**
..*1*.........
...**...***.*.
.......*...**.
......*...*.*.
......*.......
.........*....
.....*....**..
...-.*.....**.
..-...*......*
.....**.***..*
.-...**.**.*.*
....-*....**.*
.....***...**.
.....*..-..-..
.....***....-.
......**.-....
.**.....-.....
...*...-.-....
0.*-....-.....
1**....-.-.--.
.............-

*** Life<Cell> 10x7 ***

Generation = 0, Population = 17.
-------
---000-
-0-----
---0---
------0
-0--0-0
------0
-0---00
-------
--0000-

*** Life<Cell> 27x14 ***

Generation = 0, Population = 88.
--------------
--00----0-----
----0-0------0
-0---0-0-0-0-0
-----0-----000
----0---0-----
-0-0---00-0---
-0--------0---
-----0--0-----
-0-000---0----
--------0--0--
--0---------00
---0---0-0---0
------00-----0
--0--0-0--00--
--0---000----0
-0--0---0----0
--0---0-----0-
-------------0
-0----------0-
-0-00-0-------
-----------00-
----0---0-0---
-000----------
--------0----0
--0------0-0-0
-0-0-----00-00

Generation = 4, Population = 168.
----*0*----11-
0-**--..-.--1*
11.1-.-1-0-0--
-0-0-.-0--0---
-1---1-1*--*0*
010--0---1--0-
-.-0-1-11-.-1*
1.----10-.-10-
---00*.1---*--
0---1-.--1-.--
-11.0.-.*--111
*11----1-10**1
-0-00--*-0---*
-0--*0..--1..*
0.10---001--*0
*-.-1-..-.1-11
0-1--*001--10*
*-*----10-01-*
--1-11-101----
---.-011----11
1*-.-*-10-0---
---.--001*-1.*
01-00-0-01*-*-
.*-*-*10----*-
---*--0---01-1
*-0--00*-.-111
-1--0-0*0**0*-

Generation = 8, Population = 152.
.0.-*1.0--..1.
11..--..-.-*-.
**...*-.**-*-*
-11*.*1-*-0--*
--1--.*..11**.
...-1-1-*---0-
0*-1*..1...**.
-.*1-1*1*..*0-
-*1*.***-1-.-0
-01*1-.1--*..*
-1..*.*..--*.-
.1--*.-.-1-*..
01.**0-.-**.0*
----.-..-...*.
.*..1..**.*1.-
*-.--1..1.11..
-1.--.-.-10.-.
.1..111.*1*1.*
0*.1..*.-.0---
1...-.1..--..*
.*1.-.0.0--1-1
--..0--.-.--**
.-*1..-0-..-*-
..-.-.-.01--.*
-*-**-1.---*.*
.*01--*.1.1..1
0-011*0****-*-

Generation = 12, Population = 164.
.1.-...-****-.
-*...-..1.-*-.
*.....**..1*-.
-1*.*.-0.-*-1.
--*0**..***.**
*..1*0.1**-.--
-**-*.........
-.**.-.1***.-*
-.-.**.*1****-
.*..1*.*1..**.
.-........***.
...-....-.-***
*-**..-*.*.*-.
.-11..*.-*...*
*.*.*......1.-
*1.0*1**...1**
-...*.1.*-.*-*
**...**.*..***
-..**.*.**.*1-
*.*.-*1**01**.
*.*..*.***0--1
*-*.-1-...1...
....*.1--..-.*
....*.*.1*1-.*
0.1..1**-*.**.
*.*.11..****..
1-*.1***...-.-

Generation = 16, Population = 116.
..*0..****.**.
-*****........
*..**.....*.-.
-.**..-..-*...
--*1.*.....*..
.*.-*-.*..0.--
-..1...*......
-..**..1*...-.
-.....***....-
...*...*1.....
.-..........*.
........-.-*.*
.*.*..-*.**.*.
*..*****..*.*.
*..****..*..*1
*..-**......*.
**....-.*-**1.
....*....***.*
-............*
..**-*...0**.*
..........-1-1
.1*.0*........
.*.**.*-*..*..
...*....*.*-.*
....*-..*.*.**
...**...**....
.-.*-*.....*.-

Generation = 20, Population = 94.
...-.*...**...
**...*........
*.*..*.*....-.
*.*...-*......
0*.-......*...
.*.-*-****-.--
-..*.*..*.....
-..*....*...-.
-..*....*....-
....*...1.....
.-...**....**.
......**0.*..*
......1*..*...
......*.......
...........***
...-**........
....**-..1..1.
....**..*...**
-..........*.*
....0......*.*
...*......-...
.-**-..**..*.*
.**..***.*.*..
.**........-*.
.****.......**
..*..*......*.
.-**.*....**.-

Generation = 24, Population = 81.
.*.-..........
****..........
*.**........-.
...*.....*....
-..*.*..*.*...
...1.***..**--
1...**..*.*...
-...........-.
0............-
...*.......**.
.-.****....*.*
....*.**......
.....**.*.....
.....*.**..*..
.......*...*.*
...*......**.*
......-..1..*.
...*..........
-.....*.......
....-..*......
.......**.....
.**.1****..*..
........*.....
..*...*.*..0..
........*.....
.*...**....**.
.*.**........-

Generation = 28, Population = 70.
...1..........
**............
.........*..-.
......*.....*.
0.....*....*.*
..**....**....
-..****.......
-...**......1*
-..........*.-
..*...*...*...
.**...*....**.
.**.*...*.....
...*...*......
..............
.....*.*......
......**......
......1*.-**..
.......*.***..
-....**.*.....
....1.*..*....
...*..*.......
.......****...
.**........*..
...........-..
.....*.....*..
.....**.**....
.............-

*** Life<Cell> 27x24 ***

Generation = 0, Population = 155.
------------------------
-0--00---------00----000
---0-000--0-0----------0
---0-----0----------00-0
----0-0--0--0----------0
------0--0--000--00--00-
-0----0-0---00-----0----
---0-000---0-----0------
-------0--00-0---0----0-
----0--0--------0-0-0-0-
------00------------000-
-0--0--------------00---
--0-------0--0---0-0---0
-----------0-0-----0----
---0----000-0-0------0-0
----00-0-------0-0-0----
-0--0-0--0-0------0-0-0-
--00-------0---0-0--0-00
--0------0-------0-0-0--
---0-00---0--00---------
--0-----------------0---
---0---------0-----0-0--
----00---00-------00--0-
----0---0-0-00--00--000-
-0--0---000--0--------0-
--0-------0-0--00-------
-0----------0------0----

Generation = 2, Population = 305.
---0-100--0-0----------1
--10--01-0---01--100---0
-1-*--0*--0---0------0--
----0-01-*-0000000-1-*00
-00000*----1-01----0-0--
----110-0*11*-*--*--1*--
---1---1000-0000-----110
-1-0--*-00--0-001*-100--
-0---1-0---0---------1*-
-0010--0-0-1--0-01-0*-0-
--0-01-010-0------1-*---
--010-11---0-1--01-000--
0--11-00-100--1--0-00-1-
-0---0-0-1-0-*------11--
--1-01-0*0*--10-010-1000
-----*10-0-------0--0111
----*-00-00*100-0101--*0
00-*-010-01--01---0-*10*
01*---10-0-----1-*0--001
-0100*-1-----*--01-11100
0-0--1----1------0---0--
-0-00-0-0--01-100--*1-00
-0-00-1--*0110--10--01*-
---1----*-00-0-1*--0*0*1
-001*1-100-----1--0-1-*-
0---------------*-0-001-
---00---00--*10--0-0-00-

Generation = 4, Population = 294.
---*0*-0-00------------*
00.-*-*.0--0-*1**.--1*1-
--1.--*.1100110-1----*--
---*---1-.-0-*--0--.-*-*
1-0---.--0-1--.-10-*--0-
-11--*01-.***-.01.*-..1-
-11.0-1*0------00---1.1-
-.0-11.0--01-1-*1.0*--11
--000-1*--**0-01-1001-.1
1--1--1-1*------**--*---
-00--.*--0-0-11-0110.01-
11-**11*0--0----*--0---0
00--1-0*--0---11--00*--1
--011----10*-.-01-1-*---
--1-*.--.-*011*-*.*-*0*0
0----..-10-1--00----0.1*
110-.0-*0-*.1-00*.*.*1.*
0-1.--1----1-0-01-0-..0.
0-*-111-0---0-01-.00--0.
-01-0.-.1-1-1.*0*.1.11*-
0----.--1-10-1--1-1-1---
---0---0--101-.001-.1--*
1-0--1.-1**-*0-1***--*.-
0--1-1-0.00-----.-0-.*..
0-0*..0*-*---*1.11*11-.-
0-100---0-10*11-.1--0**-
-----------1*--1--10---1

Generation = 6, Population = 304.
-11.*.---*---11--0-----.
**.-.-..-11-1....*0*..*-
--1.-1**1100-1-11-00-.0-
10-.-01-0.001*-1--0*-.-*
-**0-**0-01-1-.-*--.10*-
0-.11**10....*.-..*0..--
--*.*01.*1--*11-*1--1.-1
-.--.*.--101---.1*0*1--1
110-0-1.0-.**1-1-1--1-.*
---.01-1.*0--10-..--.0*-
-0*--*.-*--*-.*--.10*-.0
-*1..--.*--*-*00.------*
00-*-1-.--*-0-*--*0-.1**
1-01.*--1.-.-*10-01*.-1-
1-*-..0-.1.01-.0...0*0.-
--001*.1--0*10--100-0*-.
*-0-.--*--**---0...***.*
01-*1-*-0---0-1*--0-*.**
--*0-1-1*--0-1-.-***--0.
--1-**-*--.-**.*..-*-1.1
0-*-1.-0.-.001011**0111-
0-0011*0--*-11*0---.*0-.
.---1..-...*.--1.**11..1
-1-*0.1*.-01-11-.*-1...*
010...-.*.-1-*-*...111.0
*0--*1--01.-*.11..*--..0
1-1*--00--01.1-1-0.--1--

Generation = 8, Population = 282.
01....1-1*100.*1-*0100-.
.*.-.1**-.--1*....-..**-
0--.11....---*01.1**1**0
*01.--.-*.**..0*1*-.-.1*
**.--.*0---*.1.-.*-*.-.1
-1.1....0.*....-*..-..*-
-*...--..-0-*.*-.--1..*.
-.0-...----1*1-.-.0..--1
*----1-*01.*.1*-1*--.1.*
-0-.0-*-.*----0-..-*.*.1
1-*-1**-*1-.-..0-*.-.1.-
1.-..1-**1-.-.0*.*011--*
-00*1*1.0-.*0-*--*-1...*
--0-.*0-1*1*-**01-...-.-
*0.-*.-1.-.-1*.***.-.-*0
1--01..*--0*.---*----***
*-*1.-1.--..-*--...*..**
0.-*.-.1---*01..-1-0..**
*1*0-.-1.*-01*0.1.**0--.
1*11.*1*10.1*..*..*.-.*-
-0*-1.0-*-.*0--11**-*1.0
*----1.---*-1*.*0-0..0-*
*-1-1*.0...*.--..*..-*.*
0.-.-*****-*-1.*.*1-.*.*
---...*.*.-.1*1...*--*.-
.--1**00-*.-.......--..*
.-**--**1-***--*0-.1111-

Generation = 10, Population = 268.
--...**1.*---...0.-----.
..*1*-..1.---.**..1....-
*--.*-.**.1-1.-1.1.*-..-
*-..--*1*....*-*-.0*-.-.
..*--*.-11*..1*-*.-..-..
01.1...*0......-...1..*0
-**..--*.**-*..-.10-.*.*
-.0-..*-----*1-.**0..*1*
*--111**-1.*.1*1..1*.*.*
*--**1*-**--01*-..1*.*..
*1.01..-.*1.0*.*-*.0.*.1
*.1..--.*11.-*-*.*0..1-.
0-**1.-.0*.**-.--.1.*...
--*-..01-*1.-..*-1...1.0
***-.*-..-.-*....*.0*0.-
-0-0-*..-**..-10.--1**..
.-**.1-.01..-*11.**.....
0.*..1**-**.-..*-1*0...*
..**-.-1..0--**.1...*--*
1.--.**.*-****..*..*-.*1
*0.--.-1.-**-1-.***1.1**
*1---*.111*--*..-1-..00*
*-11****...*.--*.*..-*..
*.1.0...*.-**..***1-..*.
1-1......*1......*.-*..-
.01-..---..-.......1-*..
.1**--..**.***-.*1**-1.1

Generation = 12, Population = 265.
--.******.*00.**0.-1---.
..*-.1..*.*--****.-*...-
.-*.*-*..*-01.1-.-..-..-
**..-1..*..**.1*-**.-.-.
*..-1..**1*..1.-..1.*-..
*1.1..*.-....*.0***-**.0
-*.*.--*..*-***-*--1**..
-*-1***1-11-.-0...**.*-.
*-11**.*1***......*.**..
*--.***-**11-1.1..-..*..
*.*--..1..-.0.**1*.-.*.-
*.**.-1..--*-*-.**-...-.
*-..*.*.0****1.1-***...*
--.1..*.***.0***1.**...-
...-..0..1.-.......-*-.-
---*1**.1.***1--*0--..*.
.1*.*1-.*..******.......
-.*.*-..-...1...*-.-*...
.**.**-..*0-1...**.***-.
.*--....*0....*.**..-.*.
.-*-1*1**-.**-*....1.1.*
.10--...1-.--...0--.*--*
**11**.......*1*...**..*
..-.-..***1..*.**.**....
**-.............**.1...-
*0*-..-0-*.-**...*..1...
.-.**0.....***-..1**1.*1

*** Life<Cell> 24x15 ***

Generation = 0, Population = 137.
---------------
-0000----00-000
-00000---0---0-
-00-------0--0-
--0--------0000
-0--00--0--0---
---000-0----00-
-0---0----00000
-00---000-0---0
--0--0--0------
-----0---0--0-0
----000-0---00-
-0-0-00-00-0-0-
--00000---0--00
-----0----0-0--
-0--0--0-0-00--
-0--000-00----0
---000---0----0
--0--0--0-0-000
----0-00-00-0-0
-0-0--0--0--0--
-0--------00-00
-0-0-0--0----0-
-000-0---00-00-

Generation = 9, Population = 153.
0.1..--0--*--*1
**....-1*--...*
*.-...*-.--*-0-
**.-....1.-***-
0.*-.-*.*..-...
***.0***.1.....
*-.*11..01*-10.
-.--.-*-...-.*-
**-01.*---...1.
****.-****-.**.
.*.-.-*011...*.
..*--0.--*1-..-
-0..*..01-01.--
1...-*.-.*.10.*
-*.*.**---**..-
0*01-*--0*-.1**
*.*-.*1***..*.*
.-*..**.-..-*1.
*.01-..1-**.00.
-..**-0*.-.1**.
--*0..-*-*.-.1-
----*.*1.*1..1*
*1-.-..*0*..-.*
*.-.***-*.***--

*** Life<Cell> 23x22 ***

Generation = 0, Population = 118.
----------------------
-----------0------0---
--00-0-----00-----0--0
----0---0-0--0----000-
---00-0-------0-0-0-0-
-0-----------0--------
----000---0-----------
-0-000----0-------00--
-----0--0-----0------0
-0----00-0-0--0---00--
-00---0---00------0-0-
------0---0------0----
-------------0---0----
--0--000-0---------00-
--------0---00-0-0--0-
-----0--00----0--0--0-
-0-0--00-------00---0-
---0-----0------0--0--
---0---00-0000----0---
--0-----0-----0-------
---0-0-------00---0---
--0--0---0--0-0----0--
----0-0----000-0------

*** Life<Cell> 22x9 ***

Generation = 0, Population = 58.
---------
-0---000-
----0--0-
-0----0-0
-0--0----
--0-0----
------0--
-----0---
--0---0-0
-000-0-0-
---00----
----0----
--0-0-0--
--0---0-0
-0---00-0
------000
-------0-
--00---0-
--00--00-
--0-0-00-
-00-00--0
--0----0-
