*** Life<Cell> 34x14 ***

Generation = 0, Population = 3.
--------------
--------------
--------------
--------------
-------------0
--------------
--------------
--------------
--------------
--------------
--------------
--------------
--------------
--------------
--------------
--------------
--------------
--------------
--------------
--------------
--------------
--------------
--------------
--------------
--------------
--------------
--0-----------
--------------
--------------
--------------
--------------
--------------
--------------
--------0-----

Generation = 9, Population = 35.
--------------
-------------0
------------0-
-----0-0-----0
----0---0-----
-----0-0------
--------------
--------------
--------------
--------------
--------------
-------------0
------------0-
-------------0
--------------
--------------
--------------
--0-----------
-0-0----------
--0-----------
--------------
--------------
--------------
--------------
--------0-----
----0--0-00---
---0-0---0-0--
----0--0.00---
--------0-----
--------------
--------------
--------------
0-----------0-
-0---------0-0

*** Life<Cell> 78x66 ***

Generation = 0, Population = 33.
------------------------------------0-----------------------------
-----------------------------------------------------0------------
------------------------------------------------------------------
-----------------------------------------------0------------------
------------------------------------------------------------------
------------------------------------------------------------------
------------------------------------------------------------------
------------------------------------------------------------------
------------------------------------------------------------------
------------------------------------------------------------------
------------------------------------------------------------------
--------------------0---------------------------------------------
------------------------------------------------------------------
------------------------------------------------------------------
------------------------------------------------------------------
---------------------------0--------------------------------------
------------------------------------------------------------------
------------------------------------------------------------------
-------------------0-----------------------0----------------------
------------------------------------------------------------------
------------------------------------------------------------------
------------------------------------------------------------------
------------------------------------------------------------------
------------------------------------------------------------------
------------------------------------------------------------------
----------------------0-------------------------------------------
------------------------------------------------------------------
--------------------------------------------------0---------------
------------------------------------------------------------------
------------------------------------------------------------------
------------------------------------------------------------------
-------------------0-----------0----------------------------------
------------------------------------------------------------------
------------------------------------------------------------------
------0--0--------------------------------------------------------
-------------0------------------------------------------0---------
------------------------------------------------------------------
------------------------------------------------------------------
------------------------------------------------------------0-----
-------------------------------0----------------------------------
------------------------------------------------------------------
----------------------------------------------0-------------------
------------------------------------------------------------------
------------------------------------------------------------------
------------------------------------------------------------------
------------------------------------------------------------------
------------------------------------------------------------------
------------------------------------------------------------------
------------------------------------------------------------------
------------------------------------------------------------------
------------------------------------------------------------------
------------------------------------------------------------------
------------------------------------------------------------------
------------------------------------------------------------------
------------------------------------------------------------------
------------------------------------------------------------------
------------------------------------------------------------------
------------------------------------------------------------------
-------------------0----------------------------------------------
-----------------0------------------------------0----------0------
------------------------------------------------------------------
------------------------------------------------------------------
--------------------------------------0---------------------------
------0---------------------------------------------------------0-
------------------------------------------------------------------
-----------------------------------------------0------------------
------------------------------------------------------------------
------------------------------------------------------------------
-----------------------------------------------------------------0
------------------0-------------------------------0---------------
---------------------------0--------------------------------------
------------------------------------------------------------------
----------------------------------------------0-------------------
------------------------------------------------------------------
------------------------------------------------------------------
-------------------0----------------------------------------------
------------------------------------------------------------------
-----------------------------------------------0------------------

Generation = 45, Population = 1329.
-*-0*..***..*****.......**.-....-.*..***.*.**....-.....*-.*.**-100
10---.1.*.*.*0**.**....****....-0.*1.........*........***...1*-*0-
-..**--.*...*......*-.**..**.*....*...*......****....***....-.*0*0
---.-*.*.....***....1.**.********.*.........*..*.*...**.....--*-**
1.*-0*..-.**.1****.*....**.*.******...*...**..**.****...*........-
*1-.*****.*..-11*....*....**.*.-*...***...*....1*.*...*.**...***-*
-*.-.*1.***..**..*..........***..*..**..**.0......*....--.***0*1..
1*.***--.*.-.**...-.**..........*......*..........*1*....***-.....
**.-**.*.**.*..***....*......*.**.*...*...***....-*.*1...**-......
.*.****..1*.*..1...*...*...***..*-...**...**.....********..**....*
.*.**...*.0-*......*...........*.....***.***...............0*.-..*
.*..*...*..*-.*....*..***......*......*...*...................*..*
.*..*..1....1*****......0......1..-....*.**.......**.....-.*...*..
**.-....*...**...................-.......*...***.....*....*.*...*.
*..*.....*.......................-..........*.**.....*...*.****.*.
-**.......*.......................**......-*.........*....1*.*.**.
**.*..*.***......***..............**........**..*..*...**..**.***.
.0...*.-..*.**..**..*...*-................*.......**..**.*.**...**
....*...........***.....**....*-.........................**.....**
*...*........**1.***.....*...............*.......*.......*....*.*.
1**.**..*****.**.*****.**........-.............*....1*..*.....*...
-...*****...*.....**.*..*...................*....*............***.
..**.*.*****..*.*.**...****.*-.*.**...-..*....**--........***.....
.**..*...*..**..**.......****.**.**......***...***.....*..*.......
.**..*...*..*...*............**...........*.**.-**1*......**....*.
...****...*...*.**.......****....**...*-*..**.........1*.....*....
.....*......***.**.*.....*.**.....**.*......**0.*.*.*.**..........
...-.......*..*.*..*.....*.*.....*........1-..*.....*.*-.....*.**.
..-.............***.......**.......*.*.*..*.........**.........*..
.................*........*.-.....**.....**.........**....*...-*..
.**...-.......*.***.*...-.....***...**.****..*......*.**..........
.**..........**......*.......*..*...**.-.......****.*.**..*.*.....
.............**......*........*..*...........**....***....1*......
....**.......**....***..........**...-.0....*.....................
...*..*.......*....-*...........*..*....-***......................
....**.............**.*.....*...*............-.......*............
.............***.*...*1..........***..............*.***...........
...............*...***........*.***.*............*.....*..........
......1....*...*......-.......****.*.*..---.......*..**...*.......
..........***...*...**.*..**......-*.*...*...**....***.-.***......
.......................***.-...**.........*..*.*......-***.**.....
.....**...**.*....****....**.....***.*....*.....*.....***...**..**
......**...*****....*-..**....-.....**....*.....*...**......****.*
.-....**...**....*.**...*...........-.......**...***..********.**.
..-....*..*.*..-*.....*...*.1.-..-.1..*....*..*.**.***...***.**.*.
1.....-.**.*.*-.*........-**....**.....*...****.**.*.*....*..**...
*.*......**.*..-**.....*..**....*......**..1..**...***........*.*.
..**........*..**......-...*-...**..........-*......**........***.
*.*.**......**.**..*.*....*......*...**...1*...-..............*.*.
....**.....*.......*****..*....******......*-*..**............0..*
..*.......**............*-..-.**...*....-......*..*...............
***........*..............*...1*...........*...*.*....**.....*..*.
**.........***...........**...-.-.-...**..*.*...*............**...
..-.*.*.....*.*1...*.*...*..........**....*.............*.....***.
..*.**.......***....**.....***..-...**......**......*....*-....*.*
.....*.*......**....**............*......****.......*.....*.....**
.......*.....**...................***....*.*..........******......
.......-....................*.*..*.....*................*..*......
....***......................**....****..............-1****.......
-....**.........*..........****.****....................**........
..*.***....*...*.*.............*....*......-......................
..........*.*..*..*..........*..*.*.....................*.....**..
..1...-..*.......*1....***......*...*...................*.....*.*.
......****...-***......*..*.....*.**...**............*.*..*..****.
......-....*****.......*...*...**..*...**.....*.-....*..***.*.*..*
......*....**.......*...**.**...............**.**....****...*..*..
.....**..*...**.*.***......**...*...........**.**......*.*...*..*.
.*....*.***...*...**.*....**................***...........***..*.*
.-.**.**.....-..**......--.....***....*........*..*............*.*
.......*........****.*........*.*.....*......***..*.............*.
...*.............**.*.......-...**...*...**..**....*........*.....
...*0**.........*.**......**.-..**...*..1.*......**........*...***
..**..-..........*.......***.....*..*..***.......**...........*...
..*..*..................***.*.....**....****.....*...............*
..*.....**..............***.*......*......**......**........*.*...
.....*..**.......*****....*.*...............-...............*.*.**
..*....-.**..................**-**..*.*.-.-..-............-...1...
..**......0.................-.*...*.**...-................-.......

*** Life<Cell> 53x94 ***

Generation = 0, Population = 186.
-----------0----------------------------------------0---------------------------------------0-
----------------------------------0---------------0-------0--------------------0----------00--
------------------------------------------------------0------------------------0--------------
-------0-------------------------------------------0-------------------------0----------------
--0-------------------------------0---0--------------------------------------------0----------
-----------------------------------0-----0-----0--0----------------------------------0--------
--0--------------0----0------0--------------------0-----00------0---------------------------0-
------0-0----------------------0--------------------------------------------------------------
-------------------------------------0-----------------------0--------------------------0-----
-----------------0-----0---0---0-----------0--0-----------------------------------------------
------------0---------------------------------0-----------------------------------------------
------------------------0-----------------------------------------0------------------0---0----
--------------------------------------0------------------------------------0-------0-------0--
--------------------------------------0--0-------------0--------0-----------0-----------------
---------------------------------------------------0---------0-------------------------0------
----------------------------0---------------------------0-----------------0-----0-------------
--------------0----------------------------------0-----------0--------------------------------
----------------------0-----0----0---00-----------------------------------------0-------0-----
---------0------------------------------------------------------------------------------------
--------------0-------------------------------------------------------------------------------
---------------0----------------0------------0----------0---------0------0--------------------
----0-----------------------------------0--------------------------------------------0--------
-------------------------------------0---------0----------------------------------------------
---------------------0-------------------------------------------------------------------0----
-------------------0--------------------------------------------------------------------------
-------------------------0--------------------------------------0-------------00--------------
------------------0------------------------------------------0-0------------------------------
--------------0--------0-------------------------------0---0----------------------------------
----------0-------------------------------0-----------0---------------------------------------
-----------------------------0----------------------------0-------0---------------------------
--0-------0-------------------0---0-0---------------------------------------------------------
----0-----0--0--------------------------------------------------------------------------------
---------0--0--------------------------------------0----------------------------------------0-
--------0-----------------0------------------------------------------------------------0------
--------------------------------------------0-------------------------------------------------
----------------------------0--------0----0--------------------0------------------------------
------------------------------------------0-----0-0-----0-------------------------------------
----------------------0--------------------------------0-----------------------0--------------
-------------0-------0------------------------------------------0-0---------------------------
------------------0----0--0------------------------------0---------------------0--------------
------------------------0--------------------0--------0------------------0----------0---------
----------------------------0--------------0--------------------------------------------------
----------------0------0-0--------------------------------------------------------------------
---------------------------------0-------------------------0---------------------0------------
-0--------------------0-----------------------------------------0-----------------------------
-------------------------0-----------------------------------0-----------0----------0---------
---------------------------------------------0----------0----------0-0--------------------0---
---------------0---------------------------------------------0----------------0-----------0---
-------------------------------------------------------------------------------------0--------
--0-------0--0---------------------------------------------------------------------------0----
-----------------------------------------------------------------------------------------0--0-
---------------------------------------------------------------------00---------0-------------
-----------------------------------------------------------------------0------0---------------

Generation = 16, Population = 2024.
.......**11..1-10*--...0*0--0--*...-*0**.**-.*...-..*-*1**--..**.1.-1--.-**-1.****-..........-
0-.1*-..--0.---...0.**-1*.*11-...1.*......1.*.1.-1...**-.0...1*..*--***..1.1.....-....-...**.*
10..*--**11.*1**..*.-..*1.**--..--.**.-*-1.-.0.-*.*..0**.**1*..-*11*1*-...*...*.-**.-*..-*..-*
-0.0..*1..*1..-*-*--0...0-0.1*-**....*.*-.10-*...1..0**-.***0-*0-1.-.----*0--.*.-.**...-.*....
11-1...-*..*-*-*-.-11.11-..-.*.-*.......--.--*-.-**.*-....**0**-.*1-*10--10-.1*.*.*...**.-*..0
-****0....*...*--*-**.**.....*-.*.-*...*.*.-**.**.***..-101-.100.-.-..1*1**-..*.*...*0...-**.*
*-.0.-*.-......1.............**.*...-.*.01*.*-.*.-**.*..-**.-.*.1.**--.*01.*....-.-***..-1...*
****.*.*..-..1.*......1.1.....*.....-0*.**--0-***.**.***..-**-.*.1.1.---.....-0**.11*1..-**..-
***0..01-0-1..1*-...1......-.**.*..*..1.*-.1*..*--.**.-...*-****.*-.**1-*----..-*10.1*.*-*****
-1-.*..1...-.0-*-..**.....0*1*-.*.--......**.*.**-*.*-.11.1.-.-1..-0--0-**1.-....-....-.*111-1
--.-1.1-..--.*1.**..*.*..1-*.1..*.*0-......-.0*-..-1-0..*..**1*.*.***0---1--1.0.1.0-...*-.-.**
-0-0..-..-***0.***..-..*1.*1-.-..--11..*.-.11*.-.0*.*---.0.-0*-1---0**.-.--**-**...*0.*-.*.*1*
-*1*..1****-.*1-0..-.1.-..0.*..1-*..**.*...1-*....*0*---.-.-1-01-.*..*11-0---1**-..**....**...
--*-*1--1-----*-0**-**...-...1.*..*....*.*-**..1...*..--.....*1.--101*11---1*0*..*-*1......-..
-..0--*-.0-*.--.*.*-*....-1***-1..*....*1.**1..-...11.-.......*-.***--1---.-0-1*-.-1.*.1.**...
---00.*-.-11.-1...*0.*..*-*-00*..-......*-*01*.0-....*...*.*.--1....100---*-0**-1..***.*.0*..1
**1---.....-*..1.**-...1.*-.0...-.-.-..*--.**..-0-.1.**1....*-..1.**.*-1-.0--.1.01*..****.-.*.
-0.1.*.-...--***1..-11..-..*.0*.-.....*..*..-*11.-*1-.....1..-1.***0-.11*-.-.-*-.*-**.-..-.*--
1-*-1-..1***.*..0.-*-.10.*.1.-*1..0....**.....1.1---*11**.-....*.-.***1-.11*-*-.0.0*1**0..0.*-
00..*0.0.--*1*0*...**-*--10...-1.11..1..--..-*-*--0----*--**.-...**.0..*..---0..-*.1-*-***-.*0
-**1101--*-*.*.*1.1..-*..*.-..1-.**-.**.**.*-1.....-..**11********.*.**...-.*-*..--.0.-.0.*--*
*-10----11-0.-.-0.*1**.*....*0..**.1**.---*.-11*.-*-..*.1....*.-*1**1*...*-...*-0**1..-..*...*
...----1-.**--.--.*..1-.1100..1-**1.*-...**.1.-.-0-*.*..*--.*..-*..10....1.-0--...**0.0-1.0*.1
*1--00-0*..-----.1..1-...1-*-.-.*..0.*.-1.*-*-0-.-.-0-*1*0...*.--...1.*--..-*..1*-.-*..*01.1-.
1.*00---*.-..*--*-*-.*0*-..*.-1**.....*--*0-.--.0--**.0.1*.*..*-0..**.-.*0-*11..1.-*10-*-.*1--
.-.1.-*1-10-*-100*.10........*.-.---...1.*.*-1-1*--*-0..11..----1*.-*-...*1****1.*.*.-*0.----1
1...-----*-*-1..*-..****--**.*.*...-.*---*.-1*.**-*.0...*.....1*...*---.1*-1**-.*-...--1*--0--
*0.--0*--*...***1..*01.-1-1-0*.--....**1-1...1***-*****1-1...*...***0.1.*-.......1*...*00.-*--
.-**1***.....**.-0**....-**.0**0--11**.....1-..*...1*-1*...1....1.1--10--.-.*...1*-.10.-.*-0--
.-11.-*1-**.....0-*.*.-*.***-0-*-*.**.*.111--*.*111.--*...***.01..0.-0..*01-*......-.11-**----
.-***..-*.**....-*.**-*.*-.--**.-00*-1-.-*-.*--.*****-*.*10.--.*-1*0*11**0-----**--*-*-0--1---
.-..--.-.*.**-...0-1*---.**-*.-001*11.-1--...*1*1--.-0**.-*.-01**...0*-.-0--0*1.*-1*--.---0---
***...*..-*..*-.--....0-.-.-....-0*-1...00..*..*..*01..-.***11**..*.*.-**--1-..0-110----------
...-.1*-*-.*.*1....*-.0-..1*-..--*0***.*.*...1*..-..1...*.1-*-*.*....-0.0--011-*1-.--.*-0*----
.0--*.*1-..0-.*11.**.-.*..1*01*..***.*.*....*-....*.*-..--10*.*.*-.....-*1*--**1-011.-------1-
1-.*--11-**.**01*....*.*0...-**-1**1*-*.-.....*0.-*...-1--1-*....**-0---1*1---..-.*1..---.1.*-
0.*.-.*.-0...*1.*0***-.*.*..-.0.**.**0.-.0*1..*.*1..--*..-****-**-1000...0..---0----1.----*-00
*-001-1-.0***..0.*-1*.1.*.**1-..0**-..**.*....***-.1.-0-1*1.**.1..-.*...-.-1-*.0-*-1--**...-*-
**1.00-...0..-*-.**.0.***-*.*-*-.-.1*1*-.-..-**-....*-*0--*11*-**0-1**.-.1..-0.---01*.11-1-1.-
.0-10--.-*.--11-.......-.1-*..**-0.**10**......*-*.-*-*1-*.1-0..**01-.*.1-1....-*---.*-*.*..1-
1**0-00..1**..--*.**0**.-*..**.*--0.-*.*-.**.1--**..1*-----10--*.*1-*0.***..-*.-.-*.-..**..-.1
0001*1**.1-.01-.****.*...**1..*.*.***1.1**........*.0*--.1.-1.*..**.*1.10.*1.1*.-.-.-.*.-.*1--
*0.*..*1.1-..*..0...**..-..0....**0****..-..-*-..*.0-.----0--.....*.*.1.****-..0-.*1.*-**...*0
------1-.1..0-**.**.*...**....-.1-1--.***..*.-----*.-*1--01*---..**--*1-*.*-*.-.--*.*.**...0-.
----..01.-01*.*1..*..-1*.*.*1*.1-*.01...1.*.*..*01*-*.*11**0-..*..*.1...-*-*-.10-*.***0--*.-*1
--------.-**..--01.*..1..*-*****.01.*.-*-...111-*---0---0.0--*-*..-1-.**--*.-.....*1*..1..*0**
-00----.*.-1*...1.1.-.-.*...**1-.*1-1.--00-.*.-0-*..--..1*-1.*.....**.**..1....--*--*..*-..***
------1-***..-.**..0*-..*...**-*--.0.-0-00*.1--00--0-*01-.*.*-*-***1*.*...**1*..-.**-.*01-*1*1
-.1--01--0.--.*.*-100-..-**-.*.----0-.-1-**.----.1-*-*-11-----...1..*-..--.1*...-..--.*.1.1**.
*-.*-*-1-**.*.....-..-..--*.-.*-*-.--.-0-*-1-1*--1-1-**-0--*--***1..1-.*1.*...*.1.....-1*****.
--0---1.*0*-.*-*..-*1-*-1.*-.--0---------0-*0---*0001*1--0-.0-..*.*.....****..**...--.***.....
-----.--.*0.-*.**--.-.0----1-*10.----*---11-0-0----*0-----0.*....***......**--*...-00*-1*..*..
-----*-1-0-1--*-01*-0-1.-.--10------------1-----*-11-1-101-..0**.1*.-*0.-....*.****.--...***1.

Generation = 32, Population = 1353.
.........-....-.-.*.*..-.......*...*.......-.....0.***..**.***.......-........................
.-........*.*0..*....**........*......*.........*....**...*.***.......................-....*..
..........**.-*.....-*.......-.......*..-.......*.*...****.....**.....-.*.........**.......*..
.-............***.***.......................-...*.*....1*.*.*.**.**....**...**.*****...*......
.......**.****.*..1........-...-........-1......0*........*....1.*.*****.....*....*.*..*.*..*1
-.......*.........-............................***..***......*..*....*..*.........***..*...*..
...-...**..............*.*...*..........--.**.....****..***.*...*...-*........*.....*...***...
...*...*****............**...**......-.....-*...............*....*..*.........*.**.**.....*...
..*..***..**....-..........1*.*.........***...***...***...**......****...1.....**..*.....**...
.*...*...................*****.....**...***......**.*...**.*.......**..........*......**.**.**
.*.......*1-.................*....*..*..*..*.....**.*-........*...*...*...***..**.-......**.*.
.*.....**........*.*.....**1.*....***............*..*.*.....**.*.......*.***........1..-.*.*..
.....*..........**..*..-...**..........***.*-.....*..*..**.*......*....*.*.1....*...****.*....
.*.-.......**-*..*.**....**....*......*.*....*.......*..**..........**...**.........*..***....
*........1****....*.**...**...*..*....*....*..*........*...*...**....***-..1....*..-..*.***...
.*.-....**.*..*.....***........*.*..**.**-*-...*...........*.*.....**.-.-.......*.*......*.**.
....1....**.*.**...1***...0....*...*..*..*......**..........**.......*.....*....*.*...**...**.
........*......*......**-*..........**..*.......**..-***.....*.....**..........**.-**........-
.-......*.*.***...**..*-**........*....**.......*.***.........***......-.*...**..*..***-***...
-........*-.1....***...............*..***........1.*.*.*.*....*.............-....**...1.......
...*....-.*.......*...**.*.-....*.**....**..****......*...**.*...............**.*.*........-..
..*.**....*.*...*.*....*.**...**..**..**..*..****..........*.*...........*.*...1**.*..........
....**......-..*.......*..*...**.**........*...*.1-...******.*.*.*...*........*....**.....**..
.*.*..*.**..*..*..**...***.***-***.-..........-*.**..**..1.*.*.......*......*....*.*..........
**..**.*....*..-.-.........**.............-**.....*..**......**.............*-....-....*.*.**.
**...*..-.*..1.*..*....***..*.....1****.....1*....*..-.***.***...**.............**......*.-...
**....**.*...*.*.........****....*.....*..**.****.*.*.*....*.........**........*.*....*.....*.
*.....**.****.....*.....*..*...-*....*.*.**.....*.....*.....*.*......***.........*...**.....*.
..........*..***..*.............*.*....*......*.*....*...........***....**-......*.**..*.**..-
**......-..*.*.**-..........*11.*...*.**.*........*.-*..*****.*........*.-.....**..******.-..-
............**..*..*.****...*...**...***.....***.....-..*..*-.*.........*......**.*.**.***..*.
.....*.......1.*..**.*.*..*-..***......-.**.*.*.*........-*.....*..*...**......**.**....***1.*
....****......**..*....*.-**...**.*********.*..*...-......*......*.............**.*.*.0.***.**
..*******....***..*****..**....*.***..*.*****.**.........*...*...*.*...........**...**...**.**
.1.1...***.--**...*.....*..**...***..**.*...****.........****.....*....1......**.-..*-1..*****
.-.*....**....***...*......*.**.*..-..*.**...***.....**.**.......*....-.-..-.-****.**.-..*..*1
-*......*-....***.***1*....*.*.......-...-..........*.............**...*.......***..*.*..-**..
**..-...*1.....1...***.....***..-..1......*.........*.-....*..........**...........***....*...
....*.*......**....***......****.....................*.**..*..........***...-........*.**....-
....*-*.*.**.**.....**..*.*.*.**............**..........1**..............1....***..*.****.*..-
**...01......*--....1*.*....*.**........-..****-...***0-....-.-......1........**.....**.**.**.
.*.-.....**.*1**........****.*****.............*...**.....*-........*.**...1.*.*.....*.*0.*.**
.........*........**.....**.***..**...*..*..**.......*....***......*...**..**..*.....**....***
..*1.....***.................*.....*.........*..**.......*...*......*...**.0..***.*.*.........
0..1...*.*.*.*.................**...**....*.......**.....*****..........*...........**........
.*.**.*....*...*1................*..***.1****.**...1**...*.**..........*....1***...*..........
...*......*1......**..........**..**...-.*.*...**...*-**.**......***.......**......*..........
**.....-*..........*..........***.***-*.*..*.*.*..*...**-*.......****......*...*...*.***.*....
1*....**...........*-...-......*1*.*..-**..*.*.***1****..*.*.....****-.....*.*.*.*.*...*.*....
.*.*.*...........**..........***.*....**-..*.*.*.**........**.......**..-.........*.**........
....1...................**..****..-*---*--..-**....*......***-.****...**.........**-..***.....
.................1..-...*...*.....1**.***..1*........*.*-.-.....***.**.*.....-....*...........
....-......-.-..-...-...**1........-...*....**.*.*..*..**........*................*...........

Generation = 48, Population = 800.
..............1............................-......................**.-..........**............
.-......**.....*....***.....................*.*.***......**.......*.*.........*..**...-.......
.......*.*...**.....***.**..*-.*........-...**..........*..*........**-.......***.......*..**.
.-....*..............*...***....*...............***.......**......*.**.........*........*..**.
......*.*.**.............*.......*......--........................*..................*........
-....***.....**..........*.*....**............................................**..**.*.**.*...
...-.**..**...*..........*.*.*....................................*...........***..*.*.*.*.*..
......*****.*.*...........*.........**..........................*............*..........*...*.
......*.**......-..................*.**.....*..................*.*...*...-.****...*......*....
**.....**..........................*.**...**............**....*..*.**....***...*.........***..
**.....**...**.............*..**...*.......*...........*.*...........*.**...*...*.........***.
.......*......**..........**.**.**......*..*............*....*..*...*.***..*....*.....**..***.
.......*.*.....*.......-...*...**......**..*.................*.........*..**..**......**...**.
...-.....*...-.*............*........*.....*................*..*....***..*.*..*.........**....
..........**..*.......................**.*.**..**............**...........*........-.**.......
..............**......*............*...***.-*....*......................***...................
..............*......*.*...........**...........***..*....**..........***.....................
.*.**....*...........*..*.........*.*...........**.*-**.**..*.................................
**...*.......**...**..**........................*...*..*.*.*.**.......**........**............
*....*..*.*..*....*..................................****.*..**.............-..*.*............
**.*...*......***.*.*.................................*......**................*...........-..
.*..........*.......*.....................**..**...............................*.*............
......*...**......*.*******...............*******.-..............................*............
........**..*.....**..*.....*......-.......*...*.*............................................
........*...*..*......*..........................*................**.................**....***
.......**.....*.*....**.*...*....................*...............****..........***...**....*..
....**...........*.......***..............**....*...............*....*.........*****.***.**...
....*........................................**..................**...*............*....*..*..
....**....................................***.........*..........**..*....-.........**.**..**.
......***........*****................**..**........**.**..........**....-..........**.*...**.
.**..............*...*................................*......*....................*.**.....**.
*...*................****...............**........*..........*..........................**.**.
*...*............*..*.***.........**.............**1..................................-.*..*..
.**..*..***.......**............*.*....***..**..*..*.....................................***..
.......*..**.....*......*.**.....*...***....**...*.....................-.............-..*.*...
........***.......*.*...*.*...........................**..............-.-..-.-..............**
-...................*.........*..........-............**...............*.............*........
....-........................*.*1..-...................................*....*........*..***..*
.............................*.*.......................................*...*.........*...****.
..............................*.................**........................**..........*..**..-
....................-...............*...-....*...*.............................**.....*****...
..***......**...............*.*....**.......**..*...........................***.*.....**..*...
..........*..*.............**..*..***.*....*.................................***.....**..*....
*.**.......**.............***.**......***.**.**...***.........................**........*.....
*.*........*.............***..***.....**...*....**.............**......................*...*..
****.....................**..***......*.....**..***...**.......**......................**...*.
.****..................*..*..***.............**..*...........................***...........*..
.................***...*..*..***...............*..**.*......................*..*.......*..**..
.*.*.........**..***....**.....*......-...........**.....*.................*..*............*..
.**.........***..............*.**....................*.....................***.........**.***.
.............*...............*.*..-..-...................*........**..................***.***.
..............*.....-.........*........................*..*......*..*........-.**.............
....-......-.-..-...-..................................*.*.......***...........**.............

*** Life<Cell> 30x39 ***

Generation = 0, Population = 172.
0-0-0----------------0--0----------0---
0-------0------------------------------
0----0---0--0-------0---0-0-------0----
------0-0---------------0---0----------
-0----------0--------------000--------0
--00-------0-------0---0--0--------0-0-
--0-0-----------------0-0--------------
--0--------------0------------------0--
-----------0--000-----0--------00------
-----------0-----0--0----0----------0--
---00-0---0--0-0------0-0-----0---0----
0--0----0----0-0--0----------0--0---0--
------0--00--0-0--------0-0-------0----
-----0----0--0------------000----------
0-000-----0-----------0--0-----------0-
----------------0-----0------------0---
------0---0----------------0-----------
-----0-0-------0-----------0-----------
0--------------------------------0-----
-------------------------0-----------0-
0------0---0----0------------0--0-0-0--
-0-----0--------0------0----000------0-
-----------00------------------------0-
--------000000--0----------------------
-00-------0---0------0-----------------
0-0---------0---------00--000----0----0
-----0-------0--00-----0-----0---------
------0---------0------------0----0----
0---------0---0---------0--0---0-----0-
-----0-0----------------------00-00----

Generation = 21, Population = 376.
..............1.**..**..*.**.*...***...
..*0*..**.....*..--*.*..*.*......*....*
.*.....*.*....****.........**..**...*..
...-.*..**.**.....**.......***....**...
.*....-..*.**.....*..*....-..*.***.*.*.
....***........-*.**...*..0.***.1..**..
.**.*..***.......*.....*.......**.**..*
-.*..*...*......**.**.-...1.....1*..***
..**.*.**.....*.......**.............*.
.....*.........***....*...*.*.0...**...
.*.....*-**0.....*-..**...**.*1......*.
..*....*.**0....*0..*.....*..**...-..*1
..*-..**..*.****..*.*.....***.....1**..
.*-....*..**...*..*.*............-.-...
**...-**..**.**....**.**.........**....
*....0**...-.....*..*........-.1.*.-..1
.....*..*..........-1...*.....**....**.
*...*0..*-.**.--...1....*....***..1...-
.**.*.-..****-**.1..*....*..*.*-...***-
...*...**..-*..**....*-.*...*..*..*..*.
......*.*****.........0.****.**........
..**..**..***.......*****....*...1.1..-
...**.**....***-*.**.**.*.-.*.-........
...***1*..*.....**..*...*.*...*........
......***...*....*****.**-..*.**......-
.-.-***.**.....*...***..*..-****.......
....**.*..*...***..*...***-..*.*..-....
.**.-....*...*..*1**....**..**-*0......
.-......*....**.**.-**..*...*....***...
...*-.**..*...*-*..0*...-.-.*.*1****..-

Generation = 42, Population = 220.
..............*........................
........**.**.*...-.**.................
.......**...*.....*...**...............
.....**.*...*....*....**.**............
.....**.....*....***...**.**....*......
......*.....*...*.......***...*.*......
......**.*....*...*......*...**.**.....
...**.**..**.................**.*......
...*.*.........***............**.......
...**.....**....*......................
.........*.............................
..........**............**..........**.
.......................*.*........****.
.....................*...........*...*.
...................***....*......*..**.
......***.........***.....*.....**.*..*
......**.........*.**..*.*.......**....
......**.............**.*..*......1***.
...****.................*..*...........
.**.**.*.**...........-.*...*..........
..*...**.**....*.............*.........
....*..******....*....*..**..*.........
.**..*....****...*...*...**..**........
..........**.***.*.**.....**.*.........
...*..**.............*..*..**.........-
...**..*..............***.***..........
...*....*........................**....
.*..*..*..................*...-.*.*....
..*..***...........-.....**......*.....
..*......................**...........-

Generation = 63, Population = 96.
........*..............................
.......*.*.............................
.......*.*.............................
........*..................**..........
...........................**..........
.......................................
.............***........**.............
.............****......*..*.........*..
............*....*.....*..*...*.....*..
...........**.....*.....**....*.....**.
............*.*.*.*...........*.*......
....*........*.**.*.............***..**
...*.............*.....................
....................................**.
....................................*..
.*..................................*..
*.**.........................*.........
..**........................***........
......................*.*......*.......
.....................*..*....***.......
......................*.*..............
**.....................*...............
**.....................................
.......................................
.............................*.*......-
.............................*.*.......
.............................*.*.......
..............................-........
......**...........-....*.*............
......**.................*............-

*** Life<Cell> 66x10 ***

Generation = 0, Population = 150.
----------
----0-0-00
-----0-0-0
0--0-0--0-
---------0
0--0----0-
----0-0--0
-0----0---
-------000
0--------0
---0------
--0-------
0-0-----0-
----------
-0----0--0
-0---0----
0-0-------
--0-------
-0-0---0--
-000------
0-00--0--0
--0-000---
-0-----0--
-0-000-0-0
-----00---
---------0
---0------
--0--0-00-
-0--------
--0------0
---0-0-0--
0----0----
------0---
-0-0--0---
0-----000-
---------0
-----00---
--0--00--0
--------0-
0--0------
------0---
--0-------
---0--0---
-0-----0--
0-0--0----
0-----0-0-
00---0-0--
--0---0-00
------0---
-----00---
---------0
----0--0--
----0----0
0---0-----
0----0----
------0---
0---------
-0--------
--------00
----------
0----0----
---00-----
00---00---
-----00---
-0-0-0--0-
0-0---0-0-

Generation = 59, Population = 68.
..........
..........
........-.
...-...-.-
..........
..........
..........
..........
.......*..
......*.*.
.....*...*
......*.*.
-......*..
..........
..........
..........
..........
..........
..........
..........
..........
..........
..........
..........
..........
..........
..........
..........
.........-
...*......
..*.*.....
..**......
..........
..*.......
.*.*......
.*.*......
..*.......
..........
.-........
..........
..........
..........
**.**.....
*...**....
**.**....-
.***......
..*....**.
.......**.
..........
..........
..........
..........
..........
..**......
.*..*.....
...**.....
..**.**...
..**...*..
.***...*..
..**...*-.
..**.**...
...**.....
.*..*.....
..**......
..........
..........

*** Life<Cell> 66x47 ***

Generation = 0, Population = 171.
-------0-----------------------------------0---
------------0----------------------------------
---------------0--------------------0---------0
--------------0-------------------------0--0---
------------------------------------------0----
-----0----------------------------0------0-----
----0------------0-------------0---------------
----------0------------------0--0--------------
----------------------------------00--------0--
----------------------------------------0-0----
----0-----------------------0------------------
---------------0------0----------------------0-
---------0--------0------------------------0--0
-0--0----0-----------------------------------0-
----------------------------------0------------
----0----0-------------------------------------
-------------------0---------------------------
----------0-----0--------0--0----0---0------0--
-------0-------0-------------------------------
----------------------0------------------0-----
--------0-----------0---------0----------------
-------------------------0------0-------------0
--------------0-0---------0---------------0----
--------0--------------0-----------------------
--0-----------------------0-------------0-00---
----------0--------------------00--0-------0---
---------0--------------0----------------------
----------------0---0---0--------0----0--------
-0----------0--------------0-------------------
-----------------------------------------------
---------0---------------------------0--0------
-0--0------0-------0----------------0----------
-----------------------0---------0-------------
0-----------------------0---0-0----------------
-------------------------------0---------------
---------------0---------------------0--0------
----------0--0------------------------------0--
--------0--------------------------------------
--------------------------------0--------------
-----------------------------------------------
---0-------------------------------------------
-----------------0-----------------------------
---------0-0-----------------------------------
-----------0----00-0------------0--------------
-0----------0----------------------------------
----0---------0-----0--0------------0---------0
---------------0---------------------------0---
-------0--0-----------------------0------------
-------------0-------0---------0---------------
-----------------------------------------------
--------0------------0--0----------------------
0---------------0----0-------------------------
-------0------------------------0--------0-----
------------------------------0-----------0----
-----0--------0--------------------------------
---------------------------0-------------------
-------------------------------------------0---
------0-------------------0------0-------------
-----------------------0-0---0-----------------
-0-----------0---------------------------------
---0------------0------------------------------
-------------------------------0---------------
----0-----------------------------0----------0-
---------------------------------------------0-
----------0-0-------------------0-----------0--
-------0-----0--------------------------0---0-0

Generation = 12, Population = 1351.
010.-.110--0-0-1--00-0-0---01--.*1.1.-*-1*1....
01-*-.1.1---00-.1---0---0-0-0.-1-1.000100*0**0*
0-.-1*..010-0--1-0-1---0-0-0*1.*-1...-1***1..-.
----1..-..-01--*---1-0--01-1----*-...1.*.*.-...
----*111.-*1-.-.11----001**0..1.-...****.-..-*1
1--01-1*0..*1.-.1-.-0-1--10---..1---***.-1.---0
*--0100.*.11*1*.10*-1.-.11-.*.-..***-.*--1.-010
-1-*1.101-*0-..*.---.0.*--1..**-1*--..-*..-..*0
01---.0-1110---.-*-10*--.-*.1*1-...***-01-*--*1
*0.*-..-**..*-***0--10--..1-..11*1.0*-.*0****..
*-1**..--*1*0-**-01*0--1.-.-0.*..-.*.--*1-***--
.--*.-0.-***.*.*0.-1.-1.*.1-1**..-.0*0-..**..*1
...1.-*-.***.*.--*-..*--00-0.0...0..*1-1.*--**-
**.*1.1*.*1.*.-.0-1.10-.01-..*.-.0*01.1-*1.*..-
.-0-.-.*..**1.***1*.--11-*-0*-..1-.-*--1*...1*1
....---..*-1.1*-1.1.*01-0*1.-1----1.---*0-.-..-
011*-0.--0-.-.0****-..*10.1-.--.---*.-.0...*.-.
*1-.0-***...-***.0.--*1.***.00..**-*0-1**.11*.-
***-.---..1--0*-**..-.-*1**-.---10-11-100--.---
-1.-.01*..**-1*.*.-.*0**0-*-1-11-1*-*-...*-*--0
**-1*-*.-110-0*1..-*.-.-.-.1**--.-***1.1-..-1*.
-.0*--.*.***1*--*--.1****0*--.***...-.0***--*0*
**-..1-*...1***----1...-.-*1.-*...1--1..--..-1.
-----10100-1**..-*0*.*-***1*.--.-...*..*....-01
*..0...-*11...0..**1.*1..*.*.*-1---0.0.....-.**
-..*---0--*1.-*..*.-.0*.***.*.......**.---.11.*
--1-1--.-1.*-*...---.-11*0-**-.-.--.1.--.0**11.
..-*0..-...**1.--.11-...*10--.-..--**0*--0.1*--
**.**.-**-..-*--.1...--01.1-1*-*-.1....1..-*-.0
*.---111..1...*111----0..*-*1.--.*-**1**...1--*
1*-*****-.--.*.1*-1*--.--*001-1*0*.--....-111.-
.***...*.*.1---.*..-..**-*1-*---*01*0-****1011-
.*1-..-10*.-..-11*1-1.---1.-1--.-.0-*..1...**0*
.-..0.1-.-*0***0.------.--1-0-...--.-.1*-.0.*--
--------...0.-.*-11--0*.----1--1**-*0--1.*1**0*
-1.-10.--.-***110.-.*11*1----*.--...-..*0**.**.
0**--..1...*.*-***.-.-0-0-0*-.0*..11.---*0*0*--
..10.1.1*.*-*-.1-..-1-*--000*-*1-*00.*1..------
0.-01---*-*****0-*00.-0.-----.-1--*---*-.--1---
-01--.--*.**-1-.-....---.00-.-0-*-0-101.01---00
-11-0*0--1*.*--.-0-1..11-1--10--*0-01------.-0-
1--*-00-*.0*.*..***-*---1.1.*-11.0--*-*-0-0-.-1
-00-1-*1-.-*-*.-0*0.--0-.*00-00..1*--1----0-.10
-00.--1-.***1*-.**11..**1...---*10--1-.--1*-*--
10*0*-*1*.1--*.0.**.11.*.10--111----01-*0--1.1*
-1..1---*-0.1.--.1.***.1.*1*.*.*.--0*.*-0-*-.--
0--..1.-.*--.00-..*.*.1*.**.--.-0*.-0----------
1-*--*1-.*1-*0.--**.****.1-.1---1-11-10-------0
*--..1--...-0-0-0--.-10*..0-*-*0***-0--000-000-
01--.--.-.*-*-.-*.*.*-.*.11-.01----0-1--1-0---0
*.-0*.*--1*..*..*..*-*..1.--***---*----------0-
1.-.10--.**1.0*.0..-*.***.1.-.--...---*---1--0-
1.---0--...-..*0*1-**.*.**-..*****.*.1.*-1---*-
-*.-.*1.*-.--..1.-*.....11-**1......-1--.1-----
-.1*.-.-.-.-0.-..0-1-.*--*.1-.-**1*.----*0--*--
.-..01-.*1.100*.***.-.-.-..---.1-*-.1-.--*-*-*1
-11*100-.-*0*--1*00.-*0*1.0-0-1*-*..-.1...1.---
*0.011-11.-*0**-.--10----.-.**0.-.0.--0...1*...
--..-0-1*0.*-00-1.-11-**1-..-*0*-.-.-0110*001--
1*..-*-.-0-*-00**1-10--01-..0*-.-.**01**--111*.
..*0*.--*-11--0*--1--.--*00**.-101-1-0-*0.***..
-.-0***----1--00--10-00**-..**----1--111.-00..-
*0..011..*01---01-0---00-.-1..*.-0-...*.0*-1..-
-*01-0*0-------00----0-0---.-.*.---*...-1**.-..
-.-.**0*0-00--0---0-0-0-1---01-10---***-.1-**-.
---.-*.*--10-------0--0**0***1011..-*-.-*-***1-

*** Life<Cell> 35x79 ***

Generation = 0, Population = 64.
------0------------0---------------------------------------------------0-------
-------------------------------------------------------------------------------
----------------------------------------------0--------------0-----------------
------------------------------------------------------------0-----0-------0----
------------0------------------------------------------------------------------
-------------------------------------------------------------------------------
-------------------------------------------------------------------------------
--0--0---------------------0----------0---0------------------------------------
-------------------------0-----------0-------------0---------------------------
-0-----------------------------------------------------------------------------
--------------------------------------------------0-------0--------------------
-------------------------------------------------------------------0----0------
-------------------------------------------------------------------------------
--------------------------0----------------------------------------------------
-----------------------0-------------------------------------------------------
------------------------------------0------------------------------------------
--------------------------------------------0-------0--------------------------
-----------------------------------------------------0-------------------------
--------0----------------------------------------------------------------------
------------0--------------0---------------------------------------------------
---------------------------------------------------------0---------------------
----0--------------------------------------------------------------------------
--------------------0--------------------------------------0-------------------
0----------------0-----------------------------------------0-------------------
------------------------0---0-----------------------0--------------------------
---------------0----------------0----------0-------------------0---------------
--0--------------0----------------------------------------------0----0---------
------0--------------0---------------------------------------0-----------------
--------------------------------------------------------------0---0------------
------------------------------------------------0------------------------------
------------------0-----------------------------------------------------------0
-------------------------------------------------------------------------------
0----------------0------------0---------0----------0---------------------------
-------------------------------------0-----------------------------------------
--------------------------------------------------------------0----------------

Generation = 48, Population = 495.
.****...**...............................-.............***..-..............***-
**...*..**...........................**...............*....*.........-...-*....
...*............................**..*.*.......*.......**.***....*.........*..*.
..**.**...........*..*..........******......**.**.....*.*.*....*..........*..*.
..**..-*.**.......****............**.................*.*.......**..........**..
..**.***.**.......*..*.*...........*........*...*....*.*.......***.............
..**.*..*..**.........-.............**.......***....**...-...*.**..............
....*.....**.*......................**...............**.....****...............
....*......***........*...-......................*...........**.............**.
....**.....*..........*................*........**........................-.**.
...-.*.....*..........*....**........***........*..........................-...
...........*...*..........*.*.......*..*...........................**..........
................*.........**.......*...............................**..........
...........**..*.....................................**.*...*..................
..*.....................................................******....***......-...
.*...**.............................................*....**.*.....-.*..........
*....**....*.......................*...........**...*....*.....................
*...........*.............**...*.*.*...........**.....***......................
*......**.................*.*.*.**1.................****.....................*.
*......**.*****...........*....**..............-......................***...*..
.**..*....**.***......................1**.........*.*..........**.......*.....*
...***..........**..................**.**.........******......**........***...*
....*.*........**.*....................**....**.*.....**.....*...*......*...*..
..***.*......**.*.*........*.......*..*.....*...*.....**...*.*...***........**.
..*...*.........**.........**......**........*****..........*........*...**.*.*
................*..........*......................***....**.....*.*..*......*.*
..*...*........*...............**................*.*..*****.*.*.*....*....**...
...*..**....*..*.*............***.........*.*....**...***.*.**.*-..*.....*.*...
....****...*...**.*..........***..........***......*........*............*...**
..........*....*...*......-.*.*.............*.....**...**.**........**.....*...
..........**....**.*.........***..*.*..**.............*....*.........**...*....
........**.*......**..........***.*.**..*...***......****......**....*****....-
........*..**..................**.*.*.*.*............**.*.*...*........**......
.......***.......................*......*...........***.......**.......-..-.-..
............*........-...............**.*...........**.........................

*** Life<Cell> 4x48 ***

Generation = 0, Population = 94.
00-00-00-00-000-0---00--------0--00-00-0-0-00--0
0-00--------0-000-000-000-0-00-00-0---0----0-00-
0-0000-----0000---000--0000---0--00----0--00000-
-000-0-0---00-000000--0---0-0-0-----0---0-00---0

Generation = 7, Population = 77.
-**...**--*----.*1*10.-*..--*011-1-.-*-01*.1**--
*0-.-*-*--.*-1*--..*...-0..0*.*.*.-.----.*0--.--
.*----0--**1---..-*.-.*-.-..10*--..*.*-..-00**0.
-.1**.01*.*-1--.*1.-0--0-0.-*0..10--*----1-0-*0.

*** Life<Cell> 99x19 ***

Generation = 0, Population = 118.
-------0-----------
-------------------
-----0--------0--0-
-----------00------
------------------0
-----------------0-
-------0--0--------
0------------------
------------0------
-------------------
-----0------0------
-------------------
--00---------0-----
--------0----0----0
0---------0-----0--
----------0--------
0----0--------0----
---------------0---
-----0---0---------
-------------------
---------0------0--
---------0-------0-
--------0----------
-------------------
-------------------
-------------------
0---------------0--
0------------------
0-------0----------
----------------0--
------0------------
---------0--------0
-----0-------0-----
------0---------0--
-------------------
-------------------
----------0--------
0------------------
-------------------
----------------0--
-------------------
---0----0---0------
--------------0----
-------------0-----
-------------------
-0----0-0----------
------------0-0----
-0------------0----
-------------------
--------------0----
---0--------0------
-------------------
-------------------
-------------------
-------------------
--------0----------
-------------------
-------------------
-------------------
-------------------
------------0------
--------0----------
--------------0----
---------------0-0-
-------------------
-------------------
-0-------------0-0-
-------------------
-------------------
---0-----------0---
-------------------
-------------------
-----0-------------
0------------------
-----0-------------
-0---------0---0---
----------------0--
-------------0-0---
-----------0---0---
---0-----------0---
-------------------
--------0------00--
----------0----0-0-
---0-0--0----------
---------0----0----
----0---------0----
-------------------
----------------0--
-----------------0-
----------------0--
----------0-0-----0
------------0----0-
-------------------
-------------------
-------------------
--------0----------
0---0---------0----
---------0---------
---------------0--0

Generation = 22, Population = 645.
-..************....
...1.0...1**...*.*.
.-....*.....*****.*
*.-......*.....*...
*.....*-.0......***
-*...-..1.....-....
-**1*.***....1.....
-.*-1.......*......
..**..*.........**.
.*.....1.-.........
.***..-....1*..**..
.*..-.-....*..**..-
..****..**.*...0*..
..*......*.*...****
.1.......*****..***
.*........*..*.....
....*1*1...**.***..
**..**..1...*1****.
.*..*-.*...*.....*.
*.*.0-1-********.-.
-*....11*.*.....-..
......-.*.**..*-*..
..-...*....***.-*..
...*-..*.**.0.*.*..
...1.....*.***.*...
.*.-.-*...-.**.....
*........*.-**-....
*-..*..*...*.......
***.*.-...*****....
*..**.*....*.1.****
.****.*..-.*..*...*
.-.*..*.-.*......*.
.**....*-.*........
....0***......*1**.
*...-**....**1*...*
....-*1**..*.1*...1
...**-**.0........0
.*.*.**-..*0...***-
**.*-*.*...*.......
*.*-.*..1.****.-...
**-1***.1***.***11.
.......*-*...***.1.
.....-**-1....*..*.
*..*..--...****.**.
**.....*..*...***1*
*......*.....**...*
.*.....-..*..**.**.
-.**.*....*.*..***.
..**.*-....-...*.*1
-.-****....1.....-*
1-*..***......***..
..******.1...*.*..*
.-*.*..-.*1**..***.
..*.1...**1....**..
*1...1-*1.-*.*..*..
*...*.0.-1.-*.**-..
*.**..-.**1*.1..**.
.....1-...*.****1..
-.....*-.**.*...*-.
*.*.-..*.*-0....**.
*1.-1--*..*.0..-.-.
..**.*.*....*.1...-
0**.**.*.*...**....
....*.-....*...*...
.0*.*.*..*.**1.*...
..*.......**-*.*...
**.*.*....*..*.....
*10.*1..*...1**....
.*1...**.**.**.**..
.......*..*..-**.*1
...*...**-...*.*.**
......-*.**-.*****0
**.....1.**.*..*.*.
....*..-.**1.*-1--*
....***.-.*....***.
...*.*......***1*-.
..*.*.....*..**....
-.*.*.....*.**.....
*.1.0.0............
**...***..**.*.*..-
1....-*.-.....**.*.
.--.*..*.*.....*.**
...**.*..*.*..*...*
*.....*.*....**....
--.-*...**.........
*...*..*...1*....*.
-.*.*...**....***.*
-....*..*10..*....*
.-..**.-..-.....*..
....1......-....*..
-................-.
.......1*.....*-.*.
.-*1..1--**-.....*.
.*.**..***-..*...*.
**......**......*.1
.*.*.*.****.....*..
*.*.........*...**.
..*....*..*.*...1..
...-.*1*...*.......

Generation = 44, Population = 359.
1..................
..............**...
**...........*..*..
**..........*.*....
**........***......
*....**...**.......
**..*..*...........
...**..............
...***.............
...**..............
.........***.......
........***.......-
........**.....-...
........*..........
...................
..*...........*....
.***.........*.*...
.***....-...*..*...
.............**....
...................
.****.....*........
.***.....*.*.......
..*......*.........
.............*.....
...........**.*....
..*....***...***...
.*..*.*..**...*....
.*.*.*.*....*.*....
....*.***...**.*.*.
...***.**.....****.
.....*.**......**..
......**...........
......*.......***..
..............*..**
..............**..*
......-.........***
...*..***..........
...*.*.............
...****..*.........
........**.*.......
..*.*.**.**.*..*.*.
.***..**..*...*...*
..*....**...*.****.
...**..**......**..
........***........
..........**...*...
....**.-*.*.*.*....
..............*.*.*
................*.-
.*......**...***.**
***.**.**.*...*....
...*...**..*.......
.***.......*.......
...........*.......
.**..*.****........
.........*****.....
.*.*.*.*.*.........
.*.**.........*....
**....*....****....
**.*..**.**........
**.......**........
*..*..............-
.***...............
.**.**-............
...**..............
...***.............
...................
...**..**..........
....*...*..........
..................-
......**...........
......1...**......-
.........*..*......
.........**.*....-.
.........*....**...
............*.**...
........*...**.....
.............*.....
......**.....**....
.....**.*....**....
....**.**.....*....
.....*.*.*****.....
......*.*..........
.......*..**.**....
**.......*...**....
**.........**......
...........*.......
.......**..........
......**.*-........
.....*.*.**........
-...**.***.......-.
.....***.......-...
.-.-..*...**.......
.........*..*......
..........**.......
...................
...................
..**...............
..**...............

Generation = 66, Population = 188.
.............*.....
......*.....*.*....
.*.....*....*.*....
***....**....*.....
...**..**..........
**...*.............
.*.................
......*............
...*..*............
...................
...................
..................-
...............-...
...................
...................
..............*....
.............*.*...
........-...*..*...
.............**....
...................
...................
...................
...................
....**.......**....
..**.*......*.**...
..**.**....**.*....
...*..*.....****...
....*..*........*..
....*..*...........
.....*.*......***..
.....*.......*..*..
......*......*.*...
...................
...................
...................
...................
.*.................
.*.................
...................
*.*................
*..................
*...*..............
.....*.............
.....*....***......
.*...*.....*.**....
.***.......*..**...
...........***.....
...........***.....
.........*.*......-
.......**.*........
.......**..........
............*......
.........*.........
.........*.........
.........**........
............*......
............**.....
........*..*.....*.
........*.....**..*
........*..**.....*
.........*.....*..*
.............**..*0
.............*.....
...................
...................
...................
...................
...................
...................
..................-
...................
..................-
...............***.
..........**...*.*.
.....**...**...*..*
....*..*.......**.*
.....**............
...................
...................
...................
..*.*..............
..*..*.............
....*..............
...**..............
...**..............
.*.**..............
.**................
...................
...................
......*............
-....*.*.........-.
....**.**......**..
.-....*.......*..*.
..............*..*.
..............*.*..
...................
...................
..**...............
..**...............

*** Life<Cell> 11x86 ***

Generation = 0, Population = 28.
--------------------------------------------------0-------------------------0---------
--------------------------------------------------------------------------------------
0--------------------------------------------0----------------------------------------
----------------0------0-----------------------0--------------------------------------
-----------0----0--------------0-----------0---------------0--------------------------
---------------------------------------------0-----------------0-------0---0----------
---------------------------0-------------0--------------------------------------------
---------------------------0-------------0-----------------0-0------------------------
-----------------------------0--------0-----0-----------------------------------------
-------------0---------------------------------------------------0--------------------
----------------------------------------0---------------------------------------------

Generation = 22, Population = 363.
**--*1**1..***.******..--*-0***--...1.-*...1-...*...--**********-...1.**-0-*-10-0-0-0-
--**0**0.1....-*.**.-....1-*--...**..*--.***...*.-***.*.-.....**.-*...-*0----0-0-----0
.0..*......*......***...-..-.*1....*...***-*-**...*1*.*..**.-1....-...**.*-*---10-0-0-
*-**...11*.*..****....-..**.*-0..**.....0*.....**.1...-........--.-...1*.1-*-1-1-0----
-...*...*.1**..**....***.*.*.*.*0*****......-....0*...*---....*.....-*-*..***-1--10---
-0**-.....-.**.*.....-.-*...1...****..--1.....*...1...-**.....*.1**..*1..--*-*1--0-0-0
10*.*---*...1.-*....***1-**..**..*.*****...**...*0*...1.....-1.**---.*--10-*-100--0---
0--1--*.*.*.*.....*.1.-*-..1.**.........-....-.*...-..0.*..*..-...*-1*-*----00-0-0-0-0
1**...*...-**..*..*0**0***0-..0.............*.....*01...***-.*...-1.-.-**-11-10-0-0---
--10*11*.**1.-*.*****.*-.**-*-.....*..-.1.....--..1--.--1.***11-.*..-1----01-----0----
0-----*1*..**-..*****1**.1.*.--.....*-..-...**...*101*.*-.-***..**.*11---0-0----0-----
