*** Life<Cell> 34x6 ***

Generation = 0, Population = 79.
00----
----0-
------
----00
-000-0
0--0--
-----0
-0--0-
-00---
-0000-
0-00--
0000--
0---0-
0--000
00-0--
----00
-0----
0----0
0----0
0-0---
---000
-00---
00-0--
--00-0
-0---0
---0--
---000
0--0-0
0-----
--0-0-
0-0--0
-----0
00--0-
00--00

Generation = 1, Population = 109.
110-0-
00-0-0
-----0
-00-1-
-1--01
---10-
00-0--
01-0--
01----
---110
1-11--
1-1---
--001-
--0-11
-1-10-
0---11
--0-0-
1---01
-00-01
1---0-
0001-1
--1000
1--100
001--1
0---01
-001--
0-01--
100101
100000
-01---
--10-1
-00--1
--0010
--00-1

*** Life<Cell> 39x15 ***

Generation = 0, Population = 110.
--0-----------0
--00------0---0
---------------
0--0--------00-
------0--0---0-
-----------000-
-----0---------
-0-------0----0
-------00-----0
-----0--------0
-0-0-0-00------
---0--0--------
------------0--
0-0---00-------
-------00-0----
-0--0---0------
------0--0-00--
-0--0--------0-
0-0--0--0----0-
--------0------
0-------------0
00-----00-----0
--0----------0-
0--------0-----
-000-----00----
------0---0----
------0-00-0---
----0--0-0-----
-0--0---0-0----
------0--------
---00----0----0
-0--0----------
---0------0-00-
--00---0-0-----
-0----0----0---
---------00---0
-------------00
-0--0----------
---------------

Generation = 5, Population = 296.
--*0---00110*-*
11-..10-00---.*
00**0-0-0--0-.1
-.*0-10**-00.-0
---0-*0..--*--0
-11*----1-..*--
00-1--1-..----*
1*0--.-.--*00*1
-.-*11..*..1.-0
*-*0-1*101-*-*-
000*-11-...1*0*
-1*-*0-----0-01
00-*--*-0*--1--
--0*0-.---1*---
*-*0*-*10---.1-
*.0.-1.-1-.--00
*0*01.-1*1-**--
-11.1*--0-0.0--
.--.--***.--*1*
.*001--*.---*..
-*1--1*0-00*1-.
--.1*1*1.-1-1-*
---.---00.010-1
-***-1--**-001-
1.-.-0.1*0100.0
.-1-001*-0*0100
00-.0-**---0-0-
--0--.---.0*0*0
-0*0***----.--1
-1---0*-..00000
-1***-1-1*---.1
-10---0.1.-000*
01-*00.11*-0.-*
1*10--0-0--*--1
-*--.*01-*--*0.
0*-0-**--.*-*0.
0.0-0-10-1--11-
--..**1*-*10-0-
--0-0---000--.1

*** Life<Cell> 35x38 ***

Generation = 0, Population = 76.
-------------------------------0------
--------------------------------------
--------------------------------------
----------0---------------------------
--0-------00--------------0----0------
-------------------------0------------
------------------0------------0------
0-------------------------------------
----------------------------0---------
-----0------------------0----------0--
---------0----0---------0-0-----------
--------0-------00------------------0-
--------0-0-00-------------------0----
--------------------0-----------------
-----0--------------------0-----------
-0----------------------0----------00-
------------0--0----------------------
0------------0------------------------
----------------0----0--0----0--------
--------------------------------------
--------------0-----------------------
0--0---------------------0------------
-0----------------------0-0-----------
------------------------------------0-
-----------------------------------0--
---------------0-----0----------------
---0-----------0-----------0--0-------
----------0----0----------0----------0
0--------------------0----------------
-------------0----------0--0---0------
-------------------0---------0------0-
----------------------0-----------0---
-----------------------0--------------
----0----------------------------0----
--------------------------------------

Generation = 3, Population = 562.
----------0-----------------0-----0---
--0------01---------------0--0-0-0----
-0-0----00-1---------------0----------
0-0-0--01-1-1-----0---------00-0-0----
10-0-0-0-*-1-10--0-0--------11----0---
100-0---0-*-00--0-0-0-0-----0---------
-010-0---0-10--0-0-0-0-00--011----00--
--100-0--000--0-0-0-0--0-1--000--00-0-
--00-0-0--0--0-00--0--00*-0--01100-000
-00-0-0---00-000-1---010-0*0--000100*1
0--0-0-----1----*-00001-.-10----01-000
----0-----*00-*--1*-1000-00----0--1-0-
-0--0---*101.1-1-0-00-00-0----0-0---0-
0-00-00---0000-01-10-0---0--0--0-0010-
00010-01---001---00-0--0*000-0--01-0-0
-00100-00---0--000-0-0-0-0*000--0-*11-
-0000-0--0--0-*0*10----0*-100-0--00000
1-10-0-------0-*-000-00-*0-0-0-0--0110
0000----------0*001100**--110-0-0--00-
-00-0-------0-00--00-0000-00-0-0------
-1-0-0-----0--------0-00----0-0-----0-
11*-0-0-----0-0------0----0--0-------0
-0-*00-------0---------0-0-0-0--------
--0-0----------10---0---0-000-0------0
---10-----0--00-00-0-0---0-100-00----1
0--0-0---0-001-.-1--000---1-000-00--1-
110-0-0-0-0--10-0-000*000----*0--001--
-000-0-0-0-0--0.-10-0*00-00--0----010-
--110---0-000-0*00---00-000*011--00--0
--00-----0110--0-0------0-0--00001-0--
-0--0-----00-0--0-0-0-0-000*0-0*-0*000
0--0-0------0-0--0-----0-001000--*-0*0
--0-0-0------0----0-0---0-000-0-000-10
-0-0-0-0-----------0-----0---00-00*1--
--0---0-----------------0------0--00--

Generation = 6, Population = 542.
0-0-0---01.*10----0-----00**1--0---0-0
0-----0-------0--------0---1----------
1-0----0--11--100---0-0---0-0-0-------
*-0-01--1---1---0----0--00---0-----1--
.10--1---.--1*--100-0-0--0-*.-*-1--*-0
--001-110-.---1-00-0--11--10---1-0--10
0-------0---0000----0---.0-.-*0-0--*-0
0-.011--*11-1-01.-10-0--11--00----00-1
0-*-1-0---0*-.101---0---.-11-0**1.1-1-
1100---0--01100-11--10*0.1*--1010*-0.*
--0-1-00--1*-*--.1--.1.-.-*0*-*0----01
-*-1.1--1-.0*-*1--.-..01-1--0-10-1*1--
-10-.1*-*-1**.****10-1-0-001**1----0-0
--000100----*-10.01--1------1--0-0-.--
-.-10-01--0----0-00-0--1.-110*-011---1
-.111111111-11-11*-00-1---.1-0--*0.--1
-----1--10*0--.-.-----0-.---1001-1-0--
.*.-*-001--1--0*1.100-0-.--01--00--1-0
-.-----0--01-10*-.*---.**-----00-0----
-.1----0-0---0-1-1--0-01.10--0---1---0
--------0-0--01*-----00----0-1-------0
.1*--01--010-0---0------1-01-*-00--100
0--.---1--1-01---101*0-001-*-11----0-1
---00--00--1000*0--0-------01100---1-1
*-0--0-0---100-----1111----*0--*-0000*
*01--00--01.0*-.-*---10--1----1-1-10-1
1.1100-------*10-----.1*--0--*-*10.-*1
0--0----0--.--0.-1101.-01--0---0--*.-1
01.1.-10---1--0.0.-1-1-*0-1.1-*10-00-0
--1----0--*--0-10.-1-*00--1---0--*0.0-
001-00-----------1-0------1.--..-1*---
1--------1--0--01----1-10--*-1.1-.0-.-
*-00-------------0---0-0---.--1-0-0---
*----------0------0---0--11*-.0---*1--
1----------------0---0-0-0---*-1----0-

Generation = 9, Population = 604.
-----0-0....-----0-0--0-11*..-0-0--00-
000-0-0-00--0-1---0------**.0-----0-00
--*0-0----..-0-0000----0*-00-0--0--00-
*0-01--0*0--.-10--*----0--0-0--0-00.--
*.*0-.-11*01*.-1*1----111--..*.*--*.-.
*---.0.1--.010.-0-0--0-*10.00---0---*-
--.-1*---1*10-0-----0---**-*1*--1-0.*-
0-.*.*1*.**0.0*..-.-0--0.-0--1---000-*
-*.-*--1-1..-.*.-00-*-0-.--.-1.*-.*11-
*1-*0-0---1--10--1**1*.-...*-1--*.--*.
0**0-0.01--.0*-0..-0...-.-.-.-.10--0*-
*.0*..-1.0*1*-**1-*-..-1-*0-1-*--..*10
--1*...*.-***.***.*--.0*1-11.*-*00-1--
*0-.*.--*-0-*1*1*-*-0.----1--*-1**-.--
0.-**0-.0--0-.1-**--.11-.0**-.*1*.0-0*
1*.*.......*..-11.-100.0--..--1-.-*--.
1**0-.0-.-*--..-.*00-00-.-----0-0*-*0-
**.*.0.11---00-**.-1111-.*-*1001.-**-0
-.-0--00-11-0-1.1.*111...-.*--*-*10--1
0*1---01-0*0001*--0--*1-.**-0*--0.-1**
1*1000----*0*.-.00--0*010-0--*--0*0-00
*..0.1.01-1*0--**.----01.-1.-*-1-*--0-
01**0--.-1*--*---*-*.*-11.-*0.1-*0*0*1
---1-----00-00-.1-1----0-01*..-1*01**1
.0--0--1---1-1-------*1*-0-*-0-.-..--.
*-.-11110-..0.-.-.-0-1---1--0-1-.1----
*.1.-00-000--..--10--.-.-110**0****-..
010-1-010-0.100.1.-1.*----0-0--0-1..--
-..*.**------0..1.-10.-*0-..*-.*.01--*
1-.-1*0-01**0-0.-.---*100.111-*10.**--
01-0*------10-11-*--0-----.*1-..-*.0.-
*00-0------0---..*00-.-11*1.0-.--.1-*-
*-----------000-000-010-0-0*0-**0110-0
.-*--------0*1--0--00*00*-**-.*--1..11
.---0-------00010---010-01--0.*1*--01-

*** Life<Cell> 17x21 ***

Generation = 0, Population = 91.
-0------000----------
--0----0-0--0---0--0-
---0---0---------00-0
-00---------0-00--0--
00---0-----------0--0
--0-----0----00-0----
0----------------0--0
---0----00-----------
---------00----------
--00---0-0---------00
--000----000--00--00-
0-----0----00--00----
--0-00---------0000--
---0--0-0-0-0----0--0
----0-0----00--0---00
---------0-0-00------
-0------0--0--0---0--

Generation = 8, Population = 148.
**-0----**--.---*0*0-
--.----.*.1*--.-*.-10
..1*-.*1.--1-..*-...-
....10..1.*--1.--....
*-..*1-1--.1110*-*1*1
*1-..0-0...--.--.*.--
**---.-1-..--1--*.1*1
0*1-...**.-.1*.1-.1-*
*-..1**--**-1.0--1.**
*.---0---*.1.10.-11-*
*1--.*..10.*.--*-..-*
10*.*-1.*--0.*-*..1.-
--1-.*0*1-.**10-..111
1*-.--.---111.**----.
-.*-*0*0-...11*1*.-*.
.0*-1***--*--**1.1.1*
--*-.*--.11.--.-1-..-

*** Life<Cell> 28x35 ***

Generation = 0, Population = 73.
-0-------0---------------0---------
------------------------0----------
---------------0-------------------
------0--0---------0--0-----------0
--------------0---0-----0----------
--------------0--------0-----------
-0------------0-------0------------
-------00--0------0----------------
----0--------------0---------------
-----------------------------------
----0-------0----------------------
---------0------0------------0-----
-----------------------------------
-0-----------------0---------------
------------0-0-----00--------0----
----------0--------0------00-------
--0--------0--------------00-------
------------------0----------------
---0-------0---------------------0-
--------------0----0---------------
----0------------0---------0-------
----------------0----0-----0-------
----0-------------0----------------
-----0------00------------------0-0
--0-------0---------------------0--
0-------0--------------------0-----
------------0----------------------
------0--------0-------0-----------

Generation = 2, Population = 246.
-0-0---0-0-0---0-------0-0-0-------
------0--1---------0------0-------0
-0-------1---01--00-----10---------
----0--11--0--1--0--11-1--------0-0
-0----------0-*1----0-----0--------
------0000-00---0-10-00--0--------0
---00-------0-*-0-100--------------
-----01---1--01-0---0--0-----------
-00-0-0-----0-0--0---00------------
-------000-0----0-0----------0-----
--0-0-0---0---0----0---------------
-0-----0---0--0---00-------0---0---
----0---------0-----00--------0----
---0-----00-----00-0-1----00-0-----
--0-------110-0-0-01--10--110---0--
-0------0---1----010-1--01--10-----
0--10----0-0100-----00--01--100--0-
----------0---0-0---0-----11-------
-01-10---0-0-0---0--------0----0---
------------0----11--------1-------
--010-0----0---0--11-----0---0---0-
-----0------00----1----0-0---0--0-0
----0-0---0-----11--0------1----1--
0--0---00-11--100----0-----0-00-*--
1-------1---------0-----------0---1
0-1--0----1-10-0-------0---0---01-0
--0-----------0-----------------0--
0---0-0------0-0-0---0-0-0---0-----

Generation = 4, Population = 248.
-0-----------010--0--0--0----0-----
--------------1-----1--11---0------
---------.-1--1----0--0-.*---------
--0--1-..-10-010-----.-1--1---0-0--
-0--1----10--0**--10*-1--0--0------
----------0---0---10----1--0-------
-0--*0----1-*-.0----------0--------
---11-1*---11-.0*--0---------0----0
1-------1-----*1--0----00----------
-1------------0----0---0-----------
00----------0---1---100-------0----
-----0-01-0011----*00----010-----0-
--0-0------1-------1------10-------
-0---0---------1--1--.-1-----------
---00---1-110----00.--.-001*-----10
------0--0-----00-.0-.0-----*000---
0--.*-00----.--1-1----11---0--*1---
-1------------*-0--1-00----*-------
--.-.-------1-00--0-10-------01--0-
-----1------00-1--10---0--01----0-0
0-------0-10-1----*.-0-1--1*---00--
0-------0---*----0.-1--0-*---*-1---
1--0----1--01-1--*----0----.----11-
-1----0-0--.--.000-0---0----0-00.11
1---0---.-----1--1---------00---1-.
--.---1-----.--01----0-0-0-0-----0-
----1---0---1---0-0----------------
0-1--0--0-0010-------------0-0--1-0
