*** Life<Cell> 18x11 ***

Generation = 0, Population = 35.
-0-------0-
-------0---
-0-0------0
---------0-
-----------
-----0-00--
-------000-
0----------
--0---00-0-
-----------
---0---0---
----------0
0----0---0-
------0----
00-------0-
------00---
-0-------00
-----0-0---

Generation = 1, Population = 80.
0-0----00-0
---0--0-000
0---0--0---
-0-0----0--
-----0-000-
----0------
0----00-110
-00---0-0--
00-0-011--0
--00--0--0-
--0-0-0-0-0
0--0-0-0---
-0--0---0--
-0-----0---
110----00-0
0----0110-0
0-0--00-011
-0--0---000

Generation = 2, Population = 79.
-------1-01
-----0-----
---0-0--000
-----0-01--
-0-0---1110
0--0-000--0
--0--1----1
0-1--0-01--
1--1-1-*---
0---------0
001--010-0-
------0-0-0
-10----0-0-
----0-010-0
-*10-0-1--1
----0-**10-
10-0---01**
---0--00-1-

Generation = 3, Population = 91.
-----00--1*
---001000--
--0---0---1
-0--01--*0-
---10--**--
---1-------
-01-0---11*
1-*-0---*00
-0---*-*--0
--00--0----
--*001*10-0
0-----1----
0*100-01--0
-----01-101
1.-1----0-*
0-00-0..*-0
*1-1--01*.*
0001001-0*-

Generation = 4, Population = 81.
---0-----*.
---1-*--1--
-----01----
0----*--*1-
-00---0**--
-0-*0--0-00
-1-011-0-**
--*-1---.11
--01-*1*--1
-----0100--
00*1--.-1--
1------00--
-*--101*--1
-00--1-1--*
**-*0-01-0*
-011--*.*--
.----0--..*
-1-*---0-*-

Generation = 5, Population = 94.
--0100---..
--0*-*-0---
0--001*0-0-
--0-0*0-**0
--1-0-1..10
0-0.----0--
0*1--*-1-..
--.-*00-.-*
-0-*0.*.--*
00--0-*1-00
--**01.1-0-
*00000---00
-*-0*1-.-0*
-11-0*--1-*
*.-.10--01*
------*.*--
.-0-0--1**.
0--.001--.-

Generation = 6, Population = 87.
-0-*--01-..
00-.-.0110-
-00-1-.-01-
00101.10..-
00--10*..--
10-.000---0
-.-0-*0--..
1-.-.1--.1.
-1-*1...--*
1--0-0.----
-0..--.*--0
*11--11001-
-.--.*1.--.
--*01.11*-.
.*1*---11-*
0-1---*..00
.1--1-0***.
-10*--*-0.-

Generation = 7, Population = 86.
-1-.00---..
11-*0*-**-0
01-0*1.0--1
--*-*.-1*.-
11--*1...-0
--0*--10-0-
-*1-1.-1-..
--*-.*--.-.
1--***..--.
-0010-.1---
01..--.*---
***00-*1-*-
0.-0..*.-0.
--.1*.-**0.
..-.--0--1*
--*-00*..--
**0---1...*
0--*-0*01*-

*** Life<Cell> 27x18 ***

Generation = 0, Population = 59.
-0----------------
0--0----0--------0
---------000-0----
----0----0-0------
-0----0-----------
-0-0--------0-----
-------------0----
00--------0-------
----------0-----0-
---0-----------0--
---0--------0----0
-----0--------0---
--------0-0-------
0----------------0
-------0-0--------
------0-----------
-----0-0--0--0----
----------0-------
--0--------------0
------------------
-------0----------
------------------
-0--0-------0----0
------0----0---0--
-----------0-----0
---------0-------0
--0-----0------0--

Generation = 1, Population = 170.
--00----0--------0
--0-0--0--00-0--0-
0--00---------0--0
-0-0-00-010100----
010000-0-0-00-----
01--0-0----0------
0--0------0---0---
110------010-0--0-
00-0-----010-----0
--010-----0-0-0--0
--0100-----0-0000-
---00-0-0-0-00-0-0
0----0-0---0--0--0
-0-----0000-----0-
0---------0------0
-------0-00--0----
----0-0-00100-0---
--0--0-0-010-0---0
-0-0------0-----0-
--0----0---------0
------0-0---------
-0--0--0----0----0
0-00-00------0-00-
-0--00-0--01--0-0-
------0--0010--001
--0-------00---001
-0-0---0------0-00

Generation = 2, Population = 164.
-0-1-----000-0----
001-100--011---0-0
------0000--00-0--
010---101*-*11---0
---11---0101------
1--010---0-1--0---
-0----0---10---00-
**10----0------0--
---1----0----00--1
0---------1--01--1
-0---1--0-0---1110
0------0----1--101
---0--01000------1
0-0--00-------00-0
--------00-0-0----
0---0---0-1------0
--00-0--1--11--0-0
------0-0---0-----
0---00----1--0-0-0
----------0-------
-00-00---0--0-----
------0----0---0--
--11--10--00--01--
----1---0---------
-00-0---01--10----
------00---------*
0-0-0-0-0-00-0-0--

Generation = 3, Population = 242.
-10--00-0-1---00-0
11*0*----1*---01--
----0-1111-0---10-
1-1-00-1-.0.*-000-
-1----0----*-00--0
--0-*1---1--00--0-
01--0--00-*-0---10
**--0-001010-0-1-0
-0-*0--0101-0---0*
---1-0---0*00-*---
0-0-0-0---100--**1
---0-0-100-0-0--1*
----0--*--100-0---
----01----00--11-1
--0-0000-10----0--
-00----0-0-000-001
00110--0-0-*-00--1
0-0000--101-1-----
-0-011--00*0------
000-------1000-0-0
011-11--0----0-0--
-0-00-1--0-1---10-
-0**-0-1-01-001-0-
-0--*00-1-010000--
011-100--*01*10--1
00---0-100000--00.
------10--11----00

Generation = 4, Population = 149.
-----11--0*0-0----
**.-*--00-.--0-*-0
-0---0**------0*-0
-1---1-*-*-.*1-1--
--0--0---1-*----0-
11--**-0-------010
---0------.010----
..1---1--1-1------
-1-*----*-*-1-0-1*
00-*---0--.11-.---
--------00-----*.-
0-----0--1-------*
----100*----101-0-
--001-----1--0----
--1--1-----000----
--1--0----1---0---
-1-*--011-1.--1--*
1-----0-------0--0
01--*-00-1.-00-0-0
-----------1---1--
---0-*-0--0--1---0
---------10------0
01..-1--0----1--10
--0-.--0--1*---1-0
--*-----0.--.*-0--
-----1---1-----1-.
00----*----------1

Generation = 5, Population = 257.
01---**--1*1-100-0
**.0*00-1-*1010*-1
--0---..-1--001*-1
1*--0-1*-.0.**0*-0
01-1--0-0*-.-0-01-
**--**--01--0001*1
01---000-0*--10010
..-0-0-0--1*000-00
-*0*0-0-*0*-*---*.
1--.0-0-00**-0.001
-0-1--0-1-100-1..1
-0--0-1--*0-1001-.
0-0---1*0010*1*---
-0---100-0--0---0-
-0---*0---01------
--*-01-000*-0-10-1
--1.0---*-*.-0-00.
*0-000-0101-1-1-0-
-*00.--1--.-1101-1
00-0000--0----0*0-
--1--.--0-1-0-0001
00-0---0-*-1------
1*..0-1----00-1-*1
0-10.00-10*.0-0*01
-1.0-0---*01..--01
000-0-----0--00*0.
110---.0-0-----00-

Generation = 6, Population = 194.
--01-.*0-*.-0-1--1
*..1*1----.*1--.--
-0---0..--0-1--.--
-.-----*-.-*..1.01
1*--1-10-.-*0--1-0
..0-*.0--*-11-1-.-
--00-1--0-.-1*-1-1
*.-101-1-1*.11-11-
-*-.-010.1.-.00-..
-00.1---11..--*11-
-1--01--*-*1--*..*
-1------0.1-*1-*1.
---01-*.--*-.*.-0-
-1--1---01101-11-1
01---.-001-*0-0000
--*---011-.0-0*-0-
0-*.-0-1.-..1----*
*---11--*---*-*-1-
0.-1.--*--*0------
1-----1-------1.-0
-1-01*0----0---11*
--0-----0*0*0--1--
*...-1*-0-----*1.-
1-*-.---*1..1--.-*
0*.111---.-**.-01-
---0---1-11-01-.1.
-*-00-.------0---1

Generation = 7, Population = 235.
011--**1-..-1--00-
.*.-.--0-1*.*10.-1
--00-1*.-1--*01.01
1*--01-*1.-..*-*1-
**-1*---0.0.-00-11
..10*.1--.--*0-1.-
01---*---0.-*.0*1-
.*---*1*1-**-*0-*-
-*-.0---.-.-*--0..
111**00---..--.-*-
0--1-*00*0**--...*
0*00-0111.-0*-0*-*
--01--.*--.-...01-
-*0-*10--**1-0---*
1---0.----0.-0111-
--*0--1---*1-1*011
1-.*-10*.-.**---0*
*00-*-00*01-*-.---
-*0-*1-*-1.1----01
*---0-*---1--0-*-1
--11-*-000-1-----*
0---0--0-*-*10---0
....0*.--010-1*-*1
-0*-.-00**.**00.-.
-*.--*000.-...01--
0-0-010--**0--0***
1.--10.0-01--10---

*** Life<Cell> 19x24 ***

Generation = 0, Population = 48.
------0--------0--------
------------0------0----
---0---0---------0-00---
-0-------00---0---------
0---0-------------------
--------0---0------0----
-0-----------------0----
---0-------0----0-------
--------0---------------
----0----------0--------
0--00-----0-------------
----------------0-------
-----------0----------0-
--00--------------0-----
------0----0-----------0
-----0----0-------0----0
-------00--------------0
------------------------
---------0-0------------

Generation = 2, Population = 127.
---00-010----0-0---10---
-0-------0-------1---0--
01--1-1--1-------000-10-
---1---1---1----0-------
00-1--00---------0--0---
-1-0--0--101----00---0--
1--10---1--------0---0--
-1--10--10--1001--01----
00-11-0------------0----
--00--0----0-0---0------
01---10----10---------0-
--011---------01--------
0--10-0--010-0------0--1
01--1-----0-------0-0--1
----0--1-0-0-0-------01-
--0----11---0---0-0-00-0
-----1----1----------0--
-----0----0-------0----1
--------1----0---------0

Generation = 4, Population = 129.
0-1**--1--00-----1-**---
---------------11.-----0
-1-0--10-.-1-0--0--*-1-1
-0-*--1.--*1-00-0-1-----
*-0-1-0--------0--------
-.------0.-.----*--1---0
11--00-1.-1----1-*-*1--0
-.--*----*1-.-0.1---1---
*----------11---------0-
0-*0-------*1-----1-----
*.1-0.-10--1--1----0---1
---*-0----101--.1-0-1--1
----------.----1--1---1.
0.--1-11------00------0.
1-11*--.-0-0---0---0-0.-
-1----1-.0------0--0-*1-
---01.---1.11------0-*1-
--00--------------0----.
-----10-1--0-0-0--------

Generation = 6, Population = 205.
0-***1--*-*-1--101-.*101
-*--1-1---10---*-.011*-*
-.--*-1*1.0*-*0--10.1--*
-*-.01-.0*.1-0*---100---
.1-*10--1011---0----00--
0.100----.-.-001*1-.0--*
*.1-0*--*0*100---*0*1--*
-.-1.-01*.-0*10*-01-.-11
.-1--0--01--11-0-0------
--.--------.-1--0-1-0--1
.**10*-.--0--1--101----.
10-.-01-11.*.1-.--*-11-.
-------10-.*-00.01.--1.*
*.-1.-..1--1-1--1011-0**
*1*-*-0.----1--*--1---*1
0-0-011-.-10---0-1-0-.11
01-0*.11*....-0--0---*1*
0---0-1--11--------00-1.
-----.-0--1000---0-0-00-

Generation = 8, Population = 209.
0-****1-.-**--1-0.0...-1
0*--11.-0**-0-0*-.0--*-*
1*-*.--.1*0.0.0-1**.11*.
1.1.*-1*-..-00*01--0*-01
*.-.--*11-11--1--*1---1-
*.1*---00*0.-00**1-*011.
*.*--.-1.-.*--11-.-.1*-*
1.-1*-*1..-0.-0.1*1-*-.-
.---*-1--.-11*1*1*-----0
--.*---0-1-*1---*0.----1
*..1-*-.*00-------.1010.
*0-*10.--***.11.-1.-*1-.
1--*--0.-1..0--*0-.1--..
*.1-.-...-*.-.1-1-..1-..
.-**.-*.--11--1*-1.---**
--*--1.-.1.*00-*0.10-.**
-.1-..*1*..*.1--1*11-*1.
--1-*-*1-*1-1--0--10*--.
10-01*1----------0-*1*--

*** Life<Cell> 15x15 ***

Generation = 0, Population = 39.
---0--0--------
---0-0----0----
00---------0--0
-----0--------0
--0----------0-
-0-000---------
---0-----------
----0-----0----
----0---------0
---0----0-0---0
-0-0--0--000---
----------0---0
---------------
--0----0---0---
------0-------0

Generation = 4, Population = 90.
001*1--1--10-1*
1--*0-1*-00----
*-0-1101--0-10.
0.--1----0--*0*
1--0.----0---1-
1-----.*-1----0
1..1.-11-00---*
1--0*.*-0-*----
1-0-1---0---0-.
-101-*.---*----
-*1.-.-.1*0.-0-
---.1-1--1.-0-0
----0-0-------*
0-0---0-1-.---1
-001--0--1110--

*** Life<Cell> 24x23 ***

Generation = 0, Population = 57.
-----------------------
----0--------00--------
-0-0-------------0-----
--------------0--------
-0---------00----------
--------0--------------
--0-0---------0-0------
-----------0-----0-----
-----------------------
-----------------------
-0-0---------------0---
-0---00-0----0-0-------
--------0--------------
-----------------------
-------0---------0---0-
---------00------------
-----0--------------0--
0----0-----0--0--------
--------00-0--0--------
------0-0---0---------0
0------------00--------
------------0--00-00---
--0-------------0------
--------------0--------

Generation = 1, Population = 170.
----0--------00--------
-0---0------0110-0-----
0------------0--0-0----
---0-------000-0-0-----
0-0-----0-01100--------
-00-0--0-0-00-0-0------
-0---0--0--0-0---------
--0-0-----0-0-0---0----
-----------0-----0-----
-0-0---------------0---
01--000-0----0-0--0-0--
0100011-10--0---0--0---
-0---00010---0-0-------
-------00--------0---0-
------0-000-----0-0-0-0
-----0-00110-----0--00-
0---010--000--0----0-0-
-0--010-00010010----0--
0----000-1-1-010------0
0----0--1------------0-
-0----0-0---011-0-00--0
0-0--------0---1--110--
-0-0--------0-0-1000---
--0----------0-00------

Generation = 2, Population = 172.
-0-0-------------0-----
--0---0----01-*10------
---0-0-----00--0---0---
----0---0---110-0------
-01-0----01--1--00-----
------0---01--1--0-----
010-0-0----1--0-0-0----
--------00---0-0---0---
-0000---------0-0--0---
-1---00-0--0-0-0-0-----
-*-0-1--1--------0---0-
----1-*0*-00-0-0-0-----
-1-0--11--0------0-0-0-
-0---00-100--0-0-------
--------11-----0----1--
0----1-11---0-0--------
---0----01-1--1--00--10
0-00--101-1--1--0-----0
1----111-*0*0-*-0---0--
1---010-*--00--00-000-0
0-------10--1-*0-------
------0-0-0-000-0-*-100
----0--------0----1----
--------------01--00---

Generation = 3, Population = 248.
0-0-0-0----00-00--0----
---0---0--0---**1--0---
----0---0-0-1-010-0-0--
-00-1--0--0--*101--0---
01*-100--1---*00--0----
0----010----0-*001-----
1-1---1000-*0-10-0-----
0--0--0011000---0--10--
0---1-0--0-0-0----010--
0-----1-100---0-0100-0-
0.--0*0--00-----0-0-0-0
---0-1.1*--1------00---
0*----*-1-------01----0
010001-0-1-00--100-000-
00----0-*---00-10--0-0-
-0-00--**1----1--00-000
---101001*0---*0-1100*-
1-1-0--1--*1--101-0-0-1
-000-----.1.-0*0-00-10-
-0-01*-0.0--100---1----
10--00-0*1---1.-0--0-0-
0---00--10---1-1--.-*-1
---0-00-0-0--10010--000
----0---------1*00-10--

Generation = 4, Population = 158.
---0-------11----0-----
0---0----01--1..-00----
-00-10-0-----01-1----0-
----------10-.---00----
-**--1-00----.-10------
------------10.--------
------*-1-0.1----1000--
-0---011*-----0------0-
-0------0--10----------
-1------*--------------
1.--1.--1-----0010---0-
-10-1*.**---0------1---
-.--00.-*---0-------0--
1----*-----1--0--------
-1------.1---10--0-1---
-1----0..---0-*0------1
00------*.---0.-0----.0
-0*-1--*--.*0-*-*--0---
--1-01---**.--.-011--1-
--0-**-1.1-0*---0-*-0--
--0-11--.*0---.--0--0--
1----1--*---0-0*00.-.-*
0-0---1-10-00-1-*-1-1--
------0-0-0----.1--*--0

Generation = 5, Population = 276.
0-0------0-**---01-----
--0-1--001*--**.--10-0-
-11--1--00-01-*--0--0-0
----1---00*11.101110-0-
0..01--111111.0*1-0----
-00--010--01-1.001000--
-1----*0*--**-1-0*--1--
010-01*-*100-0-0-001--0
0-0--00--00*100------0-
-*0-0--0*0-00-0001---0-
-.00**---0--001--1000-0
-*1-*.***0-11000000--0-
0*00-1.-*0--100------0-
-----*0-110---11-0-00--
-*0--00-.-00-*1-0---1-0
--0--1-..1-0--.1-0-0-0*
11--0-0-..-10-.-11-0-.1
--*-*-1.-0**11.-*---001
----1-1-0*..--.01-----0
-0--..--.--1.0-01-*-1--
101--*00.*1---.001-0100
*0---*-0*00-1--.1-*-.0.
1--0--*-*101--*0.0-0-0-
0-0--01-10--0-1**0-*-0-

*** Life<Cell> 26x14 ***

Generation = 0, Population = 40.
----0------0--
--------------
-000-0--------
--------------
-----0-----0--
--------0--0--
--------------
--------------
--0----0-----0
--------0-----
----0--------0
-------------0
0-------0--0-0
-0--------00--
--------------
--------------
----0--------0
-0--0---------
-0-0------0---
------0-----0-
---0----------
--------------
--------------
---0----------
-------0--0---
--0--------0-0

Generation = 2, Population = 107.
-0-1010--0-0-0
--------------
1*-----0------
--------0--1--
-00--0-0-0---0
------0--11--0
--0--0-0---1-0
-----------0--
0----0---0-0--
------0---0--0
0-----001----*
-0------1-0--0
0-0-0-0--10*-*
---0----11--1-
0---0---0--1--
----1-----00--
-101--0---00-0
--10--------0-
-*--00--0---10
-1------0-1---
---0-0----0---
---1--0-----0-
---1---0--0---
-01--0-----0-0
-----0--11--0-
0-010----0---0

Generation = 4, Population = 117.
100*---11--0-0
-0------0--1--
*.1-0010-0-1--
-0------------
-**-1----*-*--
----0--11-.-10
-10110-----.-*
-------------1
---0-00-10---1
-0--0---1-0-1*
0-------11-01.
--------.1-0-0
----0----1-.1*
----10111----0
-1-0*-----0*-0
----.-1-----11
-.-1-----1---0
0----1--1-10--
-.---*11------
-.11----*-.-1-
----0-----*--0
-01-1------1-1
-1-.------0---
--.---11---010
------11.-10--
0--1--00-*-0-0

*** Life<Cell> 28x22 ***

Generation = 0, Population = 63.
----------------------
--------0--0----0--0--
----------------------
-----------------0----
-------------0--0-----
0-0-------------------
0---------------------
---------0------0--0-0
---------0------0--0--
------0-0-------------
0--------------0------
---0-0----------------
--------0---00--0-----
--0-------0---------0-
---------0-0----------
--------0-----0-0--00-
-0-------------0---0--
--0----0--0----------0
-----------------0----
---0-----0------------
------------0---------
-------0----0---------
---------0-----0------
-----------0----------
0-------0---------0---
---0--------0---------
--0------0------------
-----0----0-------0---

Generation = 4, Population = 173.
-------------1--0-----
0-0-0--11..1----1--110
1---------------.-----
---------1---1--0--0--
*-----------1-.-10-00-
--*-0------1----*--*--
.01-1----.-----0---1--
.--1----.---10-0--*.-1
-----1--1----1-.---*1.
1-0-0-------1------*0-
0-*-1---*0---------*--
-*.---*01-----0-----01
-0--1---0------0-1--0-
*-1.--011-0-.-0-.--.*1
0----1-0----.1--.0-.1-
----01---10----10-10.-
-0---1--1--0-0-01--11*
0-11---0--00*-0--0-1.-
-----------0-1-0-----0
--.--0-01--0-11-0--01-
01-------.-----*0-10--
--1----11-011---0----0
--0--1--.0-1-0---*-1--
---0-0-*-10----1--1---
--0-----------0-------
-----0--1-0*1---1-.---
0-0--01------0-0------
-0-0--0--0-00---------
