420554 825621 509
391341 328468 441
148341 529277 470
569023 981098 525
243933 44170 443
928490 696126 525
61866 437507 449
989922 83909 525
533648 917200 525
354875 283950 441
518506 625245 452
201386 388012 443
670929 281072 509
500574 784162 509
234123 79317 443
181154 171028 365
904937 88847 525
15847 569629 470
618123 584869 447
67078 378408 443
629038 995568 525
74533 207256 383
949426 580807 525
291164 483073 449
498006 646039 509
767022 532863 509
787635 968408 525
920874 458563 525
249479 937800 525
759076 999953 525
533468 940230 525
170981 954756 525
29076 186827 383
524384 163550 470
288048 591462 470
541957 433437 470
103381 132842 354
640692 52806 509
713648 931856 525
52230 728005 509
94246 819251 509
260867 398232 441
304010 698093 509
856795 69840 525
635892 615870 509
69793 685711 509
72451 757125 509
640466 617878 509
460303 681201 509
781428 748350 468
272662 839736 525
698139 892394 525
488929 338830 449
461551 718928 509
787037 513780 509
446932 397634 449
333031 224151 443
795866 153392 509
922243 169012 525
223232 74486 386
301233 809376 509
760196 373684 509
566500 400661 470
507913 26802 449
598213 289340 470
291504 870875 525
645428 989642 525
279620 134356 443
844823 741171 525
853284 631860 525
254950 816567 509
29493 104332 351
40717 341710 443
257724 962959 525
27073 997307 525
553796 328306 470
806682 313991 509
218341 373181 443
231003 726253 509
916334 829216 525
531945 207837 470
216442 177372 386
713830 496061 509
828079 558653 509
753583 197714 509
190512 8533 383
14281 736356 509
629216 54997 509
594418 403291 470
534308 621490 452
400597 88103 443
949795 723630 525
918446 168135 525
96810 665800 509
894388 529496 525
495015 942684 525
253684 227808 443
120055 967514 525
240221 464485 449
526166 993803 525
662199 233029 509
518687 676479 509
485736 147903 449
247827 80153 443
67545 298486 443
217995 984494 525
902941 167789 525
708123 821386 468
852276 321285 525
487185 263015 449
850780 498552 525
205698 620815 470
242711 842104 525
588328 482931 470
306588 630845 509
476734 968786 525
380225 511772 449
161616 382313 443
176026 409443 443
978817 243571 525
224280 196811 386
228064 127220 386
880952 452538 525
464957 249579 449
773822 468494 509
512593 140953 470
483397 234642 449
761768 726107 424
593097 866447 525
209038 899684 525
13644 202123 383
384822 393868 436
230246 546437 470
292532 406272 441
472231 271349 449
649842 696511 442
468159 394257 449
823730 865462 525
846794 805039 525
115040 136968 349
273532 143984 443
277920 756928 509
378625 556039 470
483034 971721 525
938838 208423 525
387757 952481 525
926897 772578 525
862700 157143 525
835366 155232 509
563414 307597 470
426580 729607 509
520459 411090 470
640215 860540 525
792904 3360 509
665578 907943 525
656679 939109 525
568279 450951 470
696036 946903 525
6989 695422 509
434976 945826 525
420196 339084 449
898306 347093 525
111661 277358 443
504235 463378 426
432589 584000 470
770974 375520 509
829958 807784 450
302961 986524 525
668324 95864 509
989883 333901 525
520159 162914 470
789362 88437 509
613864 1749 470
551691 137204 470
697170 986666 525
83030 117366 354
842101 497687 525
980810 470113 525
775044 1396 509
933491 723984 525
585395 220816 470
99503 931704 525
28600 918816 525
918227 696923 525
14679 424461 449
30823 534837 470
103726 336536 443
139625 717589 509
338285 691316 509
854793 35454 525
194333 454174 449
669171 36434 509
468212 649980 509
506546 243256 449
651375 440036 509
483591 753121 509
660852 99446 509
201176 689451 509
18261 635754 509
902725 549291 525
576567 449899 470
600480 680292 509
786435 740104 468
914233 124719 525
431419 769025 509
676524 625752 509
223198 345695 443
662185 691409 442
512026 168730 470
451016 679753 509
125118 450959 449
949225 302321 525
550404 666753 509
508123 85016 449
302506 410847 449
634306 395424 509
860745 234785 525
75716 163531 383
491241 989948 525
288249 922659 525
275324 964773 525
548410 14873 470
826819 726946 468
706281 855196 525
412028 673649 509
51300 537145 470
124607 525 354
355817 191362 443
183629 863939 525
276377 486134 449
791137 427034 509
397910 651881 509
178171 473625 449
815412 669411 504
979924 620012 525
592069 255247 470
101136 656831 509
270119 927954 525
383776 492751 449
299502 795803 509
682751 350801 509
849299 807357 525
867677 205115 525
515070 51305 470
585405 307798 470
53791 376541 443
734832 451700 509
544774 429354 470
441676 876537 525
98764 421599 449
12900 207184 383
193197 114036 383
380366 979667 525
558341 280494 470
988769 857842 507
592648 671520 509
724995 441947 509
995228 592671 525
163413 510298 449
643976 265170 509
818095 214118 509
158062 69278 383
665817 702835 442
14983 107492 354
95723 630098 509
45442 108623 354
837282 238638 509
739010 733999 424
218304 297350 443
14492 723424 509
671544 607140 509
394943 396538 330
565438 390171 470
989208 245202 525
900468 149535 525
510371 234914 449
363652 668433 509
820544 29468 509
887619 835526 525
136959 499694 449
465624 698752 509
124668 819257 509
937389 863677 476
69607 672044 509
677378 84099 509
395468 348921 436
207590 790410 509
745458 773027 468
696932 734666 504
534580 113751 470
884200 561303 525
348665 764204 509
746087 685560 504
793671 150057 509
37437 446982 449
649750 503060 509
145733 290769 443
838668 599474 525
670797 908275 525
787869 348175 509
